[2016-05-08 13:04:12,613] INFO: FirstIntersectCount_Unigram_search_term_x_product_title_1D (1D): corr = 0.233496
[2016-05-08 13:04:15,856] INFO: FirstIntersectCount_Unigram_search_term_x_product_title_product_name_1D (1D): corr = 0.097819
[2016-05-08 13:06:06,706] INFO: FirstIntersectCount_Unigram_search_term_x_product_description_1D (1D): corr = 0.126643
[2016-05-08 13:07:49,632] INFO: FirstIntersectCount_Unigram_search_term_x_product_attribute_1D (1D): corr = 0.050680
[2016-05-08 13:07:52,412] INFO: FirstIntersectCount_Unigram_search_term_x_product_brand_1D (1D): corr = 0.060350
[2016-05-08 13:07:55,192] INFO: FirstIntersectCount_Unigram_search_term_x_product_color_1D (1D): corr = 0.000410
[2016-05-08 13:08:06,474] INFO: FirstIntersectCount_Unigram_search_term_product_name_x_product_title_1D (1D): corr = 0.201416
[2016-05-08 13:08:09,683] INFO: FirstIntersectCount_Unigram_search_term_product_name_x_product_title_product_name_1D (1D): corr = 0.167030
[2016-05-08 13:09:59,690] INFO: FirstIntersectCount_Unigram_search_term_product_name_x_product_description_1D (1D): corr = 0.122313
[2016-05-08 13:11:42,844] INFO: FirstIntersectCount_Unigram_search_term_product_name_x_product_attribute_1D (1D): corr = 0.058650
[2016-05-08 13:11:45,579] INFO: FirstIntersectCount_Unigram_search_term_product_name_x_product_brand_1D (1D): corr = 0.041796
[2016-05-08 13:11:48,312] INFO: FirstIntersectCount_Unigram_search_term_product_name_x_product_color_1D (1D): corr = -0.018867
[2016-05-08 13:12:06,178] INFO: FirstIntersectCount_Bigram_search_term_x_product_title_1D (1D): corr = 0.168097
[2016-05-08 13:12:10,948] INFO: FirstIntersectCount_Bigram_search_term_x_product_title_product_name_1D (1D): corr = 0.107261
[2016-05-08 13:15:05,401] INFO: FirstIntersectCount_Bigram_search_term_x_product_description_1D (1D): corr = 0.105424
[2016-05-08 13:17:48,494] INFO: FirstIntersectCount_Bigram_search_term_x_product_attribute_1D (1D): corr = 0.046627
[2016-05-08 13:17:53,039] INFO: FirstIntersectCount_Bigram_search_term_x_product_brand_1D (1D): corr = 0.030371
[2016-05-08 13:17:57,720] INFO: FirstIntersectCount_Bigram_search_term_x_product_color_1D (1D): corr = -0.002776
[2016-05-08 13:18:14,957] INFO: FirstIntersectCount_Bigram_search_term_product_name_x_product_title_1D (1D): corr = 0.185481
[2016-05-08 13:18:19,050] INFO: FirstIntersectCount_Bigram_search_term_product_name_x_product_title_product_name_1D (1D): corr = 0.188635
[2016-05-08 13:21:12,045] INFO: FirstIntersectCount_Bigram_search_term_product_name_x_product_description_1D (1D): corr = 0.128778
[2016-05-08 13:23:53,307] INFO: FirstIntersectCount_Bigram_search_term_product_name_x_product_attribute_1D (1D): corr = 0.073944
[2016-05-08 13:23:57,141] INFO: FirstIntersectCount_Bigram_search_term_product_name_x_product_brand_1D (1D): corr = 0.031858
[2016-05-08 13:24:01,111] INFO: FirstIntersectCount_Bigram_search_term_product_name_x_product_color_1D (1D): corr = -0.000372
[2016-05-08 13:24:20,775] INFO: FirstIntersectCount_Trigram_search_term_x_product_title_1D (1D): corr = 0.126310
[2016-05-08 13:24:25,837] INFO: FirstIntersectCount_Trigram_search_term_x_product_title_product_name_1D (1D): corr = 0.131216
[2016-05-08 13:27:59,353] INFO: FirstIntersectCount_Trigram_search_term_x_product_description_1D (1D): corr = 0.077599
[2016-05-08 13:31:20,502] INFO: FirstIntersectCount_Trigram_search_term_x_product_attribute_1D (1D): corr = 0.037938
[2016-05-08 13:31:25,224] INFO: FirstIntersectCount_Trigram_search_term_x_product_brand_1D (1D): corr = 0.034735
[2016-05-08 13:31:30,048] INFO: FirstIntersectCount_Trigram_search_term_x_product_color_1D (1D): corr = -0.005595
[2016-05-08 13:31:48,877] INFO: FirstIntersectCount_Trigram_search_term_product_name_x_product_title_1D (1D): corr = 0.051220
[2016-05-08 13:31:53,338] INFO: FirstIntersectCount_Trigram_search_term_product_name_x_product_title_product_name_1D (1D): corr = 0.188635
[2016-05-08 13:35:21,781] INFO: FirstIntersectCount_Trigram_search_term_product_name_x_product_description_1D (1D): corr = 0.033371
[2016-05-08 13:38:36,753] INFO: FirstIntersectCount_Trigram_search_term_product_name_x_product_attribute_1D (1D): corr = 0.016058
[2016-05-08 13:38:40,829] INFO: FirstIntersectCount_Trigram_search_term_product_name_x_product_brand_1D (1D): corr = 0.030009
[2016-05-08 13:38:45,008] INFO: FirstIntersectCount_Trigram_search_term_product_name_x_product_color_1D (1D): corr = -0.000932
[2016-05-08 13:38:56,258] INFO: LastIntersectCount_Unigram_search_term_x_product_title_1D (1D): corr = 0.273757
[2016-05-08 13:38:59,514] INFO: LastIntersectCount_Unigram_search_term_x_product_title_product_name_1D (1D): corr = 0.250515
[2016-05-08 13:40:50,063] INFO: LastIntersectCount_Unigram_search_term_x_product_description_1D (1D): corr = 0.181057
[2016-05-08 13:42:33,667] INFO: LastIntersectCount_Unigram_search_term_x_product_attribute_1D (1D): corr = 0.096706
[2016-05-08 13:42:36,455] INFO: LastIntersectCount_Unigram_search_term_x_product_brand_1D (1D): corr = 0.026915
[2016-05-08 13:42:39,254] INFO: LastIntersectCount_Unigram_search_term_x_product_color_1D (1D): corr = 0.007041
[2016-05-08 13:42:50,566] INFO: LastIntersectCount_Unigram_search_term_product_name_x_product_title_1D (1D): corr = 0.252335
[2016-05-08 13:42:53,804] INFO: LastIntersectCount_Unigram_search_term_product_name_x_product_title_product_name_1D (1D): corr = 0.259820
[2016-05-08 13:44:44,300] INFO: LastIntersectCount_Unigram_search_term_product_name_x_product_description_1D (1D): corr = 0.168643
[2016-05-08 13:46:28,126] INFO: LastIntersectCount_Unigram_search_term_product_name_x_product_attribute_1D (1D): corr = 0.089487
[2016-05-08 13:46:30,876] INFO: LastIntersectCount_Unigram_search_term_product_name_x_product_brand_1D (1D): corr = 0.025781
[2016-05-08 13:46:33,624] INFO: LastIntersectCount_Unigram_search_term_product_name_x_product_color_1D (1D): corr = -0.007532
[2016-05-08 13:46:51,262] INFO: LastIntersectCount_Bigram_search_term_x_product_title_1D (1D): corr = 0.200095
[2016-05-08 13:46:56,023] INFO: LastIntersectCount_Bigram_search_term_x_product_title_product_name_1D (1D): corr = 0.182037
[2016-05-08 13:49:51,124] INFO: LastIntersectCount_Bigram_search_term_x_product_description_1D (1D): corr = 0.138948
[2016-05-08 13:52:35,220] INFO: LastIntersectCount_Bigram_search_term_x_product_attribute_1D (1D): corr = 0.077208
[2016-05-08 13:52:39,797] INFO: LastIntersectCount_Bigram_search_term_x_product_brand_1D (1D): corr = 0.035120
[2016-05-08 13:52:44,496] INFO: LastIntersectCount_Bigram_search_term_x_product_color_1D (1D): corr = 0.015007
[2016-05-08 13:53:01,587] INFO: LastIntersectCount_Bigram_search_term_product_name_x_product_title_1D (1D): corr = 0.185481
[2016-05-08 13:53:05,739] INFO: LastIntersectCount_Bigram_search_term_product_name_x_product_title_product_name_1D (1D): corr = 0.188635
[2016-05-08 13:56:00,424] INFO: LastIntersectCount_Bigram_search_term_product_name_x_product_description_1D (1D): corr = 0.128778
[2016-05-08 13:58:43,793] INFO: LastIntersectCount_Bigram_search_term_product_name_x_product_attribute_1D (1D): corr = 0.073944
[2016-05-08 13:58:47,648] INFO: LastIntersectCount_Bigram_search_term_product_name_x_product_brand_1D (1D): corr = 0.031858
[2016-05-08 13:58:51,651] INFO: LastIntersectCount_Bigram_search_term_product_name_x_product_color_1D (1D): corr = -0.000372
[2016-05-08 13:59:11,397] INFO: LastIntersectCount_Trigram_search_term_x_product_title_1D (1D): corr = 0.130988
[2016-05-08 13:59:16,513] INFO: LastIntersectCount_Trigram_search_term_x_product_title_product_name_1D (1D): corr = 0.131017
[2016-05-08 14:02:53,622] INFO: LastIntersectCount_Trigram_search_term_x_product_description_1D (1D): corr = 0.087566
[2016-05-08 14:06:17,070] INFO: LastIntersectCount_Trigram_search_term_x_product_attribute_1D (1D): corr = 0.043421
[2016-05-08 14:06:21,801] INFO: LastIntersectCount_Trigram_search_term_x_product_brand_1D (1D): corr = 0.038706
[2016-05-08 14:06:26,641] INFO: LastIntersectCount_Trigram_search_term_x_product_color_1D (1D): corr = 0.009074
[2016-05-08 14:06:45,344] INFO: LastIntersectCount_Trigram_search_term_product_name_x_product_title_1D (1D): corr = 0.051220
[2016-05-08 14:06:49,795] INFO: LastIntersectCount_Trigram_search_term_product_name_x_product_title_product_name_1D (1D): corr = 0.188635
[2016-05-08 14:10:19,469] INFO: LastIntersectCount_Trigram_search_term_product_name_x_product_description_1D (1D): corr = 0.033371
[2016-05-08 14:13:37,460] INFO: LastIntersectCount_Trigram_search_term_product_name_x_product_attribute_1D (1D): corr = 0.016058
[2016-05-08 14:13:41,591] INFO: LastIntersectCount_Trigram_search_term_product_name_x_product_brand_1D (1D): corr = 0.030009
[2016-05-08 14:13:45,827] INFO: LastIntersectCount_Trigram_search_term_product_name_x_product_color_1D (1D): corr = -0.000932
[2016-05-08 14:13:57,442] INFO: FirstIntersectRatio_Unigram_search_term_x_product_title_1D (1D): corr = 0.216162
[2016-05-08 14:14:01,030] INFO: FirstIntersectRatio_Unigram_search_term_x_product_title_product_name_1D (1D): corr = 0.098232
[2016-05-08 14:15:52,648] INFO: FirstIntersectRatio_Unigram_search_term_x_product_description_1D (1D): corr = 0.119065
[2016-05-08 14:17:37,011] INFO: FirstIntersectRatio_Unigram_search_term_x_product_attribute_1D (1D): corr = 0.029426
[2016-05-08 14:17:40,111] INFO: FirstIntersectRatio_Unigram_search_term_x_product_brand_1D (1D): corr = 0.066354
[2016-05-08 14:17:43,231] INFO: FirstIntersectRatio_Unigram_search_term_x_product_color_1D (1D): corr = 0.006174
[2016-05-08 14:17:54,922] INFO: FirstIntersectRatio_Unigram_search_term_product_name_x_product_title_1D (1D): corr = 0.192366
[2016-05-08 14:17:58,476] INFO: FirstIntersectRatio_Unigram_search_term_product_name_x_product_title_product_name_1D (1D): corr = 0.167279
[2016-05-08 14:19:49,590] INFO: FirstIntersectRatio_Unigram_search_term_product_name_x_product_description_1D (1D): corr = 0.119584
[2016-05-08 14:21:33,312] INFO: FirstIntersectRatio_Unigram_search_term_product_name_x_product_attribute_1D (1D): corr = 0.039419
[2016-05-08 14:21:36,350] INFO: FirstIntersectRatio_Unigram_search_term_product_name_x_product_brand_1D (1D): corr = 0.051602
[2016-05-08 14:21:39,402] INFO: FirstIntersectRatio_Unigram_search_term_product_name_x_product_color_1D (1D): corr = -0.018145
[2016-05-08 14:21:57,328] INFO: FirstIntersectRatio_Bigram_search_term_x_product_title_1D (1D): corr = 0.156867
[2016-05-08 14:22:02,483] INFO: FirstIntersectRatio_Bigram_search_term_x_product_title_product_name_1D (1D): corr = 0.107261
[2016-05-08 14:24:57,586] INFO: FirstIntersectRatio_Bigram_search_term_x_product_description_1D (1D): corr = 0.100197
[2016-05-08 14:27:41,351] INFO: FirstIntersectRatio_Bigram_search_term_x_product_attribute_1D (1D): corr = 0.033547
[2016-05-08 14:27:46,209] INFO: FirstIntersectRatio_Bigram_search_term_x_product_brand_1D (1D): corr = 0.030136
[2016-05-08 14:27:51,198] INFO: FirstIntersectRatio_Bigram_search_term_x_product_color_1D (1D): corr = -0.000589
[2016-05-08 14:28:08,588] INFO: FirstIntersectRatio_Bigram_search_term_product_name_x_product_title_1D (1D): corr = 0.170420
[2016-05-08 14:28:13,011] INFO: FirstIntersectRatio_Bigram_search_term_product_name_x_product_title_product_name_1D (1D): corr = 0.188635
[2016-05-08 14:31:06,790] INFO: FirstIntersectRatio_Bigram_search_term_product_name_x_product_description_1D (1D): corr = 0.125326
[2016-05-08 14:33:49,490] INFO: FirstIntersectRatio_Bigram_search_term_product_name_x_product_attribute_1D (1D): corr = 0.062239
[2016-05-08 14:33:53,691] INFO: FirstIntersectRatio_Bigram_search_term_product_name_x_product_brand_1D (1D): corr = 0.031002
[2016-05-08 14:33:58,020] INFO: FirstIntersectRatio_Bigram_search_term_product_name_x_product_color_1D (1D): corr = -0.001593
[2016-05-08 14:34:18,046] INFO: FirstIntersectRatio_Trigram_search_term_x_product_title_1D (1D): corr = 0.114428
[2016-05-08 14:34:23,463] INFO: FirstIntersectRatio_Trigram_search_term_x_product_title_product_name_1D (1D): corr = 0.131216
[2016-05-08 14:37:58,948] INFO: FirstIntersectRatio_Trigram_search_term_x_product_description_1D (1D): corr = 0.075895
[2016-05-08 14:41:20,777] INFO: FirstIntersectRatio_Trigram_search_term_x_product_attribute_1D (1D): corr = 0.030054
[2016-05-08 14:41:25,765] INFO: FirstIntersectRatio_Trigram_search_term_x_product_brand_1D (1D): corr = 0.036768
[2016-05-08 14:41:30,901] INFO: FirstIntersectRatio_Trigram_search_term_x_product_color_1D (1D): corr = -0.007156
[2016-05-08 14:41:49,713] INFO: FirstIntersectRatio_Trigram_search_term_product_name_x_product_title_1D (1D): corr = 0.046130
[2016-05-08 14:41:54,471] INFO: FirstIntersectRatio_Trigram_search_term_product_name_x_product_title_product_name_1D (1D): corr = 0.188635
[2016-05-08 14:45:22,930] INFO: FirstIntersectRatio_Trigram_search_term_product_name_x_product_description_1D (1D): corr = 0.031468
[2016-05-08 14:48:38,681] INFO: FirstIntersectRatio_Trigram_search_term_product_name_x_product_attribute_1D (1D): corr = 0.012756
[2016-05-08 14:48:43,073] INFO: FirstIntersectRatio_Trigram_search_term_product_name_x_product_brand_1D (1D): corr = 0.030009
[2016-05-08 14:48:47,580] INFO: FirstIntersectRatio_Trigram_search_term_product_name_x_product_color_1D (1D): corr = -0.000932
[2016-05-08 14:48:59,242] INFO: LastIntersectRatio_Unigram_search_term_x_product_title_1D (1D): corr = 0.254255
[2016-05-08 14:49:02,811] INFO: LastIntersectRatio_Unigram_search_term_x_product_title_product_name_1D (1D): corr = 0.250317
[2016-05-08 14:50:54,157] INFO: LastIntersectRatio_Unigram_search_term_x_product_description_1D (1D): corr = 0.179771
[2016-05-08 14:52:38,274] INFO: LastIntersectRatio_Unigram_search_term_x_product_attribute_1D (1D): corr = 0.087534
[2016-05-08 14:52:41,392] INFO: LastIntersectRatio_Unigram_search_term_x_product_brand_1D (1D): corr = 0.030296
[2016-05-08 14:52:44,489] INFO: LastIntersectRatio_Unigram_search_term_x_product_color_1D (1D): corr = 0.005023
[2016-05-08 14:52:56,162] INFO: LastIntersectRatio_Unigram_search_term_product_name_x_product_title_1D (1D): corr = 0.237501
[2016-05-08 14:52:59,701] INFO: LastIntersectRatio_Unigram_search_term_product_name_x_product_title_product_name_1D (1D): corr = 0.259790
[2016-05-08 14:54:50,922] INFO: LastIntersectRatio_Unigram_search_term_product_name_x_product_description_1D (1D): corr = 0.167033
[2016-05-08 14:56:35,567] INFO: LastIntersectRatio_Unigram_search_term_product_name_x_product_attribute_1D (1D): corr = 0.077925
[2016-05-08 14:56:38,635] INFO: LastIntersectRatio_Unigram_search_term_product_name_x_product_brand_1D (1D): corr = 0.029404
[2016-05-08 14:56:41,723] INFO: LastIntersectRatio_Unigram_search_term_product_name_x_product_color_1D (1D): corr = -0.005844
[2016-05-08 14:56:59,754] INFO: LastIntersectRatio_Bigram_search_term_x_product_title_1D (1D): corr = 0.184269
[2016-05-08 14:57:04,882] INFO: LastIntersectRatio_Bigram_search_term_x_product_title_product_name_1D (1D): corr = 0.182037
[2016-05-08 14:59:59,942] INFO: LastIntersectRatio_Bigram_search_term_x_product_description_1D (1D): corr = 0.133729
[2016-05-08 15:02:43,551] INFO: LastIntersectRatio_Bigram_search_term_x_product_attribute_1D (1D): corr = 0.065760
[2016-05-08 15:02:48,389] INFO: LastIntersectRatio_Bigram_search_term_x_product_brand_1D (1D): corr = 0.034294
[2016-05-08 15:02:53,366] INFO: LastIntersectRatio_Bigram_search_term_x_product_color_1D (1D): corr = 0.014116
[2016-05-08 15:03:10,678] INFO: LastIntersectRatio_Bigram_search_term_product_name_x_product_title_1D (1D): corr = 0.170420
[2016-05-08 15:03:15,105] INFO: LastIntersectRatio_Bigram_search_term_product_name_x_product_title_product_name_1D (1D): corr = 0.188635
[2016-05-08 15:06:09,277] INFO: LastIntersectRatio_Bigram_search_term_product_name_x_product_description_1D (1D): corr = 0.125326
[2016-05-08 15:08:52,835] INFO: LastIntersectRatio_Bigram_search_term_product_name_x_product_attribute_1D (1D): corr = 0.062239
[2016-05-08 15:08:57,072] INFO: LastIntersectRatio_Bigram_search_term_product_name_x_product_brand_1D (1D): corr = 0.031002
[2016-05-08 15:09:01,400] INFO: LastIntersectRatio_Bigram_search_term_product_name_x_product_color_1D (1D): corr = -0.001593
[2016-05-08 15:09:21,448] INFO: LastIntersectRatio_Trigram_search_term_x_product_title_1D (1D): corr = 0.116122
[2016-05-08 15:09:26,876] INFO: LastIntersectRatio_Trigram_search_term_x_product_title_product_name_1D (1D): corr = 0.131017
[2016-05-08 15:13:05,206] INFO: LastIntersectRatio_Trigram_search_term_x_product_description_1D (1D): corr = 0.080743
[2016-05-08 15:16:29,893] INFO: LastIntersectRatio_Trigram_search_term_x_product_attribute_1D (1D): corr = 0.034880
[2016-05-08 15:16:34,957] INFO: LastIntersectRatio_Trigram_search_term_x_product_brand_1D (1D): corr = 0.038579
[2016-05-08 15:16:40,128] INFO: LastIntersectRatio_Trigram_search_term_x_product_color_1D (1D): corr = 0.006293
[2016-05-08 15:16:59,163] INFO: LastIntersectRatio_Trigram_search_term_product_name_x_product_title_1D (1D): corr = 0.046130
[2016-05-08 15:17:03,986] INFO: LastIntersectRatio_Trigram_search_term_product_name_x_product_title_product_name_1D (1D): corr = 0.188635
[2016-05-08 15:20:33,799] INFO: LastIntersectRatio_Trigram_search_term_product_name_x_product_description_1D (1D): corr = 0.031468
[2016-05-08 15:23:49,136] INFO: LastIntersectRatio_Trigram_search_term_product_name_x_product_attribute_1D (1D): corr = 0.012756
[2016-05-08 15:23:53,542] INFO: LastIntersectRatio_Trigram_search_term_product_name_x_product_brand_1D (1D): corr = 0.030009
[2016-05-08 15:23:58,062] INFO: LastIntersectRatio_Trigram_search_term_product_name_x_product_color_1D (1D): corr = -0.000932
[2016-05-08 15:24:02,565] INFO: FirstIntersectCount_Unigram_product_title_x_search_term_1D (1D): corr = 0.106464
[2016-05-08 15:24:05,922] INFO: FirstIntersectCount_Unigram_product_title_x_search_term_product_name_1D (1D): corr = 0.077688
[2016-05-08 15:24:10,130] INFO: FirstIntersectCount_Unigram_product_title_product_name_x_search_term_1D (1D): corr = 0.132188
[2016-05-08 15:24:13,211] INFO: FirstIntersectCount_Unigram_product_title_product_name_x_search_term_product_name_1D (1D): corr = 0.146399
[2016-05-08 15:24:20,583] INFO: FirstIntersectCount_Unigram_product_description_x_search_term_1D (1D): corr = 0.037463
[2016-05-08 15:24:26,932] INFO: FirstIntersectCount_Unigram_product_description_x_search_term_product_name_1D (1D): corr = 0.031884
[2016-05-08 15:24:34,097] INFO: FirstIntersectCount_Unigram_product_attribute_x_search_term_1D (1D): corr = 0.010825
[2016-05-08 15:24:40,106] INFO: FirstIntersectCount_Unigram_product_attribute_x_search_term_product_name_1D (1D): corr = 0.012169
[2016-05-08 15:24:44,299] INFO: FirstIntersectCount_Unigram_product_brand_x_search_term_1D (1D): corr = 0.061327
[2016-05-08 15:24:47,352] INFO: FirstIntersectCount_Unigram_product_brand_x_search_term_product_name_1D (1D): corr = 0.044887
[2016-05-08 15:24:51,552] INFO: FirstIntersectCount_Unigram_product_color_x_search_term_1D (1D): corr = 0.014763
[2016-05-08 15:24:54,618] INFO: FirstIntersectCount_Unigram_product_color_x_search_term_product_name_1D (1D): corr = -0.008499
[2016-05-08 15:25:04,774] INFO: FirstIntersectCount_Bigram_product_title_x_search_term_1D (1D): corr = 0.057678
[2016-05-08 15:25:13,168] INFO: FirstIntersectCount_Bigram_product_title_x_search_term_product_name_1D (1D): corr = 0.036307
[2016-05-08 15:25:19,060] INFO: FirstIntersectCount_Bigram_product_title_product_name_x_search_term_1D (1D): corr = 0.174411
[2016-05-08 15:25:23,129] INFO: FirstIntersectCount_Bigram_product_title_product_name_x_search_term_product_name_1D (1D): corr = 0.188635
[2016-05-08 15:26:23,572] INFO: FirstIntersectCount_Bigram_product_description_x_search_term_1D (1D): corr = 0.025789
[2016-05-08 15:27:22,324] INFO: FirstIntersectCount_Bigram_product_description_x_search_term_product_name_1D (1D): corr = 0.022553
[2016-05-08 15:28:19,286] INFO: FirstIntersectCount_Bigram_product_attribute_x_search_term_1D (1D): corr = 0.007982
[2016-05-08 15:29:14,159] INFO: FirstIntersectCount_Bigram_product_attribute_x_search_term_product_name_1D (1D): corr = 0.011548
[2016-05-08 15:29:19,689] INFO: FirstIntersectCount_Bigram_product_brand_x_search_term_1D (1D): corr = 0.029701
[2016-05-08 15:29:23,332] INFO: FirstIntersectCount_Bigram_product_brand_x_search_term_product_name_1D (1D): corr = 0.026835
[2016-05-08 15:29:28,809] INFO: FirstIntersectCount_Bigram_product_color_x_search_term_1D (1D): corr = 0.011334
[2016-05-08 15:29:32,536] INFO: FirstIntersectCount_Bigram_product_color_x_search_term_product_name_1D (1D): corr = 0.002242
[2016-05-08 15:29:43,924] INFO: FirstIntersectCount_Trigram_product_title_x_search_term_1D (1D): corr = 0.046164
[2016-05-08 15:29:54,021] INFO: FirstIntersectCount_Trigram_product_title_x_search_term_product_name_1D (1D): corr = 0.020048
[2016-05-08 15:29:59,519] INFO: FirstIntersectCount_Trigram_product_title_product_name_x_search_term_1D (1D): corr = 0.129943
[2016-05-08 15:30:03,910] INFO: FirstIntersectCount_Trigram_product_title_product_name_x_search_term_product_name_1D (1D): corr = 0.188635
[2016-05-08 15:31:29,385] INFO: FirstIntersectCount_Trigram_product_description_x_search_term_1D (1D): corr = 0.022878
[2016-05-08 15:32:55,391] INFO: FirstIntersectCount_Trigram_product_description_x_search_term_product_name_1D (1D): corr = 0.008556
[2016-05-08 15:34:17,781] INFO: FirstIntersectCount_Trigram_product_attribute_x_search_term_1D (1D): corr = 0.000000
[2016-05-08 15:35:38,853] INFO: FirstIntersectCount_Trigram_product_attribute_x_search_term_product_name_1D (1D): corr = 0.000000
[2016-05-08 15:35:44,108] INFO: FirstIntersectCount_Trigram_product_brand_x_search_term_1D (1D): corr = 0.034966
[2016-05-08 15:35:48,152] INFO: FirstIntersectCount_Trigram_product_brand_x_search_term_product_name_1D (1D): corr = 0.030009
[2016-05-08 15:35:53,411] INFO: FirstIntersectCount_Trigram_product_color_x_search_term_1D (1D): corr = -0.000786
[2016-05-08 15:35:57,438] INFO: FirstIntersectCount_Trigram_product_color_x_search_term_product_name_1D (1D): corr = -0.000932
[2016-05-08 15:36:01,943] INFO: LastIntersectCount_Unigram_product_title_x_search_term_1D (1D): corr = 0.145925
[2016-05-08 15:36:05,306] INFO: LastIntersectCount_Unigram_product_title_x_search_term_product_name_1D (1D): corr = 0.142684
[2016-05-08 15:36:09,529] INFO: LastIntersectCount_Unigram_product_title_product_name_x_search_term_1D (1D): corr = 0.243764
[2016-05-08 15:36:12,621] INFO: LastIntersectCount_Unigram_product_title_product_name_x_search_term_product_name_1D (1D): corr = 0.253835
[2016-05-08 15:36:20,038] INFO: LastIntersectCount_Unigram_product_description_x_search_term_1D (1D): corr = 0.017167
[2016-05-08 15:36:26,310] INFO: LastIntersectCount_Unigram_product_description_x_search_term_product_name_1D (1D): corr = 0.025242
[2016-05-08 15:36:33,455] INFO: LastIntersectCount_Unigram_product_attribute_x_search_term_1D (1D): corr = 0.023394
[2016-05-08 15:36:39,450] INFO: LastIntersectCount_Unigram_product_attribute_x_search_term_product_name_1D (1D): corr = 0.020879
[2016-05-08 15:36:43,647] INFO: LastIntersectCount_Unigram_product_brand_x_search_term_1D (1D): corr = 0.052363
[2016-05-08 15:36:46,716] INFO: LastIntersectCount_Unigram_product_brand_x_search_term_product_name_1D (1D): corr = 0.047080
[2016-05-08 15:36:50,932] INFO: LastIntersectCount_Unigram_product_color_x_search_term_1D (1D): corr = 0.004656
[2016-05-08 15:36:54,006] INFO: LastIntersectCount_Unigram_product_color_x_search_term_product_name_1D (1D): corr = -0.014466
[2016-05-08 15:37:04,140] INFO: LastIntersectCount_Bigram_product_title_x_search_term_1D (1D): corr = 0.125150
[2016-05-08 15:37:12,558] INFO: LastIntersectCount_Bigram_product_title_x_search_term_product_name_1D (1D): corr = 0.125754
[2016-05-08 15:37:18,454] INFO: LastIntersectCount_Bigram_product_title_product_name_x_search_term_1D (1D): corr = 0.174411
[2016-05-08 15:37:22,539] INFO: LastIntersectCount_Bigram_product_title_product_name_x_search_term_product_name_1D (1D): corr = 0.188635
[2016-05-08 15:38:22,648] INFO: LastIntersectCount_Bigram_product_description_x_search_term_1D (1D): corr = 0.020133
[2016-05-08 15:39:21,370] INFO: LastIntersectCount_Bigram_product_description_x_search_term_product_name_1D (1D): corr = 0.021000
[2016-05-08 15:40:18,461] INFO: LastIntersectCount_Bigram_product_attribute_x_search_term_1D (1D): corr = 0.006619
[2016-05-08 15:41:14,111] INFO: LastIntersectCount_Bigram_product_attribute_x_search_term_product_name_1D (1D): corr = 0.012010
[2016-05-08 15:41:19,657] INFO: LastIntersectCount_Bigram_product_brand_x_search_term_1D (1D): corr = 0.027657
[2016-05-08 15:41:23,403] INFO: LastIntersectCount_Bigram_product_brand_x_search_term_product_name_1D (1D): corr = 0.032528
[2016-05-08 15:41:28,914] INFO: LastIntersectCount_Bigram_product_color_x_search_term_1D (1D): corr = 0.004744
[2016-05-08 15:41:32,650] INFO: LastIntersectCount_Bigram_product_color_x_search_term_product_name_1D (1D): corr = -0.005267
[2016-05-08 15:41:44,068] INFO: LastIntersectCount_Trigram_product_title_x_search_term_1D (1D): corr = 0.082139
[2016-05-08 15:41:54,347] INFO: LastIntersectCount_Trigram_product_title_x_search_term_product_name_1D (1D): corr = 0.023053
[2016-05-08 15:41:59,988] INFO: LastIntersectCount_Trigram_product_title_product_name_x_search_term_1D (1D): corr = 0.129943
[2016-05-08 15:42:04,432] INFO: LastIntersectCount_Trigram_product_title_product_name_x_search_term_product_name_1D (1D): corr = 0.188635
[2016-05-08 15:43:31,080] INFO: LastIntersectCount_Trigram_product_description_x_search_term_1D (1D): corr = 0.005138
[2016-05-08 15:44:58,062] INFO: LastIntersectCount_Trigram_product_description_x_search_term_product_name_1D (1D): corr = 0.000113
[2016-05-08 15:46:20,265] INFO: LastIntersectCount_Trigram_product_attribute_x_search_term_1D (1D): corr = -0.001232
[2016-05-08 15:47:41,533] INFO: LastIntersectCount_Trigram_product_attribute_x_search_term_product_name_1D (1D): corr = 0.000000
[2016-05-08 15:47:46,801] INFO: LastIntersectCount_Trigram_product_brand_x_search_term_1D (1D): corr = 0.036865
[2016-05-08 15:47:50,807] INFO: LastIntersectCount_Trigram_product_brand_x_search_term_product_name_1D (1D): corr = 0.030009
[2016-05-08 15:47:56,035] INFO: LastIntersectCount_Trigram_product_color_x_search_term_1D (1D): corr = 0.001420
[2016-05-08 15:48:00,095] INFO: LastIntersectCount_Trigram_product_color_x_search_term_product_name_1D (1D): corr = -0.000932
[2016-05-08 15:48:04,775] INFO: FirstIntersectRatio_Unigram_product_title_x_search_term_1D (1D): corr = 0.115520
[2016-05-08 15:48:08,304] INFO: FirstIntersectRatio_Unigram_product_title_x_search_term_product_name_1D (1D): corr = 0.075165
[2016-05-08 15:48:12,721] INFO: FirstIntersectRatio_Unigram_product_title_product_name_x_search_term_1D (1D): corr = 0.148265
[2016-05-08 15:48:15,997] INFO: FirstIntersectRatio_Unigram_product_title_product_name_x_search_term_product_name_1D (1D): corr = 0.139204
[2016-05-08 15:48:23,451] INFO: FirstIntersectRatio_Unigram_product_description_x_search_term_1D (1D): corr = 0.041720
[2016-05-08 15:48:29,775] INFO: FirstIntersectRatio_Unigram_product_description_x_search_term_product_name_1D (1D): corr = 0.030061
[2016-05-08 15:48:36,966] INFO: FirstIntersectRatio_Unigram_product_attribute_x_search_term_1D (1D): corr = 0.016035
[2016-05-08 15:48:43,062] INFO: FirstIntersectRatio_Unigram_product_attribute_x_search_term_product_name_1D (1D): corr = 0.011842
[2016-05-08 15:48:47,372] INFO: FirstIntersectRatio_Unigram_product_brand_x_search_term_1D (1D): corr = 0.071413
[2016-05-08 15:48:50,605] INFO: FirstIntersectRatio_Unigram_product_brand_x_search_term_product_name_1D (1D): corr = 0.045071
[2016-05-08 15:48:54,939] INFO: FirstIntersectRatio_Unigram_product_color_x_search_term_1D (1D): corr = 0.014980
[2016-05-08 15:48:58,182] INFO: FirstIntersectRatio_Unigram_product_color_x_search_term_product_name_1D (1D): corr = -0.007890
[2016-05-08 15:49:08,273] INFO: FirstIntersectRatio_Bigram_product_title_x_search_term_1D (1D): corr = 0.066271
[2016-05-08 15:49:16,824] INFO: FirstIntersectRatio_Bigram_product_title_x_search_term_product_name_1D (1D): corr = 0.036307
[2016-05-08 15:49:22,833] INFO: FirstIntersectRatio_Bigram_product_title_product_name_x_search_term_1D (1D): corr = 0.193341
[2016-05-08 15:49:27,055] INFO: FirstIntersectRatio_Bigram_product_title_product_name_x_search_term_product_name_1D (1D): corr = 0.188635
[2016-05-08 15:50:26,159] INFO: FirstIntersectRatio_Bigram_product_description_x_search_term_1D (1D): corr = 0.033889
[2016-05-08 15:51:23,470] INFO: FirstIntersectRatio_Bigram_product_description_x_search_term_product_name_1D (1D): corr = 0.022553
[2016-05-08 15:52:18,559] INFO: FirstIntersectRatio_Bigram_product_attribute_x_search_term_1D (1D): corr = 0.010670
[2016-05-08 15:53:12,984] INFO: FirstIntersectRatio_Bigram_product_attribute_x_search_term_product_name_1D (1D): corr = 0.011548
[2016-05-08 15:53:18,612] INFO: FirstIntersectRatio_Bigram_product_brand_x_search_term_1D (1D): corr = 0.038809
[2016-05-08 15:53:22,528] INFO: FirstIntersectRatio_Bigram_product_brand_x_search_term_product_name_1D (1D): corr = 0.026835
[2016-05-08 15:53:28,142] INFO: FirstIntersectRatio_Bigram_product_color_x_search_term_1D (1D): corr = 0.012642
[2016-05-08 15:53:32,052] INFO: FirstIntersectRatio_Bigram_product_color_x_search_term_product_name_1D (1D): corr = 0.002242
[2016-05-08 15:53:43,410] INFO: FirstIntersectRatio_Trigram_product_title_x_search_term_1D (1D): corr = 0.050135
[2016-05-08 15:53:54,104] INFO: FirstIntersectRatio_Trigram_product_title_x_search_term_product_name_1D (1D): corr = 0.020048
[2016-05-08 15:53:59,830] INFO: FirstIntersectRatio_Trigram_product_title_product_name_x_search_term_1D (1D): corr = 0.134503
[2016-05-08 15:54:04,413] INFO: FirstIntersectRatio_Trigram_product_title_product_name_x_search_term_product_name_1D (1D): corr = 0.188635
[2016-05-08 15:55:29,355] INFO: FirstIntersectRatio_Trigram_product_description_x_search_term_1D (1D): corr = 0.026296
[2016-05-08 15:56:54,656] INFO: FirstIntersectRatio_Trigram_product_description_x_search_term_product_name_1D (1D): corr = 0.008556
[2016-05-08 15:58:15,356] INFO: FirstIntersectRatio_Trigram_product_attribute_x_search_term_1D (1D): corr = 0.000000
[2016-05-08 15:59:34,368] INFO: FirstIntersectRatio_Trigram_product_attribute_x_search_term_product_name_1D (1D): corr = 0.000000
[2016-05-08 15:59:39,756] INFO: FirstIntersectRatio_Trigram_product_brand_x_search_term_1D (1D): corr = 0.038840
[2016-05-08 15:59:43,951] INFO: FirstIntersectRatio_Trigram_product_brand_x_search_term_product_name_1D (1D): corr = 0.030009
[2016-05-08 15:59:49,345] INFO: FirstIntersectRatio_Trigram_product_color_x_search_term_1D (1D): corr = 0.001726
[2016-05-08 15:59:53,542] INFO: FirstIntersectRatio_Trigram_product_color_x_search_term_product_name_1D (1D): corr = -0.000932
[2016-05-08 15:59:58,156] INFO: LastIntersectRatio_Unigram_product_title_x_search_term_1D (1D): corr = 0.170708
[2016-05-08 16:00:01,830] INFO: LastIntersectRatio_Unigram_product_title_x_search_term_product_name_1D (1D): corr = 0.142950
[2016-05-08 16:00:06,189] INFO: LastIntersectRatio_Unigram_product_title_product_name_x_search_term_1D (1D): corr = 0.268150
[2016-05-08 16:00:09,461] INFO: LastIntersectRatio_Unigram_product_title_product_name_x_search_term_product_name_1D (1D): corr = 0.248309
[2016-05-08 16:00:16,951] INFO: LastIntersectRatio_Unigram_product_description_x_search_term_1D (1D): corr = 0.023076
[2016-05-08 16:00:23,367] INFO: LastIntersectRatio_Unigram_product_description_x_search_term_product_name_1D (1D): corr = 0.025738
[2016-05-08 16:00:30,843] INFO: LastIntersectRatio_Unigram_product_attribute_x_search_term_1D (1D): corr = 0.028875
[2016-05-08 16:00:37,072] INFO: LastIntersectRatio_Unigram_product_attribute_x_search_term_product_name_1D (1D): corr = 0.020331
[2016-05-08 16:00:41,580] INFO: LastIntersectRatio_Unigram_product_brand_x_search_term_1D (1D): corr = 0.068888
[2016-05-08 16:00:44,847] INFO: LastIntersectRatio_Unigram_product_brand_x_search_term_product_name_1D (1D): corr = 0.049946
[2016-05-08 16:00:49,377] INFO: LastIntersectRatio_Unigram_product_color_x_search_term_1D (1D): corr = 0.005214
[2016-05-08 16:00:52,649] INFO: LastIntersectRatio_Unigram_product_color_x_search_term_product_name_1D (1D): corr = -0.013947
[2016-05-08 16:01:02,731] INFO: LastIntersectRatio_Bigram_product_title_x_search_term_1D (1D): corr = 0.143261
[2016-05-08 16:01:11,092] INFO: LastIntersectRatio_Bigram_product_title_x_search_term_product_name_1D (1D): corr = 0.125754
[2016-05-08 16:01:17,175] INFO: LastIntersectRatio_Bigram_product_title_product_name_x_search_term_1D (1D): corr = 0.193341
[2016-05-08 16:01:21,572] INFO: LastIntersectRatio_Bigram_product_title_product_name_x_search_term_product_name_1D (1D): corr = 0.188635
[2016-05-08 16:02:21,012] INFO: LastIntersectRatio_Bigram_product_description_x_search_term_1D (1D): corr = 0.024385
[2016-05-08 16:03:18,992] INFO: LastIntersectRatio_Bigram_product_description_x_search_term_product_name_1D (1D): corr = 0.021000
[2016-05-08 16:04:15,849] INFO: LastIntersectRatio_Bigram_product_attribute_x_search_term_1D (1D): corr = 0.010608
[2016-05-08 16:05:11,355] INFO: LastIntersectRatio_Bigram_product_attribute_x_search_term_product_name_1D (1D): corr = 0.012010
[2016-05-08 16:05:17,046] INFO: LastIntersectRatio_Bigram_product_brand_x_search_term_1D (1D): corr = 0.038662
[2016-05-08 16:05:21,117] INFO: LastIntersectRatio_Bigram_product_brand_x_search_term_product_name_1D (1D): corr = 0.032528
[2016-05-08 16:05:26,728] INFO: LastIntersectRatio_Bigram_product_color_x_search_term_1D (1D): corr = 0.001863
[2016-05-08 16:05:30,657] INFO: LastIntersectRatio_Bigram_product_color_x_search_term_product_name_1D (1D): corr = -0.005267
[2016-05-08 16:05:42,417] INFO: LastIntersectRatio_Trigram_product_title_x_search_term_1D (1D): corr = 0.089542
[2016-05-08 16:05:53,036] INFO: LastIntersectRatio_Trigram_product_title_x_search_term_product_name_1D (1D): corr = 0.023053
[2016-05-08 16:05:58,899] INFO: LastIntersectRatio_Trigram_product_title_product_name_x_search_term_1D (1D): corr = 0.134503
[2016-05-08 16:06:03,540] INFO: LastIntersectRatio_Trigram_product_title_product_name_x_search_term_product_name_1D (1D): corr = 0.188635
[2016-05-08 16:07:29,643] INFO: LastIntersectRatio_Trigram_product_description_x_search_term_1D (1D): corr = 0.005179
[2016-05-08 16:08:55,996] INFO: LastIntersectRatio_Trigram_product_description_x_search_term_product_name_1D (1D): corr = 0.000113
[2016-05-08 16:10:16,495] INFO: LastIntersectRatio_Trigram_product_attribute_x_search_term_1D (1D): corr = 0.000750
[2016-05-08 16:11:36,309] INFO: LastIntersectRatio_Trigram_product_attribute_x_search_term_product_name_1D (1D): corr = 0.000000
[2016-05-08 16:11:41,702] INFO: LastIntersectRatio_Trigram_product_brand_x_search_term_1D (1D): corr = 0.039708
[2016-05-08 16:11:45,996] INFO: LastIntersectRatio_Trigram_product_brand_x_search_term_product_name_1D (1D): corr = 0.030009
[2016-05-08 16:11:51,427] INFO: LastIntersectRatio_Trigram_product_color_x_search_term_1D (1D): corr = -0.002551
[2016-05-08 16:11:55,762] INFO: LastIntersectRatio_Trigram_product_color_x_search_term_product_name_1D (1D): corr = -0.000932
