[2016-05-09 10:06:49,306] INFO: loading projection weights from ../../Data/glove/gensim/glove.6B.300d.txt
[2016-05-09 10:09:42,196] INFO: loaded (400000, 300) matrix from ../../Data/glove/gensim/glove.6B.300d.txt
[2016-05-09 10:09:47,582] INFO: Word2Vec_Wikipedia_D300_Importance_search_term_x_product_title_1D (1D): corr = -0.003522
[2016-05-09 10:10:19,055] INFO: Word2Vec_Wikipedia_D300_Importance_search_term_x_product_description_1D (1D): corr = 0.001494
[2016-05-09 10:10:48,656] INFO: Word2Vec_Wikipedia_D300_Importance_search_term_x_product_attribute_1D (1D): corr = -0.130038
[2016-05-09 10:10:51,434] INFO: Word2Vec_Wikipedia_D300_Importance_search_term_x_product_brand_1D (1D): corr = -0.073698
[2016-05-09 10:10:54,182] INFO: Word2Vec_Wikipedia_D300_Importance_search_term_x_product_color_1D (1D): corr = -0.044523
[2016-05-09 10:11:34,786] INFO: Word2Vec_Wikipedia_D300_N_Similarity_search_term_x_product_title_1D (1D): corr = 0.138849
[2016-05-09 10:13:58,338] INFO: Word2Vec_Wikipedia_D300_N_Similarity_search_term_x_product_description_1D (1D): corr = 0.001110
[2016-05-09 10:16:15,558] INFO: Word2Vec_Wikipedia_D300_N_Similarity_search_term_x_product_attribute_1D (1D): corr = -0.130035
[2016-05-09 10:16:37,157] INFO: Word2Vec_Wikipedia_D300_N_Similarity_search_term_x_product_brand_1D (1D): corr = -0.065647
[2016-05-09 10:16:52,201] INFO: Word2Vec_Wikipedia_D300_N_Similarity_search_term_x_product_color_1D (1D): corr = -0.043546
[2016-05-09 10:17:39,151] INFO: Word2Vec_Wikipedia_D300_N_Similarity_Imp_search_term_x_product_title_1D (1D): corr = 0.142292
[2016-05-09 10:20:37,517] INFO: Word2Vec_Wikipedia_D300_N_Similarity_Imp_search_term_x_product_description_1D (1D): corr = 0.001201
[2016-05-09 10:23:26,957] INFO: Word2Vec_Wikipedia_D300_N_Similarity_Imp_search_term_x_product_attribute_1D (1D): corr = -0.122947
[2016-05-09 10:23:52,030] INFO: Word2Vec_Wikipedia_D300_N_Similarity_Imp_search_term_x_product_brand_1D (1D): corr = -0.051880
[2016-05-09 10:24:10,345] INFO: Word2Vec_Wikipedia_D300_N_Similarity_Imp_search_term_x_product_color_1D (1D): corr = -0.037919
[2016-05-09 10:24:54,206] INFO: Word2Vec_Wikipedia_D300_Centroid_RMSE_search_term_x_product_title_1D (1D): corr = -0.065906
[2016-05-09 10:28:44,151] INFO: Word2Vec_Wikipedia_D300_Centroid_RMSE_search_term_x_product_description_1D (1D): corr = 0.046080
[2016-05-09 10:32:30,850] INFO: Word2Vec_Wikipedia_D300_Centroid_RMSE_search_term_x_product_attribute_1D (1D): corr = 0.069117
[2016-05-09 10:32:56,661] INFO: Word2Vec_Wikipedia_D300_Centroid_RMSE_search_term_x_product_brand_1D (1D): corr = -0.059466
[2016-05-09 10:33:21,729] INFO: Word2Vec_Wikipedia_D300_Centroid_RMSE_search_term_x_product_color_1D (1D): corr = -0.000664
[2016-05-09 10:34:11,793] INFO: Word2Vec_Wikipedia_D300_Centroid_RMSE_IMP_search_term_x_product_title_1D (1D): corr = -0.067407
[2016-05-09 10:38:37,004] INFO: Word2Vec_Wikipedia_D300_Centroid_RMSE_IMP_search_term_x_product_description_1D (1D): corr = 0.046089
[2016-05-09 10:42:56,804] INFO: Word2Vec_Wikipedia_D300_Centroid_RMSE_IMP_search_term_x_product_attribute_1D (1D): corr = -0.012487
[2016-05-09 10:43:26,414] INFO: Word2Vec_Wikipedia_D300_Centroid_RMSE_IMP_search_term_x_product_brand_1D (1D): corr = -0.077112
[2016-05-09 10:43:55,199] INFO: Word2Vec_Wikipedia_D300_Centroid_RMSE_IMP_search_term_x_product_color_1D (1D): corr = -0.024652
[2016-05-09 11:44:46,297] INFO: Word2Vec_Wikipedia_D300_CosineSim_Mean_Mean_search_term_x_product_title_1D (1D): corr = 0.074618
[2016-05-09 11:44:46,310] INFO: Word2Vec_Wikipedia_D300_CosineSim_Mean_Std_search_term_x_product_title_1D (1D): corr = -0.039645
[2016-05-09 11:44:46,324] INFO: Word2Vec_Wikipedia_D300_CosineSim_Mean_Max_search_term_x_product_title_1D (1D): corr = 0.051686
[2016-05-09 11:44:46,337] INFO: Word2Vec_Wikipedia_D300_CosineSim_Mean_Min_search_term_x_product_title_1D (1D): corr = 0.068959
[2016-05-09 11:44:46,350] INFO: Word2Vec_Wikipedia_D300_CosineSim_Mean_Median_search_term_x_product_title_1D (1D): corr = 0.057610
[2016-05-09 11:44:46,362] INFO: Word2Vec_Wikipedia_D300_CosineSim_Max_Mean_search_term_x_product_title_1D (1D): corr = 0.243494
[2016-05-09 11:44:46,376] INFO: Word2Vec_Wikipedia_D300_CosineSim_Max_Std_search_term_x_product_title_1D (1D): corr = -0.158437
[2016-05-09 11:44:46,389] INFO: Word2Vec_Wikipedia_D300_CosineSim_Max_Max_search_term_x_product_title_1D (1D): corr = 0.127351
[2016-05-09 11:44:46,402] INFO: Word2Vec_Wikipedia_D300_CosineSim_Max_Min_search_term_x_product_title_1D (1D): corr = 0.221140
[2016-05-09 11:44:46,415] INFO: Word2Vec_Wikipedia_D300_CosineSim_Max_Median_search_term_x_product_title_1D (1D): corr = 0.212484
[2016-05-09 11:44:46,428] INFO: Word2Vec_Wikipedia_D300_CosineSim_Min_Mean_search_term_x_product_title_1D (1D): corr = 0.032627
[2016-05-09 11:44:46,441] INFO: Word2Vec_Wikipedia_D300_CosineSim_Min_Std_search_term_x_product_title_1D (1D): corr = -0.028364
[2016-05-09 11:44:46,454] INFO: Word2Vec_Wikipedia_D300_CosineSim_Min_Max_search_term_x_product_title_1D (1D): corr = 0.016433
[2016-05-09 11:44:46,467] INFO: Word2Vec_Wikipedia_D300_CosineSim_Min_Min_search_term_x_product_title_1D (1D): corr = 0.043397
[2016-05-09 11:44:46,480] INFO: Word2Vec_Wikipedia_D300_CosineSim_Min_Median_search_term_x_product_title_1D (1D): corr = 0.014516
[2016-05-09 11:44:46,493] INFO: Word2Vec_Wikipedia_D300_CosineSim_Median_Mean_search_term_x_product_title_1D (1D): corr = 0.022221
[2016-05-09 11:44:46,506] INFO: Word2Vec_Wikipedia_D300_CosineSim_Median_Std_search_term_x_product_title_1D (1D): corr = -0.026340
[2016-05-09 11:44:46,519] INFO: Word2Vec_Wikipedia_D300_CosineSim_Median_Max_search_term_x_product_title_1D (1D): corr = 0.005073
[2016-05-09 11:44:46,532] INFO: Word2Vec_Wikipedia_D300_CosineSim_Median_Min_search_term_x_product_title_1D (1D): corr = 0.035153
[2016-05-09 11:44:46,545] INFO: Word2Vec_Wikipedia_D300_CosineSim_Median_Median_search_term_x_product_title_1D (1D): corr = 0.004166
[2016-05-09 20:24:39,249] INFO: Word2Vec_Wikipedia_D300_CosineSim_Mean_Mean_search_term_x_product_description_1D (1D): corr = 0.015850
[2016-05-09 20:24:39,261] INFO: Word2Vec_Wikipedia_D300_CosineSim_Mean_Std_search_term_x_product_description_1D (1D): corr = -0.029825
[2016-05-09 20:24:39,273] INFO: Word2Vec_Wikipedia_D300_CosineSim_Mean_Max_search_term_x_product_description_1D (1D): corr = -0.006492
[2016-05-09 20:24:39,284] INFO: Word2Vec_Wikipedia_D300_CosineSim_Mean_Min_search_term_x_product_description_1D (1D): corr = 0.035426
[2016-05-09 20:24:39,296] INFO: Word2Vec_Wikipedia_D300_CosineSim_Mean_Median_search_term_x_product_description_1D (1D): corr = -0.003787
[2016-05-09 20:24:39,308] INFO: Word2Vec_Wikipedia_D300_CosineSim_Max_Mean_search_term_x_product_description_1D (1D): corr = 0.184633
[2016-05-09 20:24:39,320] INFO: Word2Vec_Wikipedia_D300_CosineSim_Max_Std_search_term_x_product_description_1D (1D): corr = -0.116420
[2016-05-09 20:24:39,331] INFO: Word2Vec_Wikipedia_D300_CosineSim_Max_Max_search_term_x_product_description_1D (1D): corr = 0.095521
[2016-05-09 20:24:39,343] INFO: Word2Vec_Wikipedia_D300_CosineSim_Max_Min_search_term_x_product_description_1D (1D): corr = 0.167284
[2016-05-09 20:24:39,355] INFO: Word2Vec_Wikipedia_D300_CosineSim_Max_Median_search_term_x_product_description_1D (1D): corr = 0.166795
[2016-05-09 20:24:39,367] INFO: Word2Vec_Wikipedia_D300_CosineSim_Min_Mean_search_term_x_product_description_1D (1D): corr = 0.029233
[2016-05-09 20:24:39,378] INFO: Word2Vec_Wikipedia_D300_CosineSim_Min_Std_search_term_x_product_description_1D (1D): corr = -0.028897
[2016-05-09 20:24:39,390] INFO: Word2Vec_Wikipedia_D300_CosineSim_Min_Max_search_term_x_product_description_1D (1D): corr = 0.011985
[2016-05-09 20:24:39,402] INFO: Word2Vec_Wikipedia_D300_CosineSim_Min_Min_search_term_x_product_description_1D (1D): corr = 0.042290
[2016-05-09 20:24:39,413] INFO: Word2Vec_Wikipedia_D300_CosineSim_Min_Median_search_term_x_product_description_1D (1D): corr = 0.010663
[2016-05-09 20:24:39,425] INFO: Word2Vec_Wikipedia_D300_CosineSim_Median_Mean_search_term_x_product_description_1D (1D): corr = 0.001152
[2016-05-09 20:24:39,437] INFO: Word2Vec_Wikipedia_D300_CosineSim_Median_Std_search_term_x_product_description_1D (1D): corr = -0.027281
[2016-05-09 20:24:39,448] INFO: Word2Vec_Wikipedia_D300_CosineSim_Median_Max_search_term_x_product_description_1D (1D): corr = -0.020118
[2016-05-09 20:24:39,460] INFO: Word2Vec_Wikipedia_D300_CosineSim_Median_Min_search_term_x_product_description_1D (1D): corr = 0.027399
[2016-05-09 20:24:39,471] INFO: Word2Vec_Wikipedia_D300_CosineSim_Median_Median_search_term_x_product_description_1D (1D): corr = -0.019003
[2016-05-10 05:22:23,450] INFO: Word2Vec_Wikipedia_D300_CosineSim_Mean_Mean_search_term_x_product_attribute_1D (1D): corr = -0.130911
[2016-05-10 05:22:23,462] INFO: Word2Vec_Wikipedia_D300_CosineSim_Mean_Std_search_term_x_product_attribute_1D (1D): corr = -0.059007
[2016-05-10 05:22:23,475] INFO: Word2Vec_Wikipedia_D300_CosineSim_Mean_Max_search_term_x_product_attribute_1D (1D): corr = -0.136694
[2016-05-10 05:22:23,487] INFO: Word2Vec_Wikipedia_D300_CosineSim_Mean_Min_search_term_x_product_attribute_1D (1D): corr = -0.099764
[2016-05-10 05:22:23,499] INFO: Word2Vec_Wikipedia_D300_CosineSim_Mean_Median_search_term_x_product_attribute_1D (1D): corr = -0.137131
[2016-05-10 05:22:23,511] INFO: Word2Vec_Wikipedia_D300_CosineSim_Max_Mean_search_term_x_product_attribute_1D (1D): corr = -0.078363
[2016-05-10 05:22:23,523] INFO: Word2Vec_Wikipedia_D300_CosineSim_Max_Std_search_term_x_product_attribute_1D (1D): corr = -0.149997
[2016-05-10 05:22:23,535] INFO: Word2Vec_Wikipedia_D300_CosineSim_Max_Max_search_term_x_product_attribute_1D (1D): corr = -0.117417
[2016-05-10 05:22:23,548] INFO: Word2Vec_Wikipedia_D300_CosineSim_Max_Min_search_term_x_product_attribute_1D (1D): corr = -0.019718
[2016-05-10 05:22:23,560] INFO: Word2Vec_Wikipedia_D300_CosineSim_Max_Median_search_term_x_product_attribute_1D (1D): corr = -0.080590
[2016-05-10 05:22:23,572] INFO: Word2Vec_Wikipedia_D300_CosineSim_Min_Mean_search_term_x_product_attribute_1D (1D): corr = -0.129581
[2016-05-10 05:22:23,584] INFO: Word2Vec_Wikipedia_D300_CosineSim_Min_Std_search_term_x_product_attribute_1D (1D): corr = -0.072966
[2016-05-10 05:22:23,596] INFO: Word2Vec_Wikipedia_D300_CosineSim_Min_Max_search_term_x_product_attribute_1D (1D): corr = -0.137727
[2016-05-10 05:22:23,609] INFO: Word2Vec_Wikipedia_D300_CosineSim_Min_Min_search_term_x_product_attribute_1D (1D): corr = -0.094098
[2016-05-10 05:22:23,621] INFO: Word2Vec_Wikipedia_D300_CosineSim_Min_Median_search_term_x_product_attribute_1D (1D): corr = -0.135682
[2016-05-10 05:22:23,633] INFO: Word2Vec_Wikipedia_D300_CosineSim_Median_Mean_search_term_x_product_attribute_1D (1D): corr = -0.134033
[2016-05-10 05:22:23,646] INFO: Word2Vec_Wikipedia_D300_CosineSim_Median_Std_search_term_x_product_attribute_1D (1D): corr = -0.061723
[2016-05-10 05:22:23,658] INFO: Word2Vec_Wikipedia_D300_CosineSim_Median_Max_search_term_x_product_attribute_1D (1D): corr = -0.139355
[2016-05-10 05:22:23,670] INFO: Word2Vec_Wikipedia_D300_CosineSim_Median_Min_search_term_x_product_attribute_1D (1D): corr = -0.102667
[2016-05-10 05:22:23,682] INFO: Word2Vec_Wikipedia_D300_CosineSim_Median_Median_search_term_x_product_attribute_1D (1D): corr = -0.140198
[2016-05-10 05:39:59,698] INFO: Word2Vec_Wikipedia_D300_CosineSim_Mean_Mean_search_term_x_product_brand_1D (1D): corr = -0.070231
[2016-05-10 05:39:59,710] INFO: Word2Vec_Wikipedia_D300_CosineSim_Mean_Std_search_term_x_product_brand_1D (1D): corr = -0.015774
[2016-05-10 05:39:59,722] INFO: Word2Vec_Wikipedia_D300_CosineSim_Mean_Max_search_term_x_product_brand_1D (1D): corr = -0.060101
[2016-05-10 05:39:59,735] INFO: Word2Vec_Wikipedia_D300_CosineSim_Mean_Min_search_term_x_product_brand_1D (1D): corr = -0.062426
[2016-05-10 05:39:59,747] INFO: Word2Vec_Wikipedia_D300_CosineSim_Mean_Median_search_term_x_product_brand_1D (1D): corr = -0.077984
[2016-05-10 05:39:59,759] INFO: Word2Vec_Wikipedia_D300_CosineSim_Max_Mean_search_term_x_product_brand_1D (1D): corr = -0.068108
[2016-05-10 05:39:59,771] INFO: Word2Vec_Wikipedia_D300_CosineSim_Max_Std_search_term_x_product_brand_1D (1D): corr = -0.018480
[2016-05-10 05:39:59,783] INFO: Word2Vec_Wikipedia_D300_CosineSim_Max_Max_search_term_x_product_brand_1D (1D): corr = -0.059480
[2016-05-10 05:39:59,795] INFO: Word2Vec_Wikipedia_D300_CosineSim_Max_Min_search_term_x_product_brand_1D (1D): corr = -0.061512
[2016-05-10 05:39:59,808] INFO: Word2Vec_Wikipedia_D300_CosineSim_Max_Median_search_term_x_product_brand_1D (1D): corr = -0.074108
[2016-05-10 05:39:59,820] INFO: Word2Vec_Wikipedia_D300_CosineSim_Min_Mean_search_term_x_product_brand_1D (1D): corr = -0.070761
[2016-05-10 05:39:59,832] INFO: Word2Vec_Wikipedia_D300_CosineSim_Min_Std_search_term_x_product_brand_1D (1D): corr = -0.015307
[2016-05-10 05:39:59,844] INFO: Word2Vec_Wikipedia_D300_CosineSim_Min_Max_search_term_x_product_brand_1D (1D): corr = -0.059545
[2016-05-10 05:39:59,856] INFO: Word2Vec_Wikipedia_D300_CosineSim_Min_Min_search_term_x_product_brand_1D (1D): corr = -0.062103
[2016-05-10 05:39:59,868] INFO: Word2Vec_Wikipedia_D300_CosineSim_Min_Median_search_term_x_product_brand_1D (1D): corr = -0.079565
[2016-05-10 05:39:59,880] INFO: Word2Vec_Wikipedia_D300_CosineSim_Median_Mean_search_term_x_product_brand_1D (1D): corr = -0.070921
[2016-05-10 05:39:59,893] INFO: Word2Vec_Wikipedia_D300_CosineSim_Median_Std_search_term_x_product_brand_1D (1D): corr = -0.016417
[2016-05-10 05:39:59,905] INFO: Word2Vec_Wikipedia_D300_CosineSim_Median_Max_search_term_x_product_brand_1D (1D): corr = -0.060779
[2016-05-10 05:39:59,917] INFO: Word2Vec_Wikipedia_D300_CosineSim_Median_Min_search_term_x_product_brand_1D (1D): corr = -0.062814
[2016-05-10 05:39:59,929] INFO: Word2Vec_Wikipedia_D300_CosineSim_Median_Median_search_term_x_product_brand_1D (1D): corr = -0.078720
[2016-05-10 05:56:29,695] INFO: Word2Vec_Wikipedia_D300_CosineSim_Mean_Mean_search_term_x_product_color_1D (1D): corr = -0.043220
[2016-05-10 05:56:29,707] INFO: Word2Vec_Wikipedia_D300_CosineSim_Mean_Std_search_term_x_product_color_1D (1D): corr = -0.025843
[2016-05-10 05:56:29,719] INFO: Word2Vec_Wikipedia_D300_CosineSim_Mean_Max_search_term_x_product_color_1D (1D): corr = -0.042094
[2016-05-10 05:56:29,731] INFO: Word2Vec_Wikipedia_D300_CosineSim_Mean_Min_search_term_x_product_color_1D (1D): corr = -0.036033
[2016-05-10 05:56:29,743] INFO: Word2Vec_Wikipedia_D300_CosineSim_Mean_Median_search_term_x_product_color_1D (1D): corr = -0.046609
[2016-05-10 05:56:29,756] INFO: Word2Vec_Wikipedia_D300_CosineSim_Max_Mean_search_term_x_product_color_1D (1D): corr = -0.043239
[2016-05-10 05:56:29,768] INFO: Word2Vec_Wikipedia_D300_CosineSim_Max_Std_search_term_x_product_color_1D (1D): corr = -0.028236
[2016-05-10 05:56:29,780] INFO: Word2Vec_Wikipedia_D300_CosineSim_Max_Max_search_term_x_product_color_1D (1D): corr = -0.042646
[2016-05-10 05:56:29,792] INFO: Word2Vec_Wikipedia_D300_CosineSim_Max_Min_search_term_x_product_color_1D (1D): corr = -0.035746
[2016-05-10 05:56:29,804] INFO: Word2Vec_Wikipedia_D300_CosineSim_Max_Median_search_term_x_product_color_1D (1D): corr = -0.046482
[2016-05-10 05:56:29,816] INFO: Word2Vec_Wikipedia_D300_CosineSim_Min_Mean_search_term_x_product_color_1D (1D): corr = -0.043604
[2016-05-10 05:56:29,828] INFO: Word2Vec_Wikipedia_D300_CosineSim_Min_Std_search_term_x_product_color_1D (1D): corr = -0.026785
[2016-05-10 05:56:29,840] INFO: Word2Vec_Wikipedia_D300_CosineSim_Min_Max_search_term_x_product_color_1D (1D): corr = -0.042996
[2016-05-10 05:56:29,852] INFO: Word2Vec_Wikipedia_D300_CosineSim_Min_Min_search_term_x_product_color_1D (1D): corr = -0.036222
[2016-05-10 05:56:29,864] INFO: Word2Vec_Wikipedia_D300_CosineSim_Min_Median_search_term_x_product_color_1D (1D): corr = -0.046719
[2016-05-10 05:56:29,877] INFO: Word2Vec_Wikipedia_D300_CosineSim_Median_Mean_search_term_x_product_color_1D (1D): corr = -0.042849
[2016-05-10 05:56:29,889] INFO: Word2Vec_Wikipedia_D300_CosineSim_Median_Std_search_term_x_product_color_1D (1D): corr = -0.023232
[2016-05-10 05:56:29,901] INFO: Word2Vec_Wikipedia_D300_CosineSim_Median_Max_search_term_x_product_color_1D (1D): corr = -0.040827
[2016-05-10 05:56:29,913] INFO: Word2Vec_Wikipedia_D300_CosineSim_Median_Min_search_term_x_product_color_1D (1D): corr = -0.036120
[2016-05-10 05:56:29,925] INFO: Word2Vec_Wikipedia_D300_CosineSim_Median_Median_search_term_x_product_color_1D (1D): corr = -0.046441
