[2016-05-08 21:28:42,498] INFO: WordNet_Path_Similarity_Mean_Mean_search_term_x_product_title_1D (1D): corr = 0.171081
[2016-05-08 21:28:42,508] INFO: WordNet_Path_Similarity_Mean_Std_search_term_x_product_title_1D (1D): corr = -0.043572
[2016-05-08 21:28:42,517] INFO: WordNet_Path_Similarity_Mean_Max_search_term_x_product_title_1D (1D): corr = 0.107101
[2016-05-08 21:28:42,526] INFO: WordNet_Path_Similarity_Mean_Min_search_term_x_product_title_1D (1D): corr = 0.163098
[2016-05-08 21:28:42,536] INFO: WordNet_Path_Similarity_Mean_Median_search_term_x_product_title_1D (1D): corr = 0.161434
[2016-05-08 21:28:42,545] INFO: WordNet_Path_Similarity_Max_Mean_search_term_x_product_title_1D (1D): corr = 0.297643
[2016-05-08 21:28:42,554] INFO: WordNet_Path_Similarity_Max_Std_search_term_x_product_title_1D (1D): corr = -0.152113
[2016-05-08 21:28:42,564] INFO: WordNet_Path_Similarity_Max_Max_search_term_x_product_title_1D (1D): corr = 0.153445
[2016-05-08 21:28:42,573] INFO: WordNet_Path_Similarity_Max_Min_search_term_x_product_title_1D (1D): corr = 0.265098
[2016-05-08 21:28:42,582] INFO: WordNet_Path_Similarity_Max_Median_search_term_x_product_title_1D (1D): corr = 0.253243
[2016-05-08 21:28:42,592] INFO: WordNet_Path_Similarity_Min_Mean_search_term_x_product_title_1D (1D): corr = 0.010445
[2016-05-08 21:28:42,601] INFO: WordNet_Path_Similarity_Min_Std_search_term_x_product_title_1D (1D): corr = -0.004510
[2016-05-08 21:28:42,610] INFO: WordNet_Path_Similarity_Min_Max_search_term_x_product_title_1D (1D): corr = 0.004670
[2016-05-08 21:28:42,619] INFO: WordNet_Path_Similarity_Min_Min_search_term_x_product_title_1D (1D): corr = 0.018414
[2016-05-08 21:28:42,629] INFO: WordNet_Path_Similarity_Min_Median_search_term_x_product_title_1D (1D): corr = 0.010229
[2016-05-08 21:28:42,638] INFO: WordNet_Path_Similarity_Median_Mean_search_term_x_product_title_1D (1D): corr = 0.049001
[2016-05-08 21:28:42,647] INFO: WordNet_Path_Similarity_Median_Std_search_term_x_product_title_1D (1D): corr = -0.007067
[2016-05-08 21:28:42,656] INFO: WordNet_Path_Similarity_Median_Max_search_term_x_product_title_1D (1D): corr = 0.022593
[2016-05-08 21:28:42,666] INFO: WordNet_Path_Similarity_Median_Min_search_term_x_product_title_1D (1D): corr = 0.060468
[2016-05-08 21:28:42,675] INFO: WordNet_Path_Similarity_Median_Median_search_term_x_product_title_1D (1D): corr = 0.045057
