[2016-05-08 01:44:30,209] INFO: JaccardCoef_Unigram_search_term_x_product_title_1D (1D): corr = 0.285574
[2016-05-08 01:44:35,568] INFO: JaccardCoef_Unigram_search_term_x_product_title_product_name_1D (1D): corr = 0.281925
[2016-05-08 01:44:53,352] INFO: JaccardCoef_Unigram_search_term_x_product_description_1D (1D): corr = 0.131190
[2016-05-08 01:45:09,992] INFO: JaccardCoef_Unigram_search_term_x_product_attribute_1D (1D): corr = 0.004878
[2016-05-08 01:45:15,088] INFO: JaccardCoef_Unigram_search_term_x_product_brand_1D (1D): corr = 0.067692
[2016-05-08 01:45:20,159] INFO: JaccardCoef_Unigram_search_term_x_product_color_1D (1D): corr = 0.003534
[2016-05-08 01:45:26,660] INFO: JaccardCoef_Unigram_search_term_product_name_x_product_title_1D (1D): corr = 0.268095
[2016-05-08 01:45:31,707] INFO: JaccardCoef_Unigram_search_term_product_name_x_product_title_product_name_1D (1D): corr = 0.262341
[2016-05-08 01:45:49,303] INFO: JaccardCoef_Unigram_search_term_product_name_x_product_description_1D (1D): corr = 0.178812
[2016-05-08 01:46:05,678] INFO: JaccardCoef_Unigram_search_term_product_name_x_product_attribute_1D (1D): corr = 0.040235
[2016-05-08 01:46:08,726] INFO: JaccardCoef_Unigram_search_term_product_name_x_product_brand_1D (1D): corr = 0.050577
[2016-05-08 01:46:11,104] INFO: JaccardCoef_Unigram_search_term_product_name_x_product_color_1D (1D): corr = -0.015404
[2016-05-08 01:46:21,959] INFO: JaccardCoef_Bigram_search_term_x_product_title_1D (1D): corr = 0.197671
[2016-05-08 01:46:29,620] INFO: JaccardCoef_Bigram_search_term_x_product_title_product_name_1D (1D): corr = 0.192269
[2016-05-08 01:48:12,935] INFO: JaccardCoef_Bigram_search_term_x_product_description_1D (1D): corr = 0.129658
[2016-05-08 01:49:59,806] INFO: JaccardCoef_Bigram_search_term_x_product_attribute_1D (1D): corr = 0.051732
[2016-05-08 01:50:06,832] INFO: JaccardCoef_Bigram_search_term_x_product_brand_1D (1D): corr = 0.039314
[2016-05-08 01:50:13,429] INFO: JaccardCoef_Bigram_search_term_x_product_color_1D (1D): corr = 0.006161
[2016-05-08 01:50:30,836] INFO: JaccardCoef_Bigram_search_term_product_name_x_product_title_1D (1D): corr = 0.164851
[2016-05-08 01:50:39,245] INFO: JaccardCoef_Bigram_search_term_product_name_x_product_title_product_name_1D (1D): corr = 0.182283
[2016-05-08 01:52:36,040] INFO: JaccardCoef_Bigram_search_term_product_name_x_product_description_1D (1D): corr = 0.128455
[2016-05-08 01:54:25,900] INFO: JaccardCoef_Bigram_search_term_product_name_x_product_attribute_1D (1D): corr = 0.057716
[2016-05-08 01:54:31,066] INFO: JaccardCoef_Bigram_search_term_product_name_x_product_brand_1D (1D): corr = 0.030678
[2016-05-08 01:54:36,248] INFO: JaccardCoef_Bigram_search_term_product_name_x_product_color_1D (1D): corr = -0.002454
[2016-05-08 01:54:51,972] INFO: JaccardCoef_Trigram_search_term_x_product_title_1D (1D): corr = 0.112496
[2016-05-08 01:54:58,411] INFO: JaccardCoef_Trigram_search_term_x_product_title_product_name_1D (1D): corr = 0.126837
[2016-05-08 01:57:51,480] INFO: JaccardCoef_Trigram_search_term_x_product_description_1D (1D): corr = 0.072817
[2016-05-08 02:00:36,316] INFO: JaccardCoef_Trigram_search_term_x_product_attribute_1D (1D): corr = 0.029948
[2016-05-08 02:00:45,294] INFO: JaccardCoef_Trigram_search_term_x_product_brand_1D (1D): corr = 0.038705
[2016-05-08 02:00:54,241] INFO: JaccardCoef_Trigram_search_term_x_product_color_1D (1D): corr = 0.005326
[2016-05-08 02:01:11,855] INFO: JaccardCoef_Trigram_search_term_product_name_x_product_title_1D (1D): corr = 0.004708
[2016-05-08 02:01:18,177] INFO: JaccardCoef_Trigram_search_term_product_name_x_product_title_product_name_1D (1D): corr = 0.182283
[2016-05-08 02:04:00,328] INFO: JaccardCoef_Trigram_search_term_product_name_x_product_description_1D (1D): corr = 0.000000
[2016-05-08 02:06:10,004] INFO: JaccardCoef_Trigram_search_term_product_name_x_product_attribute_1D (1D): corr = 0.000000
[2016-05-08 02:06:15,796] INFO: JaccardCoef_Trigram_search_term_product_name_x_product_brand_1D (1D): corr = 0.029351
[2016-05-08 02:06:21,417] INFO: JaccardCoef_Trigram_search_term_product_name_x_product_color_1D (1D): corr = 0.000113
[2016-05-08 02:06:26,021] INFO: DiceDistance_Unigram_search_term_x_product_title_1D (1D): corr = 0.296123
[2016-05-08 02:06:29,656] INFO: DiceDistance_Unigram_search_term_x_product_title_product_name_1D (1D): corr = 0.285837
[2016-05-08 02:06:41,774] INFO: DiceDistance_Unigram_search_term_x_product_description_1D (1D): corr = 0.133760
[2016-05-08 02:06:54,041] INFO: DiceDistance_Unigram_search_term_x_product_attribute_1D (1D): corr = 0.003806
[2016-05-08 02:06:57,586] INFO: DiceDistance_Unigram_search_term_x_product_brand_1D (1D): corr = 0.064598
[2016-05-08 02:07:01,145] INFO: DiceDistance_Unigram_search_term_x_product_color_1D (1D): corr = 0.002170
[2016-05-08 02:07:07,233] INFO: DiceDistance_Unigram_search_term_product_name_x_product_title_1D (1D): corr = 0.278330
[2016-05-08 02:07:12,292] INFO: DiceDistance_Unigram_search_term_product_name_x_product_title_product_name_1D (1D): corr = 0.272974
[2016-05-08 02:07:28,392] INFO: DiceDistance_Unigram_search_term_product_name_x_product_description_1D (1D): corr = 0.180541
[2016-05-08 02:07:43,595] INFO: DiceDistance_Unigram_search_term_product_name_x_product_attribute_1D (1D): corr = 0.040289
[2016-05-08 02:07:47,888] INFO: DiceDistance_Unigram_search_term_product_name_x_product_brand_1D (1D): corr = 0.048742
[2016-05-08 02:07:52,006] INFO: DiceDistance_Unigram_search_term_product_name_x_product_color_1D (1D): corr = -0.017108
[2016-05-08 02:08:09,476] INFO: DiceDistance_Bigram_search_term_x_product_title_1D (1D): corr = 0.204344
[2016-05-08 02:08:18,741] INFO: DiceDistance_Bigram_search_term_x_product_title_product_name_1D (1D): corr = 0.192708
[2016-05-08 02:10:17,082] INFO: DiceDistance_Bigram_search_term_x_product_description_1D (1D): corr = 0.130818
[2016-05-08 02:12:07,924] INFO: DiceDistance_Bigram_search_term_x_product_attribute_1D (1D): corr = 0.052014
[2016-05-08 02:12:16,453] INFO: DiceDistance_Bigram_search_term_x_product_brand_1D (1D): corr = 0.036609
[2016-05-08 02:12:25,011] INFO: DiceDistance_Bigram_search_term_x_product_color_1D (1D): corr = 0.005968
[2016-05-08 02:12:41,843] INFO: DiceDistance_Bigram_search_term_product_name_x_product_title_1D (1D): corr = 0.170214
[2016-05-08 02:12:49,737] INFO: DiceDistance_Bigram_search_term_product_name_x_product_title_product_name_1D (1D): corr = 0.182283
[2016-05-08 02:14:46,468] INFO: DiceDistance_Bigram_search_term_product_name_x_product_description_1D (1D): corr = 0.128834
[2016-05-08 02:16:37,562] INFO: DiceDistance_Bigram_search_term_product_name_x_product_attribute_1D (1D): corr = 0.057913
[2016-05-08 02:16:45,053] INFO: DiceDistance_Bigram_search_term_product_name_x_product_brand_1D (1D): corr = 0.030788
[2016-05-08 02:16:52,512] INFO: DiceDistance_Bigram_search_term_product_name_x_product_color_1D (1D): corr = -0.002522
[2016-05-08 02:17:14,976] INFO: DiceDistance_Trigram_search_term_x_product_title_1D (1D): corr = 0.119359
[2016-05-08 02:17:25,037] INFO: DiceDistance_Trigram_search_term_x_product_title_product_name_1D (1D): corr = 0.126837
[2016-05-08 02:20:18,041] INFO: DiceDistance_Trigram_search_term_x_product_description_1D (1D): corr = 0.073943
[2016-05-08 02:22:11,063] INFO: DiceDistance_Trigram_search_term_x_product_attribute_1D (1D): corr = 0.030170
[2016-05-08 02:22:17,401] INFO: DiceDistance_Trigram_search_term_x_product_brand_1D (1D): corr = 0.038456
[2016-05-08 02:22:23,943] INFO: DiceDistance_Trigram_search_term_x_product_color_1D (1D): corr = 0.006093
[2016-05-08 02:22:38,782] INFO: DiceDistance_Trigram_search_term_product_name_x_product_title_1D (1D): corr = 0.004708
[2016-05-08 02:22:44,366] INFO: DiceDistance_Trigram_search_term_product_name_x_product_title_product_name_1D (1D): corr = 0.182283
[2016-05-08 02:24:48,640] INFO: DiceDistance_Trigram_search_term_product_name_x_product_description_1D (1D): corr = 0.000000
[2016-05-08 02:26:47,009] INFO: DiceDistance_Trigram_search_term_product_name_x_product_attribute_1D (1D): corr = 0.000000
[2016-05-08 02:26:52,516] INFO: DiceDistance_Trigram_search_term_product_name_x_product_brand_1D (1D): corr = 0.029351
[2016-05-08 02:26:57,999] INFO: DiceDistance_Trigram_search_term_product_name_x_product_color_1D (1D): corr = 0.000113
