[2016-05-08 01:44:22,874] INFO: DocId_search_term_1D (1D): corr = -0.006971
[2016-05-08 01:44:23,556] INFO: DocId_product_title_1D (1D): corr = -0.005569
[2016-05-08 01:44:24,929] INFO: DocId_product_description_1D (1D): corr = -0.001244
[2016-05-08 01:44:26,188] INFO: DocId_product_attribute_1D (1D): corr = 0.089704
[2016-05-08 01:44:26,684] INFO: DocId_product_brand_1D (1D): corr = -0.022024
[2016-05-08 01:44:27,210] INFO: DocId_product_color_1D (1D): corr = 0.036558
[2016-05-08 01:44:29,230] INFO: DocLen_search_term_1D (1D): corr = -0.084015
[2016-05-08 01:44:30,432] INFO: DocLen_product_title_1D (1D): corr = -0.013815
[2016-05-08 01:44:35,849] INFO: DocLen_product_description_1D (1D): corr = 0.042311
[2016-05-08 01:44:40,927] INFO: DocLen_product_attribute_1D (1D): corr = -0.039293
[2016-05-08 01:44:41,716] INFO: DocLen_product_brand_1D (1D): corr = -0.074429
[2016-05-08 01:44:42,484] INFO: DocLen_product_color_1D (1D): corr = -0.020528
[2016-05-08 01:44:43,079] INFO: DocFreq_search_term_1D (1D): corr = 0.148810
[2016-05-08 01:44:43,707] INFO: DocFreq_product_title_1D (1D): corr = -0.030461
[2016-05-08 01:44:44,980] INFO: DocFreq_product_description_1D (1D): corr = -0.025100
[2016-05-08 01:44:46,213] INFO: DocFreq_product_attribute_1D (1D): corr = 0.145885
[2016-05-08 01:44:46,767] INFO: DocFreq_product_brand_1D (1D): corr = 0.146631
[2016-05-08 01:44:47,310] INFO: DocFreq_product_color_1D (1D): corr = 0.047351
[2016-05-08 01:45:11,103] INFO: DocEntropy_search_term_1D (1D): corr = -0.068423
[2016-05-08 01:45:36,281] INFO: DocEntropy_product_title_1D (1D): corr = -0.004657
[2016-05-08 01:46:19,960] INFO: DocEntropy_product_description_1D (1D): corr = 0.053725
[2016-05-08 01:47:01,011] INFO: DocEntropy_product_attribute_1D (1D): corr = -0.130249
[2016-05-08 01:47:22,331] INFO: DocEntropy_product_brand_1D (1D): corr = -0.078429
[2016-05-08 01:47:45,043] INFO: DocEntropy_product_color_1D (1D): corr = -0.026344
[2016-05-08 01:47:46,418] INFO: DigitCount_search_term_1D (1D): corr = -0.078397
[2016-05-08 01:47:48,546] INFO: DigitCount_product_title_1D (1D): corr = -0.012951
[2016-05-08 01:47:56,985] INFO: DigitCount_product_description_1D (1D): corr = 0.042207
[2016-05-08 01:48:07,439] INFO: DigitCount_product_attribute_1D (1D): corr = -0.032872
[2016-05-08 01:48:08,783] INFO: DigitCount_product_brand_1D (1D): corr = -0.007779
[2016-05-08 01:48:10,034] INFO: DigitCount_product_color_1D (1D): corr = -0.008055
[2016-05-08 01:48:12,696] INFO: DigitRatio_search_term_1D (1D): corr = -0.070659
[2016-05-08 01:48:16,447] INFO: DigitRatio_product_title_1D (1D): corr = -0.002637
[2016-05-08 01:48:30,963] INFO: DigitRatio_product_description_1D (1D): corr = 0.017609
[2016-05-08 01:48:47,017] INFO: DigitRatio_product_attribute_1D (1D): corr = -0.120129
[2016-05-08 01:48:49,532] INFO: DigitRatio_product_brand_1D (1D): corr = -0.010386
[2016-05-08 01:48:51,975] INFO: DigitRatio_product_color_1D (1D): corr = -0.003868
[2016-05-08 01:48:52,263] INFO: DocIdEcho_product_uid_1D (1D): corr = -0.130656
[2016-05-08 01:48:53,049] INFO: DocFreq_product_uid_1D (1D): corr = -0.032851
[2016-05-08 01:48:54,079] INFO: ProductUidDummy1_product_uid_1D (1D): corr = 0.171689
[2016-05-08 01:48:54,952] INFO: ProductUidDummy2_product_uid_1D (1D): corr = 0.000000
[2016-05-08 01:48:55,685] INFO: ProductUidDummy3_product_uid_1D (1D): corr = -0.172492
[2016-05-08 01:48:57,041] INFO: UniqueCount_Unigram_search_term_1D (1D): corr = -0.083333
[2016-05-08 01:48:59,167] INFO: UniqueCount_Unigram_product_title_1D (1D): corr = -0.011923
[2016-05-08 01:49:09,973] INFO: UniqueCount_Unigram_product_description_1D (1D): corr = 0.047268
[2016-05-08 01:49:21,315] INFO: UniqueCount_Unigram_product_attribute_1D (1D): corr = -0.058670
[2016-05-08 01:49:22,825] INFO: UniqueCount_Unigram_product_brand_1D (1D): corr = -0.074985
[2016-05-08 01:49:24,334] INFO: UniqueCount_Unigram_product_color_1D (1D): corr = -0.024776
[2016-05-08 01:49:28,358] INFO: UniqueCount_Bigram_search_term_1D (1D): corr = -0.096647
[2016-05-08 01:49:39,780] INFO: UniqueCount_Bigram_product_title_1D (1D): corr = -0.013097
[2016-05-08 01:51:33,197] INFO: UniqueCount_Bigram_product_description_1D (1D): corr = 0.043463
[2016-05-08 01:53:18,345] INFO: UniqueCount_Bigram_product_attribute_1D (1D): corr = -0.042916
[2016-05-08 01:53:20,921] INFO: UniqueCount_Bigram_product_brand_1D (1D): corr = -0.040597
[2016-05-08 01:53:23,404] INFO: UniqueCount_Bigram_product_color_1D (1D): corr = -0.016889
[2016-05-08 01:53:28,045] INFO: UniqueCount_Trigram_search_term_1D (1D): corr = -0.080895
[2016-05-08 01:53:43,518] INFO: UniqueCount_Trigram_product_title_1D (1D): corr = -0.013489
[2016-05-08 01:56:32,561] INFO: UniqueCount_Trigram_product_description_1D (1D): corr = 0.042642
[2016-05-08 01:58:51,653] INFO: UniqueCount_Trigram_product_attribute_1D (1D): corr = -0.039823
[2016-05-08 01:58:54,527] INFO: UniqueCount_Trigram_product_brand_1D (1D): corr = -0.011067
[2016-05-08 01:58:57,297] INFO: UniqueCount_Trigram_product_color_1D (1D): corr = -0.013767
[2016-05-08 01:58:59,923] INFO: UniqueRatio_Unigram_search_term_1D (1D): corr = 0.027054
[2016-05-08 01:59:03,582] INFO: UniqueRatio_Unigram_product_title_1D (1D): corr = 0.005347
[2016-05-08 01:59:16,935] INFO: UniqueRatio_Unigram_product_description_1D (1D): corr = -0.007640
[2016-05-08 01:59:29,356] INFO: UniqueRatio_Unigram_product_attribute_1D (1D): corr = 0.100459
[2016-05-08 01:59:31,767] INFO: UniqueRatio_Unigram_product_brand_1D (1D): corr = -0.003936
[2016-05-08 01:59:34,131] INFO: UniqueRatio_Unigram_product_color_1D (1D): corr = -0.001990
[2016-05-08 01:59:39,711] INFO: UniqueRatio_Bigram_search_term_1D (1D): corr = 0.020047
[2016-05-08 01:59:53,123] INFO: UniqueRatio_Bigram_product_title_1D (1D): corr = 0.007022
[2016-05-08 02:01:40,205] INFO: UniqueRatio_Bigram_product_description_1D (1D): corr = 0.008495
[2016-05-08 02:02:59,568] INFO: UniqueRatio_Bigram_product_attribute_1D (1D): corr = 0.044705
[2016-05-08 02:03:01,494] INFO: UniqueRatio_Bigram_product_brand_1D (1D): corr = 0.000000
[2016-05-08 02:03:03,467] INFO: UniqueRatio_Bigram_product_color_1D (1D): corr = -0.008007
[2016-05-08 02:03:07,453] INFO: UniqueRatio_Trigram_search_term_1D (1D): corr = 0.015218
[2016-05-08 02:03:23,431] INFO: UniqueRatio_Trigram_product_title_1D (1D): corr = 0.008634
[2016-05-08 02:05:29,477] INFO: UniqueRatio_Trigram_product_description_1D (1D): corr = 0.007814
[2016-05-08 02:07:26,469] INFO: UniqueRatio_Trigram_product_attribute_1D (1D): corr = 0.020869
[2016-05-08 02:07:30,186] INFO: UniqueRatio_Trigram_product_brand_1D (1D): corr = 0.000000
[2016-05-08 02:07:33,792] INFO: UniqueRatio_Trigram_product_color_1D (1D): corr = -0.004186
[2016-05-08 02:07:34,141] INFO: AttrCount_product_attribute_list_1D (1D): corr = -0.048513
[2016-05-08 02:07:39,868] INFO: AttrBulletCount_product_attribute_list_1D (1D): corr = -0.070608
[2016-05-08 02:07:46,288] INFO: AttrBulletRatio_product_attribute_list_1D (1D): corr = -0.150464
[2016-05-08 02:07:52,174] INFO: AttrNonBulletCount_product_attribute_list_1D (1D): corr = -0.035769
[2016-05-08 02:07:58,799] INFO: AttrNonBulletRatio_product_attribute_list_1D (1D): corr = 0.150464
[2016-05-08 02:08:04,288] INFO: AttrHasProductHeight_product_attribute_list_1D (1D): corr = -0.099505
[2016-05-08 02:08:10,515] INFO: AttrHasProductWidth_product_attribute_list_1D (1D): corr = -0.110805
[2016-05-08 02:08:16,320] INFO: AttrHasProductLength_product_attribute_list_1D (1D): corr = -0.051217
[2016-05-08 02:08:22,124] INFO: AttrHasProductDepth_product_attribute_list_1D (1D): corr = -0.093089
[2016-05-08 02:08:27,670] INFO: AttrHasIndoorOutdoor_product_attribute_list_1D (1D): corr = -0.017944
