[2016-05-08 01:45:04,022] INFO: IntersectPosition_Unigram_Mean_search_term_x_product_title_product_name_1D (1D): corr = 0.159583
[2016-05-08 01:45:04,034] INFO: IntersectPosition_Unigram_Std_search_term_x_product_title_product_name_1D (1D): corr = 0.144687
[2016-05-08 01:45:04,045] INFO: IntersectPosition_Unigram_Max_search_term_x_product_title_product_name_1D (1D): corr = 0.171894
[2016-05-08 01:45:04,065] INFO: IntersectPosition_Unigram_Min_search_term_x_product_title_product_name_1D (1D): corr = 0.142589
[2016-05-08 01:45:04,074] INFO: IntersectPosition_Unigram_Median_search_term_x_product_title_product_name_1D (1D): corr = 0.159422
[2016-05-08 01:46:26,220] INFO: IntersectPosition_Unigram_Mean_search_term_product_name_x_product_title_product_name_1D (1D): corr = 0.244256
[2016-05-08 01:46:26,228] INFO: IntersectPosition_Unigram_Std_search_term_product_name_x_product_title_product_name_1D (1D): corr = 0.184265
[2016-05-08 01:46:26,236] INFO: IntersectPosition_Unigram_Max_search_term_product_name_x_product_title_product_name_1D (1D): corr = 0.260744
[2016-05-08 01:46:26,244] INFO: IntersectPosition_Unigram_Min_search_term_product_name_x_product_title_product_name_1D (1D): corr = 0.216937
[2016-05-08 01:46:26,252] INFO: IntersectPosition_Unigram_Median_search_term_product_name_x_product_title_product_name_1D (1D): corr = 0.244256
[2016-05-08 01:47:38,571] INFO: IntersectPosition_Bigram_Mean_search_term_x_product_title_product_name_1D (1D): corr = 0.126370
[2016-05-08 01:47:38,591] INFO: IntersectPosition_Bigram_Std_search_term_x_product_title_product_name_1D (1D): corr = -0.001887
[2016-05-08 01:47:38,601] INFO: IntersectPosition_Bigram_Max_search_term_x_product_title_product_name_1D (1D): corr = 0.126320
[2016-05-08 01:47:38,610] INFO: IntersectPosition_Bigram_Min_search_term_x_product_title_product_name_1D (1D): corr = 0.126409
[2016-05-08 01:47:38,621] INFO: IntersectPosition_Bigram_Median_search_term_x_product_title_product_name_1D (1D): corr = 0.126370
[2016-05-08 01:48:48,920] INFO: IntersectPosition_Bigram_Mean_search_term_product_name_x_product_title_product_name_1D (1D): corr = 0.182283
[2016-05-08 01:48:48,929] INFO: IntersectPosition_Bigram_Std_search_term_product_name_x_product_title_product_name_1D (1D): corr = 0.000000
[2016-05-08 01:48:48,938] INFO: IntersectPosition_Bigram_Max_search_term_product_name_x_product_title_product_name_1D (1D): corr = 0.182283
[2016-05-08 01:48:48,947] INFO: IntersectPosition_Bigram_Min_search_term_product_name_x_product_title_product_name_1D (1D): corr = 0.182283
[2016-05-08 01:48:48,956] INFO: IntersectPosition_Bigram_Median_search_term_product_name_x_product_title_product_name_1D (1D): corr = 0.182283
[2016-05-08 01:50:01,243] INFO: IntersectPosition_Trigram_Mean_search_term_x_product_title_product_name_1D (1D): corr = 0.126837
[2016-05-08 01:50:01,256] INFO: IntersectPosition_Trigram_Std_search_term_x_product_title_product_name_1D (1D): corr = 0.000000
[2016-05-08 01:50:01,265] INFO: IntersectPosition_Trigram_Max_search_term_x_product_title_product_name_1D (1D): corr = 0.126837
[2016-05-08 01:50:01,274] INFO: IntersectPosition_Trigram_Min_search_term_x_product_title_product_name_1D (1D): corr = 0.126837
[2016-05-08 01:50:01,282] INFO: IntersectPosition_Trigram_Median_search_term_x_product_title_product_name_1D (1D): corr = 0.126837
[2016-05-08 01:51:24,313] INFO: IntersectPosition_Trigram_Mean_search_term_product_name_x_product_title_product_name_1D (1D): corr = 0.182283
[2016-05-08 01:51:24,322] INFO: IntersectPosition_Trigram_Std_search_term_product_name_x_product_title_product_name_1D (1D): corr = 0.000000
[2016-05-08 01:51:24,332] INFO: IntersectPosition_Trigram_Max_search_term_product_name_x_product_title_product_name_1D (1D): corr = 0.182283
[2016-05-08 01:51:24,344] INFO: IntersectPosition_Trigram_Min_search_term_product_name_x_product_title_product_name_1D (1D): corr = 0.182283
[2016-05-08 01:51:24,361] INFO: IntersectPosition_Trigram_Median_search_term_product_name_x_product_title_product_name_1D (1D): corr = 0.182283
[2016-05-08 01:52:47,491] INFO: IntersectNormPosition_Unigram_Mean_search_term_x_product_title_product_name_1D (1D): corr = 0.247530
[2016-05-08 01:52:47,500] INFO: IntersectNormPosition_Unigram_Std_search_term_x_product_title_product_name_1D (1D): corr = 0.183492
[2016-05-08 01:52:47,508] INFO: IntersectNormPosition_Unigram_Max_search_term_x_product_title_product_name_1D (1D): corr = 0.263356
[2016-05-08 01:52:47,526] INFO: IntersectNormPosition_Unigram_Min_search_term_x_product_title_product_name_1D (1D): corr = 0.223812
[2016-05-08 01:52:47,535] INFO: IntersectNormPosition_Unigram_Median_search_term_x_product_title_product_name_1D (1D): corr = 0.247482
[2016-05-08 01:54:00,039] INFO: IntersectNormPosition_Unigram_Mean_search_term_product_name_x_product_title_product_name_1D (1D): corr = 0.251858
[2016-05-08 01:54:00,048] INFO: IntersectNormPosition_Unigram_Std_search_term_product_name_x_product_title_product_name_1D (1D): corr = 0.184265
[2016-05-08 01:54:00,066] INFO: IntersectNormPosition_Unigram_Max_search_term_product_name_x_product_title_product_name_1D (1D): corr = 0.268719
[2016-05-08 01:54:00,076] INFO: IntersectNormPosition_Unigram_Min_search_term_product_name_x_product_title_product_name_1D (1D): corr = 0.224694
[2016-05-08 01:54:00,085] INFO: IntersectNormPosition_Unigram_Median_search_term_product_name_x_product_title_product_name_1D (1D): corr = 0.251858
[2016-05-08 01:55:36,036] INFO: IntersectNormPosition_Bigram_Mean_search_term_x_product_title_product_name_1D (1D): corr = 0.184577
[2016-05-08 01:55:36,057] INFO: IntersectNormPosition_Bigram_Std_search_term_x_product_title_product_name_1D (1D): corr = -0.001887
[2016-05-08 01:55:36,067] INFO: IntersectNormPosition_Bigram_Max_search_term_x_product_title_product_name_1D (1D): corr = 0.184551
[2016-05-08 01:55:36,078] INFO: IntersectNormPosition_Bigram_Min_search_term_x_product_title_product_name_1D (1D): corr = 0.184598
[2016-05-08 01:55:36,088] INFO: IntersectNormPosition_Bigram_Median_search_term_x_product_title_product_name_1D (1D): corr = 0.184577
[2016-05-08 01:57:12,578] INFO: IntersectNormPosition_Bigram_Mean_search_term_product_name_x_product_title_product_name_1D (1D): corr = 0.182283
[2016-05-08 01:57:12,588] INFO: IntersectNormPosition_Bigram_Std_search_term_product_name_x_product_title_product_name_1D (1D): corr = 0.000000
[2016-05-08 01:57:12,598] INFO: IntersectNormPosition_Bigram_Max_search_term_product_name_x_product_title_product_name_1D (1D): corr = 0.182283
[2016-05-08 01:57:12,608] INFO: IntersectNormPosition_Bigram_Min_search_term_product_name_x_product_title_product_name_1D (1D): corr = 0.182283
[2016-05-08 01:57:12,635] INFO: IntersectNormPosition_Bigram_Median_search_term_product_name_x_product_title_product_name_1D (1D): corr = 0.182283
[2016-05-08 01:58:38,176] INFO: IntersectNormPosition_Trigram_Mean_search_term_x_product_title_product_name_1D (1D): corr = 0.126837
[2016-05-08 01:58:38,186] INFO: IntersectNormPosition_Trigram_Std_search_term_x_product_title_product_name_1D (1D): corr = 0.000000
[2016-05-08 01:58:38,196] INFO: IntersectNormPosition_Trigram_Max_search_term_x_product_title_product_name_1D (1D): corr = 0.126837
[2016-05-08 01:58:38,213] INFO: IntersectNormPosition_Trigram_Min_search_term_x_product_title_product_name_1D (1D): corr = 0.126837
[2016-05-08 01:58:38,223] INFO: IntersectNormPosition_Trigram_Median_search_term_x_product_title_product_name_1D (1D): corr = 0.126837
[2016-05-08 02:00:07,299] INFO: IntersectNormPosition_Trigram_Mean_search_term_product_name_x_product_title_product_name_1D (1D): corr = 0.182283
[2016-05-08 02:00:07,309] INFO: IntersectNormPosition_Trigram_Std_search_term_product_name_x_product_title_product_name_1D (1D): corr = 0.000000
[2016-05-08 02:00:07,319] INFO: IntersectNormPosition_Trigram_Max_search_term_product_name_x_product_title_product_name_1D (1D): corr = 0.182283
[2016-05-08 02:00:07,329] INFO: IntersectNormPosition_Trigram_Min_search_term_product_name_x_product_title_product_name_1D (1D): corr = 0.182283
[2016-05-08 02:00:07,339] INFO: IntersectNormPosition_Trigram_Median_search_term_product_name_x_product_title_product_name_1D (1D): corr = 0.182283
[2016-05-08 02:01:25,948] INFO: IntersectPosition_Unigram_Mean_product_title_product_name_x_search_term_1D (1D): corr = 0.241268
[2016-05-08 02:01:25,957] INFO: IntersectPosition_Unigram_Std_product_title_product_name_x_search_term_1D (1D): corr = 0.180870
[2016-05-08 02:01:25,967] INFO: IntersectPosition_Unigram_Max_product_title_product_name_x_search_term_1D (1D): corr = 0.258163
[2016-05-08 02:01:25,989] INFO: IntersectPosition_Unigram_Min_product_title_product_name_x_search_term_1D (1D): corr = 0.210154
[2016-05-08 02:01:25,999] INFO: IntersectPosition_Unigram_Median_product_title_product_name_x_search_term_1D (1D): corr = 0.241268
[2016-05-08 02:02:57,792] INFO: IntersectPosition_Unigram_Mean_product_title_product_name_x_search_term_product_name_1D (1D): corr = 0.252150
[2016-05-08 02:02:57,802] INFO: IntersectPosition_Unigram_Std_product_title_product_name_x_search_term_product_name_1D (1D): corr = 0.184186
[2016-05-08 02:02:57,812] INFO: IntersectPosition_Unigram_Max_product_title_product_name_x_search_term_product_name_1D (1D): corr = 0.268498
[2016-05-08 02:02:57,822] INFO: IntersectPosition_Unigram_Min_product_title_product_name_x_search_term_product_name_1D (1D): corr = 0.225118
[2016-05-08 02:02:57,832] INFO: IntersectPosition_Unigram_Median_product_title_product_name_x_search_term_product_name_1D (1D): corr = 0.252150
[2016-05-08 02:04:30,745] INFO: IntersectPosition_Bigram_Mean_product_title_product_name_x_search_term_1D (1D): corr = 0.173371
[2016-05-08 02:04:30,768] INFO: IntersectPosition_Bigram_Std_product_title_product_name_x_search_term_1D (1D): corr = 0.000000
[2016-05-08 02:04:30,778] INFO: IntersectPosition_Bigram_Max_product_title_product_name_x_search_term_1D (1D): corr = 0.173371
[2016-05-08 02:04:30,788] INFO: IntersectPosition_Bigram_Min_product_title_product_name_x_search_term_1D (1D): corr = 0.173371
[2016-05-08 02:04:30,798] INFO: IntersectPosition_Bigram_Median_product_title_product_name_x_search_term_1D (1D): corr = 0.173371
[2016-05-08 02:06:02,573] INFO: IntersectPosition_Bigram_Mean_product_title_product_name_x_search_term_product_name_1D (1D): corr = 0.182283
[2016-05-08 02:06:02,583] INFO: IntersectPosition_Bigram_Std_product_title_product_name_x_search_term_product_name_1D (1D): corr = 0.000000
[2016-05-08 02:06:02,603] INFO: IntersectPosition_Bigram_Max_product_title_product_name_x_search_term_product_name_1D (1D): corr = 0.182283
[2016-05-08 02:06:02,613] INFO: IntersectPosition_Bigram_Min_product_title_product_name_x_search_term_product_name_1D (1D): corr = 0.182283
[2016-05-08 02:06:02,622] INFO: IntersectPosition_Bigram_Median_product_title_product_name_x_search_term_product_name_1D (1D): corr = 0.182283
[2016-05-08 02:07:34,883] INFO: IntersectPosition_Trigram_Mean_product_title_product_name_x_search_term_1D (1D): corr = 0.126837
[2016-05-08 02:07:34,893] INFO: IntersectPosition_Trigram_Std_product_title_product_name_x_search_term_1D (1D): corr = 0.000000
[2016-05-08 02:07:34,903] INFO: IntersectPosition_Trigram_Max_product_title_product_name_x_search_term_1D (1D): corr = 0.126837
[2016-05-08 02:07:34,913] INFO: IntersectPosition_Trigram_Min_product_title_product_name_x_search_term_1D (1D): corr = 0.126837
[2016-05-08 02:07:34,923] INFO: IntersectPosition_Trigram_Median_product_title_product_name_x_search_term_1D (1D): corr = 0.126837
[2016-05-08 02:09:07,788] INFO: IntersectPosition_Trigram_Mean_product_title_product_name_x_search_term_product_name_1D (1D): corr = 0.182283
[2016-05-08 02:09:07,799] INFO: IntersectPosition_Trigram_Std_product_title_product_name_x_search_term_product_name_1D (1D): corr = 0.000000
[2016-05-08 02:09:07,810] INFO: IntersectPosition_Trigram_Max_product_title_product_name_x_search_term_product_name_1D (1D): corr = 0.182283
[2016-05-08 02:09:07,820] INFO: IntersectPosition_Trigram_Min_product_title_product_name_x_search_term_product_name_1D (1D): corr = 0.182283
[2016-05-08 02:09:07,830] INFO: IntersectPosition_Trigram_Median_product_title_product_name_x_search_term_product_name_1D (1D): corr = 0.182283
[2016-05-08 02:10:39,165] INFO: IntersectNormPosition_Unigram_Mean_product_title_product_name_x_search_term_1D (1D): corr = 0.241500
[2016-05-08 02:10:39,175] INFO: IntersectNormPosition_Unigram_Std_product_title_product_name_x_search_term_1D (1D): corr = 0.180870
[2016-05-08 02:10:39,184] INFO: IntersectNormPosition_Unigram_Max_product_title_product_name_x_search_term_1D (1D): corr = 0.258391
[2016-05-08 02:10:39,193] INFO: IntersectNormPosition_Unigram_Min_product_title_product_name_x_search_term_1D (1D): corr = 0.210392
[2016-05-08 02:10:39,202] INFO: IntersectNormPosition_Unigram_Median_product_title_product_name_x_search_term_1D (1D): corr = 0.241500
[2016-05-08 02:11:49,612] INFO: IntersectNormPosition_Unigram_Mean_product_title_product_name_x_search_term_product_name_1D (1D): corr = 0.252317
[2016-05-08 02:11:49,621] INFO: IntersectNormPosition_Unigram_Std_product_title_product_name_x_search_term_product_name_1D (1D): corr = 0.184186
[2016-05-08 02:11:49,630] INFO: IntersectNormPosition_Unigram_Max_product_title_product_name_x_search_term_product_name_1D (1D): corr = 0.268663
[2016-05-08 02:11:49,639] INFO: IntersectNormPosition_Unigram_Min_product_title_product_name_x_search_term_product_name_1D (1D): corr = 0.225291
[2016-05-08 02:11:49,648] INFO: IntersectNormPosition_Unigram_Median_product_title_product_name_x_search_term_product_name_1D (1D): corr = 0.252317
[2016-05-08 02:13:09,390] INFO: IntersectNormPosition_Bigram_Mean_product_title_product_name_x_search_term_1D (1D): corr = 0.173371
[2016-05-08 02:13:09,400] INFO: IntersectNormPosition_Bigram_Std_product_title_product_name_x_search_term_1D (1D): corr = 0.000000
[2016-05-08 02:13:09,410] INFO: IntersectNormPosition_Bigram_Max_product_title_product_name_x_search_term_1D (1D): corr = 0.173371
[2016-05-08 02:13:09,420] INFO: IntersectNormPosition_Bigram_Min_product_title_product_name_x_search_term_1D (1D): corr = 0.173371
[2016-05-08 02:13:09,430] INFO: IntersectNormPosition_Bigram_Median_product_title_product_name_x_search_term_1D (1D): corr = 0.173371
[2016-05-08 02:14:42,175] INFO: IntersectNormPosition_Bigram_Mean_product_title_product_name_x_search_term_product_name_1D (1D): corr = 0.182283
[2016-05-08 02:14:42,184] INFO: IntersectNormPosition_Bigram_Std_product_title_product_name_x_search_term_product_name_1D (1D): corr = 0.000000
[2016-05-08 02:14:42,194] INFO: IntersectNormPosition_Bigram_Max_product_title_product_name_x_search_term_product_name_1D (1D): corr = 0.182283
[2016-05-08 02:14:42,204] INFO: IntersectNormPosition_Bigram_Min_product_title_product_name_x_search_term_product_name_1D (1D): corr = 0.182283
[2016-05-08 02:14:42,214] INFO: IntersectNormPosition_Bigram_Median_product_title_product_name_x_search_term_product_name_1D (1D): corr = 0.182283
[2016-05-08 02:16:16,374] INFO: IntersectNormPosition_Trigram_Mean_product_title_product_name_x_search_term_1D (1D): corr = 0.126837
[2016-05-08 02:16:16,385] INFO: IntersectNormPosition_Trigram_Std_product_title_product_name_x_search_term_1D (1D): corr = 0.000000
[2016-05-08 02:16:16,394] INFO: IntersectNormPosition_Trigram_Max_product_title_product_name_x_search_term_1D (1D): corr = 0.126837
[2016-05-08 02:16:16,404] INFO: IntersectNormPosition_Trigram_Min_product_title_product_name_x_search_term_1D (1D): corr = 0.126837
[2016-05-08 02:16:16,420] INFO: IntersectNormPosition_Trigram_Median_product_title_product_name_x_search_term_1D (1D): corr = 0.126837
[2016-05-08 02:17:49,729] INFO: IntersectNormPosition_Trigram_Mean_product_title_product_name_x_search_term_product_name_1D (1D): corr = 0.182283
[2016-05-08 02:17:49,739] INFO: IntersectNormPosition_Trigram_Std_product_title_product_name_x_search_term_product_name_1D (1D): corr = 0.000000
[2016-05-08 02:17:49,748] INFO: IntersectNormPosition_Trigram_Max_product_title_product_name_x_search_term_product_name_1D (1D): corr = 0.182283
[2016-05-08 02:17:49,758] INFO: IntersectNormPosition_Trigram_Min_product_title_product_name_x_search_term_product_name_1D (1D): corr = 0.182283
[2016-05-08 02:17:49,768] INFO: IntersectNormPosition_Trigram_Median_product_title_product_name_x_search_term_product_name_1D (1D): corr = 0.182283
