[2016-05-08 13:05:35,793] INFO: StatCoocTFIDF_Unigram_Mean_search_term_x_product_title_1D (1D): corr = 0.331219
[2016-05-08 13:05:35,800] INFO: StatCoocTFIDF_Unigram_Std_search_term_x_product_title_1D (1D): corr = -0.070604
[2016-05-08 13:05:35,807] INFO: StatCoocTFIDF_Unigram_Max_search_term_x_product_title_1D (1D): corr = 0.213160
[2016-05-08 13:05:35,814] INFO: StatCoocTFIDF_Unigram_Min_search_term_x_product_title_1D (1D): corr = 0.291009
[2016-05-08 13:05:35,821] INFO: StatCoocTFIDF_Unigram_Median_search_term_x_product_title_1D (1D): corr = 0.315994
[2016-05-08 13:06:39,094] INFO: StatCoocTFIDF_Unigram_Mean_search_term_x_product_title_product_name_1D (1D): corr = 0.257265
[2016-05-08 13:06:39,101] INFO: StatCoocTFIDF_Unigram_Std_search_term_x_product_title_product_name_1D (1D): corr = 0.195667
[2016-05-08 13:06:39,109] INFO: StatCoocTFIDF_Unigram_Max_search_term_x_product_title_product_name_1D (1D): corr = 0.227609
[2016-05-08 13:06:39,116] INFO: StatCoocTFIDF_Unigram_Min_search_term_x_product_title_product_name_1D (1D): corr = 0.115158
[2016-05-08 13:06:39,123] INFO: StatCoocTFIDF_Unigram_Median_search_term_x_product_title_product_name_1D (1D): corr = 0.236002
[2016-05-08 13:13:25,181] INFO: StatCoocTFIDF_Unigram_Mean_search_term_x_product_description_1D (1D): corr = 0.223678
[2016-05-08 13:13:25,189] INFO: StatCoocTFIDF_Unigram_Std_search_term_x_product_description_1D (1D): corr = 0.079996
[2016-05-08 13:13:25,196] INFO: StatCoocTFIDF_Unigram_Max_search_term_x_product_description_1D (1D): corr = 0.157906
[2016-05-08 13:13:25,203] INFO: StatCoocTFIDF_Unigram_Min_search_term_x_product_description_1D (1D): corr = 0.150533
[2016-05-08 13:13:25,210] INFO: StatCoocTFIDF_Unigram_Median_search_term_x_product_description_1D (1D): corr = 0.229834
[2016-05-08 13:19:59,038] INFO: StatCoocTFIDF_Unigram_Mean_search_term_x_product_attribute_1D (1D): corr = 0.125952
[2016-05-08 13:19:59,046] INFO: StatCoocTFIDF_Unigram_Std_search_term_x_product_attribute_1D (1D): corr = 0.029223
[2016-05-08 13:19:59,053] INFO: StatCoocTFIDF_Unigram_Max_search_term_x_product_attribute_1D (1D): corr = 0.064341
[2016-05-08 13:19:59,060] INFO: StatCoocTFIDF_Unigram_Min_search_term_x_product_attribute_1D (1D): corr = 0.123667
[2016-05-08 13:19:59,067] INFO: StatCoocTFIDF_Unigram_Median_search_term_x_product_attribute_1D (1D): corr = 0.146257
[2016-05-08 13:21:00,643] INFO: StatCoocTFIDF_Unigram_Mean_search_term_x_product_brand_1D (1D): corr = 0.059234
[2016-05-08 13:21:00,650] INFO: StatCoocTFIDF_Unigram_Std_search_term_x_product_brand_1D (1D): corr = 0.039705
[2016-05-08 13:21:00,657] INFO: StatCoocTFIDF_Unigram_Max_search_term_x_product_brand_1D (1D): corr = 0.043255
[2016-05-08 13:21:00,664] INFO: StatCoocTFIDF_Unigram_Min_search_term_x_product_brand_1D (1D): corr = 0.031961
[2016-05-08 13:21:00,671] INFO: StatCoocTFIDF_Unigram_Median_search_term_x_product_brand_1D (1D): corr = 0.060322
[2016-05-08 13:22:02,526] INFO: StatCoocTFIDF_Unigram_Mean_search_term_x_product_color_1D (1D): corr = -0.006295
[2016-05-08 13:22:02,533] INFO: StatCoocTFIDF_Unigram_Std_search_term_x_product_color_1D (1D): corr = -0.008361
[2016-05-08 13:22:02,540] INFO: StatCoocTFIDF_Unigram_Max_search_term_x_product_color_1D (1D): corr = -0.008349
[2016-05-08 13:22:02,547] INFO: StatCoocTFIDF_Unigram_Min_search_term_x_product_color_1D (1D): corr = 0.000608
[2016-05-08 13:22:02,555] INFO: StatCoocTFIDF_Unigram_Median_search_term_x_product_color_1D (1D): corr = -0.002875
[2016-05-08 13:23:34,210] INFO: StatCoocTFIDF_Bigram_Mean_search_term_x_product_title_1D (1D): corr = 0.227590
[2016-05-08 13:23:34,217] INFO: StatCoocTFIDF_Bigram_Std_search_term_x_product_title_1D (1D): corr = 0.063715
[2016-05-08 13:23:34,224] INFO: StatCoocTFIDF_Bigram_Max_search_term_x_product_title_1D (1D): corr = 0.174527
[2016-05-08 13:23:34,231] INFO: StatCoocTFIDF_Bigram_Min_search_term_x_product_title_1D (1D): corr = 0.191821
[2016-05-08 13:23:34,238] INFO: StatCoocTFIDF_Bigram_Median_search_term_x_product_title_1D (1D): corr = 0.231365
[2016-05-08 13:24:35,782] INFO: StatCoocTFIDF_Bigram_Mean_search_term_x_product_title_product_name_1D (1D): corr = 0.181704
[2016-05-08 13:24:35,789] INFO: StatCoocTFIDF_Bigram_Std_search_term_x_product_title_product_name_1D (1D): corr = 0.122941
[2016-05-08 13:24:35,797] INFO: StatCoocTFIDF_Bigram_Max_search_term_x_product_title_product_name_1D (1D): corr = 0.170063
[2016-05-08 13:24:35,804] INFO: StatCoocTFIDF_Bigram_Min_search_term_x_product_title_product_name_1D (1D): corr = 0.126014
[2016-05-08 13:24:35,812] INFO: StatCoocTFIDF_Bigram_Median_search_term_x_product_title_product_name_1D (1D): corr = 0.168182
[2016-05-08 13:32:07,816] INFO: StatCoocTFIDF_Bigram_Mean_search_term_x_product_description_1D (1D): corr = 0.159751
[2016-05-08 13:32:07,823] INFO: StatCoocTFIDF_Bigram_Std_search_term_x_product_description_1D (1D): corr = 0.073484
[2016-05-08 13:32:07,830] INFO: StatCoocTFIDF_Bigram_Max_search_term_x_product_description_1D (1D): corr = 0.128362
[2016-05-08 13:32:07,837] INFO: StatCoocTFIDF_Bigram_Min_search_term_x_product_description_1D (1D): corr = 0.129534
[2016-05-08 13:32:07,844] INFO: StatCoocTFIDF_Bigram_Median_search_term_x_product_description_1D (1D): corr = 0.162349
[2016-05-08 13:39:20,759] INFO: StatCoocTFIDF_Bigram_Mean_search_term_x_product_attribute_1D (1D): corr = 0.084919
[2016-05-08 13:39:20,766] INFO: StatCoocTFIDF_Bigram_Std_search_term_x_product_attribute_1D (1D): corr = 0.049863
[2016-05-08 13:39:20,774] INFO: StatCoocTFIDF_Bigram_Max_search_term_x_product_attribute_1D (1D): corr = 0.065893
[2016-05-08 13:39:20,781] INFO: StatCoocTFIDF_Bigram_Min_search_term_x_product_attribute_1D (1D): corr = 0.056954
[2016-05-08 13:39:20,788] INFO: StatCoocTFIDF_Bigram_Median_search_term_x_product_attribute_1D (1D): corr = 0.088310
[2016-05-08 13:40:21,115] INFO: StatCoocTFIDF_Bigram_Mean_search_term_x_product_brand_1D (1D): corr = 0.036594
[2016-05-08 13:40:21,122] INFO: StatCoocTFIDF_Bigram_Std_search_term_x_product_brand_1D (1D): corr = 0.009799
[2016-05-08 13:40:21,129] INFO: StatCoocTFIDF_Bigram_Max_search_term_x_product_brand_1D (1D): corr = 0.027170
[2016-05-08 13:40:21,136] INFO: StatCoocTFIDF_Bigram_Min_search_term_x_product_brand_1D (1D): corr = 0.036238
[2016-05-08 13:40:21,143] INFO: StatCoocTFIDF_Bigram_Median_search_term_x_product_brand_1D (1D): corr = 0.035782
[2016-05-08 13:41:22,463] INFO: StatCoocTFIDF_Bigram_Mean_search_term_x_product_color_1D (1D): corr = 0.003948
[2016-05-08 13:41:22,471] INFO: StatCoocTFIDF_Bigram_Std_search_term_x_product_color_1D (1D): corr = -0.000891
[2016-05-08 13:41:22,478] INFO: StatCoocTFIDF_Bigram_Max_search_term_x_product_color_1D (1D): corr = 0.002795
[2016-05-08 13:41:22,485] INFO: StatCoocTFIDF_Bigram_Min_search_term_x_product_color_1D (1D): corr = 0.008528
[2016-05-08 13:41:22,493] INFO: StatCoocTFIDF_Bigram_Median_search_term_x_product_color_1D (1D): corr = 0.002971
[2016-05-08 13:42:50,529] INFO: StatCoocTFIDF_Trigram_Mean_search_term_x_product_title_1D (1D): corr = 0.140900
[2016-05-08 13:42:50,536] INFO: StatCoocTFIDF_Trigram_Std_search_term_x_product_title_1D (1D): corr = 0.045948
[2016-05-08 13:42:50,543] INFO: StatCoocTFIDF_Trigram_Max_search_term_x_product_title_1D (1D): corr = 0.118130
[2016-05-08 13:42:50,550] INFO: StatCoocTFIDF_Trigram_Min_search_term_x_product_title_1D (1D): corr = 0.130886
[2016-05-08 13:42:50,557] INFO: StatCoocTFIDF_Trigram_Median_search_term_x_product_title_1D (1D): corr = 0.138766
[2016-05-08 13:43:50,607] INFO: StatCoocTFIDF_Trigram_Mean_search_term_x_product_title_product_name_1D (1D): corr = 0.132755
[2016-05-08 13:43:50,613] INFO: StatCoocTFIDF_Trigram_Std_search_term_x_product_title_product_name_1D (1D): corr = 0.024856
[2016-05-08 13:43:50,620] INFO: StatCoocTFIDF_Trigram_Max_search_term_x_product_title_product_name_1D (1D): corr = 0.124460
[2016-05-08 13:43:50,626] INFO: StatCoocTFIDF_Trigram_Min_search_term_x_product_title_product_name_1D (1D): corr = 0.130045
[2016-05-08 13:43:50,633] INFO: StatCoocTFIDF_Trigram_Median_search_term_x_product_title_product_name_1D (1D): corr = 0.131565
[2016-05-08 13:51:25,327] INFO: StatCoocTFIDF_Trigram_Mean_search_term_x_product_description_1D (1D): corr = 0.096882
[2016-05-08 13:51:25,334] INFO: StatCoocTFIDF_Trigram_Std_search_term_x_product_description_1D (1D): corr = 0.039021
[2016-05-08 13:51:25,340] INFO: StatCoocTFIDF_Trigram_Max_search_term_x_product_description_1D (1D): corr = 0.079100
[2016-05-08 13:51:25,346] INFO: StatCoocTFIDF_Trigram_Min_search_term_x_product_description_1D (1D): corr = 0.088025
[2016-05-08 13:51:25,353] INFO: StatCoocTFIDF_Trigram_Median_search_term_x_product_description_1D (1D): corr = 0.095147
[2016-05-08 13:58:42,161] INFO: StatCoocTFIDF_Trigram_Mean_search_term_x_product_attribute_1D (1D): corr = 0.048504
[2016-05-08 13:58:42,168] INFO: StatCoocTFIDF_Trigram_Std_search_term_x_product_attribute_1D (1D): corr = 0.024408
[2016-05-08 13:58:42,174] INFO: StatCoocTFIDF_Trigram_Max_search_term_x_product_attribute_1D (1D): corr = 0.039750
[2016-05-08 13:58:42,181] INFO: StatCoocTFIDF_Trigram_Min_search_term_x_product_attribute_1D (1D): corr = 0.041134
[2016-05-08 13:58:42,187] INFO: StatCoocTFIDF_Trigram_Median_search_term_x_product_attribute_1D (1D): corr = 0.046749
[2016-05-08 13:59:40,572] INFO: StatCoocTFIDF_Trigram_Mean_search_term_x_product_brand_1D (1D): corr = 0.037035
[2016-05-08 13:59:40,578] INFO: StatCoocTFIDF_Trigram_Std_search_term_x_product_brand_1D (1D): corr = 0.003004
[2016-05-08 13:59:40,585] INFO: StatCoocTFIDF_Trigram_Max_search_term_x_product_brand_1D (1D): corr = 0.032617
[2016-05-08 13:59:40,591] INFO: StatCoocTFIDF_Trigram_Min_search_term_x_product_brand_1D (1D): corr = 0.037515
[2016-05-08 13:59:40,598] INFO: StatCoocTFIDF_Trigram_Median_search_term_x_product_brand_1D (1D): corr = 0.036966
[2016-05-08 14:00:39,311] INFO: StatCoocTFIDF_Trigram_Mean_search_term_x_product_color_1D (1D): corr = -0.001343
[2016-05-08 14:00:39,320] INFO: StatCoocTFIDF_Trigram_Std_search_term_x_product_color_1D (1D): corr = -0.004679
[2016-05-08 14:00:39,329] INFO: StatCoocTFIDF_Trigram_Max_search_term_x_product_color_1D (1D): corr = -0.000471
[2016-05-08 14:00:39,336] INFO: StatCoocTFIDF_Trigram_Min_search_term_x_product_color_1D (1D): corr = 0.005552
[2016-05-08 14:00:39,342] INFO: StatCoocTFIDF_Trigram_Median_search_term_x_product_color_1D (1D): corr = -0.004250
[2016-05-08 14:02:23,950] INFO: StatCoocTFIDF_Unigram_Mean_product_title_x_search_term_1D (1D): corr = 0.239734
[2016-05-08 14:02:23,957] INFO: StatCoocTFIDF_Unigram_Std_product_title_x_search_term_1D (1D): corr = 0.242603
[2016-05-08 14:02:23,963] INFO: StatCoocTFIDF_Unigram_Max_product_title_x_search_term_1D (1D): corr = 0.200549
[2016-05-08 14:02:23,969] INFO: StatCoocTFIDF_Unigram_Min_product_title_x_search_term_1D (1D): corr = 0.007642
[2016-05-08 14:02:23,976] INFO: StatCoocTFIDF_Unigram_Median_product_title_x_search_term_1D (1D): corr = 0.068324
[2016-05-08 14:03:26,002] INFO: StatCoocTFIDF_Unigram_Mean_product_title_product_name_x_search_term_1D (1D): corr = 0.245725
[2016-05-08 14:03:26,009] INFO: StatCoocTFIDF_Unigram_Std_product_title_product_name_x_search_term_1D (1D): corr = 0.134096
[2016-05-08 14:03:26,015] INFO: StatCoocTFIDF_Unigram_Max_product_title_product_name_x_search_term_1D (1D): corr = 0.230603
[2016-05-08 14:03:26,021] INFO: StatCoocTFIDF_Unigram_Min_product_title_product_name_x_search_term_1D (1D): corr = 0.178851
[2016-05-08 14:03:26,028] INFO: StatCoocTFIDF_Unigram_Median_product_title_product_name_x_search_term_1D (1D): corr = 0.245725
[2016-05-08 14:14:05,472] INFO: StatCoocTFIDF_Unigram_Mean_product_description_x_search_term_1D (1D): corr = 0.148383
[2016-05-08 14:14:05,479] INFO: StatCoocTFIDF_Unigram_Std_product_description_x_search_term_1D (1D): corr = 0.182590
[2016-05-08 14:14:05,485] INFO: StatCoocTFIDF_Unigram_Max_product_description_x_search_term_1D (1D): corr = 0.166895
[2016-05-08 14:14:05,492] INFO: StatCoocTFIDF_Unigram_Min_product_description_x_search_term_1D (1D): corr = 0.000000
[2016-05-08 14:14:05,498] INFO: StatCoocTFIDF_Unigram_Median_product_description_x_search_term_1D (1D): corr = 0.000000
[2016-05-08 14:24:17,043] INFO: StatCoocTFIDF_Unigram_Mean_product_attribute_x_search_term_1D (1D): corr = 0.038394
[2016-05-08 14:24:17,049] INFO: StatCoocTFIDF_Unigram_Std_product_attribute_x_search_term_1D (1D): corr = 0.008894
[2016-05-08 14:24:17,056] INFO: StatCoocTFIDF_Unigram_Max_product_attribute_x_search_term_1D (1D): corr = -0.027393
[2016-05-08 14:24:17,062] INFO: StatCoocTFIDF_Unigram_Min_product_attribute_x_search_term_1D (1D): corr = 0.000000
[2016-05-08 14:24:17,068] INFO: StatCoocTFIDF_Unigram_Median_product_attribute_x_search_term_1D (1D): corr = 0.000000
[2016-05-08 14:25:13,673] INFO: StatCoocTFIDF_Unigram_Mean_product_brand_x_search_term_1D (1D): corr = 0.060369
[2016-05-08 14:25:13,680] INFO: StatCoocTFIDF_Unigram_Std_product_brand_x_search_term_1D (1D): corr = -0.012367
[2016-05-08 14:25:13,686] INFO: StatCoocTFIDF_Unigram_Max_product_brand_x_search_term_1D (1D): corr = 0.047449
[2016-05-08 14:25:13,693] INFO: StatCoocTFIDF_Unigram_Min_product_brand_x_search_term_1D (1D): corr = 0.065978
[2016-05-08 14:25:13,699] INFO: StatCoocTFIDF_Unigram_Median_product_brand_x_search_term_1D (1D): corr = 0.062807
[2016-05-08 14:26:10,515] INFO: StatCoocTFIDF_Unigram_Mean_product_color_x_search_term_1D (1D): corr = 0.005084
[2016-05-08 14:26:10,521] INFO: StatCoocTFIDF_Unigram_Std_product_color_x_search_term_1D (1D): corr = -0.013363
[2016-05-08 14:26:10,528] INFO: StatCoocTFIDF_Unigram_Max_product_color_x_search_term_1D (1D): corr = -0.008291
[2016-05-08 14:26:10,534] INFO: StatCoocTFIDF_Unigram_Min_product_color_x_search_term_1D (1D): corr = 0.010993
[2016-05-08 14:26:10,540] INFO: StatCoocTFIDF_Unigram_Median_product_color_x_search_term_1D (1D): corr = 0.011643
[2016-05-08 14:27:54,298] INFO: StatCoocTFIDF_Bigram_Mean_product_title_x_search_term_1D (1D): corr = 0.173093
[2016-05-08 14:27:54,305] INFO: StatCoocTFIDF_Bigram_Std_product_title_x_search_term_1D (1D): corr = 0.185870
[2016-05-08 14:27:54,311] INFO: StatCoocTFIDF_Bigram_Max_product_title_x_search_term_1D (1D): corr = 0.177463
[2016-05-08 14:27:54,317] INFO: StatCoocTFIDF_Bigram_Min_product_title_x_search_term_1D (1D): corr = 0.006773
[2016-05-08 14:27:54,324] INFO: StatCoocTFIDF_Bigram_Median_product_title_x_search_term_1D (1D): corr = 0.025777
[2016-05-08 14:28:53,034] INFO: StatCoocTFIDF_Bigram_Mean_product_title_product_name_x_search_term_1D (1D): corr = 0.171653
[2016-05-08 14:28:53,041] INFO: StatCoocTFIDF_Bigram_Std_product_title_product_name_x_search_term_1D (1D): corr = 0.000000
[2016-05-08 14:28:53,047] INFO: StatCoocTFIDF_Bigram_Max_product_title_product_name_x_search_term_1D (1D): corr = 0.171653
[2016-05-08 14:28:53,054] INFO: StatCoocTFIDF_Bigram_Min_product_title_product_name_x_search_term_1D (1D): corr = 0.171653
[2016-05-08 14:28:53,060] INFO: StatCoocTFIDF_Bigram_Median_product_title_product_name_x_search_term_1D (1D): corr = 0.171653
[2016-05-08 14:39:25,208] INFO: StatCoocTFIDF_Bigram_Mean_product_description_x_search_term_1D (1D): corr = 0.118454
[2016-05-08 14:39:25,215] INFO: StatCoocTFIDF_Bigram_Std_product_description_x_search_term_1D (1D): corr = 0.143740
[2016-05-08 14:39:25,221] INFO: StatCoocTFIDF_Bigram_Max_product_description_x_search_term_1D (1D): corr = 0.149687
[2016-05-08 14:39:25,227] INFO: StatCoocTFIDF_Bigram_Min_product_description_x_search_term_1D (1D): corr = 0.000000
[2016-05-08 14:39:25,234] INFO: StatCoocTFIDF_Bigram_Median_product_description_x_search_term_1D (1D): corr = 0.000000
[2016-05-08 14:49:29,513] INFO: StatCoocTFIDF_Bigram_Mean_product_attribute_x_search_term_1D (1D): corr = 0.052336
[2016-05-08 14:49:29,520] INFO: StatCoocTFIDF_Bigram_Std_product_attribute_x_search_term_1D (1D): corr = 0.058071
[2016-05-08 14:49:29,528] INFO: StatCoocTFIDF_Bigram_Max_product_attribute_x_search_term_1D (1D): corr = 0.060132
[2016-05-08 14:49:29,535] INFO: StatCoocTFIDF_Bigram_Min_product_attribute_x_search_term_1D (1D): corr = 0.000000
[2016-05-08 14:49:29,542] INFO: StatCoocTFIDF_Bigram_Median_product_attribute_x_search_term_1D (1D): corr = 0.000000
[2016-05-08 14:50:26,599] INFO: StatCoocTFIDF_Bigram_Mean_product_brand_x_search_term_1D (1D): corr = 0.029120
[2016-05-08 14:50:26,606] INFO: StatCoocTFIDF_Bigram_Std_product_brand_x_search_term_1D (1D): corr = 0.007366
[2016-05-08 14:50:26,614] INFO: StatCoocTFIDF_Bigram_Max_product_brand_x_search_term_1D (1D): corr = 0.028730
[2016-05-08 14:50:26,621] INFO: StatCoocTFIDF_Bigram_Min_product_brand_x_search_term_1D (1D): corr = 0.028082
[2016-05-08 14:50:26,628] INFO: StatCoocTFIDF_Bigram_Median_product_brand_x_search_term_1D (1D): corr = 0.029659
[2016-05-08 14:51:25,237] INFO: StatCoocTFIDF_Bigram_Mean_product_color_x_search_term_1D (1D): corr = 0.006358
[2016-05-08 14:51:25,244] INFO: StatCoocTFIDF_Bigram_Std_product_color_x_search_term_1D (1D): corr = 0.003486
[2016-05-08 14:51:25,252] INFO: StatCoocTFIDF_Bigram_Max_product_color_x_search_term_1D (1D): corr = 0.003698
[2016-05-08 14:51:25,259] INFO: StatCoocTFIDF_Bigram_Min_product_color_x_search_term_1D (1D): corr = 0.003515
[2016-05-08 14:51:25,266] INFO: StatCoocTFIDF_Bigram_Median_product_color_x_search_term_1D (1D): corr = 0.007476
[2016-05-08 14:53:04,678] INFO: StatCoocTFIDF_Trigram_Mean_product_title_x_search_term_1D (1D): corr = 0.099915
[2016-05-08 14:53:04,686] INFO: StatCoocTFIDF_Trigram_Std_product_title_x_search_term_1D (1D): corr = 0.118160
[2016-05-08 14:53:04,693] INFO: StatCoocTFIDF_Trigram_Max_product_title_x_search_term_1D (1D): corr = 0.118427
[2016-05-08 14:53:04,700] INFO: StatCoocTFIDF_Trigram_Min_product_title_x_search_term_1D (1D): corr = 0.006537
[2016-05-08 14:53:04,708] INFO: StatCoocTFIDF_Trigram_Median_product_title_x_search_term_1D (1D): corr = 0.017415
[2016-05-08 14:54:01,934] INFO: StatCoocTFIDF_Trigram_Mean_product_title_product_name_x_search_term_1D (1D): corr = 0.127006
[2016-05-08 14:54:01,941] INFO: StatCoocTFIDF_Trigram_Std_product_title_product_name_x_search_term_1D (1D): corr = 0.000000
[2016-05-08 14:54:01,948] INFO: StatCoocTFIDF_Trigram_Max_product_title_product_name_x_search_term_1D (1D): corr = 0.127006
[2016-05-08 14:54:01,956] INFO: StatCoocTFIDF_Trigram_Min_product_title_product_name_x_search_term_1D (1D): corr = 0.127006
[2016-05-08 14:54:01,963] INFO: StatCoocTFIDF_Trigram_Median_product_title_product_name_x_search_term_1D (1D): corr = 0.127006
[2016-05-08 15:04:15,498] INFO: StatCoocTFIDF_Trigram_Mean_product_description_x_search_term_1D (1D): corr = 0.064853
[2016-05-08 15:04:15,505] INFO: StatCoocTFIDF_Trigram_Std_product_description_x_search_term_1D (1D): corr = 0.083555
[2016-05-08 15:04:15,512] INFO: StatCoocTFIDF_Trigram_Max_product_description_x_search_term_1D (1D): corr = 0.090125
[2016-05-08 15:04:15,520] INFO: StatCoocTFIDF_Trigram_Min_product_description_x_search_term_1D (1D): corr = 0.000000
[2016-05-08 15:04:15,527] INFO: StatCoocTFIDF_Trigram_Median_product_description_x_search_term_1D (1D): corr = 0.000000
[2016-05-08 15:13:54,535] INFO: StatCoocTFIDF_Trigram_Mean_product_attribute_x_search_term_1D (1D): corr = 0.028520
[2016-05-08 15:13:54,542] INFO: StatCoocTFIDF_Trigram_Std_product_attribute_x_search_term_1D (1D): corr = 0.036434
[2016-05-08 15:13:54,550] INFO: StatCoocTFIDF_Trigram_Max_product_attribute_x_search_term_1D (1D): corr = 0.040970
[2016-05-08 15:13:54,557] INFO: StatCoocTFIDF_Trigram_Min_product_attribute_x_search_term_1D (1D): corr = 0.000000
[2016-05-08 15:13:54,564] INFO: StatCoocTFIDF_Trigram_Median_product_attribute_x_search_term_1D (1D): corr = 0.000000
[2016-05-08 15:14:50,833] INFO: StatCoocTFIDF_Trigram_Mean_product_brand_x_search_term_1D (1D): corr = 0.036526
[2016-05-08 15:14:50,841] INFO: StatCoocTFIDF_Trigram_Std_product_brand_x_search_term_1D (1D): corr = -0.004565
[2016-05-08 15:14:50,848] INFO: StatCoocTFIDF_Trigram_Max_product_brand_x_search_term_1D (1D): corr = 0.034582
[2016-05-08 15:14:50,855] INFO: StatCoocTFIDF_Trigram_Min_product_brand_x_search_term_1D (1D): corr = 0.036562
[2016-05-08 15:14:50,863] INFO: StatCoocTFIDF_Trigram_Median_product_brand_x_search_term_1D (1D): corr = 0.037274
[2016-05-08 15:15:48,352] INFO: StatCoocTFIDF_Trigram_Mean_product_color_x_search_term_1D (1D): corr = -0.003298
[2016-05-08 15:15:48,360] INFO: StatCoocTFIDF_Trigram_Std_product_color_x_search_term_1D (1D): corr = 0.006676
[2016-05-08 15:15:48,367] INFO: StatCoocTFIDF_Trigram_Max_product_color_x_search_term_1D (1D): corr = 0.000180
[2016-05-08 15:15:48,374] INFO: StatCoocTFIDF_Trigram_Min_product_color_x_search_term_1D (1D): corr = -0.011373
[2016-05-08 15:15:48,382] INFO: StatCoocTFIDF_Trigram_Median_product_color_x_search_term_1D (1D): corr = -0.001874
[2016-05-08 15:16:47,035] INFO: StatCoocTFIDF_Unigram_Mean_search_term_product_name_x_product_title_product_name_1D (1D): corr = 0.259861
[2016-05-08 15:16:47,042] INFO: StatCoocTFIDF_Unigram_Std_search_term_product_name_x_product_title_product_name_1D (1D): corr = 0.136215
[2016-05-08 15:16:47,049] INFO: StatCoocTFIDF_Unigram_Max_search_term_product_name_x_product_title_product_name_1D (1D): corr = 0.249667
[2016-05-08 15:16:47,057] INFO: StatCoocTFIDF_Unigram_Min_search_term_product_name_x_product_title_product_name_1D (1D): corr = 0.194127
[2016-05-08 15:16:47,064] INFO: StatCoocTFIDF_Unigram_Median_search_term_product_name_x_product_title_product_name_1D (1D): corr = 0.259861
[2016-05-08 15:17:01,829] INFO: StatCoocTFIDF_Bigram_Mean_search_term_product_name_x_product_title_product_name_1D (1D): corr = 0.183932
