[2016-05-08 02:12:32,450] INFO: GroupRelevance_Mean_product_title_1D (1D): corr = 0.005912
[2016-05-08 02:12:32,459] INFO: GroupRelevance_Std_product_title_1D (1D): corr = 0.003595
[2016-05-08 02:12:32,468] INFO: GroupRelevance_Max_product_title_1D (1D): corr = 0.005852
[2016-05-08 02:12:32,478] INFO: GroupRelevance_Min_product_title_1D (1D): corr = 0.006198
[2016-05-08 02:12:32,487] INFO: GroupRelevance_Median_product_title_1D (1D): corr = 0.005835
[2016-05-08 02:12:32,497] INFO: GroupRelevance_Size_product_title_1D (1D): corr = 0.000607
[2016-05-08 02:32:38,630] INFO: GroupRelevance_Mean_product_title_1D (1D): corr = 0.006510
[2016-05-08 02:32:38,639] INFO: GroupRelevance_Std_product_title_1D (1D): corr = 0.006458
[2016-05-08 02:32:38,649] INFO: GroupRelevance_Max_product_title_1D (1D): corr = 0.006631
[2016-05-08 02:32:38,658] INFO: GroupRelevance_Min_product_title_1D (1D): corr = 0.006391
[2016-05-08 02:32:38,668] INFO: GroupRelevance_Median_product_title_1D (1D): corr = 0.006539
[2016-05-08 02:32:38,677] INFO: GroupRelevance_Size_product_title_1D (1D): corr = 0.005025
[2016-05-08 02:53:26,446] INFO: GroupRelevance_Mean_product_title_1D (1D): corr = 0.004440
[2016-05-08 02:53:26,457] INFO: GroupRelevance_Std_product_title_1D (1D): corr = 0.006256
[2016-05-08 02:53:26,469] INFO: GroupRelevance_Max_product_title_1D (1D): corr = 0.004708
[2016-05-08 02:53:26,480] INFO: GroupRelevance_Min_product_title_1D (1D): corr = 0.004053
[2016-05-08 02:53:26,492] INFO: GroupRelevance_Median_product_title_1D (1D): corr = 0.004498
[2016-05-08 02:53:26,504] INFO: GroupRelevance_Size_product_title_1D (1D): corr = 0.004047
[2016-05-08 03:14:22,463] INFO: GroupRelevance_Mean_product_title_1D (1D): corr = 0.003041
[2016-05-08 03:14:22,472] INFO: GroupRelevance_Std_product_title_1D (1D): corr = 0.003957
[2016-05-08 03:14:22,483] INFO: GroupRelevance_Max_product_title_1D (1D): corr = 0.003095
[2016-05-08 03:14:22,493] INFO: GroupRelevance_Min_product_title_1D (1D): corr = 0.002943
[2016-05-08 03:14:22,504] INFO: GroupRelevance_Median_product_title_1D (1D): corr = 0.003132
[2016-05-08 03:14:22,513] INFO: GroupRelevance_Size_product_title_1D (1D): corr = 0.000749
[2016-05-08 03:39:16,457] INFO: GroupRelevance_Mean_product_title_1D (1D): corr = 0.003750
[2016-05-08 03:39:16,465] INFO: GroupRelevance_Std_product_title_1D (1D): corr = 0.003960
[2016-05-08 03:39:16,474] INFO: GroupRelevance_Max_product_title_1D (1D): corr = 0.003835
[2016-05-08 03:39:16,483] INFO: GroupRelevance_Min_product_title_1D (1D): corr = 0.003798
[2016-05-08 03:39:16,491] INFO: GroupRelevance_Median_product_title_1D (1D): corr = 0.003724
[2016-05-08 03:39:16,501] INFO: GroupRelevance_Size_product_title_1D (1D): corr = 0.001400
[2016-05-08 04:14:08,676] INFO: GroupRelevance_Mean_product_title_1D (1D): corr = 0.008724
[2016-05-08 04:14:08,686] INFO: GroupRelevance_Std_product_title_1D (1D): corr = 0.007908
[2016-05-08 04:14:08,696] INFO: GroupRelevance_Max_product_title_1D (1D): corr = 0.008765
[2016-05-08 04:14:08,706] INFO: GroupRelevance_Min_product_title_1D (1D): corr = 0.008751
[2016-05-08 04:14:08,716] INFO: GroupRelevance_Median_product_title_1D (1D): corr = 0.008758
[2016-05-08 04:14:08,727] INFO: GroupRelevance_Size_product_title_1D (1D): corr = 0.005363
