[2016-05-08 13:03:57,655] INFO: EditDistance_search_term_x_product_title_1D (1D): corr = -0.148776
[2016-05-08 13:03:58,412] INFO: EditDistance_search_term_x_product_title_product_name_1D (1D): corr = -0.270368
[2016-05-08 13:04:08,845] INFO: EditDistance_search_term_x_product_description_1D (1D): corr = 0.058494
[2016-05-08 13:04:20,083] INFO: EditDistance_search_term_x_product_attribute_1D (1D): corr = -0.090605
[2016-05-08 13:04:21,413] INFO: EditDistance_search_term_x_product_brand_1D (1D): corr = -0.049067
[2016-05-08 13:04:22,762] INFO: EditDistance_search_term_x_product_color_1D (1D): corr = -0.015338
[2016-05-08 13:04:24,556] INFO: EditDistance_search_term_product_name_x_product_title_1D (1D): corr = -0.177157
[2016-05-08 13:04:25,706] INFO: EditDistance_search_term_product_name_x_product_title_product_name_1D (1D): corr = -0.251603
[2016-05-08 13:04:36,241] INFO: EditDistance_search_term_product_name_x_product_description_1D (1D): corr = -0.003001
[2016-05-08 13:04:46,280] INFO: EditDistance_search_term_product_name_x_product_attribute_1D (1D): corr = -0.095229
[2016-05-08 13:04:47,650] INFO: EditDistance_search_term_product_name_x_product_brand_1D (1D): corr = -0.025299
[2016-05-08 13:04:49,049] INFO: EditDistance_search_term_product_name_x_product_color_1D (1D): corr = 0.000327
[2016-05-08 13:19:07,176] INFO: EditDistance_Unigram_Mean_Mean_search_term_x_product_title_1D (1D): corr = -0.243322
[2016-05-08 13:19:07,186] INFO: EditDistance_Unigram_Mean_Std_search_term_x_product_title_1D (1D): corr = -0.097499
[2016-05-08 13:19:07,196] INFO: EditDistance_Unigram_Mean_Max_search_term_x_product_title_1D (1D): corr = -0.251695
[2016-05-08 13:19:07,206] INFO: EditDistance_Unigram_Mean_Min_search_term_x_product_title_1D (1D): corr = -0.132605
[2016-05-08 13:19:07,217] INFO: EditDistance_Unigram_Mean_Median_search_term_x_product_title_1D (1D): corr = -0.231956
[2016-05-08 13:19:07,227] INFO: EditDistance_Unigram_Max_Mean_search_term_x_product_title_1D (1D): corr = 0.001802
[2016-05-08 13:19:07,237] INFO: EditDistance_Unigram_Max_Std_search_term_x_product_title_1D (1D): corr = -0.005173
[2016-05-08 13:19:07,247] INFO: EditDistance_Unigram_Max_Max_search_term_x_product_title_1D (1D): corr = 0.000569
[2016-05-08 13:19:07,278] INFO: EditDistance_Unigram_Max_Min_search_term_x_product_title_1D (1D): corr = 0.006833
[2016-05-08 13:19:07,288] INFO: EditDistance_Unigram_Max_Median_search_term_x_product_title_1D (1D): corr = -0.003453
[2016-05-08 13:19:07,298] INFO: EditDistance_Unigram_Min_Mean_search_term_x_product_title_1D (1D): corr = -0.385175
[2016-05-08 13:19:07,309] INFO: EditDistance_Unigram_Min_Std_search_term_x_product_title_1D (1D): corr = -0.277672
[2016-05-08 13:19:07,319] INFO: EditDistance_Unigram_Min_Max_search_term_x_product_title_1D (1D): corr = -0.365092
[2016-05-08 13:19:07,329] INFO: EditDistance_Unigram_Min_Min_search_term_x_product_title_1D (1D): corr = -0.191518
[2016-05-08 13:19:07,339] INFO: EditDistance_Unigram_Min_Median_search_term_x_product_title_1D (1D): corr = -0.302468
[2016-05-08 13:19:07,349] INFO: EditDistance_Unigram_Median_Mean_search_term_x_product_title_1D (1D): corr = -0.075766
[2016-05-08 13:19:07,360] INFO: EditDistance_Unigram_Median_Std_search_term_x_product_title_1D (1D): corr = 0.013111
[2016-05-08 13:19:07,370] INFO: EditDistance_Unigram_Median_Max_search_term_x_product_title_1D (1D): corr = -0.062955
[2016-05-08 13:19:07,380] INFO: EditDistance_Unigram_Median_Min_search_term_x_product_title_1D (1D): corr = -0.040026
[2016-05-08 13:19:07,390] INFO: EditDistance_Unigram_Median_Median_search_term_x_product_title_1D (1D): corr = -0.081702
[2016-05-08 13:32:14,134] INFO: EditDistance_Unigram_Mean_Mean_search_term_x_product_title_product_name_1D (1D): corr = -0.271628
[2016-05-08 13:32:14,144] INFO: EditDistance_Unigram_Mean_Std_search_term_x_product_title_product_name_1D (1D): corr = 0.148995
[2016-05-08 13:32:14,154] INFO: EditDistance_Unigram_Mean_Max_search_term_x_product_title_product_name_1D (1D): corr = -0.159365
[2016-05-08 13:32:14,164] INFO: EditDistance_Unigram_Mean_Min_search_term_x_product_title_product_name_1D (1D): corr = -0.224722
[2016-05-08 13:32:14,174] INFO: EditDistance_Unigram_Mean_Median_search_term_x_product_title_product_name_1D (1D): corr = -0.247735
[2016-05-08 13:32:14,185] INFO: EditDistance_Unigram_Max_Mean_search_term_x_product_title_product_name_1D (1D): corr = -0.105349
[2016-05-08 13:32:14,195] INFO: EditDistance_Unigram_Max_Std_search_term_x_product_title_product_name_1D (1D): corr = 0.021631
[2016-05-08 13:32:14,205] INFO: EditDistance_Unigram_Max_Max_search_term_x_product_title_product_name_1D (1D): corr = -0.089132
[2016-05-08 13:32:14,215] INFO: EditDistance_Unigram_Max_Min_search_term_x_product_title_product_name_1D (1D): corr = -0.054059
[2016-05-08 13:32:14,226] INFO: EditDistance_Unigram_Max_Median_search_term_x_product_title_product_name_1D (1D): corr = -0.117803
[2016-05-08 13:32:14,236] INFO: EditDistance_Unigram_Min_Mean_search_term_x_product_title_product_name_1D (1D): corr = -0.281347
[2016-05-08 13:32:14,246] INFO: EditDistance_Unigram_Min_Std_search_term_x_product_title_product_name_1D (1D): corr = 0.164408
[2016-05-08 13:32:14,256] INFO: EditDistance_Unigram_Min_Max_search_term_x_product_title_product_name_1D (1D): corr = -0.157621
[2016-05-08 13:32:14,266] INFO: EditDistance_Unigram_Min_Min_search_term_x_product_title_product_name_1D (1D): corr = -0.232795
[2016-05-08 13:32:14,277] INFO: EditDistance_Unigram_Min_Median_search_term_x_product_title_product_name_1D (1D): corr = -0.254171
[2016-05-08 13:32:14,287] INFO: EditDistance_Unigram_Median_Mean_search_term_x_product_title_product_name_1D (1D): corr = -0.271628
[2016-05-08 13:32:14,297] INFO: EditDistance_Unigram_Median_Std_search_term_x_product_title_product_name_1D (1D): corr = 0.148995
[2016-05-08 13:32:14,307] INFO: EditDistance_Unigram_Median_Max_search_term_x_product_title_product_name_1D (1D): corr = -0.159365
[2016-05-08 13:32:14,317] INFO: EditDistance_Unigram_Median_Min_search_term_x_product_title_product_name_1D (1D): corr = -0.224722
[2016-05-08 13:32:14,328] INFO: EditDistance_Unigram_Median_Median_search_term_x_product_title_product_name_1D (1D): corr = -0.247735
[2016-05-08 13:51:13,743] INFO: EditDistance_Unigram_Mean_Mean_search_term_x_product_description_1D (1D): corr = -0.135109
[2016-05-08 13:51:13,753] INFO: EditDistance_Unigram_Mean_Std_search_term_x_product_description_1D (1D): corr = -0.050354
[2016-05-08 13:51:13,764] INFO: EditDistance_Unigram_Mean_Max_search_term_x_product_description_1D (1D): corr = -0.115295
[2016-05-08 13:51:13,774] INFO: EditDistance_Unigram_Mean_Min_search_term_x_product_description_1D (1D): corr = -0.082052
[2016-05-08 13:51:13,784] INFO: EditDistance_Unigram_Mean_Median_search_term_x_product_description_1D (1D): corr = -0.126097
[2016-05-08 13:51:13,794] INFO: EditDistance_Unigram_Max_Mean_search_term_x_product_description_1D (1D): corr = 0.000000
[2016-05-08 13:51:13,805] INFO: EditDistance_Unigram_Max_Std_search_term_x_product_description_1D (1D): corr = 0.000000
[2016-05-08 13:51:13,815] INFO: EditDistance_Unigram_Max_Max_search_term_x_product_description_1D (1D): corr = 0.000000
[2016-05-08 13:51:13,825] INFO: EditDistance_Unigram_Max_Min_search_term_x_product_description_1D (1D): corr = 0.000000
[2016-05-08 13:51:13,835] INFO: EditDistance_Unigram_Max_Median_search_term_x_product_description_1D (1D): corr = 0.000000
[2016-05-08 13:51:13,846] INFO: EditDistance_Unigram_Min_Mean_search_term_x_product_description_1D (1D): corr = -0.297624
[2016-05-08 13:51:13,856] INFO: EditDistance_Unigram_Min_Std_search_term_x_product_description_1D (1D): corr = -0.213429
[2016-05-08 13:51:13,866] INFO: EditDistance_Unigram_Min_Max_search_term_x_product_description_1D (1D): corr = -0.286598
[2016-05-08 13:51:13,876] INFO: EditDistance_Unigram_Min_Min_search_term_x_product_description_1D (1D): corr = -0.149459
[2016-05-08 13:51:13,887] INFO: EditDistance_Unigram_Min_Median_search_term_x_product_description_1D (1D): corr = -0.241611
[2016-05-08 13:51:13,897] INFO: EditDistance_Unigram_Median_Mean_search_term_x_product_description_1D (1D): corr = -0.060247
[2016-05-08 13:51:13,907] INFO: EditDistance_Unigram_Median_Std_search_term_x_product_description_1D (1D): corr = -0.001215
[2016-05-08 13:51:13,917] INFO: EditDistance_Unigram_Median_Max_search_term_x_product_description_1D (1D): corr = -0.053405
[2016-05-08 13:51:13,928] INFO: EditDistance_Unigram_Median_Min_search_term_x_product_description_1D (1D): corr = -0.024990
[2016-05-08 13:51:13,938] INFO: EditDistance_Unigram_Median_Median_search_term_x_product_description_1D (1D): corr = -0.059216
[2016-05-08 14:09:55,672] INFO: EditDistance_Unigram_Mean_Mean_search_term_x_product_attribute_1D (1D): corr = -0.097723
[2016-05-08 14:09:55,682] INFO: EditDistance_Unigram_Mean_Std_search_term_x_product_attribute_1D (1D): corr = 0.051575
[2016-05-08 14:09:55,692] INFO: EditDistance_Unigram_Mean_Max_search_term_x_product_attribute_1D (1D): corr = -0.050409
[2016-05-08 14:09:55,703] INFO: EditDistance_Unigram_Mean_Min_search_term_x_product_attribute_1D (1D): corr = -0.095385
[2016-05-08 14:09:55,713] INFO: EditDistance_Unigram_Mean_Median_search_term_x_product_attribute_1D (1D): corr = -0.090587
[2016-05-08 14:09:55,723] INFO: EditDistance_Unigram_Max_Mean_search_term_x_product_attribute_1D (1D): corr = -0.142282
[2016-05-08 14:09:55,733] INFO: EditDistance_Unigram_Max_Std_search_term_x_product_attribute_1D (1D): corr = 0.115824
[2016-05-08 14:09:55,744] INFO: EditDistance_Unigram_Max_Max_search_term_x_product_attribute_1D (1D): corr = -0.102079
[2016-05-08 14:09:55,754] INFO: EditDistance_Unigram_Max_Min_search_term_x_product_attribute_1D (1D): corr = -0.139905
[2016-05-08 14:09:55,764] INFO: EditDistance_Unigram_Max_Median_search_term_x_product_attribute_1D (1D): corr = -0.140284
[2016-05-08 14:09:55,774] INFO: EditDistance_Unigram_Min_Mean_search_term_x_product_attribute_1D (1D): corr = 0.014516
[2016-05-08 14:09:55,785] INFO: EditDistance_Unigram_Min_Std_search_term_x_product_attribute_1D (1D): corr = -0.220329
[2016-05-08 14:09:55,795] INFO: EditDistance_Unigram_Min_Max_search_term_x_product_attribute_1D (1D): corr = -0.080557
[2016-05-08 14:09:55,805] INFO: EditDistance_Unigram_Min_Min_search_term_x_product_attribute_1D (1D): corr = 0.097672
[2016-05-08 14:09:55,816] INFO: EditDistance_Unigram_Min_Median_search_term_x_product_attribute_1D (1D): corr = 0.016306
[2016-05-08 14:09:55,826] INFO: EditDistance_Unigram_Median_Mean_search_term_x_product_attribute_1D (1D): corr = -0.120787
[2016-05-08 14:09:55,836] INFO: EditDistance_Unigram_Median_Std_search_term_x_product_attribute_1D (1D): corr = 0.031587
[2016-05-08 14:09:55,846] INFO: EditDistance_Unigram_Median_Max_search_term_x_product_attribute_1D (1D): corr = -0.091304
[2016-05-08 14:09:55,857] INFO: EditDistance_Unigram_Median_Min_search_term_x_product_attribute_1D (1D): corr = -0.079017
[2016-05-08 14:09:55,867] INFO: EditDistance_Unigram_Median_Median_search_term_x_product_attribute_1D (1D): corr = -0.122478
[2016-05-08 14:22:36,185] INFO: EditDistance_Unigram_Mean_Mean_search_term_x_product_brand_1D (1D): corr = -0.075521
[2016-05-08 14:22:36,196] INFO: EditDistance_Unigram_Mean_Std_search_term_x_product_brand_1D (1D): corr = 0.037952
[2016-05-08 14:22:36,206] INFO: EditDistance_Unigram_Mean_Max_search_term_x_product_brand_1D (1D): corr = -0.056595
[2016-05-08 14:22:36,216] INFO: EditDistance_Unigram_Mean_Min_search_term_x_product_brand_1D (1D): corr = -0.048801
[2016-05-08 14:22:36,227] INFO: EditDistance_Unigram_Mean_Median_search_term_x_product_brand_1D (1D): corr = -0.076133
[2016-05-08 14:22:36,237] INFO: EditDistance_Unigram_Max_Mean_search_term_x_product_brand_1D (1D): corr = -0.086619
[2016-05-08 14:22:36,247] INFO: EditDistance_Unigram_Max_Std_search_term_x_product_brand_1D (1D): corr = 0.048066
[2016-05-08 14:22:36,257] INFO: EditDistance_Unigram_Max_Max_search_term_x_product_brand_1D (1D): corr = -0.061758
[2016-05-08 14:22:36,268] INFO: EditDistance_Unigram_Max_Min_search_term_x_product_brand_1D (1D): corr = -0.061203
[2016-05-08 14:22:36,278] INFO: EditDistance_Unigram_Max_Median_search_term_x_product_brand_1D (1D): corr = -0.087580
[2016-05-08 14:22:36,288] INFO: EditDistance_Unigram_Min_Mean_search_term_x_product_brand_1D (1D): corr = -0.049382
[2016-05-08 14:22:36,298] INFO: EditDistance_Unigram_Min_Std_search_term_x_product_brand_1D (1D): corr = 0.019242
[2016-05-08 14:22:36,330] INFO: EditDistance_Unigram_Min_Max_search_term_x_product_brand_1D (1D): corr = -0.044239
[2016-05-08 14:22:36,340] INFO: EditDistance_Unigram_Min_Min_search_term_x_product_brand_1D (1D): corr = -0.025693
[2016-05-08 14:22:36,351] INFO: EditDistance_Unigram_Min_Median_search_term_x_product_brand_1D (1D): corr = -0.054057
[2016-05-08 14:22:36,361] INFO: EditDistance_Unigram_Median_Mean_search_term_x_product_brand_1D (1D): corr = -0.076560
[2016-05-08 14:22:36,371] INFO: EditDistance_Unigram_Median_Std_search_term_x_product_brand_1D (1D): corr = 0.037261
[2016-05-08 14:22:36,381] INFO: EditDistance_Unigram_Median_Max_search_term_x_product_brand_1D (1D): corr = -0.058700
[2016-05-08 14:22:36,392] INFO: EditDistance_Unigram_Median_Min_search_term_x_product_brand_1D (1D): corr = -0.049639
[2016-05-08 14:22:36,402] INFO: EditDistance_Unigram_Median_Median_search_term_x_product_brand_1D (1D): corr = -0.076888
[2016-05-08 14:35:12,940] INFO: EditDistance_Unigram_Mean_Mean_search_term_x_product_color_1D (1D): corr = -0.039958
[2016-05-08 14:35:12,950] INFO: EditDistance_Unigram_Mean_Std_search_term_x_product_color_1D (1D): corr = -0.009998
[2016-05-08 14:35:12,961] INFO: EditDistance_Unigram_Mean_Max_search_term_x_product_color_1D (1D): corr = -0.051505
[2016-05-08 14:35:12,971] INFO: EditDistance_Unigram_Mean_Min_search_term_x_product_color_1D (1D): corr = -0.002686
[2016-05-08 14:35:12,981] INFO: EditDistance_Unigram_Mean_Median_search_term_x_product_color_1D (1D): corr = -0.054320
[2016-05-08 14:35:12,991] INFO: EditDistance_Unigram_Max_Mean_search_term_x_product_color_1D (1D): corr = -0.048516
[2016-05-08 14:35:13,002] INFO: EditDistance_Unigram_Max_Std_search_term_x_product_color_1D (1D): corr = -0.005488
[2016-05-08 14:35:13,012] INFO: EditDistance_Unigram_Max_Max_search_term_x_product_color_1D (1D): corr = -0.055122
[2016-05-08 14:35:13,022] INFO: EditDistance_Unigram_Max_Min_search_term_x_product_color_1D (1D): corr = -0.009026
[2016-05-08 14:35:13,032] INFO: EditDistance_Unigram_Max_Median_search_term_x_product_color_1D (1D): corr = -0.063038
[2016-05-08 14:35:13,043] INFO: EditDistance_Unigram_Min_Mean_search_term_x_product_color_1D (1D): corr = -0.014365
[2016-05-08 14:35:13,053] INFO: EditDistance_Unigram_Min_Std_search_term_x_product_color_1D (1D): corr = -0.019104
[2016-05-08 14:35:13,063] INFO: EditDistance_Unigram_Min_Max_search_term_x_product_color_1D (1D): corr = -0.034317
[2016-05-08 14:35:13,073] INFO: EditDistance_Unigram_Min_Min_search_term_x_product_color_1D (1D): corr = 0.011410
[2016-05-08 14:35:13,083] INFO: EditDistance_Unigram_Min_Median_search_term_x_product_color_1D (1D): corr = -0.026564
[2016-05-08 14:35:13,094] INFO: EditDistance_Unigram_Median_Mean_search_term_x_product_color_1D (1D): corr = -0.044326
[2016-05-08 14:35:13,104] INFO: EditDistance_Unigram_Median_Std_search_term_x_product_color_1D (1D): corr = -0.005402
[2016-05-08 14:35:13,114] INFO: EditDistance_Unigram_Median_Max_search_term_x_product_color_1D (1D): corr = -0.052844
[2016-05-08 14:35:13,124] INFO: EditDistance_Unigram_Median_Min_search_term_x_product_color_1D (1D): corr = -0.007438
[2016-05-08 14:35:13,134] INFO: EditDistance_Unigram_Median_Median_search_term_x_product_color_1D (1D): corr = -0.059391
[2016-05-08 14:44:32,272] INFO: EditDistance_Unigram_Mean_Mean_search_term_product_name_x_product_title_1D (1D): corr = -0.204832
[2016-05-08 14:44:32,283] INFO: EditDistance_Unigram_Mean_Std_search_term_product_name_x_product_title_1D (1D): corr = -0.030875
[2016-05-08 14:44:32,293] INFO: EditDistance_Unigram_Mean_Max_search_term_product_name_x_product_title_1D (1D): corr = -0.206285
[2016-05-08 14:44:32,303] INFO: EditDistance_Unigram_Mean_Min_search_term_product_name_x_product_title_1D (1D): corr = -0.167446
[2016-05-08 14:44:32,313] INFO: EditDistance_Unigram_Mean_Median_search_term_product_name_x_product_title_1D (1D): corr = -0.204832
[2016-05-08 14:44:32,323] INFO: EditDistance_Unigram_Max_Mean_search_term_product_name_x_product_title_1D (1D): corr = 0.001724
[2016-05-08 14:44:32,334] INFO: EditDistance_Unigram_Max_Std_search_term_product_name_x_product_title_1D (1D): corr = 0.000401
[2016-05-08 14:44:32,344] INFO: EditDistance_Unigram_Max_Max_search_term_product_name_x_product_title_1D (1D): corr = 0.002626
[2016-05-08 14:44:32,354] INFO: EditDistance_Unigram_Max_Min_search_term_product_name_x_product_title_1D (1D): corr = 0.000987
[2016-05-08 14:44:32,364] INFO: EditDistance_Unigram_Max_Median_search_term_product_name_x_product_title_1D (1D): corr = 0.001724
[2016-05-08 14:44:32,375] INFO: EditDistance_Unigram_Min_Mean_search_term_product_name_x_product_title_1D (1D): corr = -0.300900
[2016-05-08 14:44:32,385] INFO: EditDistance_Unigram_Min_Std_search_term_product_name_x_product_title_1D (1D): corr = -0.136828
[2016-05-08 14:44:32,395] INFO: EditDistance_Unigram_Min_Max_search_term_product_name_x_product_title_1D (1D): corr = -0.287077
[2016-05-08 14:44:32,405] INFO: EditDistance_Unigram_Min_Min_search_term_product_name_x_product_title_1D (1D): corr = -0.230318
[2016-05-08 14:44:32,415] INFO: EditDistance_Unigram_Min_Median_search_term_product_name_x_product_title_1D (1D): corr = -0.300900
[2016-05-08 14:44:32,426] INFO: EditDistance_Unigram_Median_Mean_search_term_product_name_x_product_title_1D (1D): corr = -0.059572
[2016-05-08 14:44:32,436] INFO: EditDistance_Unigram_Median_Std_search_term_product_name_x_product_title_1D (1D): corr = 0.028424
[2016-05-08 14:44:32,446] INFO: EditDistance_Unigram_Median_Max_search_term_product_name_x_product_title_1D (1D): corr = -0.045783
[2016-05-08 14:44:32,456] INFO: EditDistance_Unigram_Median_Min_search_term_product_name_x_product_title_1D (1D): corr = -0.058316
[2016-05-08 14:44:32,467] INFO: EditDistance_Unigram_Median_Median_search_term_product_name_x_product_title_1D (1D): corr = -0.059572
[2016-05-08 14:53:28,644] INFO: EditDistance_Unigram_Mean_Mean_search_term_product_name_x_product_title_product_name_1D (1D): corr = -0.263201
[2016-05-08 14:53:28,654] INFO: EditDistance_Unigram_Mean_Std_search_term_product_name_x_product_title_product_name_1D (1D): corr = 0.059212
[2016-05-08 14:53:28,664] INFO: EditDistance_Unigram_Mean_Max_search_term_product_name_x_product_title_product_name_1D (1D): corr = -0.209860
[2016-05-08 14:53:28,674] INFO: EditDistance_Unigram_Mean_Min_search_term_product_name_x_product_title_product_name_1D (1D): corr = -0.246373
[2016-05-08 14:53:28,685] INFO: EditDistance_Unigram_Mean_Median_search_term_product_name_x_product_title_product_name_1D (1D): corr = -0.263201
[2016-05-08 14:53:28,695] INFO: EditDistance_Unigram_Max_Mean_search_term_product_name_x_product_title_product_name_1D (1D): corr = -0.100375
[2016-05-08 14:53:28,705] INFO: EditDistance_Unigram_Max_Std_search_term_product_name_x_product_title_product_name_1D (1D): corr = -0.004045
[2016-05-08 14:53:28,715] INFO: EditDistance_Unigram_Max_Max_search_term_product_name_x_product_title_product_name_1D (1D): corr = -0.107775
[2016-05-08 14:53:28,725] INFO: EditDistance_Unigram_Max_Min_search_term_product_name_x_product_title_product_name_1D (1D): corr = -0.076142
[2016-05-08 14:53:28,735] INFO: EditDistance_Unigram_Max_Median_search_term_product_name_x_product_title_product_name_1D (1D): corr = -0.100375
[2016-05-08 14:53:28,745] INFO: EditDistance_Unigram_Min_Mean_search_term_product_name_x_product_title_product_name_1D (1D): corr = -0.271053
[2016-05-08 14:53:28,756] INFO: EditDistance_Unigram_Min_Std_search_term_product_name_x_product_title_product_name_1D (1D): corr = 0.069351
[2016-05-08 14:53:28,766] INFO: EditDistance_Unigram_Min_Max_search_term_product_name_x_product_title_product_name_1D (1D): corr = -0.212376
[2016-05-08 14:53:28,776] INFO: EditDistance_Unigram_Min_Min_search_term_product_name_x_product_title_product_name_1D (1D): corr = -0.253847
[2016-05-08 14:53:28,786] INFO: EditDistance_Unigram_Min_Median_search_term_product_name_x_product_title_product_name_1D (1D): corr = -0.271053
[2016-05-08 14:53:28,819] INFO: EditDistance_Unigram_Median_Mean_search_term_product_name_x_product_title_product_name_1D (1D): corr = -0.263201
[2016-05-08 14:53:28,829] INFO: EditDistance_Unigram_Median_Std_search_term_product_name_x_product_title_product_name_1D (1D): corr = 0.059212
[2016-05-08 14:53:28,839] INFO: EditDistance_Unigram_Median_Max_search_term_product_name_x_product_title_product_name_1D (1D): corr = -0.209860
[2016-05-08 14:53:28,849] INFO: EditDistance_Unigram_Median_Min_search_term_product_name_x_product_title_product_name_1D (1D): corr = -0.246373
[2016-05-08 14:53:28,859] INFO: EditDistance_Unigram_Median_Median_search_term_product_name_x_product_title_product_name_1D (1D): corr = -0.263201
[2016-05-08 15:05:57,432] INFO: EditDistance_Unigram_Mean_Mean_search_term_product_name_x_product_description_1D (1D): corr = -0.114904
[2016-05-08 15:05:57,445] INFO: EditDistance_Unigram_Mean_Std_search_term_product_name_x_product_description_1D (1D): corr = 0.001868
[2016-05-08 15:05:57,458] INFO: EditDistance_Unigram_Mean_Max_search_term_product_name_x_product_description_1D (1D): corr = -0.103443
[2016-05-08 15:05:57,472] INFO: EditDistance_Unigram_Mean_Min_search_term_product_name_x_product_description_1D (1D): corr = -0.104277
[2016-05-08 15:05:57,485] INFO: EditDistance_Unigram_Mean_Median_search_term_product_name_x_product_description_1D (1D): corr = -0.114904
[2016-05-08 15:05:57,498] INFO: EditDistance_Unigram_Max_Mean_search_term_product_name_x_product_description_1D (1D): corr = 0.000000
[2016-05-08 15:05:57,511] INFO: EditDistance_Unigram_Max_Std_search_term_product_name_x_product_description_1D (1D): corr = 0.000000
[2016-05-08 15:05:57,525] INFO: EditDistance_Unigram_Max_Max_search_term_product_name_x_product_description_1D (1D): corr = 0.000000
[2016-05-08 15:05:57,538] INFO: EditDistance_Unigram_Max_Min_search_term_product_name_x_product_description_1D (1D): corr = 0.000000
[2016-05-08 15:05:57,551] INFO: EditDistance_Unigram_Max_Median_search_term_product_name_x_product_description_1D (1D): corr = 0.000000
[2016-05-08 15:05:57,565] INFO: EditDistance_Unigram_Min_Mean_search_term_product_name_x_product_description_1D (1D): corr = -0.246623
[2016-05-08 15:05:57,578] INFO: EditDistance_Unigram_Min_Std_search_term_product_name_x_product_description_1D (1D): corr = -0.102738
[2016-05-08 15:05:57,591] INFO: EditDistance_Unigram_Min_Max_search_term_product_name_x_product_description_1D (1D): corr = -0.235767
[2016-05-08 15:05:57,604] INFO: EditDistance_Unigram_Min_Min_search_term_product_name_x_product_description_1D (1D): corr = -0.193198
[2016-05-08 15:05:57,618] INFO: EditDistance_Unigram_Min_Median_search_term_product_name_x_product_description_1D (1D): corr = -0.246623
[2016-05-08 15:05:57,631] INFO: EditDistance_Unigram_Median_Mean_search_term_product_name_x_product_description_1D (1D): corr = -0.038067
[2016-05-08 15:05:57,644] INFO: EditDistance_Unigram_Median_Std_search_term_product_name_x_product_description_1D (1D): corr = 0.018412
[2016-05-08 15:05:57,658] INFO: EditDistance_Unigram_Median_Max_search_term_product_name_x_product_description_1D (1D): corr = -0.025600
[2016-05-08 15:05:57,671] INFO: EditDistance_Unigram_Median_Min_search_term_product_name_x_product_description_1D (1D): corr = -0.039090
[2016-05-08 15:05:57,684] INFO: EditDistance_Unigram_Median_Median_search_term_product_name_x_product_description_1D (1D): corr = -0.038067
[2016-05-08 15:18:10,217] INFO: EditDistance_Unigram_Mean_Mean_search_term_product_name_x_product_attribute_1D (1D): corr = -0.074759
[2016-05-08 15:18:10,231] INFO: EditDistance_Unigram_Mean_Std_search_term_product_name_x_product_attribute_1D (1D): corr = 0.072261
[2016-05-08 15:18:10,244] INFO: EditDistance_Unigram_Mean_Max_search_term_product_name_x_product_attribute_1D (1D): corr = -0.029946
[2016-05-08 15:18:10,257] INFO: EditDistance_Unigram_Mean_Min_search_term_product_name_x_product_attribute_1D (1D): corr = -0.097550
[2016-05-08 15:18:10,271] INFO: EditDistance_Unigram_Mean_Median_search_term_product_name_x_product_attribute_1D (1D): corr = -0.074759
[2016-05-08 15:18:10,284] INFO: EditDistance_Unigram_Max_Mean_search_term_product_name_x_product_attribute_1D (1D): corr = -0.131520
[2016-05-08 15:18:10,297] INFO: EditDistance_Unigram_Max_Std_search_term_product_name_x_product_attribute_1D (1D): corr = 0.107904
[2016-05-08 15:18:10,310] INFO: EditDistance_Unigram_Max_Max_search_term_product_name_x_product_attribute_1D (1D): corr = -0.104650
[2016-05-08 15:18:10,324] INFO: EditDistance_Unigram_Max_Min_search_term_product_name_x_product_attribute_1D (1D): corr = -0.138047
[2016-05-08 15:18:10,337] INFO: EditDistance_Unigram_Max_Median_search_term_product_name_x_product_attribute_1D (1D): corr = -0.131520
[2016-05-08 15:18:10,366] INFO: EditDistance_Unigram_Min_Mean_search_term_product_name_x_product_attribute_1D (1D): corr = 0.008227
[2016-05-08 15:18:10,379] INFO: EditDistance_Unigram_Min_Std_search_term_product_name_x_product_attribute_1D (1D): corr = -0.113759
[2016-05-08 15:18:10,393] INFO: EditDistance_Unigram_Min_Max_search_term_product_name_x_product_attribute_1D (1D): corr = -0.027924
[2016-05-08 15:18:10,406] INFO: EditDistance_Unigram_Min_Min_search_term_product_name_x_product_attribute_1D (1D): corr = 0.042074
[2016-05-08 15:18:10,420] INFO: EditDistance_Unigram_Min_Median_search_term_product_name_x_product_attribute_1D (1D): corr = 0.008227
[2016-05-08 15:18:10,433] INFO: EditDistance_Unigram_Median_Mean_search_term_product_name_x_product_attribute_1D (1D): corr = -0.094770
[2016-05-08 15:18:10,447] INFO: EditDistance_Unigram_Median_Std_search_term_product_name_x_product_attribute_1D (1D): corr = 0.033396
[2016-05-08 15:18:10,460] INFO: EditDistance_Unigram_Median_Max_search_term_product_name_x_product_attribute_1D (1D): corr = -0.077115
[2016-05-08 15:18:10,474] INFO: EditDistance_Unigram_Median_Min_search_term_product_name_x_product_attribute_1D (1D): corr = -0.087740
[2016-05-08 15:18:10,488] INFO: EditDistance_Unigram_Median_Median_search_term_product_name_x_product_attribute_1D (1D): corr = -0.094770
[2016-05-08 15:27:00,652] INFO: EditDistance_Unigram_Mean_Mean_search_term_product_name_x_product_brand_1D (1D): corr = -0.050209
[2016-05-08 15:27:00,666] INFO: EditDistance_Unigram_Mean_Std_search_term_product_name_x_product_brand_1D (1D): corr = 0.037928
[2016-05-08 15:27:00,679] INFO: EditDistance_Unigram_Mean_Max_search_term_product_name_x_product_brand_1D (1D): corr = -0.031003
[2016-05-08 15:27:00,693] INFO: EditDistance_Unigram_Mean_Min_search_term_product_name_x_product_brand_1D (1D): corr = -0.051581
[2016-05-08 15:27:00,707] INFO: EditDistance_Unigram_Mean_Median_search_term_product_name_x_product_brand_1D (1D): corr = -0.050209
[2016-05-08 15:27:00,720] INFO: EditDistance_Unigram_Max_Mean_search_term_product_name_x_product_brand_1D (1D): corr = -0.065600
[2016-05-08 15:27:00,734] INFO: EditDistance_Unigram_Max_Std_search_term_product_name_x_product_brand_1D (1D): corr = 0.046209
[2016-05-08 15:27:00,747] INFO: EditDistance_Unigram_Max_Max_search_term_product_name_x_product_brand_1D (1D): corr = -0.044911
[2016-05-08 15:27:00,761] INFO: EditDistance_Unigram_Max_Min_search_term_product_name_x_product_brand_1D (1D): corr = -0.065332
[2016-05-08 15:27:00,774] INFO: EditDistance_Unigram_Max_Median_search_term_product_name_x_product_brand_1D (1D): corr = -0.065600
[2016-05-08 15:27:00,788] INFO: EditDistance_Unigram_Min_Mean_search_term_product_name_x_product_brand_1D (1D): corr = -0.026700
[2016-05-08 15:27:00,801] INFO: EditDistance_Unigram_Min_Std_search_term_product_name_x_product_brand_1D (1D): corr = 0.022576
[2016-05-08 15:27:00,815] INFO: EditDistance_Unigram_Min_Max_search_term_product_name_x_product_brand_1D (1D): corr = -0.015807
[2016-05-08 15:27:00,828] INFO: EditDistance_Unigram_Min_Min_search_term_product_name_x_product_brand_1D (1D): corr = -0.028281
[2016-05-08 15:27:00,842] INFO: EditDistance_Unigram_Min_Median_search_term_product_name_x_product_brand_1D (1D): corr = -0.026700
[2016-05-08 15:27:00,855] INFO: EditDistance_Unigram_Median_Mean_search_term_product_name_x_product_brand_1D (1D): corr = -0.052151
[2016-05-08 15:27:00,889] INFO: EditDistance_Unigram_Median_Std_search_term_product_name_x_product_brand_1D (1D): corr = 0.037036
[2016-05-08 15:27:00,902] INFO: EditDistance_Unigram_Median_Max_search_term_product_name_x_product_brand_1D (1D): corr = -0.033914
[2016-05-08 15:27:00,916] INFO: EditDistance_Unigram_Median_Min_search_term_product_name_x_product_brand_1D (1D): corr = -0.052545
[2016-05-08 15:27:00,929] INFO: EditDistance_Unigram_Median_Median_search_term_product_name_x_product_brand_1D (1D): corr = -0.052151
[2016-05-08 15:35:43,719] INFO: EditDistance_Unigram_Mean_Mean_search_term_product_name_x_product_color_1D (1D): corr = -0.019133
[2016-05-08 15:35:43,729] INFO: EditDistance_Unigram_Mean_Std_search_term_product_name_x_product_color_1D (1D): corr = 0.011056
[2016-05-08 15:35:43,738] INFO: EditDistance_Unigram_Mean_Max_search_term_product_name_x_product_color_1D (1D): corr = -0.012121
[2016-05-08 15:35:43,747] INFO: EditDistance_Unigram_Mean_Min_search_term_product_name_x_product_color_1D (1D): corr = -0.019479
[2016-05-08 15:35:43,756] INFO: EditDistance_Unigram_Mean_Median_search_term_product_name_x_product_color_1D (1D): corr = -0.019133
[2016-05-08 15:35:43,766] INFO: EditDistance_Unigram_Max_Mean_search_term_product_name_x_product_color_1D (1D): corr = -0.030127
[2016-05-08 15:35:43,775] INFO: EditDistance_Unigram_Max_Std_search_term_product_name_x_product_color_1D (1D): corr = 0.015985
[2016-05-08 15:35:43,784] INFO: EditDistance_Unigram_Max_Max_search_term_product_name_x_product_color_1D (1D): corr = -0.021050
[2016-05-08 15:35:43,801] INFO: EditDistance_Unigram_Max_Min_search_term_product_name_x_product_color_1D (1D): corr = -0.029515
[2016-05-08 15:35:43,810] INFO: EditDistance_Unigram_Max_Median_search_term_product_name_x_product_color_1D (1D): corr = -0.030127
[2016-05-08 15:35:43,819] INFO: EditDistance_Unigram_Min_Mean_search_term_product_name_x_product_color_1D (1D): corr = 0.001605
[2016-05-08 15:35:43,828] INFO: EditDistance_Unigram_Min_Std_search_term_product_name_x_product_color_1D (1D): corr = 0.000158
[2016-05-08 15:35:43,838] INFO: EditDistance_Unigram_Min_Max_search_term_product_name_x_product_color_1D (1D): corr = 0.001856
[2016-05-08 15:35:43,847] INFO: EditDistance_Unigram_Min_Min_search_term_product_name_x_product_color_1D (1D): corr = 0.001130
[2016-05-08 15:35:43,857] INFO: EditDistance_Unigram_Min_Median_search_term_product_name_x_product_color_1D (1D): corr = 0.001605
[2016-05-08 15:35:43,867] INFO: EditDistance_Unigram_Median_Mean_search_term_product_name_x_product_color_1D (1D): corr = -0.023357
[2016-05-08 15:35:43,876] INFO: EditDistance_Unigram_Median_Std_search_term_product_name_x_product_color_1D (1D): corr = 0.013343
[2016-05-08 15:35:43,885] INFO: EditDistance_Unigram_Median_Max_search_term_product_name_x_product_color_1D (1D): corr = -0.014760
[2016-05-08 15:35:43,895] INFO: EditDistance_Unigram_Median_Min_search_term_product_name_x_product_color_1D (1D): corr = -0.023706
[2016-05-08 15:35:43,904] INFO: EditDistance_Unigram_Median_Median_search_term_product_name_x_product_color_1D (1D): corr = -0.023357
[2016-05-08 15:46:27,172] INFO: EditDistance_Bigram_Mean_Mean_search_term_x_product_title_1D (1D): corr = -0.247952
[2016-05-08 15:46:27,182] INFO: EditDistance_Bigram_Mean_Std_search_term_x_product_title_1D (1D): corr = -0.117613
[2016-05-08 15:46:27,191] INFO: EditDistance_Bigram_Mean_Max_search_term_x_product_title_1D (1D): corr = -0.272062
[2016-05-08 15:46:27,200] INFO: EditDistance_Bigram_Mean_Min_search_term_x_product_title_1D (1D): corr = -0.168646
[2016-05-08 15:46:27,209] INFO: EditDistance_Bigram_Mean_Median_search_term_x_product_title_1D (1D): corr = -0.245233
[2016-05-08 15:46:27,219] INFO: EditDistance_Bigram_Max_Mean_search_term_x_product_title_1D (1D): corr = -0.051005
[2016-05-08 15:46:27,228] INFO: EditDistance_Bigram_Max_Std_search_term_x_product_title_1D (1D): corr = -0.058390
[2016-05-08 15:46:27,237] INFO: EditDistance_Bigram_Max_Max_search_term_x_product_title_1D (1D): corr = -0.077914
[2016-05-08 15:46:27,247] INFO: EditDistance_Bigram_Max_Min_search_term_x_product_title_1D (1D): corr = -0.010070
[2016-05-08 15:46:27,256] INFO: EditDistance_Bigram_Max_Median_search_term_x_product_title_1D (1D): corr = -0.052358
[2016-05-08 15:46:27,265] INFO: EditDistance_Bigram_Min_Mean_search_term_x_product_title_1D (1D): corr = -0.335868
[2016-05-08 15:46:27,274] INFO: EditDistance_Bigram_Min_Std_search_term_x_product_title_1D (1D): corr = -0.072268
[2016-05-08 15:46:27,284] INFO: EditDistance_Bigram_Min_Max_search_term_x_product_title_1D (1D): corr = -0.332221
[2016-05-08 15:46:27,293] INFO: EditDistance_Bigram_Min_Min_search_term_x_product_title_1D (1D): corr = -0.223173
[2016-05-08 15:46:27,302] INFO: EditDistance_Bigram_Min_Median_search_term_x_product_title_1D (1D): corr = -0.329655
[2016-05-08 15:46:27,311] INFO: EditDistance_Bigram_Median_Mean_search_term_x_product_title_1D (1D): corr = -0.088315
[2016-05-08 15:46:27,321] INFO: EditDistance_Bigram_Median_Std_search_term_x_product_title_1D (1D): corr = -0.057655
[2016-05-08 15:46:27,330] INFO: EditDistance_Bigram_Median_Max_search_term_x_product_title_1D (1D): corr = -0.111255
[2016-05-08 15:46:27,339] INFO: EditDistance_Bigram_Median_Min_search_term_x_product_title_1D (1D): corr = -0.047226
[2016-05-08 15:46:27,349] INFO: EditDistance_Bigram_Median_Median_search_term_x_product_title_1D (1D): corr = -0.088108
[2016-05-08 15:56:23,632] INFO: EditDistance_Bigram_Mean_Mean_search_term_x_product_title_product_name_1D (1D): corr = -0.268068
[2016-05-08 15:56:23,641] INFO: EditDistance_Bigram_Mean_Std_search_term_x_product_title_product_name_1D (1D): corr = 0.101526
[2016-05-08 15:56:23,651] INFO: EditDistance_Bigram_Mean_Max_search_term_x_product_title_product_name_1D (1D): corr = -0.206319
[2016-05-08 15:56:23,660] INFO: EditDistance_Bigram_Mean_Min_search_term_x_product_title_product_name_1D (1D): corr = -0.225464
[2016-05-08 15:56:23,670] INFO: EditDistance_Bigram_Mean_Median_search_term_x_product_title_product_name_1D (1D): corr = -0.250142
[2016-05-08 15:56:23,679] INFO: EditDistance_Bigram_Max_Mean_search_term_x_product_title_product_name_1D (1D): corr = -0.268068
[2016-05-08 15:56:23,688] INFO: EditDistance_Bigram_Max_Std_search_term_x_product_title_product_name_1D (1D): corr = 0.101526
[2016-05-08 15:56:23,698] INFO: EditDistance_Bigram_Max_Max_search_term_x_product_title_product_name_1D (1D): corr = -0.206319
[2016-05-08 15:56:23,716] INFO: EditDistance_Bigram_Max_Min_search_term_x_product_title_product_name_1D (1D): corr = -0.225464
[2016-05-08 15:56:23,725] INFO: EditDistance_Bigram_Max_Median_search_term_x_product_title_product_name_1D (1D): corr = -0.250142
[2016-05-08 15:56:23,735] INFO: EditDistance_Bigram_Min_Mean_search_term_x_product_title_product_name_1D (1D): corr = -0.268068
[2016-05-08 15:56:23,744] INFO: EditDistance_Bigram_Min_Std_search_term_x_product_title_product_name_1D (1D): corr = 0.101526
[2016-05-08 15:56:23,753] INFO: EditDistance_Bigram_Min_Max_search_term_x_product_title_product_name_1D (1D): corr = -0.206319
[2016-05-08 15:56:23,763] INFO: EditDistance_Bigram_Min_Min_search_term_x_product_title_product_name_1D (1D): corr = -0.225464
[2016-05-08 15:56:23,772] INFO: EditDistance_Bigram_Min_Median_search_term_x_product_title_product_name_1D (1D): corr = -0.250142
[2016-05-08 15:56:23,782] INFO: EditDistance_Bigram_Median_Mean_search_term_x_product_title_product_name_1D (1D): corr = -0.268068
[2016-05-08 15:56:23,792] INFO: EditDistance_Bigram_Median_Std_search_term_x_product_title_product_name_1D (1D): corr = 0.101526
[2016-05-08 15:56:23,801] INFO: EditDistance_Bigram_Median_Max_search_term_x_product_title_product_name_1D (1D): corr = -0.206319
[2016-05-08 15:56:23,817] INFO: EditDistance_Bigram_Median_Min_search_term_x_product_title_product_name_1D (1D): corr = -0.225464
[2016-05-08 15:56:23,826] INFO: EditDistance_Bigram_Median_Median_search_term_x_product_title_product_name_1D (1D): corr = -0.250142
[2016-05-08 16:12:16,716] INFO: EditDistance_Bigram_Mean_Mean_search_term_x_product_description_1D (1D): corr = -0.148320
[2016-05-08 16:12:16,725] INFO: EditDistance_Bigram_Mean_Std_search_term_x_product_description_1D (1D): corr = -0.096708
[2016-05-08 16:12:16,734] INFO: EditDistance_Bigram_Mean_Max_search_term_x_product_description_1D (1D): corr = -0.164377
[2016-05-08 16:12:16,744] INFO: EditDistance_Bigram_Mean_Min_search_term_x_product_description_1D (1D): corr = -0.092365
[2016-05-08 16:12:16,753] INFO: EditDistance_Bigram_Mean_Median_search_term_x_product_description_1D (1D): corr = -0.144598
[2016-05-08 16:12:16,762] INFO: EditDistance_Bigram_Max_Mean_search_term_x_product_description_1D (1D): corr = -0.009547
[2016-05-08 16:12:16,771] INFO: EditDistance_Bigram_Max_Std_search_term_x_product_description_1D (1D): corr = -0.031649
[2016-05-08 16:12:16,781] INFO: EditDistance_Bigram_Max_Max_search_term_x_product_description_1D (1D): corr = -0.031421
[2016-05-08 16:12:16,790] INFO: EditDistance_Bigram_Max_Min_search_term_x_product_description_1D (1D): corr = 0.014692
[2016-05-08 16:12:16,799] INFO: EditDistance_Bigram_Max_Median_search_term_x_product_description_1D (1D): corr = -0.019912
[2016-05-08 16:12:16,808] INFO: EditDistance_Bigram_Min_Mean_search_term_x_product_description_1D (1D): corr = -0.280403
[2016-05-08 16:12:16,817] INFO: EditDistance_Bigram_Min_Std_search_term_x_product_description_1D (1D): corr = -0.048912
[2016-05-08 16:12:16,827] INFO: EditDistance_Bigram_Min_Max_search_term_x_product_description_1D (1D): corr = -0.283494
[2016-05-08 16:12:16,836] INFO: EditDistance_Bigram_Min_Min_search_term_x_product_description_1D (1D): corr = -0.187205
[2016-05-08 16:12:16,845] INFO: EditDistance_Bigram_Min_Median_search_term_x_product_description_1D (1D): corr = -0.274870
[2016-05-08 16:12:16,854] INFO: EditDistance_Bigram_Median_Mean_search_term_x_product_description_1D (1D): corr = -0.085334
[2016-05-08 16:12:16,863] INFO: EditDistance_Bigram_Median_Std_search_term_x_product_description_1D (1D): corr = -0.087818
[2016-05-08 16:12:16,873] INFO: EditDistance_Bigram_Median_Max_search_term_x_product_description_1D (1D): corr = -0.113029
[2016-05-08 16:12:16,882] INFO: EditDistance_Bigram_Median_Min_search_term_x_product_description_1D (1D): corr = -0.030784
[2016-05-08 16:12:16,892] INFO: EditDistance_Bigram_Median_Median_search_term_x_product_description_1D (1D): corr = -0.083920
[2016-05-08 16:27:26,140] INFO: EditDistance_Bigram_Mean_Mean_search_term_x_product_attribute_1D (1D): corr = 0.024845
[2016-05-08 16:27:26,149] INFO: EditDistance_Bigram_Mean_Std_search_term_x_product_attribute_1D (1D): corr = 0.018166
[2016-05-08 16:27:26,158] INFO: EditDistance_Bigram_Mean_Max_search_term_x_product_attribute_1D (1D): corr = 0.024053
[2016-05-08 16:27:26,167] INFO: EditDistance_Bigram_Mean_Min_search_term_x_product_attribute_1D (1D): corr = 0.019509
[2016-05-08 16:27:26,176] INFO: EditDistance_Bigram_Mean_Median_search_term_x_product_attribute_1D (1D): corr = 0.025167
[2016-05-08 16:27:26,186] INFO: EditDistance_Bigram_Max_Mean_search_term_x_product_attribute_1D (1D): corr = -0.116578
[2016-05-08 16:27:26,195] INFO: EditDistance_Bigram_Max_Std_search_term_x_product_attribute_1D (1D): corr = 0.051574
[2016-05-08 16:27:26,204] INFO: EditDistance_Bigram_Max_Max_search_term_x_product_attribute_1D (1D): corr = -0.103485
[2016-05-08 16:27:26,213] INFO: EditDistance_Bigram_Max_Min_search_term_x_product_attribute_1D (1D): corr = -0.107035
[2016-05-08 16:27:26,222] INFO: EditDistance_Bigram_Max_Median_search_term_x_product_attribute_1D (1D): corr = -0.116207
[2016-05-08 16:27:26,232] INFO: EditDistance_Bigram_Min_Mean_search_term_x_product_attribute_1D (1D): corr = 0.012129
[2016-05-08 16:27:26,241] INFO: EditDistance_Bigram_Min_Std_search_term_x_product_attribute_1D (1D): corr = -0.063659
[2016-05-08 16:27:26,250] INFO: EditDistance_Bigram_Min_Max_search_term_x_product_attribute_1D (1D): corr = -0.010545
[2016-05-08 16:27:26,259] INFO: EditDistance_Bigram_Min_Min_search_term_x_product_attribute_1D (1D): corr = 0.034350
[2016-05-08 16:27:26,269] INFO: EditDistance_Bigram_Min_Median_search_term_x_product_attribute_1D (1D): corr = 0.007784
[2016-05-08 16:27:26,278] INFO: EditDistance_Bigram_Median_Mean_search_term_x_product_attribute_1D (1D): corr = 0.020110
[2016-05-08 16:27:26,287] INFO: EditDistance_Bigram_Median_Std_search_term_x_product_attribute_1D (1D): corr = 0.004267
[2016-05-08 16:27:26,296] INFO: EditDistance_Bigram_Median_Max_search_term_x_product_attribute_1D (1D): corr = 0.016135
[2016-05-08 16:27:26,306] INFO: EditDistance_Bigram_Median_Min_search_term_x_product_attribute_1D (1D): corr = 0.021250
[2016-05-08 16:27:26,315] INFO: EditDistance_Bigram_Median_Median_search_term_x_product_attribute_1D (1D): corr = 0.019026
[2016-05-08 16:37:01,904] INFO: EditDistance_Bigram_Mean_Mean_search_term_x_product_brand_1D (1D): corr = -0.045007
[2016-05-08 16:37:01,913] INFO: EditDistance_Bigram_Mean_Std_search_term_x_product_brand_1D (1D): corr = -0.010127
[2016-05-08 16:37:01,922] INFO: EditDistance_Bigram_Mean_Max_search_term_x_product_brand_1D (1D): corr = -0.054863
[2016-05-08 16:37:01,931] INFO: EditDistance_Bigram_Mean_Min_search_term_x_product_brand_1D (1D): corr = -0.022873
[2016-05-08 16:37:01,940] INFO: EditDistance_Bigram_Mean_Median_search_term_x_product_brand_1D (1D): corr = -0.045938
[2016-05-08 16:37:01,950] INFO: EditDistance_Bigram_Max_Mean_search_term_x_product_brand_1D (1D): corr = -0.048049
[2016-05-08 16:37:01,959] INFO: EditDistance_Bigram_Max_Std_search_term_x_product_brand_1D (1D): corr = -0.009743
[2016-05-08 16:37:01,968] INFO: EditDistance_Bigram_Max_Max_search_term_x_product_brand_1D (1D): corr = -0.058275
[2016-05-08 16:37:01,977] INFO: EditDistance_Bigram_Max_Min_search_term_x_product_brand_1D (1D): corr = -0.025303
[2016-05-08 16:37:01,986] INFO: EditDistance_Bigram_Max_Median_search_term_x_product_brand_1D (1D): corr = -0.048430
[2016-05-08 16:37:01,995] INFO: EditDistance_Bigram_Min_Mean_search_term_x_product_brand_1D (1D): corr = -0.039739
[2016-05-08 16:37:02,005] INFO: EditDistance_Bigram_Min_Std_search_term_x_product_brand_1D (1D): corr = -0.012663
[2016-05-08 16:37:02,014] INFO: EditDistance_Bigram_Min_Max_search_term_x_product_brand_1D (1D): corr = -0.051204
[2016-05-08 16:37:02,023] INFO: EditDistance_Bigram_Min_Min_search_term_x_product_brand_1D (1D): corr = -0.018420
[2016-05-08 16:37:02,032] INFO: EditDistance_Bigram_Min_Median_search_term_x_product_brand_1D (1D): corr = -0.040854
[2016-05-08 16:37:02,041] INFO: EditDistance_Bigram_Median_Mean_search_term_x_product_brand_1D (1D): corr = -0.044710
[2016-05-08 16:37:02,051] INFO: EditDistance_Bigram_Median_Std_search_term_x_product_brand_1D (1D): corr = -0.010270
[2016-05-08 16:37:02,060] INFO: EditDistance_Bigram_Median_Max_search_term_x_product_brand_1D (1D): corr = -0.054656
[2016-05-08 16:37:02,069] INFO: EditDistance_Bigram_Median_Min_search_term_x_product_brand_1D (1D): corr = -0.022623
[2016-05-08 16:37:02,078] INFO: EditDistance_Bigram_Median_Median_search_term_x_product_brand_1D (1D): corr = -0.045654
[2016-05-08 16:46:42,954] INFO: EditDistance_Bigram_Mean_Mean_search_term_x_product_color_1D (1D): corr = -0.015044
[2016-05-08 16:46:42,963] INFO: EditDistance_Bigram_Mean_Std_search_term_x_product_color_1D (1D): corr = -0.053609
[2016-05-08 16:46:42,972] INFO: EditDistance_Bigram_Mean_Max_search_term_x_product_color_1D (1D): corr = -0.045247
[2016-05-08 16:46:42,981] INFO: EditDistance_Bigram_Mean_Min_search_term_x_product_color_1D (1D): corr = 0.017283
[2016-05-08 16:46:42,990] INFO: EditDistance_Bigram_Mean_Median_search_term_x_product_color_1D (1D): corr = -0.019816
[2016-05-08 16:46:42,999] INFO: EditDistance_Bigram_Max_Mean_search_term_x_product_color_1D (1D): corr = -0.021132
[2016-05-08 16:46:43,009] INFO: EditDistance_Bigram_Max_Std_search_term_x_product_color_1D (1D): corr = -0.054749
[2016-05-08 16:46:43,018] INFO: EditDistance_Bigram_Max_Max_search_term_x_product_color_1D (1D): corr = -0.051988
[2016-05-08 16:46:43,027] INFO: EditDistance_Bigram_Max_Min_search_term_x_product_color_1D (1D): corr = 0.015321
[2016-05-08 16:46:43,036] INFO: EditDistance_Bigram_Max_Median_search_term_x_product_color_1D (1D): corr = -0.026268
[2016-05-08 16:46:43,045] INFO: EditDistance_Bigram_Min_Mean_search_term_x_product_color_1D (1D): corr = -0.006993
[2016-05-08 16:46:43,054] INFO: EditDistance_Bigram_Min_Std_search_term_x_product_color_1D (1D): corr = -0.050783
[2016-05-08 16:46:43,063] INFO: EditDistance_Bigram_Min_Max_search_term_x_product_color_1D (1D): corr = -0.035918
[2016-05-08 16:46:43,073] INFO: EditDistance_Bigram_Min_Min_search_term_x_product_color_1D (1D): corr = 0.018288
[2016-05-08 16:46:43,082] INFO: EditDistance_Bigram_Min_Median_search_term_x_product_color_1D (1D): corr = -0.010555
[2016-05-08 16:46:43,091] INFO: EditDistance_Bigram_Median_Mean_search_term_x_product_color_1D (1D): corr = -0.015422
[2016-05-08 16:46:43,100] INFO: EditDistance_Bigram_Median_Std_search_term_x_product_color_1D (1D): corr = -0.054221
[2016-05-08 16:46:43,109] INFO: EditDistance_Bigram_Median_Max_search_term_x_product_color_1D (1D): corr = -0.046214
[2016-05-08 16:46:43,118] INFO: EditDistance_Bigram_Median_Min_search_term_x_product_color_1D (1D): corr = 0.017460
[2016-05-08 16:46:43,127] INFO: EditDistance_Bigram_Median_Median_search_term_x_product_color_1D (1D): corr = -0.020260
[2016-05-08 16:53:09,683] INFO: EditDistance_Bigram_Mean_Mean_search_term_product_name_x_product_title_1D (1D): corr = -0.201552
[2016-05-08 16:53:09,692] INFO: EditDistance_Bigram_Mean_Std_search_term_product_name_x_product_title_1D (1D): corr = 0.000000
[2016-05-08 16:53:09,701] INFO: EditDistance_Bigram_Mean_Max_search_term_product_name_x_product_title_1D (1D): corr = -0.201552
[2016-05-08 16:53:09,710] INFO: EditDistance_Bigram_Mean_Min_search_term_product_name_x_product_title_1D (1D): corr = -0.201552
[2016-05-08 16:53:09,719] INFO: EditDistance_Bigram_Mean_Median_search_term_product_name_x_product_title_1D (1D): corr = -0.201552
[2016-05-08 16:53:09,728] INFO: EditDistance_Bigram_Max_Mean_search_term_product_name_x_product_title_1D (1D): corr = -0.036890
[2016-05-08 16:53:09,738] INFO: EditDistance_Bigram_Max_Std_search_term_product_name_x_product_title_1D (1D): corr = 0.000000
[2016-05-08 16:53:09,755] INFO: EditDistance_Bigram_Max_Max_search_term_product_name_x_product_title_1D (1D): corr = -0.036890
[2016-05-08 16:53:09,764] INFO: EditDistance_Bigram_Max_Min_search_term_product_name_x_product_title_1D (1D): corr = -0.036890
[2016-05-08 16:53:09,773] INFO: EditDistance_Bigram_Max_Median_search_term_product_name_x_product_title_1D (1D): corr = -0.036890
[2016-05-08 16:53:09,782] INFO: EditDistance_Bigram_Min_Mean_search_term_product_name_x_product_title_1D (1D): corr = -0.269209
[2016-05-08 16:53:09,791] INFO: EditDistance_Bigram_Min_Std_search_term_product_name_x_product_title_1D (1D): corr = 0.000000
[2016-05-08 16:53:09,801] INFO: EditDistance_Bigram_Min_Max_search_term_product_name_x_product_title_1D (1D): corr = -0.269209
[2016-05-08 16:53:09,810] INFO: EditDistance_Bigram_Min_Min_search_term_product_name_x_product_title_1D (1D): corr = -0.269209
[2016-05-08 16:53:09,819] INFO: EditDistance_Bigram_Min_Median_search_term_product_name_x_product_title_1D (1D): corr = -0.269209
[2016-05-08 16:53:09,828] INFO: EditDistance_Bigram_Median_Mean_search_term_product_name_x_product_title_1D (1D): corr = -0.073796
[2016-05-08 16:53:09,837] INFO: EditDistance_Bigram_Median_Std_search_term_product_name_x_product_title_1D (1D): corr = 0.000000
[2016-05-08 16:53:09,847] INFO: EditDistance_Bigram_Median_Max_search_term_product_name_x_product_title_1D (1D): corr = -0.073796
[2016-05-08 16:53:09,856] INFO: EditDistance_Bigram_Median_Min_search_term_product_name_x_product_title_1D (1D): corr = -0.073796
[2016-05-08 16:53:09,865] INFO: EditDistance_Bigram_Median_Median_search_term_product_name_x_product_title_1D (1D): corr = -0.073796
[2016-05-08 16:59:08,050] INFO: EditDistance_Bigram_Mean_Mean_search_term_product_name_x_product_title_product_name_1D (1D): corr = -0.251603
[2016-05-08 16:59:08,059] INFO: EditDistance_Bigram_Mean_Std_search_term_product_name_x_product_title_product_name_1D (1D): corr = 0.000000
[2016-05-08 16:59:08,069] INFO: EditDistance_Bigram_Mean_Max_search_term_product_name_x_product_title_product_name_1D (1D): corr = -0.251603
[2016-05-08 16:59:08,078] INFO: EditDistance_Bigram_Mean_Min_search_term_product_name_x_product_title_product_name_1D (1D): corr = -0.251603
[2016-05-08 16:59:08,087] INFO: EditDistance_Bigram_Mean_Median_search_term_product_name_x_product_title_product_name_1D (1D): corr = -0.251603
[2016-05-08 16:59:08,096] INFO: EditDistance_Bigram_Max_Mean_search_term_product_name_x_product_title_product_name_1D (1D): corr = -0.251603
[2016-05-08 16:59:08,105] INFO: EditDistance_Bigram_Max_Std_search_term_product_name_x_product_title_product_name_1D (1D): corr = 0.000000
[2016-05-08 16:59:08,114] INFO: EditDistance_Bigram_Max_Max_search_term_product_name_x_product_title_product_name_1D (1D): corr = -0.251603
[2016-05-08 16:59:08,124] INFO: EditDistance_Bigram_Max_Min_search_term_product_name_x_product_title_product_name_1D (1D): corr = -0.251603
[2016-05-08 16:59:08,133] INFO: EditDistance_Bigram_Max_Median_search_term_product_name_x_product_title_product_name_1D (1D): corr = -0.251603
[2016-05-08 16:59:08,142] INFO: EditDistance_Bigram_Min_Mean_search_term_product_name_x_product_title_product_name_1D (1D): corr = -0.251603
[2016-05-08 16:59:08,151] INFO: EditDistance_Bigram_Min_Std_search_term_product_name_x_product_title_product_name_1D (1D): corr = 0.000000
[2016-05-08 16:59:08,160] INFO: EditDistance_Bigram_Min_Max_search_term_product_name_x_product_title_product_name_1D (1D): corr = -0.251603
[2016-05-08 16:59:08,170] INFO: EditDistance_Bigram_Min_Min_search_term_product_name_x_product_title_product_name_1D (1D): corr = -0.251603
[2016-05-08 16:59:08,179] INFO: EditDistance_Bigram_Min_Median_search_term_product_name_x_product_title_product_name_1D (1D): corr = -0.251603
[2016-05-08 16:59:08,188] INFO: EditDistance_Bigram_Median_Mean_search_term_product_name_x_product_title_product_name_1D (1D): corr = -0.251603
[2016-05-08 16:59:08,197] INFO: EditDistance_Bigram_Median_Std_search_term_product_name_x_product_title_product_name_1D (1D): corr = 0.000000
[2016-05-08 16:59:08,207] INFO: EditDistance_Bigram_Median_Max_search_term_product_name_x_product_title_product_name_1D (1D): corr = -0.251603
[2016-05-08 16:59:08,216] INFO: EditDistance_Bigram_Median_Min_search_term_product_name_x_product_title_product_name_1D (1D): corr = -0.251603
[2016-05-08 16:59:08,225] INFO: EditDistance_Bigram_Median_Median_search_term_product_name_x_product_title_product_name_1D (1D): corr = -0.251603
[2016-05-08 17:08:08,412] INFO: EditDistance_Bigram_Mean_Mean_search_term_product_name_x_product_description_1D (1D): corr = -0.115008
[2016-05-08 17:08:08,421] INFO: EditDistance_Bigram_Mean_Std_search_term_product_name_x_product_description_1D (1D): corr = 0.000000
[2016-05-08 17:08:08,430] INFO: EditDistance_Bigram_Mean_Max_search_term_product_name_x_product_description_1D (1D): corr = -0.115008
[2016-05-08 17:08:08,439] INFO: EditDistance_Bigram_Mean_Min_search_term_product_name_x_product_description_1D (1D): corr = -0.115008
[2016-05-08 17:08:08,448] INFO: EditDistance_Bigram_Mean_Median_search_term_product_name_x_product_description_1D (1D): corr = -0.115008
[2016-05-08 17:08:08,458] INFO: EditDistance_Bigram_Max_Mean_search_term_product_name_x_product_description_1D (1D): corr = -0.010174
[2016-05-08 17:08:08,467] INFO: EditDistance_Bigram_Max_Std_search_term_product_name_x_product_description_1D (1D): corr = 0.000000
[2016-05-08 17:08:08,476] INFO: EditDistance_Bigram_Max_Max_search_term_product_name_x_product_description_1D (1D): corr = -0.010174
[2016-05-08 17:08:08,485] INFO: EditDistance_Bigram_Max_Min_search_term_product_name_x_product_description_1D (1D): corr = -0.010174
[2016-05-08 17:08:08,494] INFO: EditDistance_Bigram_Max_Median_search_term_product_name_x_product_description_1D (1D): corr = -0.010174
[2016-05-08 17:08:08,504] INFO: EditDistance_Bigram_Min_Mean_search_term_product_name_x_product_description_1D (1D): corr = -0.232698
[2016-05-08 17:08:08,513] INFO: EditDistance_Bigram_Min_Std_search_term_product_name_x_product_description_1D (1D): corr = 0.000000
[2016-05-08 17:08:08,522] INFO: EditDistance_Bigram_Min_Max_search_term_product_name_x_product_description_1D (1D): corr = -0.232698
[2016-05-08 17:08:08,539] INFO: EditDistance_Bigram_Min_Min_search_term_product_name_x_product_description_1D (1D): corr = -0.232698
[2016-05-08 17:08:08,548] INFO: EditDistance_Bigram_Min_Median_search_term_product_name_x_product_description_1D (1D): corr = -0.232698
[2016-05-08 17:08:08,558] INFO: EditDistance_Bigram_Median_Mean_search_term_product_name_x_product_description_1D (1D): corr = -0.062581
[2016-05-08 17:08:08,567] INFO: EditDistance_Bigram_Median_Std_search_term_product_name_x_product_description_1D (1D): corr = 0.000000
[2016-05-08 17:08:08,576] INFO: EditDistance_Bigram_Median_Max_search_term_product_name_x_product_description_1D (1D): corr = -0.062581
[2016-05-08 17:08:08,585] INFO: EditDistance_Bigram_Median_Min_search_term_product_name_x_product_description_1D (1D): corr = -0.062581
[2016-05-08 17:08:08,594] INFO: EditDistance_Bigram_Median_Median_search_term_product_name_x_product_description_1D (1D): corr = -0.062581
[2016-05-08 17:16:55,438] INFO: EditDistance_Bigram_Mean_Mean_search_term_product_name_x_product_attribute_1D (1D): corr = 0.016865
[2016-05-08 17:16:55,447] INFO: EditDistance_Bigram_Mean_Std_search_term_product_name_x_product_attribute_1D (1D): corr = 0.000000
[2016-05-08 17:16:55,456] INFO: EditDistance_Bigram_Mean_Max_search_term_product_name_x_product_attribute_1D (1D): corr = 0.016865
[2016-05-08 17:16:55,465] INFO: EditDistance_Bigram_Mean_Min_search_term_product_name_x_product_attribute_1D (1D): corr = 0.016865
[2016-05-08 17:16:55,474] INFO: EditDistance_Bigram_Mean_Median_search_term_product_name_x_product_attribute_1D (1D): corr = 0.016865
[2016-05-08 17:16:55,484] INFO: EditDistance_Bigram_Max_Mean_search_term_product_name_x_product_attribute_1D (1D): corr = -0.105953
[2016-05-08 17:16:55,493] INFO: EditDistance_Bigram_Max_Std_search_term_product_name_x_product_attribute_1D (1D): corr = 0.000000
[2016-05-08 17:16:55,502] INFO: EditDistance_Bigram_Max_Max_search_term_product_name_x_product_attribute_1D (1D): corr = -0.105953
[2016-05-08 17:16:55,511] INFO: EditDistance_Bigram_Max_Min_search_term_product_name_x_product_attribute_1D (1D): corr = -0.105953
[2016-05-08 17:16:55,520] INFO: EditDistance_Bigram_Max_Median_search_term_product_name_x_product_attribute_1D (1D): corr = -0.105953
[2016-05-08 17:16:55,529] INFO: EditDistance_Bigram_Min_Mean_search_term_product_name_x_product_attribute_1D (1D): corr = -0.001020
[2016-05-08 17:16:55,539] INFO: EditDistance_Bigram_Min_Std_search_term_product_name_x_product_attribute_1D (1D): corr = 0.000000
[2016-05-08 17:16:55,548] INFO: EditDistance_Bigram_Min_Max_search_term_product_name_x_product_attribute_1D (1D): corr = -0.001020
[2016-05-08 17:16:55,557] INFO: EditDistance_Bigram_Min_Min_search_term_product_name_x_product_attribute_1D (1D): corr = -0.001020
[2016-05-08 17:16:55,566] INFO: EditDistance_Bigram_Min_Median_search_term_product_name_x_product_attribute_1D (1D): corr = -0.001020
[2016-05-08 17:16:55,575] INFO: EditDistance_Bigram_Median_Mean_search_term_product_name_x_product_attribute_1D (1D): corr = 0.020522
[2016-05-08 17:16:55,585] INFO: EditDistance_Bigram_Median_Std_search_term_product_name_x_product_attribute_1D (1D): corr = 0.000000
[2016-05-08 17:16:55,594] INFO: EditDistance_Bigram_Median_Max_search_term_product_name_x_product_attribute_1D (1D): corr = 0.020522
[2016-05-08 17:16:55,603] INFO: EditDistance_Bigram_Median_Min_search_term_product_name_x_product_attribute_1D (1D): corr = 0.020522
[2016-05-08 17:16:55,612] INFO: EditDistance_Bigram_Median_Median_search_term_product_name_x_product_attribute_1D (1D): corr = 0.020522
[2016-05-08 17:22:59,530] INFO: EditDistance_Bigram_Mean_Mean_search_term_product_name_x_product_brand_1D (1D): corr = -0.024029
[2016-05-08 17:22:59,540] INFO: EditDistance_Bigram_Mean_Std_search_term_product_name_x_product_brand_1D (1D): corr = 0.000000
[2016-05-08 17:22:59,549] INFO: EditDistance_Bigram_Mean_Max_search_term_product_name_x_product_brand_1D (1D): corr = -0.024029
[2016-05-08 17:22:59,571] INFO: EditDistance_Bigram_Mean_Min_search_term_product_name_x_product_brand_1D (1D): corr = -0.024029
[2016-05-08 17:22:59,581] INFO: EditDistance_Bigram_Mean_Median_search_term_product_name_x_product_brand_1D (1D): corr = -0.024029
[2016-05-08 17:22:59,590] INFO: EditDistance_Bigram_Max_Mean_search_term_product_name_x_product_brand_1D (1D): corr = -0.027282
[2016-05-08 17:22:59,599] INFO: EditDistance_Bigram_Max_Std_search_term_product_name_x_product_brand_1D (1D): corr = 0.000000
[2016-05-08 17:22:59,608] INFO: EditDistance_Bigram_Max_Max_search_term_product_name_x_product_brand_1D (1D): corr = -0.027282
[2016-05-08 17:22:59,617] INFO: EditDistance_Bigram_Max_Min_search_term_product_name_x_product_brand_1D (1D): corr = -0.027282
[2016-05-08 17:22:59,626] INFO: EditDistance_Bigram_Max_Median_search_term_product_name_x_product_brand_1D (1D): corr = -0.027282
[2016-05-08 17:22:59,635] INFO: EditDistance_Bigram_Min_Mean_search_term_product_name_x_product_brand_1D (1D): corr = -0.020285
[2016-05-08 17:22:59,644] INFO: EditDistance_Bigram_Min_Std_search_term_product_name_x_product_brand_1D (1D): corr = 0.000000
[2016-05-08 17:22:59,654] INFO: EditDistance_Bigram_Min_Max_search_term_product_name_x_product_brand_1D (1D): corr = -0.020285
[2016-05-08 17:22:59,663] INFO: EditDistance_Bigram_Min_Min_search_term_product_name_x_product_brand_1D (1D): corr = -0.020285
[2016-05-08 17:22:59,672] INFO: EditDistance_Bigram_Min_Median_search_term_product_name_x_product_brand_1D (1D): corr = -0.020285
[2016-05-08 17:22:59,681] INFO: EditDistance_Bigram_Median_Mean_search_term_product_name_x_product_brand_1D (1D): corr = -0.023757
[2016-05-08 17:22:59,690] INFO: EditDistance_Bigram_Median_Std_search_term_product_name_x_product_brand_1D (1D): corr = 0.000000
[2016-05-08 17:22:59,699] INFO: EditDistance_Bigram_Median_Max_search_term_product_name_x_product_brand_1D (1D): corr = -0.023757
[2016-05-08 17:22:59,708] INFO: EditDistance_Bigram_Median_Min_search_term_product_name_x_product_brand_1D (1D): corr = -0.023757
[2016-05-08 17:22:59,717] INFO: EditDistance_Bigram_Median_Median_search_term_product_name_x_product_brand_1D (1D): corr = -0.023757
[2016-05-08 17:28:58,979] INFO: EditDistance_Bigram_Mean_Mean_search_term_product_name_x_product_color_1D (1D): corr = 0.002298
[2016-05-08 17:28:59,003] INFO: EditDistance_Bigram_Mean_Std_search_term_product_name_x_product_color_1D (1D): corr = 0.000000
[2016-05-08 17:28:59,012] INFO: EditDistance_Bigram_Mean_Max_search_term_product_name_x_product_color_1D (1D): corr = 0.002298
[2016-05-08 17:28:59,028] INFO: EditDistance_Bigram_Mean_Min_search_term_product_name_x_product_color_1D (1D): corr = 0.002298
[2016-05-08 17:28:59,037] INFO: EditDistance_Bigram_Mean_Median_search_term_product_name_x_product_color_1D (1D): corr = 0.002298
[2016-05-08 17:28:59,051] INFO: EditDistance_Bigram_Max_Mean_search_term_product_name_x_product_color_1D (1D): corr = -0.003248
[2016-05-08 17:28:59,063] INFO: EditDistance_Bigram_Max_Std_search_term_product_name_x_product_color_1D (1D): corr = 0.000000
[2016-05-08 17:28:59,075] INFO: EditDistance_Bigram_Max_Max_search_term_product_name_x_product_color_1D (1D): corr = -0.003248
[2016-05-08 17:28:59,084] INFO: EditDistance_Bigram_Max_Min_search_term_product_name_x_product_color_1D (1D): corr = -0.003248
[2016-05-08 17:28:59,094] INFO: EditDistance_Bigram_Max_Median_search_term_product_name_x_product_color_1D (1D): corr = -0.003248
[2016-05-08 17:28:59,103] INFO: EditDistance_Bigram_Min_Mean_search_term_product_name_x_product_color_1D (1D): corr = 0.007266
[2016-05-08 17:28:59,112] INFO: EditDistance_Bigram_Min_Std_search_term_product_name_x_product_color_1D (1D): corr = 0.000000
[2016-05-08 17:28:59,121] INFO: EditDistance_Bigram_Min_Max_search_term_product_name_x_product_color_1D (1D): corr = 0.007266
[2016-05-08 17:28:59,130] INFO: EditDistance_Bigram_Min_Min_search_term_product_name_x_product_color_1D (1D): corr = 0.007266
[2016-05-08 17:28:59,139] INFO: EditDistance_Bigram_Min_Median_search_term_product_name_x_product_color_1D (1D): corr = 0.007266
[2016-05-08 17:28:59,148] INFO: EditDistance_Bigram_Median_Mean_search_term_product_name_x_product_color_1D (1D): corr = 0.002176
[2016-05-08 17:28:59,158] INFO: EditDistance_Bigram_Median_Std_search_term_product_name_x_product_color_1D (1D): corr = 0.000000
[2016-05-08 17:28:59,171] INFO: EditDistance_Bigram_Median_Max_search_term_product_name_x_product_color_1D (1D): corr = 0.002176
[2016-05-08 17:28:59,183] INFO: EditDistance_Bigram_Median_Min_search_term_product_name_x_product_color_1D (1D): corr = 0.002176
[2016-05-08 17:28:59,192] INFO: EditDistance_Bigram_Median_Median_search_term_product_name_x_product_color_1D (1D): corr = 0.002176
[2016-05-08 17:37:30,206] INFO: EditDistance_Trigram_Mean_Mean_search_term_x_product_title_1D (1D): corr = -0.227922
[2016-05-08 17:37:30,215] INFO: EditDistance_Trigram_Mean_Std_search_term_x_product_title_1D (1D): corr = -0.081621
[2016-05-08 17:37:30,225] INFO: EditDistance_Trigram_Mean_Max_search_term_x_product_title_1D (1D): corr = -0.244462
[2016-05-08 17:37:30,234] INFO: EditDistance_Trigram_Mean_Min_search_term_x_product_title_1D (1D): corr = -0.190401
[2016-05-08 17:37:30,243] INFO: EditDistance_Trigram_Mean_Median_search_term_x_product_title_1D (1D): corr = -0.227165
[2016-05-08 17:37:30,252] INFO: EditDistance_Trigram_Max_Mean_search_term_x_product_title_1D (1D): corr = -0.019747
[2016-05-08 17:37:30,261] INFO: EditDistance_Trigram_Max_Std_search_term_x_product_title_1D (1D): corr = -0.069586
[2016-05-08 17:37:30,271] INFO: EditDistance_Trigram_Max_Max_search_term_x_product_title_1D (1D): corr = -0.043444
[2016-05-08 17:37:30,280] INFO: EditDistance_Trigram_Max_Min_search_term_x_product_title_1D (1D): corr = 0.003696
[2016-05-08 17:37:30,289] INFO: EditDistance_Trigram_Max_Median_search_term_x_product_title_1D (1D): corr = -0.018361
[2016-05-08 17:37:30,298] INFO: EditDistance_Trigram_Min_Mean_search_term_x_product_title_1D (1D): corr = -0.296164
[2016-05-08 17:37:30,307] INFO: EditDistance_Trigram_Min_Std_search_term_x_product_title_1D (1D): corr = -0.058945
[2016-05-08 17:37:30,316] INFO: EditDistance_Trigram_Min_Max_search_term_x_product_title_1D (1D): corr = -0.307909
[2016-05-08 17:37:30,326] INFO: EditDistance_Trigram_Min_Min_search_term_x_product_title_1D (1D): corr = -0.238450
[2016-05-08 17:37:30,335] INFO: EditDistance_Trigram_Min_Median_search_term_x_product_title_1D (1D): corr = -0.293821
[2016-05-08 17:37:30,344] INFO: EditDistance_Trigram_Median_Mean_search_term_x_product_title_1D (1D): corr = -0.106227
[2016-05-08 17:37:30,353] INFO: EditDistance_Trigram_Median_Std_search_term_x_product_title_1D (1D): corr = -0.050232
[2016-05-08 17:37:30,374] INFO: EditDistance_Trigram_Median_Max_search_term_x_product_title_1D (1D): corr = -0.120142
[2016-05-08 17:37:30,384] INFO: EditDistance_Trigram_Median_Min_search_term_x_product_title_1D (1D): corr = -0.082015
[2016-05-08 17:37:30,393] INFO: EditDistance_Trigram_Median_Median_search_term_x_product_title_1D (1D): corr = -0.106398
[2016-05-08 17:45:24,454] INFO: EditDistance_Trigram_Mean_Mean_search_term_x_product_title_product_name_1D (1D): corr = -0.266592
[2016-05-08 17:45:24,463] INFO: EditDistance_Trigram_Mean_Std_search_term_x_product_title_product_name_1D (1D): corr = 0.014300
[2016-05-08 17:45:24,472] INFO: EditDistance_Trigram_Mean_Max_search_term_x_product_title_product_name_1D (1D): corr = -0.246315
[2016-05-08 17:45:24,481] INFO: EditDistance_Trigram_Mean_Min_search_term_x_product_title_product_name_1D (1D): corr = -0.245609
[2016-05-08 17:45:24,490] INFO: EditDistance_Trigram_Mean_Median_search_term_x_product_title_product_name_1D (1D): corr = -0.259655
[2016-05-08 17:45:24,500] INFO: EditDistance_Trigram_Max_Mean_search_term_x_product_title_product_name_1D (1D): corr = -0.266592
[2016-05-08 17:45:24,509] INFO: EditDistance_Trigram_Max_Std_search_term_x_product_title_product_name_1D (1D): corr = 0.014300
[2016-05-08 17:45:24,518] INFO: EditDistance_Trigram_Max_Max_search_term_x_product_title_product_name_1D (1D): corr = -0.246315
[2016-05-08 17:45:24,527] INFO: EditDistance_Trigram_Max_Min_search_term_x_product_title_product_name_1D (1D): corr = -0.245609
[2016-05-08 17:45:24,537] INFO: EditDistance_Trigram_Max_Median_search_term_x_product_title_product_name_1D (1D): corr = -0.259655
[2016-05-08 17:45:24,546] INFO: EditDistance_Trigram_Min_Mean_search_term_x_product_title_product_name_1D (1D): corr = -0.266592
[2016-05-08 17:45:24,555] INFO: EditDistance_Trigram_Min_Std_search_term_x_product_title_product_name_1D (1D): corr = 0.014300
[2016-05-08 17:45:24,564] INFO: EditDistance_Trigram_Min_Max_search_term_x_product_title_product_name_1D (1D): corr = -0.246315
[2016-05-08 17:45:24,573] INFO: EditDistance_Trigram_Min_Min_search_term_x_product_title_product_name_1D (1D): corr = -0.245609
[2016-05-08 17:45:24,583] INFO: EditDistance_Trigram_Min_Median_search_term_x_product_title_product_name_1D (1D): corr = -0.259655
[2016-05-08 17:45:24,592] INFO: EditDistance_Trigram_Median_Mean_search_term_x_product_title_product_name_1D (1D): corr = -0.266592
[2016-05-08 17:45:24,601] INFO: EditDistance_Trigram_Median_Std_search_term_x_product_title_product_name_1D (1D): corr = 0.014300
[2016-05-08 17:45:24,610] INFO: EditDistance_Trigram_Median_Max_search_term_x_product_title_product_name_1D (1D): corr = -0.246315
[2016-05-08 17:45:24,619] INFO: EditDistance_Trigram_Median_Min_search_term_x_product_title_product_name_1D (1D): corr = -0.245609
[2016-05-08 17:45:24,629] INFO: EditDistance_Trigram_Median_Median_search_term_x_product_title_product_name_1D (1D): corr = -0.259655
[2016-05-08 17:58:27,683] INFO: EditDistance_Trigram_Mean_Mean_search_term_x_product_description_1D (1D): corr = -0.127062
[2016-05-08 17:58:27,692] INFO: EditDistance_Trigram_Mean_Std_search_term_x_product_description_1D (1D): corr = -0.075224
[2016-05-08 17:58:27,701] INFO: EditDistance_Trigram_Mean_Max_search_term_x_product_description_1D (1D): corr = -0.141205
[2016-05-08 17:58:27,710] INFO: EditDistance_Trigram_Mean_Min_search_term_x_product_description_1D (1D): corr = -0.100320
[2016-05-08 17:58:27,720] INFO: EditDistance_Trigram_Mean_Median_search_term_x_product_description_1D (1D): corr = -0.125425
[2016-05-08 17:58:27,729] INFO: EditDistance_Trigram_Max_Mean_search_term_x_product_description_1D (1D): corr = 0.041037
[2016-05-08 17:58:27,738] INFO: EditDistance_Trigram_Max_Std_search_term_x_product_description_1D (1D): corr = -0.075445
[2016-05-08 17:58:27,747] INFO: EditDistance_Trigram_Max_Max_search_term_x_product_description_1D (1D): corr = 0.004472
[2016-05-08 17:58:27,756] INFO: EditDistance_Trigram_Max_Min_search_term_x_product_description_1D (1D): corr = 0.064082
[2016-05-08 17:58:27,765] INFO: EditDistance_Trigram_Max_Median_search_term_x_product_description_1D (1D): corr = 0.039159
[2016-05-08 17:58:27,774] INFO: EditDistance_Trigram_Min_Mean_search_term_x_product_description_1D (1D): corr = -0.252696
[2016-05-08 17:58:27,783] INFO: EditDistance_Trigram_Min_Std_search_term_x_product_description_1D (1D): corr = -0.048338
[2016-05-08 17:58:27,792] INFO: EditDistance_Trigram_Min_Max_search_term_x_product_description_1D (1D): corr = -0.264392
[2016-05-08 17:58:27,801] INFO: EditDistance_Trigram_Min_Min_search_term_x_product_description_1D (1D): corr = -0.202241
[2016-05-08 17:58:27,810] INFO: EditDistance_Trigram_Min_Median_search_term_x_product_description_1D (1D): corr = -0.250689
[2016-05-08 17:58:27,819] INFO: EditDistance_Trigram_Median_Mean_search_term_x_product_description_1D (1D): corr = -0.069546
[2016-05-08 17:58:27,828] INFO: EditDistance_Trigram_Median_Std_search_term_x_product_description_1D (1D): corr = -0.076233
[2016-05-08 17:58:27,837] INFO: EditDistance_Trigram_Median_Max_search_term_x_product_description_1D (1D): corr = -0.089977
[2016-05-08 17:58:27,846] INFO: EditDistance_Trigram_Median_Min_search_term_x_product_description_1D (1D): corr = -0.041021
[2016-05-08 17:58:27,856] INFO: EditDistance_Trigram_Median_Median_search_term_x_product_description_1D (1D): corr = -0.068557
[2016-05-08 18:11:17,271] INFO: EditDistance_Trigram_Mean_Mean_search_term_x_product_attribute_1D (1D): corr = 0.029357
[2016-05-08 18:11:17,280] INFO: EditDistance_Trigram_Mean_Std_search_term_x_product_attribute_1D (1D): corr = -0.024176
[2016-05-08 18:11:17,289] INFO: EditDistance_Trigram_Mean_Max_search_term_x_product_attribute_1D (1D): corr = 0.019859
[2016-05-08 18:11:17,299] INFO: EditDistance_Trigram_Mean_Min_search_term_x_product_attribute_1D (1D): corr = 0.037333
[2016-05-08 18:11:17,308] INFO: EditDistance_Trigram_Mean_Median_search_term_x_product_attribute_1D (1D): corr = 0.029227
[2016-05-08 18:11:17,317] INFO: EditDistance_Trigram_Max_Mean_search_term_x_product_attribute_1D (1D): corr = -0.097870
[2016-05-08 18:11:17,326] INFO: EditDistance_Trigram_Max_Std_search_term_x_product_attribute_1D (1D): corr = -0.043592
[2016-05-08 18:11:17,336] INFO: EditDistance_Trigram_Max_Max_search_term_x_product_attribute_1D (1D): corr = -0.111315
[2016-05-08 18:11:17,345] INFO: EditDistance_Trigram_Max_Min_search_term_x_product_attribute_1D (1D): corr = -0.074619
[2016-05-08 18:11:17,354] INFO: EditDistance_Trigram_Max_Median_search_term_x_product_attribute_1D (1D): corr = -0.098767
[2016-05-08 18:11:17,363] INFO: EditDistance_Trigram_Min_Mean_search_term_x_product_attribute_1D (1D): corr = 0.011342
[2016-05-08 18:11:17,372] INFO: EditDistance_Trigram_Min_Std_search_term_x_product_attribute_1D (1D): corr = -0.050637
[2016-05-08 18:11:17,381] INFO: EditDistance_Trigram_Min_Max_search_term_x_product_attribute_1D (1D): corr = -0.000851
[2016-05-08 18:11:17,390] INFO: EditDistance_Trigram_Min_Min_search_term_x_product_attribute_1D (1D): corr = 0.023019
[2016-05-08 18:11:17,400] INFO: EditDistance_Trigram_Min_Median_search_term_x_product_attribute_1D (1D): corr = 0.010180
[2016-05-08 18:11:17,409] INFO: EditDistance_Trigram_Median_Mean_search_term_x_product_attribute_1D (1D): corr = 0.033500
[2016-05-08 18:11:17,418] INFO: EditDistance_Trigram_Median_Std_search_term_x_product_attribute_1D (1D): corr = -0.031327
[2016-05-08 18:11:17,427] INFO: EditDistance_Trigram_Median_Max_search_term_x_product_attribute_1D (1D): corr = 0.021115
[2016-05-08 18:11:17,436] INFO: EditDistance_Trigram_Median_Min_search_term_x_product_attribute_1D (1D): corr = 0.043556
[2016-05-08 18:11:17,445] INFO: EditDistance_Trigram_Median_Median_search_term_x_product_attribute_1D (1D): corr = 0.033292
[2016-05-08 18:19:09,330] INFO: EditDistance_Trigram_Mean_Mean_search_term_x_product_brand_1D (1D): corr = -0.049047
[2016-05-08 18:19:09,339] INFO: EditDistance_Trigram_Mean_Std_search_term_x_product_brand_1D (1D): corr = -0.030786
[2016-05-08 18:19:09,348] INFO: EditDistance_Trigram_Mean_Max_search_term_x_product_brand_1D (1D): corr = -0.060750
[2016-05-08 18:19:09,357] INFO: EditDistance_Trigram_Mean_Min_search_term_x_product_brand_1D (1D): corr = -0.031040
[2016-05-08 18:19:09,367] INFO: EditDistance_Trigram_Mean_Median_search_term_x_product_brand_1D (1D): corr = -0.048756
[2016-05-08 18:19:09,376] INFO: EditDistance_Trigram_Max_Mean_search_term_x_product_brand_1D (1D): corr = -0.049299
[2016-05-08 18:19:09,385] INFO: EditDistance_Trigram_Max_Std_search_term_x_product_brand_1D (1D): corr = -0.030743
[2016-05-08 18:19:09,394] INFO: EditDistance_Trigram_Max_Max_search_term_x_product_brand_1D (1D): corr = -0.061011
[2016-05-08 18:19:09,403] INFO: EditDistance_Trigram_Max_Min_search_term_x_product_brand_1D (1D): corr = -0.031283
[2016-05-08 18:19:09,413] INFO: EditDistance_Trigram_Max_Median_search_term_x_product_brand_1D (1D): corr = -0.048897
[2016-05-08 18:19:09,422] INFO: EditDistance_Trigram_Min_Mean_search_term_x_product_brand_1D (1D): corr = -0.048357
[2016-05-08 18:19:09,431] INFO: EditDistance_Trigram_Min_Std_search_term_x_product_brand_1D (1D): corr = -0.031491
[2016-05-08 18:19:09,454] INFO: EditDistance_Trigram_Min_Max_search_term_x_product_brand_1D (1D): corr = -0.060357
[2016-05-08 18:19:09,463] INFO: EditDistance_Trigram_Min_Min_search_term_x_product_brand_1D (1D): corr = -0.030316
[2016-05-08 18:19:09,472] INFO: EditDistance_Trigram_Min_Median_search_term_x_product_brand_1D (1D): corr = -0.048075
[2016-05-08 18:19:09,482] INFO: EditDistance_Trigram_Median_Mean_search_term_x_product_brand_1D (1D): corr = -0.049109
[2016-05-08 18:19:09,491] INFO: EditDistance_Trigram_Median_Std_search_term_x_product_brand_1D (1D): corr = -0.030764
[2016-05-08 18:19:09,500] INFO: EditDistance_Trigram_Median_Max_search_term_x_product_brand_1D (1D): corr = -0.060800
[2016-05-08 18:19:09,509] INFO: EditDistance_Trigram_Median_Min_search_term_x_product_brand_1D (1D): corr = -0.031093
[2016-05-08 18:19:09,518] INFO: EditDistance_Trigram_Median_Median_search_term_x_product_brand_1D (1D): corr = -0.048829
[2016-05-08 18:27:02,131] INFO: EditDistance_Trigram_Mean_Mean_search_term_x_product_color_1D (1D): corr = -0.017234
[2016-05-08 18:27:02,140] INFO: EditDistance_Trigram_Mean_Std_search_term_x_product_color_1D (1D): corr = -0.060515
[2016-05-08 18:27:02,149] INFO: EditDistance_Trigram_Mean_Max_search_term_x_product_color_1D (1D): corr = -0.039722
[2016-05-08 18:27:02,158] INFO: EditDistance_Trigram_Mean_Min_search_term_x_product_color_1D (1D): corr = 0.006994
[2016-05-08 18:27:02,167] INFO: EditDistance_Trigram_Mean_Median_search_term_x_product_color_1D (1D): corr = -0.017431
[2016-05-08 18:27:02,176] INFO: EditDistance_Trigram_Max_Mean_search_term_x_product_color_1D (1D): corr = -0.019265
[2016-05-08 18:27:02,186] INFO: EditDistance_Trigram_Max_Std_search_term_x_product_color_1D (1D): corr = -0.062493
[2016-05-08 18:27:02,195] INFO: EditDistance_Trigram_Max_Max_search_term_x_product_color_1D (1D): corr = -0.042641
[2016-05-08 18:27:02,204] INFO: EditDistance_Trigram_Max_Min_search_term_x_product_color_1D (1D): corr = 0.006383
[2016-05-08 18:27:02,213] INFO: EditDistance_Trigram_Max_Median_search_term_x_product_color_1D (1D): corr = -0.019560
[2016-05-08 18:27:02,222] INFO: EditDistance_Trigram_Min_Mean_search_term_x_product_color_1D (1D): corr = -0.013475
[2016-05-08 18:27:02,231] INFO: EditDistance_Trigram_Min_Std_search_term_x_product_color_1D (1D): corr = -0.056789
[2016-05-08 18:27:02,241] INFO: EditDistance_Trigram_Min_Max_search_term_x_product_color_1D (1D): corr = -0.034593
[2016-05-08 18:27:02,250] INFO: EditDistance_Trigram_Min_Min_search_term_x_product_color_1D (1D): corr = 0.008083
[2016-05-08 18:27:02,259] INFO: EditDistance_Trigram_Min_Median_search_term_x_product_color_1D (1D): corr = -0.013713
[2016-05-08 18:27:02,268] INFO: EditDistance_Trigram_Median_Mean_search_term_x_product_color_1D (1D): corr = -0.017560
[2016-05-08 18:27:02,277] INFO: EditDistance_Trigram_Median_Std_search_term_x_product_color_1D (1D): corr = -0.060764
[2016-05-08 18:27:02,287] INFO: EditDistance_Trigram_Median_Max_search_term_x_product_color_1D (1D): corr = -0.040203
[2016-05-08 18:27:02,296] INFO: EditDistance_Trigram_Median_Min_search_term_x_product_color_1D (1D): corr = 0.006795
[2016-05-08 18:27:02,305] INFO: EditDistance_Trigram_Median_Median_search_term_x_product_color_1D (1D): corr = -0.017679
[2016-05-08 18:33:30,550] INFO: EditDistance_Trigram_Mean_Mean_search_term_product_name_x_product_title_1D (1D): corr = -0.190052
[2016-05-08 18:33:30,560] INFO: EditDistance_Trigram_Mean_Std_search_term_product_name_x_product_title_1D (1D): corr = 0.000000
[2016-05-08 18:33:30,569] INFO: EditDistance_Trigram_Mean_Max_search_term_product_name_x_product_title_1D (1D): corr = -0.190052
[2016-05-08 18:33:30,578] INFO: EditDistance_Trigram_Mean_Min_search_term_product_name_x_product_title_1D (1D): corr = -0.190052
[2016-05-08 18:33:30,587] INFO: EditDistance_Trigram_Mean_Median_search_term_product_name_x_product_title_1D (1D): corr = -0.190052
[2016-05-08 18:33:30,596] INFO: EditDistance_Trigram_Max_Mean_search_term_product_name_x_product_title_1D (1D): corr = -0.032381
[2016-05-08 18:33:30,605] INFO: EditDistance_Trigram_Max_Std_search_term_product_name_x_product_title_1D (1D): corr = 0.000000
[2016-05-08 18:33:30,614] INFO: EditDistance_Trigram_Max_Max_search_term_product_name_x_product_title_1D (1D): corr = -0.032381
[2016-05-08 18:33:30,624] INFO: EditDistance_Trigram_Max_Min_search_term_product_name_x_product_title_1D (1D): corr = -0.032381
[2016-05-08 18:33:30,633] INFO: EditDistance_Trigram_Max_Median_search_term_product_name_x_product_title_1D (1D): corr = -0.032381
[2016-05-08 18:33:30,642] INFO: EditDistance_Trigram_Min_Mean_search_term_product_name_x_product_title_1D (1D): corr = -0.263017
[2016-05-08 18:33:30,651] INFO: EditDistance_Trigram_Min_Std_search_term_product_name_x_product_title_1D (1D): corr = 0.000000
[2016-05-08 18:33:30,660] INFO: EditDistance_Trigram_Min_Max_search_term_product_name_x_product_title_1D (1D): corr = -0.263017
[2016-05-08 18:33:30,669] INFO: EditDistance_Trigram_Min_Min_search_term_product_name_x_product_title_1D (1D): corr = -0.263017
[2016-05-08 18:33:30,679] INFO: EditDistance_Trigram_Min_Median_search_term_product_name_x_product_title_1D (1D): corr = -0.263017
[2016-05-08 18:33:30,688] INFO: EditDistance_Trigram_Median_Mean_search_term_product_name_x_product_title_1D (1D): corr = -0.092601
[2016-05-08 18:33:30,697] INFO: EditDistance_Trigram_Median_Std_search_term_product_name_x_product_title_1D (1D): corr = 0.000000
[2016-05-08 18:33:30,706] INFO: EditDistance_Trigram_Median_Max_search_term_product_name_x_product_title_1D (1D): corr = -0.092601
[2016-05-08 18:33:30,715] INFO: EditDistance_Trigram_Median_Min_search_term_product_name_x_product_title_1D (1D): corr = -0.092601
[2016-05-08 18:33:30,724] INFO: EditDistance_Trigram_Median_Median_search_term_product_name_x_product_title_1D (1D): corr = -0.092601
[2016-05-08 18:39:36,313] INFO: EditDistance_Trigram_Mean_Mean_search_term_product_name_x_product_title_product_name_1D (1D): corr = -0.251603
[2016-05-08 18:39:36,335] INFO: EditDistance_Trigram_Mean_Std_search_term_product_name_x_product_title_product_name_1D (1D): corr = 0.000000
[2016-05-08 18:39:36,344] INFO: EditDistance_Trigram_Mean_Max_search_term_product_name_x_product_title_product_name_1D (1D): corr = -0.251603
[2016-05-08 18:39:36,353] INFO: EditDistance_Trigram_Mean_Min_search_term_product_name_x_product_title_product_name_1D (1D): corr = -0.251603
[2016-05-08 18:39:36,362] INFO: EditDistance_Trigram_Mean_Median_search_term_product_name_x_product_title_product_name_1D (1D): corr = -0.251603
[2016-05-08 18:39:36,372] INFO: EditDistance_Trigram_Max_Mean_search_term_product_name_x_product_title_product_name_1D (1D): corr = -0.251603
[2016-05-08 18:39:36,381] INFO: EditDistance_Trigram_Max_Std_search_term_product_name_x_product_title_product_name_1D (1D): corr = 0.000000
[2016-05-08 18:39:36,390] INFO: EditDistance_Trigram_Max_Max_search_term_product_name_x_product_title_product_name_1D (1D): corr = -0.251603
[2016-05-08 18:39:36,399] INFO: EditDistance_Trigram_Max_Min_search_term_product_name_x_product_title_product_name_1D (1D): corr = -0.251603
[2016-05-08 18:39:36,408] INFO: EditDistance_Trigram_Max_Median_search_term_product_name_x_product_title_product_name_1D (1D): corr = -0.251603
[2016-05-08 18:39:36,417] INFO: EditDistance_Trigram_Min_Mean_search_term_product_name_x_product_title_product_name_1D (1D): corr = -0.251603
[2016-05-08 18:39:36,426] INFO: EditDistance_Trigram_Min_Std_search_term_product_name_x_product_title_product_name_1D (1D): corr = 0.000000
[2016-05-08 18:39:36,436] INFO: EditDistance_Trigram_Min_Max_search_term_product_name_x_product_title_product_name_1D (1D): corr = -0.251603
[2016-05-08 18:39:36,445] INFO: EditDistance_Trigram_Min_Min_search_term_product_name_x_product_title_product_name_1D (1D): corr = -0.251603
[2016-05-08 18:39:36,454] INFO: EditDistance_Trigram_Min_Median_search_term_product_name_x_product_title_product_name_1D (1D): corr = -0.251603
[2016-05-08 18:39:36,463] INFO: EditDistance_Trigram_Median_Mean_search_term_product_name_x_product_title_product_name_1D (1D): corr = -0.251603
[2016-05-08 18:39:36,472] INFO: EditDistance_Trigram_Median_Std_search_term_product_name_x_product_title_product_name_1D (1D): corr = 0.000000
[2016-05-08 18:39:36,481] INFO: EditDistance_Trigram_Median_Max_search_term_product_name_x_product_title_product_name_1D (1D): corr = -0.251603
[2016-05-08 18:39:36,490] INFO: EditDistance_Trigram_Median_Min_search_term_product_name_x_product_title_product_name_1D (1D): corr = -0.251603
[2016-05-08 18:39:36,500] INFO: EditDistance_Trigram_Median_Median_search_term_product_name_x_product_title_product_name_1D (1D): corr = -0.251603
[2016-05-08 18:49:11,195] INFO: EditDistance_Trigram_Mean_Mean_search_term_product_name_x_product_description_1D (1D): corr = -0.118266
[2016-05-08 18:49:11,204] INFO: EditDistance_Trigram_Mean_Std_search_term_product_name_x_product_description_1D (1D): corr = 0.000000
[2016-05-08 18:49:11,214] INFO: EditDistance_Trigram_Mean_Max_search_term_product_name_x_product_description_1D (1D): corr = -0.118266
[2016-05-08 18:49:11,223] INFO: EditDistance_Trigram_Mean_Min_search_term_product_name_x_product_description_1D (1D): corr = -0.118266
[2016-05-08 18:49:11,232] INFO: EditDistance_Trigram_Mean_Median_search_term_product_name_x_product_description_1D (1D): corr = -0.118266
[2016-05-08 18:49:11,241] INFO: EditDistance_Trigram_Max_Mean_search_term_product_name_x_product_description_1D (1D): corr = 0.014227
[2016-05-08 18:49:11,250] INFO: EditDistance_Trigram_Max_Std_search_term_product_name_x_product_description_1D (1D): corr = 0.000000
[2016-05-08 18:49:11,259] INFO: EditDistance_Trigram_Max_Max_search_term_product_name_x_product_description_1D (1D): corr = 0.014227
[2016-05-08 18:49:11,269] INFO: EditDistance_Trigram_Max_Min_search_term_product_name_x_product_description_1D (1D): corr = 0.014227
[2016-05-08 18:49:11,278] INFO: EditDistance_Trigram_Max_Median_search_term_product_name_x_product_description_1D (1D): corr = 0.014227
[2016-05-08 18:49:11,287] INFO: EditDistance_Trigram_Min_Mean_search_term_product_name_x_product_description_1D (1D): corr = -0.224424
[2016-05-08 18:49:11,296] INFO: EditDistance_Trigram_Min_Std_search_term_product_name_x_product_description_1D (1D): corr = 0.000000
[2016-05-08 18:49:11,305] INFO: EditDistance_Trigram_Min_Max_search_term_product_name_x_product_description_1D (1D): corr = -0.224424
[2016-05-08 18:49:11,314] INFO: EditDistance_Trigram_Min_Min_search_term_product_name_x_product_description_1D (1D): corr = -0.224424
[2016-05-08 18:49:11,323] INFO: EditDistance_Trigram_Min_Median_search_term_product_name_x_product_description_1D (1D): corr = -0.224424
[2016-05-08 18:49:11,332] INFO: EditDistance_Trigram_Median_Mean_search_term_product_name_x_product_description_1D (1D): corr = -0.075291
[2016-05-08 18:49:11,342] INFO: EditDistance_Trigram_Median_Std_search_term_product_name_x_product_description_1D (1D): corr = 0.000000
[2016-05-08 18:49:11,351] INFO: EditDistance_Trigram_Median_Max_search_term_product_name_x_product_description_1D (1D): corr = -0.075291
[2016-05-08 18:49:11,360] INFO: EditDistance_Trigram_Median_Min_search_term_product_name_x_product_description_1D (1D): corr = -0.075291
[2016-05-08 18:49:11,369] INFO: EditDistance_Trigram_Median_Median_search_term_product_name_x_product_description_1D (1D): corr = -0.075291
[2016-05-08 18:58:30,034] INFO: EditDistance_Trigram_Mean_Mean_search_term_product_name_x_product_attribute_1D (1D): corr = 0.022854
[2016-05-08 18:58:30,043] INFO: EditDistance_Trigram_Mean_Std_search_term_product_name_x_product_attribute_1D (1D): corr = 0.000000
[2016-05-08 18:58:30,052] INFO: EditDistance_Trigram_Mean_Max_search_term_product_name_x_product_attribute_1D (1D): corr = 0.022854
[2016-05-08 18:58:30,061] INFO: EditDistance_Trigram_Mean_Min_search_term_product_name_x_product_attribute_1D (1D): corr = 0.022854
[2016-05-08 18:58:30,070] INFO: EditDistance_Trigram_Mean_Median_search_term_product_name_x_product_attribute_1D (1D): corr = 0.022854
[2016-05-08 18:58:30,080] INFO: EditDistance_Trigram_Max_Mean_search_term_product_name_x_product_attribute_1D (1D): corr = -0.097566
[2016-05-08 18:58:30,089] INFO: EditDistance_Trigram_Max_Std_search_term_product_name_x_product_attribute_1D (1D): corr = 0.000000
[2016-05-08 18:58:30,098] INFO: EditDistance_Trigram_Max_Max_search_term_product_name_x_product_attribute_1D (1D): corr = -0.097566
[2016-05-08 18:58:30,107] INFO: EditDistance_Trigram_Max_Min_search_term_product_name_x_product_attribute_1D (1D): corr = -0.097566
[2016-05-08 18:58:30,116] INFO: EditDistance_Trigram_Max_Median_search_term_product_name_x_product_attribute_1D (1D): corr = -0.097566
[2016-05-08 18:58:30,125] INFO: EditDistance_Trigram_Min_Mean_search_term_product_name_x_product_attribute_1D (1D): corr = 0.008427
[2016-05-08 18:58:30,134] INFO: EditDistance_Trigram_Min_Std_search_term_product_name_x_product_attribute_1D (1D): corr = 0.000000
[2016-05-08 18:58:30,143] INFO: EditDistance_Trigram_Min_Max_search_term_product_name_x_product_attribute_1D (1D): corr = 0.008427
[2016-05-08 18:58:30,153] INFO: EditDistance_Trigram_Min_Min_search_term_product_name_x_product_attribute_1D (1D): corr = 0.008427
[2016-05-08 18:58:30,162] INFO: EditDistance_Trigram_Min_Median_search_term_product_name_x_product_attribute_1D (1D): corr = 0.008427
[2016-05-08 18:58:30,171] INFO: EditDistance_Trigram_Median_Mean_search_term_product_name_x_product_attribute_1D (1D): corr = 0.032732
[2016-05-08 18:58:30,180] INFO: EditDistance_Trigram_Median_Std_search_term_product_name_x_product_attribute_1D (1D): corr = 0.000000
[2016-05-08 18:58:30,189] INFO: EditDistance_Trigram_Median_Max_search_term_product_name_x_product_attribute_1D (1D): corr = 0.032732
[2016-05-08 18:58:30,198] INFO: EditDistance_Trigram_Median_Min_search_term_product_name_x_product_attribute_1D (1D): corr = 0.032732
[2016-05-08 18:58:30,207] INFO: EditDistance_Trigram_Median_Median_search_term_product_name_x_product_attribute_1D (1D): corr = 0.032732
[2016-05-08 19:04:31,596] INFO: EditDistance_Trigram_Mean_Mean_search_term_product_name_x_product_brand_1D (1D): corr = -0.024695
[2016-05-08 19:04:31,605] INFO: EditDistance_Trigram_Mean_Std_search_term_product_name_x_product_brand_1D (1D): corr = 0.000000
[2016-05-08 19:04:31,614] INFO: EditDistance_Trigram_Mean_Max_search_term_product_name_x_product_brand_1D (1D): corr = -0.024695
[2016-05-08 19:04:31,623] INFO: EditDistance_Trigram_Mean_Min_search_term_product_name_x_product_brand_1D (1D): corr = -0.024695
[2016-05-08 19:04:31,632] INFO: EditDistance_Trigram_Mean_Median_search_term_product_name_x_product_brand_1D (1D): corr = -0.024695
[2016-05-08 19:04:31,641] INFO: EditDistance_Trigram_Max_Mean_search_term_product_name_x_product_brand_1D (1D): corr = -0.024259
[2016-05-08 19:04:31,651] INFO: EditDistance_Trigram_Max_Std_search_term_product_name_x_product_brand_1D (1D): corr = 0.000000
[2016-05-08 19:04:31,660] INFO: EditDistance_Trigram_Max_Max_search_term_product_name_x_product_brand_1D (1D): corr = -0.024259
[2016-05-08 19:04:31,669] INFO: EditDistance_Trigram_Max_Min_search_term_product_name_x_product_brand_1D (1D): corr = -0.024259
[2016-05-08 19:04:31,678] INFO: EditDistance_Trigram_Max_Median_search_term_product_name_x_product_brand_1D (1D): corr = -0.024259
[2016-05-08 19:04:31,687] INFO: EditDistance_Trigram_Min_Mean_search_term_product_name_x_product_brand_1D (1D): corr = -0.024848
[2016-05-08 19:04:31,697] INFO: EditDistance_Trigram_Min_Std_search_term_product_name_x_product_brand_1D (1D): corr = 0.000000
[2016-05-08 19:04:31,706] INFO: EditDistance_Trigram_Min_Max_search_term_product_name_x_product_brand_1D (1D): corr = -0.024848
[2016-05-08 19:04:31,715] INFO: EditDistance_Trigram_Min_Min_search_term_product_name_x_product_brand_1D (1D): corr = -0.024848
[2016-05-08 19:04:31,724] INFO: EditDistance_Trigram_Min_Median_search_term_product_name_x_product_brand_1D (1D): corr = -0.024848
[2016-05-08 19:04:31,733] INFO: EditDistance_Trigram_Median_Mean_search_term_product_name_x_product_brand_1D (1D): corr = -0.024760
[2016-05-08 19:04:31,742] INFO: EditDistance_Trigram_Median_Std_search_term_product_name_x_product_brand_1D (1D): corr = 0.000000
[2016-05-08 19:04:31,752] INFO: EditDistance_Trigram_Median_Max_search_term_product_name_x_product_brand_1D (1D): corr = -0.024760
[2016-05-08 19:04:31,761] INFO: EditDistance_Trigram_Median_Min_search_term_product_name_x_product_brand_1D (1D): corr = -0.024760
[2016-05-08 19:04:31,770] INFO: EditDistance_Trigram_Median_Median_search_term_product_name_x_product_brand_1D (1D): corr = -0.024760
[2016-05-08 19:10:32,660] INFO: EditDistance_Trigram_Mean_Mean_search_term_product_name_x_product_color_1D (1D): corr = 0.000929
[2016-05-08 19:10:32,669] INFO: EditDistance_Trigram_Mean_Std_search_term_product_name_x_product_color_1D (1D): corr = 0.000000
[2016-05-08 19:10:32,678] INFO: EditDistance_Trigram_Mean_Max_search_term_product_name_x_product_color_1D (1D): corr = 0.000929
[2016-05-08 19:10:32,687] INFO: EditDistance_Trigram_Mean_Min_search_term_product_name_x_product_color_1D (1D): corr = 0.000929
[2016-05-08 19:10:32,696] INFO: EditDistance_Trigram_Mean_Median_search_term_product_name_x_product_color_1D (1D): corr = 0.000929
[2016-05-08 19:10:32,706] INFO: EditDistance_Trigram_Max_Mean_search_term_product_name_x_product_color_1D (1D): corr = -0.000483
[2016-05-08 19:10:32,715] INFO: EditDistance_Trigram_Max_Std_search_term_product_name_x_product_color_1D (1D): corr = 0.000000
[2016-05-08 19:10:32,724] INFO: EditDistance_Trigram_Max_Max_search_term_product_name_x_product_color_1D (1D): corr = -0.000483
[2016-05-08 19:10:32,733] INFO: EditDistance_Trigram_Max_Min_search_term_product_name_x_product_color_1D (1D): corr = -0.000483
[2016-05-08 19:10:32,742] INFO: EditDistance_Trigram_Max_Median_search_term_product_name_x_product_color_1D (1D): corr = -0.000483
[2016-05-08 19:10:32,761] INFO: EditDistance_Trigram_Min_Mean_search_term_product_name_x_product_color_1D (1D): corr = 0.003105
[2016-05-08 19:10:32,770] INFO: EditDistance_Trigram_Min_Std_search_term_product_name_x_product_color_1D (1D): corr = 0.000000
[2016-05-08 19:10:32,780] INFO: EditDistance_Trigram_Min_Max_search_term_product_name_x_product_color_1D (1D): corr = 0.003105
[2016-05-08 19:10:32,789] INFO: EditDistance_Trigram_Min_Min_search_term_product_name_x_product_color_1D (1D): corr = 0.003105
[2016-05-08 19:10:32,798] INFO: EditDistance_Trigram_Min_Median_search_term_product_name_x_product_color_1D (1D): corr = 0.003105
[2016-05-08 19:10:32,807] INFO: EditDistance_Trigram_Median_Mean_search_term_product_name_x_product_color_1D (1D): corr = 0.000413
[2016-05-08 19:10:32,816] INFO: EditDistance_Trigram_Median_Std_search_term_product_name_x_product_color_1D (1D): corr = 0.000000
[2016-05-08 19:10:32,826] INFO: EditDistance_Trigram_Median_Max_search_term_product_name_x_product_color_1D (1D): corr = 0.000413
[2016-05-08 19:10:32,835] INFO: EditDistance_Trigram_Median_Min_search_term_product_name_x_product_color_1D (1D): corr = 0.000413
[2016-05-08 19:10:32,844] INFO: EditDistance_Trigram_Median_Median_search_term_product_name_x_product_color_1D (1D): corr = 0.000413
