[2016-05-08 13:04:04,397] INFO: IntersectCount_Unigram_search_term_x_product_title_1D (1D): corr = 0.225404
[2016-05-08 13:04:10,405] INFO: IntersectCount_Unigram_search_term_x_product_title_product_name_1D (1D): corr = 0.250621
[2016-05-08 13:06:53,040] INFO: IntersectCount_Unigram_search_term_x_product_description_1D (1D): corr = 0.174364
[2016-05-08 13:09:58,615] INFO: IntersectCount_Unigram_search_term_x_product_attribute_1D (1D): corr = 0.035840
[2016-05-08 13:10:03,673] INFO: IntersectCount_Unigram_search_term_x_product_brand_1D (1D): corr = 0.044323
[2016-05-08 13:10:08,705] INFO: IntersectCount_Unigram_search_term_x_product_color_1D (1D): corr = -0.003178
[2016-05-08 13:10:23,271] INFO: IntersectCount_Unigram_search_term_product_name_x_product_title_1D (1D): corr = 0.291781
[2016-05-08 13:10:27,222] INFO: IntersectCount_Unigram_search_term_product_name_x_product_title_product_name_1D (1D): corr = 0.272082
[2016-05-08 13:11:57,881] INFO: IntersectCount_Unigram_search_term_product_name_x_product_description_1D (1D): corr = 0.252451
[2016-05-08 13:13:44,222] INFO: IntersectCount_Unigram_search_term_product_name_x_product_attribute_1D (1D): corr = 0.077881
[2016-05-08 13:13:47,603] INFO: IntersectCount_Unigram_search_term_product_name_x_product_brand_1D (1D): corr = 0.039941
[2016-05-08 13:13:51,001] INFO: IntersectCount_Unigram_search_term_product_name_x_product_color_1D (1D): corr = -0.017854
[2016-05-08 13:14:18,343] INFO: IntersectCount_Bigram_search_term_x_product_title_1D (1D): corr = 0.180007
[2016-05-08 13:14:24,163] INFO: IntersectCount_Bigram_search_term_x_product_title_product_name_1D (1D): corr = 0.174411
[2016-05-08 13:18:59,088] INFO: IntersectCount_Bigram_search_term_x_product_description_1D (1D): corr = 0.153330
[2016-05-08 13:23:42,725] INFO: IntersectCount_Bigram_search_term_x_product_attribute_1D (1D): corr = 0.072759
[2016-05-08 13:23:48,315] INFO: IntersectCount_Bigram_search_term_x_product_brand_1D (1D): corr = 0.028793
[2016-05-08 13:23:54,241] INFO: IntersectCount_Bigram_search_term_x_product_color_1D (1D): corr = 0.006779
[2016-05-08 13:24:10,329] INFO: IntersectCount_Bigram_search_term_product_name_x_product_title_1D (1D): corr = 0.185950
[2016-05-08 13:24:14,205] INFO: IntersectCount_Bigram_search_term_product_name_x_product_title_product_name_1D (1D): corr = 0.188635
[2016-05-08 13:26:48,174] INFO: IntersectCount_Bigram_search_term_product_name_x_product_description_1D (1D): corr = 0.157467
[2016-05-08 13:29:19,876] INFO: IntersectCount_Bigram_search_term_product_name_x_product_attribute_1D (1D): corr = 0.080384
[2016-05-08 13:29:23,499] INFO: IntersectCount_Bigram_search_term_product_name_x_product_brand_1D (1D): corr = 0.031858
[2016-05-08 13:29:27,235] INFO: IntersectCount_Bigram_search_term_product_name_x_product_color_1D (1D): corr = -0.000372
[2016-05-08 13:29:52,378] INFO: IntersectCount_Trigram_search_term_x_product_title_1D (1D): corr = 0.102584
[2016-05-08 13:29:57,867] INFO: IntersectCount_Trigram_search_term_x_product_title_product_name_1D (1D): corr = 0.129943
[2016-05-08 13:34:46,075] INFO: IntersectCount_Trigram_search_term_x_product_description_1D (1D): corr = 0.082946
[2016-05-08 13:39:27,515] INFO: IntersectCount_Trigram_search_term_x_product_attribute_1D (1D): corr = 0.039498
[2016-05-08 13:39:32,602] INFO: IntersectCount_Trigram_search_term_x_product_brand_1D (1D): corr = 0.034582
[2016-05-08 13:39:37,937] INFO: IntersectCount_Trigram_search_term_x_product_color_1D (1D): corr = 0.002733
[2016-05-08 13:39:55,991] INFO: IntersectCount_Trigram_search_term_product_name_x_product_title_1D (1D): corr = 0.051096
[2016-05-08 13:40:00,207] INFO: IntersectCount_Trigram_search_term_product_name_x_product_title_product_name_1D (1D): corr = 0.188635
[2016-05-08 13:43:25,669] INFO: IntersectCount_Trigram_search_term_product_name_x_product_description_1D (1D): corr = 0.036421
[2016-05-08 13:46:39,797] INFO: IntersectCount_Trigram_search_term_product_name_x_product_attribute_1D (1D): corr = 0.017096
[2016-05-08 13:46:43,639] INFO: IntersectCount_Trigram_search_term_product_name_x_product_brand_1D (1D): corr = 0.030009
[2016-05-08 13:46:47,586] INFO: IntersectCount_Trigram_search_term_product_name_x_product_color_1D (1D): corr = -0.000932
[2016-05-08 13:47:11,114] INFO: IntersectRatio_Unigram_search_term_x_product_title_1D (1D): corr = 0.388596
[2016-05-08 13:47:17,428] INFO: IntersectRatio_Unigram_search_term_x_product_title_product_name_1D (1D): corr = 0.287588
[2016-05-08 13:49:56,556] INFO: IntersectRatio_Unigram_search_term_x_product_description_1D (1D): corr = 0.309472
[2016-05-08 13:53:03,389] INFO: IntersectRatio_Unigram_search_term_x_product_attribute_1D (1D): corr = 0.084280
[2016-05-08 13:53:08,629] INFO: IntersectRatio_Unigram_search_term_x_product_brand_1D (1D): corr = 0.062788
[2016-05-08 13:53:13,953] INFO: IntersectRatio_Unigram_search_term_x_product_color_1D (1D): corr = -0.003255
[2016-05-08 13:53:28,536] INFO: IntersectRatio_Unigram_search_term_product_name_x_product_title_1D (1D): corr = 0.299070
[2016-05-08 13:53:32,756] INFO: IntersectRatio_Unigram_search_term_product_name_x_product_title_product_name_1D (1D): corr = 0.273757
[2016-05-08 13:55:03,078] INFO: IntersectRatio_Unigram_search_term_product_name_x_product_description_1D (1D): corr = 0.256801
[2016-05-08 13:56:48,842] INFO: IntersectRatio_Unigram_search_term_product_name_x_product_attribute_1D (1D): corr = 0.080361
[2016-05-08 13:56:52,483] INFO: IntersectRatio_Unigram_search_term_product_name_x_product_brand_1D (1D): corr = 0.043188
[2016-05-08 13:56:56,176] INFO: IntersectRatio_Unigram_search_term_product_name_x_product_color_1D (1D): corr = -0.017414
[2016-05-08 13:57:23,467] INFO: IntersectRatio_Bigram_search_term_x_product_title_1D (1D): corr = 0.245710
[2016-05-08 13:57:29,477] INFO: IntersectRatio_Bigram_search_term_x_product_title_product_name_1D (1D): corr = 0.193341
[2016-05-08 14:02:03,031] INFO: IntersectRatio_Bigram_search_term_x_product_description_1D (1D): corr = 0.203687
[2016-05-08 14:06:44,089] INFO: IntersectRatio_Bigram_search_term_x_product_attribute_1D (1D): corr = 0.096645
[2016-05-08 14:06:49,930] INFO: IntersectRatio_Bigram_search_term_x_product_brand_1D (1D): corr = 0.039412
[2016-05-08 14:06:56,108] INFO: IntersectRatio_Bigram_search_term_x_product_color_1D (1D): corr = 0.005181
[2016-05-08 14:07:12,282] INFO: IntersectRatio_Bigram_search_term_product_name_x_product_title_1D (1D): corr = 0.185950
[2016-05-08 14:07:16,489] INFO: IntersectRatio_Bigram_search_term_product_name_x_product_title_product_name_1D (1D): corr = 0.188635
[2016-05-08 14:09:48,862] INFO: IntersectRatio_Bigram_search_term_product_name_x_product_description_1D (1D): corr = 0.157467
[2016-05-08 14:12:19,960] INFO: IntersectRatio_Bigram_search_term_product_name_x_product_attribute_1D (1D): corr = 0.080384
[2016-05-08 14:12:23,880] INFO: IntersectRatio_Bigram_search_term_product_name_x_product_brand_1D (1D): corr = 0.031858
[2016-05-08 14:12:28,172] INFO: IntersectRatio_Bigram_search_term_product_name_x_product_color_1D (1D): corr = -0.000372
[2016-05-08 14:12:53,727] INFO: IntersectRatio_Trigram_search_term_x_product_title_1D (1D): corr = 0.146942
[2016-05-08 14:12:59,684] INFO: IntersectRatio_Trigram_search_term_x_product_title_product_name_1D (1D): corr = 0.134503
[2016-05-08 14:17:48,013] INFO: IntersectRatio_Trigram_search_term_x_product_description_1D (1D): corr = 0.112001
[2016-05-08 14:22:29,123] INFO: IntersectRatio_Trigram_search_term_x_product_attribute_1D (1D): corr = 0.052323
[2016-05-08 14:22:34,497] INFO: IntersectRatio_Trigram_search_term_x_product_brand_1D (1D): corr = 0.038870
[2016-05-08 14:22:40,097] INFO: IntersectRatio_Trigram_search_term_x_product_color_1D (1D): corr = 0.000152
[2016-05-08 14:22:58,387] INFO: IntersectRatio_Trigram_search_term_product_name_x_product_title_1D (1D): corr = 0.051096
[2016-05-08 14:23:02,918] INFO: IntersectRatio_Trigram_search_term_product_name_x_product_title_product_name_1D (1D): corr = 0.188635
[2016-05-08 14:26:28,069] INFO: IntersectRatio_Trigram_search_term_product_name_x_product_description_1D (1D): corr = 0.036421
[2016-05-08 14:29:41,861] INFO: IntersectRatio_Trigram_search_term_product_name_x_product_attribute_1D (1D): corr = 0.017096
[2016-05-08 14:29:46,021] INFO: IntersectRatio_Trigram_search_term_product_name_x_product_brand_1D (1D): corr = 0.030009
[2016-05-08 14:29:50,283] INFO: IntersectRatio_Trigram_search_term_product_name_x_product_color_1D (1D): corr = -0.000932
[2016-05-08 14:30:21,443] INFO: CooccurrenceCount_Unigram_search_term_x_product_title_1D (1D): corr = 0.196938
[2016-05-08 14:30:27,720] INFO: CooccurrenceCount_Unigram_search_term_x_product_title_product_name_1D (1D): corr = 0.250663
[2016-05-08 14:36:03,395] INFO: CooccurrenceCount_Unigram_search_term_x_product_description_1D (1D): corr = 0.139557
[2016-05-08 14:41:28,803] INFO: CooccurrenceCount_Unigram_search_term_x_product_attribute_1D (1D): corr = 0.058655
[2016-05-08 14:41:33,801] INFO: CooccurrenceCount_Unigram_search_term_x_product_brand_1D (1D): corr = 0.044514
[2016-05-08 14:41:38,886] INFO: CooccurrenceCount_Unigram_search_term_x_product_color_1D (1D): corr = 0.003398
[2016-05-08 14:41:56,806] INFO: CooccurrenceCount_Unigram_search_term_product_name_x_product_title_1D (1D): corr = 0.283010
[2016-05-08 14:42:00,949] INFO: CooccurrenceCount_Unigram_search_term_product_name_x_product_title_product_name_1D (1D): corr = 0.272085
[2016-05-08 14:45:11,418] INFO: CooccurrenceCount_Unigram_search_term_product_name_x_product_description_1D (1D): corr = 0.183521
[2016-05-08 14:48:09,926] INFO: CooccurrenceCount_Unigram_search_term_product_name_x_product_attribute_1D (1D): corr = 0.092262
[2016-05-08 14:48:13,298] INFO: CooccurrenceCount_Unigram_search_term_product_name_x_product_brand_1D (1D): corr = 0.039930
[2016-05-08 14:48:16,696] INFO: CooccurrenceCount_Unigram_search_term_product_name_x_product_color_1D (1D): corr = -0.017521
[2016-05-08 14:48:46,109] INFO: CooccurrenceCount_Bigram_search_term_x_product_title_1D (1D): corr = 0.174931
[2016-05-08 14:48:51,829] INFO: CooccurrenceCount_Bigram_search_term_x_product_title_product_name_1D (1D): corr = 0.174411
[2016-05-08 14:54:09,901] INFO: CooccurrenceCount_Bigram_search_term_x_product_description_1D (1D): corr = 0.122997
[2016-05-08 14:59:18,764] INFO: CooccurrenceCount_Bigram_search_term_x_product_attribute_1D (1D): corr = 0.072448
[2016-05-08 14:59:24,422] INFO: CooccurrenceCount_Bigram_search_term_x_product_brand_1D (1D): corr = 0.028793
[2016-05-08 14:59:30,317] INFO: CooccurrenceCount_Bigram_search_term_x_product_color_1D (1D): corr = 0.007466
[2016-05-08 14:59:46,774] INFO: CooccurrenceCount_Bigram_search_term_product_name_x_product_title_1D (1D): corr = 0.185481
[2016-05-08 14:59:50,643] INFO: CooccurrenceCount_Bigram_search_term_product_name_x_product_title_product_name_1D (1D): corr = 0.188635
[2016-05-08 15:02:40,806] INFO: CooccurrenceCount_Bigram_search_term_product_name_x_product_description_1D (1D): corr = 0.128778
[2016-05-08 15:05:20,958] INFO: CooccurrenceCount_Bigram_search_term_product_name_x_product_attribute_1D (1D): corr = 0.073944
[2016-05-08 15:05:24,558] INFO: CooccurrenceCount_Bigram_search_term_product_name_x_product_brand_1D (1D): corr = 0.031858
[2016-05-08 15:05:28,269] INFO: CooccurrenceCount_Bigram_search_term_product_name_x_product_color_1D (1D): corr = -0.000372
[2016-05-08 15:05:53,754] INFO: CooccurrenceCount_Trigram_search_term_x_product_title_1D (1D): corr = 0.098501
[2016-05-08 15:05:59,203] INFO: CooccurrenceCount_Trigram_search_term_x_product_title_product_name_1D (1D): corr = 0.129943
[2016-05-08 15:10:56,005] INFO: CooccurrenceCount_Trigram_search_term_x_product_description_1D (1D): corr = 0.071271
[2016-05-08 15:15:41,135] INFO: CooccurrenceCount_Trigram_search_term_x_product_attribute_1D (1D): corr = 0.037471
[2016-05-08 15:15:46,210] INFO: CooccurrenceCount_Trigram_search_term_x_product_brand_1D (1D): corr = 0.034582
[2016-05-08 15:15:51,471] INFO: CooccurrenceCount_Trigram_search_term_x_product_color_1D (1D): corr = 0.002733
[2016-05-08 15:16:09,570] INFO: CooccurrenceCount_Trigram_search_term_product_name_x_product_title_1D (1D): corr = 0.051220
[2016-05-08 15:16:13,746] INFO: CooccurrenceCount_Trigram_search_term_product_name_x_product_title_product_name_1D (1D): corr = 0.188635
[2016-05-08 15:19:39,546] INFO: CooccurrenceCount_Trigram_search_term_product_name_x_product_description_1D (1D): corr = 0.033371
[2016-05-08 15:22:53,071] INFO: CooccurrenceCount_Trigram_search_term_product_name_x_product_attribute_1D (1D): corr = 0.016058
[2016-05-08 15:22:56,935] INFO: CooccurrenceCount_Trigram_search_term_product_name_x_product_brand_1D (1D): corr = 0.030009
[2016-05-08 15:23:00,961] INFO: CooccurrenceCount_Trigram_search_term_product_name_x_product_color_1D (1D): corr = -0.000932
[2016-05-08 15:23:32,225] INFO: CooccurrenceRatio_Unigram_search_term_x_product_title_1D (1D): corr = 0.315880
[2016-05-08 15:23:38,860] INFO: CooccurrenceRatio_Unigram_search_term_x_product_title_product_name_1D (1D): corr = 0.287625
[2016-05-08 15:29:13,286] INFO: CooccurrenceRatio_Unigram_search_term_x_product_description_1D (1D): corr = 0.206477
[2016-05-08 15:34:27,372] INFO: CooccurrenceRatio_Unigram_search_term_x_product_attribute_1D (1D): corr = 0.072479
[2016-05-08 15:34:32,502] INFO: CooccurrenceRatio_Unigram_search_term_x_product_brand_1D (1D): corr = 0.074262
[2016-05-08 15:34:37,729] INFO: CooccurrenceRatio_Unigram_search_term_x_product_color_1D (1D): corr = 0.008039
[2016-05-08 15:34:55,326] INFO: CooccurrenceRatio_Unigram_search_term_product_name_x_product_title_1D (1D): corr = 0.264575
[2016-05-08 15:34:59,613] INFO: CooccurrenceRatio_Unigram_search_term_product_name_x_product_title_product_name_1D (1D): corr = 0.273770
[2016-05-08 15:38:03,648] INFO: CooccurrenceRatio_Unigram_search_term_product_name_x_product_description_1D (1D): corr = 0.183897
[2016-05-08 15:40:55,143] INFO: CooccurrenceRatio_Unigram_search_term_product_name_x_product_attribute_1D (1D): corr = 0.076308
[2016-05-08 15:40:58,783] INFO: CooccurrenceRatio_Unigram_search_term_product_name_x_product_brand_1D (1D): corr = 0.052586
[2016-05-08 15:41:02,436] INFO: CooccurrenceRatio_Unigram_search_term_product_name_x_product_color_1D (1D): corr = -0.016349
[2016-05-08 15:41:30,948] INFO: CooccurrenceRatio_Bigram_search_term_x_product_title_1D (1D): corr = 0.214615
[2016-05-08 15:41:36,748] INFO: CooccurrenceRatio_Bigram_search_term_x_product_title_product_name_1D (1D): corr = 0.193341
[2016-05-08 15:46:43,925] INFO: CooccurrenceRatio_Bigram_search_term_x_product_description_1D (1D): corr = 0.152069
[2016-05-08 15:51:42,078] INFO: CooccurrenceRatio_Bigram_search_term_x_product_attribute_1D (1D): corr = 0.072931
[2016-05-08 15:51:47,750] INFO: CooccurrenceRatio_Bigram_search_term_x_product_brand_1D (1D): corr = 0.039137
[2016-05-08 15:51:53,735] INFO: CooccurrenceRatio_Bigram_search_term_x_product_color_1D (1D): corr = 0.006717
[2016-05-08 15:52:09,870] INFO: CooccurrenceRatio_Bigram_search_term_product_name_x_product_title_1D (1D): corr = 0.170420
[2016-05-08 15:52:14,022] INFO: CooccurrenceRatio_Bigram_search_term_product_name_x_product_title_product_name_1D (1D): corr = 0.188635
[2016-05-08 15:54:57,749] INFO: CooccurrenceRatio_Bigram_search_term_product_name_x_product_description_1D (1D): corr = 0.125326
[2016-05-08 15:57:32,063] INFO: CooccurrenceRatio_Bigram_search_term_product_name_x_product_attribute_1D (1D): corr = 0.062239
[2016-05-08 15:57:35,890] INFO: CooccurrenceRatio_Bigram_search_term_product_name_x_product_brand_1D (1D): corr = 0.031002
[2016-05-08 15:57:39,830] INFO: CooccurrenceRatio_Bigram_search_term_product_name_x_product_color_1D (1D): corr = -0.001593
[2016-05-08 15:58:04,696] INFO: CooccurrenceRatio_Trigram_search_term_x_product_title_1D (1D): corr = 0.128368
[2016-05-08 15:58:10,300] INFO: CooccurrenceRatio_Trigram_search_term_x_product_title_product_name_1D (1D): corr = 0.134503
[2016-05-08 16:02:59,112] INFO: CooccurrenceRatio_Trigram_search_term_x_product_description_1D (1D): corr = 0.090785
[2016-05-08 16:07:38,002] INFO: CooccurrenceRatio_Trigram_search_term_x_product_attribute_1D (1D): corr = 0.040039
[2016-05-08 16:07:43,254] INFO: CooccurrenceRatio_Trigram_search_term_x_product_brand_1D (1D): corr = 0.039827
[2016-05-08 16:07:48,708] INFO: CooccurrenceRatio_Trigram_search_term_x_product_color_1D (1D): corr = -0.001894
[2016-05-08 16:08:06,856] INFO: CooccurrenceRatio_Trigram_search_term_product_name_x_product_title_1D (1D): corr = 0.046130
[2016-05-08 16:08:11,415] INFO: CooccurrenceRatio_Trigram_search_term_product_name_x_product_title_product_name_1D (1D): corr = 0.188635
[2016-05-08 16:11:36,998] INFO: CooccurrenceRatio_Trigram_search_term_product_name_x_product_description_1D (1D): corr = 0.031468
[2016-05-08 16:14:42,726] INFO: CooccurrenceRatio_Trigram_search_term_product_name_x_product_attribute_1D (1D): corr = 0.012756
[2016-05-08 16:14:46,770] INFO: CooccurrenceRatio_Trigram_search_term_product_name_x_product_brand_1D (1D): corr = 0.030009
[2016-05-08 16:14:50,921] INFO: CooccurrenceRatio_Trigram_search_term_product_name_x_product_color_1D (1D): corr = -0.000932
[2016-05-08 16:15:18,920] INFO: IntersectCount_Unigram_product_title_x_search_term_1D (1D): corr = 0.216048
[2016-05-08 16:15:36,253] INFO: IntersectCount_Unigram_product_title_x_search_term_product_name_1D (1D): corr = 0.283627
[2016-05-08 16:15:41,775] INFO: IntersectCount_Unigram_product_title_product_name_x_search_term_1D (1D): corr = 0.252731
[2016-05-08 16:15:45,588] INFO: IntersectCount_Unigram_product_title_product_name_x_search_term_product_name_1D (1D): corr = 0.272153
[2016-05-08 16:21:07,726] INFO: IntersectCount_Unigram_product_description_x_search_term_1D (1D): corr = 0.144833
[2016-05-08 16:24:15,411] INFO: IntersectCount_Unigram_product_description_x_search_term_product_name_1D (1D): corr = 0.183500
[2016-05-08 16:29:27,052] INFO: IntersectCount_Unigram_product_attribute_x_search_term_1D (1D): corr = 0.062453
[2016-05-08 16:32:23,344] INFO: IntersectCount_Unigram_product_attribute_x_search_term_product_name_1D (1D): corr = 0.092223
[2016-05-08 16:32:27,789] INFO: IntersectCount_Unigram_product_brand_x_search_term_1D (1D): corr = 0.044525
[2016-05-08 16:32:30,973] INFO: IntersectCount_Unigram_product_brand_x_search_term_product_name_1D (1D): corr = 0.039931
[2016-05-08 16:32:35,648] INFO: IntersectCount_Unigram_product_color_x_search_term_1D (1D): corr = 0.003681
[2016-05-08 16:32:38,882] INFO: IntersectCount_Unigram_product_color_x_search_term_product_name_1D (1D): corr = -0.017521
[2016-05-08 16:33:06,756] INFO: IntersectCount_Bigram_product_title_x_search_term_1D (1D): corr = 0.180318
[2016-05-08 16:33:22,927] INFO: IntersectCount_Bigram_product_title_x_search_term_product_name_1D (1D): corr = 0.185481
[2016-05-08 16:33:28,252] INFO: IntersectCount_Bigram_product_title_product_name_x_search_term_1D (1D): corr = 0.174567
[2016-05-08 16:33:31,941] INFO: IntersectCount_Bigram_product_title_product_name_x_search_term_product_name_1D (1D): corr = 0.188635
[2016-05-08 16:38:42,852] INFO: IntersectCount_Bigram_product_description_x_search_term_1D (1D): corr = 0.125578
[2016-05-08 16:41:32,345] INFO: IntersectCount_Bigram_product_description_x_search_term_product_name_1D (1D): corr = 0.128778
[2016-05-08 16:46:32,280] INFO: IntersectCount_Bigram_product_attribute_x_search_term_1D (1D): corr = 0.073633
[2016-05-08 16:49:10,944] INFO: IntersectCount_Bigram_product_attribute_x_search_term_product_name_1D (1D): corr = 0.073944
[2016-05-08 16:49:16,109] INFO: IntersectCount_Bigram_product_brand_x_search_term_1D (1D): corr = 0.028793
[2016-05-08 16:49:19,537] INFO: IntersectCount_Bigram_product_brand_x_search_term_product_name_1D (1D): corr = 0.031858
[2016-05-08 16:49:25,064] INFO: IntersectCount_Bigram_product_color_x_search_term_1D (1D): corr = 0.007466
[2016-05-08 16:49:28,627] INFO: IntersectCount_Bigram_product_color_x_search_term_product_name_1D (1D): corr = -0.000372
[2016-05-08 16:49:53,413] INFO: IntersectCount_Trigram_product_title_x_search_term_1D (1D): corr = 0.103656
[2016-05-08 16:50:11,308] INFO: IntersectCount_Trigram_product_title_x_search_term_product_name_1D (1D): corr = 0.051220
[2016-05-08 16:50:16,469] INFO: IntersectCount_Trigram_product_title_product_name_x_search_term_1D (1D): corr = 0.130037
[2016-05-08 16:50:20,496] INFO: IntersectCount_Trigram_product_title_product_name_x_search_term_product_name_1D (1D): corr = 0.188635
[2016-05-08 16:55:10,072] INFO: IntersectCount_Trigram_product_description_x_search_term_1D (1D): corr = 0.072579
[2016-05-08 16:58:33,961] INFO: IntersectCount_Trigram_product_description_x_search_term_product_name_1D (1D): corr = 0.033371
[2016-05-08 17:03:14,649] INFO: IntersectCount_Trigram_product_attribute_x_search_term_1D (1D): corr = 0.038499
[2016-05-08 17:06:28,779] INFO: IntersectCount_Trigram_product_attribute_x_search_term_product_name_1D (1D): corr = 0.016058
[2016-05-08 17:06:33,620] INFO: IntersectCount_Trigram_product_brand_x_search_term_1D (1D): corr = 0.034582
[2016-05-08 17:06:37,298] INFO: IntersectCount_Trigram_product_brand_x_search_term_product_name_1D (1D): corr = 0.030009
[2016-05-08 17:06:42,323] INFO: IntersectCount_Trigram_product_color_x_search_term_1D (1D): corr = 0.002733
[2016-05-08 17:06:46,082] INFO: IntersectCount_Trigram_product_color_x_search_term_product_name_1D (1D): corr = -0.000932
[2016-05-08 17:07:14,252] INFO: IntersectRatio_Unigram_product_title_x_search_term_1D (1D): corr = 0.235084
[2016-05-08 17:07:31,793] INFO: IntersectRatio_Unigram_product_title_x_search_term_product_name_1D (1D): corr = 0.262792
[2016-05-08 17:07:37,582] INFO: IntersectRatio_Unigram_product_title_product_name_x_search_term_1D (1D): corr = 0.252933
[2016-05-08 17:07:41,667] INFO: IntersectRatio_Unigram_product_title_product_name_x_search_term_product_name_1D (1D): corr = 0.272277
[2016-05-08 17:13:04,667] INFO: IntersectRatio_Unigram_product_description_x_search_term_1D (1D): corr = 0.138302
[2016-05-08 17:16:11,755] INFO: IntersectRatio_Unigram_product_description_x_search_term_product_name_1D (1D): corr = 0.181300
[2016-05-08 17:21:22,684] INFO: IntersectRatio_Unigram_product_attribute_x_search_term_1D (1D): corr = 0.033986
[2016-05-08 17:24:18,841] INFO: IntersectRatio_Unigram_product_attribute_x_search_term_product_name_1D (1D): corr = 0.073732
[2016-05-08 17:24:23,658] INFO: IntersectRatio_Unigram_product_brand_x_search_term_1D (1D): corr = 0.060426
[2016-05-08 17:24:27,120] INFO: IntersectRatio_Unigram_product_brand_x_search_term_product_name_1D (1D): corr = 0.051213
[2016-05-08 17:24:32,067] INFO: IntersectRatio_Unigram_product_color_x_search_term_1D (1D): corr = 0.007057
[2016-05-08 17:24:35,591] INFO: IntersectRatio_Unigram_product_color_x_search_term_product_name_1D (1D): corr = -0.017131
[2016-05-08 17:25:03,827] INFO: IntersectRatio_Bigram_product_title_x_search_term_1D (1D): corr = 0.179369
[2016-05-08 17:25:20,297] INFO: IntersectRatio_Bigram_product_title_x_search_term_product_name_1D (1D): corr = 0.170420
[2016-05-08 17:25:25,916] INFO: IntersectRatio_Bigram_product_title_product_name_x_search_term_1D (1D): corr = 0.174567
[2016-05-08 17:25:29,903] INFO: IntersectRatio_Bigram_product_title_product_name_x_search_term_product_name_1D (1D): corr = 0.188635
[2016-05-08 17:30:40,843] INFO: IntersectRatio_Bigram_product_description_x_search_term_1D (1D): corr = 0.120050
[2016-05-08 17:33:30,560] INFO: IntersectRatio_Bigram_product_description_x_search_term_product_name_1D (1D): corr = 0.125326
[2016-05-08 17:38:30,709] INFO: IntersectRatio_Bigram_product_attribute_x_search_term_1D (1D): corr = 0.056812
[2016-05-08 17:41:09,658] INFO: IntersectRatio_Bigram_product_attribute_x_search_term_product_name_1D (1D): corr = 0.062239
[2016-05-08 17:41:15,120] INFO: IntersectRatio_Bigram_product_brand_x_search_term_1D (1D): corr = 0.029394
[2016-05-08 17:41:18,850] INFO: IntersectRatio_Bigram_product_brand_x_search_term_product_name_1D (1D): corr = 0.031002
[2016-05-08 17:41:24,661] INFO: IntersectRatio_Bigram_product_color_x_search_term_1D (1D): corr = 0.007169
[2016-05-08 17:41:28,505] INFO: IntersectRatio_Bigram_product_color_x_search_term_product_name_1D (1D): corr = -0.001593
[2016-05-08 17:41:53,507] INFO: IntersectRatio_Trigram_product_title_x_search_term_1D (1D): corr = 0.105612
[2016-05-08 17:42:11,654] INFO: IntersectRatio_Trigram_product_title_x_search_term_product_name_1D (1D): corr = 0.046130
[2016-05-08 17:42:17,107] INFO: IntersectRatio_Trigram_product_title_product_name_x_search_term_1D (1D): corr = 0.130037
[2016-05-08 17:42:21,432] INFO: IntersectRatio_Trigram_product_title_product_name_x_search_term_product_name_1D (1D): corr = 0.188635
[2016-05-08 17:47:10,644] INFO: IntersectRatio_Trigram_product_description_x_search_term_1D (1D): corr = 0.067186
[2016-05-08 17:50:34,012] INFO: IntersectRatio_Trigram_product_description_x_search_term_product_name_1D (1D): corr = 0.031468
[2016-05-08 17:55:12,728] INFO: IntersectRatio_Trigram_product_attribute_x_search_term_1D (1D): corr = 0.030166
[2016-05-08 17:58:23,971] INFO: IntersectRatio_Trigram_product_attribute_x_search_term_product_name_1D (1D): corr = 0.012756
[2016-05-08 17:58:29,119] INFO: IntersectRatio_Trigram_product_brand_x_search_term_1D (1D): corr = 0.036896
[2016-05-08 17:58:33,100] INFO: IntersectRatio_Trigram_product_brand_x_search_term_product_name_1D (1D): corr = 0.030009
[2016-05-08 17:58:38,420] INFO: IntersectRatio_Trigram_product_color_x_search_term_1D (1D): corr = -0.000813
[2016-05-08 17:58:42,486] INFO: IntersectRatio_Trigram_product_color_x_search_term_product_name_1D (1D): corr = -0.000932
[2016-05-08 17:59:12,430] INFO: CooccurrenceCount_Unigram_product_title_x_search_term_1D (1D): corr = 0.196938
[2016-05-08 17:59:29,929] INFO: CooccurrenceCount_Unigram_product_title_x_search_term_product_name_1D (1D): corr = 0.283010
[2016-05-08 17:59:35,858] INFO: CooccurrenceCount_Unigram_product_title_product_name_x_search_term_1D (1D): corr = 0.250663
[2016-05-08 17:59:39,800] INFO: CooccurrenceCount_Unigram_product_title_product_name_x_search_term_product_name_1D (1D): corr = 0.272085
[2016-05-08 18:05:06,111] INFO: CooccurrenceCount_Unigram_product_description_x_search_term_1D (1D): corr = 0.139557
[2016-05-08 18:08:13,260] INFO: CooccurrenceCount_Unigram_product_description_x_search_term_product_name_1D (1D): corr = 0.183521
[2016-05-08 18:13:28,150] INFO: CooccurrenceCount_Unigram_product_attribute_x_search_term_1D (1D): corr = 0.058655
[2016-05-08 18:16:24,458] INFO: CooccurrenceCount_Unigram_product_attribute_x_search_term_product_name_1D (1D): corr = 0.092262
[2016-05-08 18:16:29,162] INFO: CooccurrenceCount_Unigram_product_brand_x_search_term_1D (1D): corr = 0.044514
[2016-05-08 18:16:32,399] INFO: CooccurrenceCount_Unigram_product_brand_x_search_term_product_name_1D (1D): corr = 0.039930
[2016-05-08 18:16:37,179] INFO: CooccurrenceCount_Unigram_product_color_x_search_term_1D (1D): corr = 0.003398
[2016-05-08 18:16:40,441] INFO: CooccurrenceCount_Unigram_product_color_x_search_term_product_name_1D (1D): corr = -0.017521
[2016-05-08 18:17:08,943] INFO: CooccurrenceCount_Bigram_product_title_x_search_term_1D (1D): corr = 0.174931
[2016-05-08 18:17:25,151] INFO: CooccurrenceCount_Bigram_product_title_x_search_term_product_name_1D (1D): corr = 0.185481
[2016-05-08 18:17:30,529] INFO: CooccurrenceCount_Bigram_product_title_product_name_x_search_term_1D (1D): corr = 0.174411
[2016-05-08 18:17:34,232] INFO: CooccurrenceCount_Bigram_product_title_product_name_x_search_term_product_name_1D (1D): corr = 0.188635
[2016-05-08 18:22:45,090] INFO: CooccurrenceCount_Bigram_product_description_x_search_term_1D (1D): corr = 0.122997
[2016-05-08 18:25:34,417] INFO: CooccurrenceCount_Bigram_product_description_x_search_term_product_name_1D (1D): corr = 0.128778
[2016-05-08 18:30:34,419] INFO: CooccurrenceCount_Bigram_product_attribute_x_search_term_1D (1D): corr = 0.072448
[2016-05-08 18:33:13,505] INFO: CooccurrenceCount_Bigram_product_attribute_x_search_term_product_name_1D (1D): corr = 0.073944
[2016-05-08 18:33:18,697] INFO: CooccurrenceCount_Bigram_product_brand_x_search_term_1D (1D): corr = 0.028793
[2016-05-08 18:33:22,112] INFO: CooccurrenceCount_Bigram_product_brand_x_search_term_product_name_1D (1D): corr = 0.031858
[2016-05-08 18:33:27,626] INFO: CooccurrenceCount_Bigram_product_color_x_search_term_1D (1D): corr = 0.007466
[2016-05-08 18:33:31,170] INFO: CooccurrenceCount_Bigram_product_color_x_search_term_product_name_1D (1D): corr = -0.000372
[2016-05-08 18:33:55,965] INFO: CooccurrenceCount_Trigram_product_title_x_search_term_1D (1D): corr = 0.098501
[2016-05-08 18:34:13,804] INFO: CooccurrenceCount_Trigram_product_title_x_search_term_product_name_1D (1D): corr = 0.051220
[2016-05-08 18:34:19,018] INFO: CooccurrenceCount_Trigram_product_title_product_name_x_search_term_1D (1D): corr = 0.129943
[2016-05-08 18:34:23,026] INFO: CooccurrenceCount_Trigram_product_title_product_name_x_search_term_product_name_1D (1D): corr = 0.188635
[2016-05-08 18:39:12,327] INFO: CooccurrenceCount_Trigram_product_description_x_search_term_1D (1D): corr = 0.071271
[2016-05-08 18:42:36,126] INFO: CooccurrenceCount_Trigram_product_description_x_search_term_product_name_1D (1D): corr = 0.033371
[2016-05-08 18:47:14,144] INFO: CooccurrenceCount_Trigram_product_attribute_x_search_term_1D (1D): corr = 0.037471
[2016-05-08 18:50:26,103] INFO: CooccurrenceCount_Trigram_product_attribute_x_search_term_product_name_1D (1D): corr = 0.016058
[2016-05-08 18:50:30,938] INFO: CooccurrenceCount_Trigram_product_brand_x_search_term_1D (1D): corr = 0.034582
[2016-05-08 18:50:34,593] INFO: CooccurrenceCount_Trigram_product_brand_x_search_term_product_name_1D (1D): corr = 0.030009
[2016-05-08 18:50:39,594] INFO: CooccurrenceCount_Trigram_product_color_x_search_term_1D (1D): corr = 0.002733
[2016-05-08 18:50:43,333] INFO: CooccurrenceCount_Trigram_product_color_x_search_term_product_name_1D (1D): corr = -0.000932
[2016-05-08 18:51:13,737] INFO: CooccurrenceRatio_Unigram_product_title_x_search_term_1D (1D): corr = 0.315880
[2016-05-08 18:51:31,777] INFO: CooccurrenceRatio_Unigram_product_title_x_search_term_product_name_1D (1D): corr = 0.264575
[2016-05-08 18:51:38,049] INFO: CooccurrenceRatio_Unigram_product_title_product_name_x_search_term_1D (1D): corr = 0.287625
[2016-05-08 18:51:42,386] INFO: CooccurrenceRatio_Unigram_product_title_product_name_x_search_term_product_name_1D (1D): corr = 0.273770
[2016-05-08 18:57:08,109] INFO: CooccurrenceRatio_Unigram_product_description_x_search_term_1D (1D): corr = 0.206477
[2016-05-08 19:00:16,558] INFO: CooccurrenceRatio_Unigram_product_description_x_search_term_product_name_1D (1D): corr = 0.183897
[2016-05-08 19:05:32,516] INFO: CooccurrenceRatio_Unigram_product_attribute_x_search_term_1D (1D): corr = 0.072479
[2016-05-08 19:08:29,887] INFO: CooccurrenceRatio_Unigram_product_attribute_x_search_term_product_name_1D (1D): corr = 0.076308
[2016-05-08 19:08:34,921] INFO: CooccurrenceRatio_Unigram_product_brand_x_search_term_1D (1D): corr = 0.074262
[2016-05-08 19:08:38,504] INFO: CooccurrenceRatio_Unigram_product_brand_x_search_term_product_name_1D (1D): corr = 0.052586
[2016-05-08 19:08:43,623] INFO: CooccurrenceRatio_Unigram_product_color_x_search_term_1D (1D): corr = 0.008039
[2016-05-08 19:08:47,218] INFO: CooccurrenceRatio_Unigram_product_color_x_search_term_product_name_1D (1D): corr = -0.016349
[2016-05-08 19:09:15,996] INFO: CooccurrenceRatio_Bigram_product_title_x_search_term_1D (1D): corr = 0.214615
[2016-05-08 19:09:32,609] INFO: CooccurrenceRatio_Bigram_product_title_x_search_term_product_name_1D (1D): corr = 0.170420
[2016-05-08 19:09:38,350] INFO: CooccurrenceRatio_Bigram_product_title_product_name_x_search_term_1D (1D): corr = 0.193341
[2016-05-08 19:09:42,424] INFO: CooccurrenceRatio_Bigram_product_title_product_name_x_search_term_product_name_1D (1D): corr = 0.188635
[2016-05-08 19:14:53,376] INFO: CooccurrenceRatio_Bigram_product_description_x_search_term_1D (1D): corr = 0.152069
[2016-05-08 19:17:43,808] INFO: CooccurrenceRatio_Bigram_product_description_x_search_term_product_name_1D (1D): corr = 0.125326
[2016-05-08 19:22:44,639] INFO: CooccurrenceRatio_Bigram_product_attribute_x_search_term_1D (1D): corr = 0.072931
[2016-05-08 19:25:23,682] INFO: CooccurrenceRatio_Bigram_product_attribute_x_search_term_product_name_1D (1D): corr = 0.062239
[2016-05-08 19:25:29,254] INFO: CooccurrenceRatio_Bigram_product_brand_x_search_term_1D (1D): corr = 0.039137
[2016-05-08 19:25:33,063] INFO: CooccurrenceRatio_Bigram_product_brand_x_search_term_product_name_1D (1D): corr = 0.031002
[2016-05-08 19:25:38,954] INFO: CooccurrenceRatio_Bigram_product_color_x_search_term_1D (1D): corr = 0.006717
[2016-05-08 19:25:42,884] INFO: CooccurrenceRatio_Bigram_product_color_x_search_term_product_name_1D (1D): corr = -0.001593
[2016-05-08 19:26:08,084] INFO: CooccurrenceRatio_Trigram_product_title_x_search_term_1D (1D): corr = 0.128368
[2016-05-08 19:26:26,273] INFO: CooccurrenceRatio_Trigram_product_title_x_search_term_product_name_1D (1D): corr = 0.046130
[2016-05-08 19:26:31,799] INFO: CooccurrenceRatio_Trigram_product_title_product_name_x_search_term_1D (1D): corr = 0.134503
[2016-05-08 19:26:36,182] INFO: CooccurrenceRatio_Trigram_product_title_product_name_x_search_term_product_name_1D (1D): corr = 0.188635
[2016-05-08 19:31:25,085] INFO: CooccurrenceRatio_Trigram_product_description_x_search_term_1D (1D): corr = 0.090785
[2016-05-08 19:34:48,779] INFO: CooccurrenceRatio_Trigram_product_description_x_search_term_product_name_1D (1D): corr = 0.031468
[2016-05-08 19:39:26,299] INFO: CooccurrenceRatio_Trigram_product_attribute_x_search_term_1D (1D): corr = 0.040039
[2016-05-08 19:42:37,418] INFO: CooccurrenceRatio_Trigram_product_attribute_x_search_term_product_name_1D (1D): corr = 0.012756
[2016-05-08 19:42:42,607] INFO: CooccurrenceRatio_Trigram_product_brand_x_search_term_1D (1D): corr = 0.039827
[2016-05-08 19:42:46,636] INFO: CooccurrenceRatio_Trigram_product_brand_x_search_term_product_name_1D (1D): corr = 0.030009
[2016-05-08 19:42:51,995] INFO: CooccurrenceRatio_Trigram_product_color_x_search_term_1D (1D): corr = -0.001894
[2016-05-08 19:42:56,122] INFO: CooccurrenceRatio_Trigram_product_color_x_search_term_product_name_1D (1D): corr = -0.000932
