[2016-05-08 12:56:39,956] INFO: loading Word2Vec object from ../../Data/word2vec/Homedepot-word2vec-D100-min_count3.model
[2016-05-08 12:56:42,596] INFO: loading syn0 from ../../Data/word2vec/Homedepot-word2vec-D100-min_count3.model.syn0.npy with mmap=None
[2016-05-08 12:56:42,649] INFO: loading syn1neg from ../../Data/word2vec/Homedepot-word2vec-D100-min_count3.model.syn1neg.npy with mmap=None
[2016-05-08 12:56:42,682] INFO: loading syn1 from ../../Data/word2vec/Homedepot-word2vec-D100-min_count3.model.syn1.npy with mmap=None
[2016-05-08 12:56:42,716] INFO: setting ignored attribute syn0norm to None
[2016-05-08 12:56:42,716] INFO: setting ignored attribute cum_table to None
[2016-05-08 12:56:48,720] INFO: Word2Vec_Homedepot_D100_Importance_search_term_x_product_title_1D (1D): corr = 0.012354
[2016-05-08 12:57:21,057] INFO: Word2Vec_Homedepot_D100_Importance_search_term_x_product_description_1D (1D): corr = 0.004530
[2016-05-08 12:57:51,360] INFO: Word2Vec_Homedepot_D100_Importance_search_term_x_product_attribute_1D (1D): corr = 0.022546
[2016-05-08 12:57:54,295] INFO: Word2Vec_Homedepot_D100_Importance_search_term_x_product_brand_1D (1D): corr = 0.016068
[2016-05-08 12:57:57,247] INFO: Word2Vec_Homedepot_D100_Importance_search_term_x_product_color_1D (1D): corr = 0.017716
[2016-05-08 12:58:38,591] INFO: Word2Vec_Homedepot_D100_N_Similarity_search_term_x_product_title_1D (1D): corr = 0.277861
[2016-05-08 13:00:59,371] INFO: Word2Vec_Homedepot_D100_N_Similarity_search_term_x_product_description_1D (1D): corr = 0.127456
[2016-05-08 13:03:06,245] INFO: Word2Vec_Homedepot_D100_N_Similarity_search_term_x_product_attribute_1D (1D): corr = -0.095974
[2016-05-08 13:03:36,588] INFO: Word2Vec_Homedepot_D100_N_Similarity_search_term_x_product_brand_1D (1D): corr = -0.028091
[2016-05-08 13:04:08,349] INFO: Word2Vec_Homedepot_D100_N_Similarity_search_term_x_product_color_1D (1D): corr = -0.041127
[2016-05-08 13:04:56,036] INFO: Word2Vec_Homedepot_D100_N_Similarity_Imp_search_term_x_product_title_1D (1D): corr = 0.278310
[2016-05-08 13:07:51,589] INFO: Word2Vec_Homedepot_D100_N_Similarity_Imp_search_term_x_product_description_1D (1D): corr = 0.126870
[2016-05-08 13:10:38,085] INFO: Word2Vec_Homedepot_D100_N_Similarity_Imp_search_term_x_product_attribute_1D (1D): corr = -0.095908
[2016-05-08 13:11:14,214] INFO: Word2Vec_Homedepot_D100_N_Similarity_Imp_search_term_x_product_brand_1D (1D): corr = -0.028198
[2016-05-08 13:11:50,067] INFO: Word2Vec_Homedepot_D100_N_Similarity_Imp_search_term_x_product_color_1D (1D): corr = -0.041367
[2016-05-08 13:12:31,577] INFO: Word2Vec_Homedepot_D100_Centroid_RMSE_search_term_x_product_title_1D (1D): corr = -0.088553
[2016-05-08 13:16:16,820] INFO: Word2Vec_Homedepot_D100_Centroid_RMSE_search_term_x_product_description_1D (1D): corr = 0.050065
[2016-05-08 13:19:46,807] INFO: Word2Vec_Homedepot_D100_Centroid_RMSE_search_term_x_product_attribute_1D (1D): corr = 0.100331
[2016-05-08 13:20:11,836] INFO: Word2Vec_Homedepot_D100_Centroid_RMSE_search_term_x_product_brand_1D (1D): corr = -0.106829
[2016-05-08 13:20:36,826] INFO: Word2Vec_Homedepot_D100_Centroid_RMSE_search_term_x_product_color_1D (1D): corr = 0.049307
[2016-05-08 13:21:24,645] INFO: Word2Vec_Homedepot_D100_Centroid_RMSE_IMP_search_term_x_product_title_1D (1D): corr = -0.088167
[2016-05-08 13:25:44,299] INFO: Word2Vec_Homedepot_D100_Centroid_RMSE_IMP_search_term_x_product_description_1D (1D): corr = 0.050009
[2016-05-08 13:29:46,982] INFO: Word2Vec_Homedepot_D100_Centroid_RMSE_IMP_search_term_x_product_attribute_1D (1D): corr = 0.100586
[2016-05-08 13:30:15,896] INFO: Word2Vec_Homedepot_D100_Centroid_RMSE_IMP_search_term_x_product_brand_1D (1D): corr = -0.106266
[2016-05-08 13:30:44,718] INFO: Word2Vec_Homedepot_D100_Centroid_RMSE_IMP_search_term_x_product_color_1D (1D): corr = 0.049848
[2016-05-08 14:36:44,206] INFO: Word2Vec_Homedepot_D100_CosineSim_Mean_Mean_search_term_x_product_title_1D (1D): corr = 0.296002
[2016-05-08 14:36:44,216] INFO: Word2Vec_Homedepot_D100_CosineSim_Mean_Std_search_term_x_product_title_1D (1D): corr = -0.131948
[2016-05-08 14:36:44,225] INFO: Word2Vec_Homedepot_D100_CosineSim_Mean_Max_search_term_x_product_title_1D (1D): corr = 0.186315
[2016-05-08 14:36:44,235] INFO: Word2Vec_Homedepot_D100_CosineSim_Mean_Min_search_term_x_product_title_1D (1D): corr = 0.294157
[2016-05-08 14:36:44,244] INFO: Word2Vec_Homedepot_D100_CosineSim_Mean_Median_search_term_x_product_title_1D (1D): corr = 0.275814
[2016-05-08 14:36:44,254] INFO: Word2Vec_Homedepot_D100_CosineSim_Max_Mean_search_term_x_product_title_1D (1D): corr = 0.385268
[2016-05-08 14:36:44,263] INFO: Word2Vec_Homedepot_D100_CosineSim_Max_Std_search_term_x_product_title_1D (1D): corr = -0.279941
[2016-05-08 14:36:44,273] INFO: Word2Vec_Homedepot_D100_CosineSim_Max_Max_search_term_x_product_title_1D (1D): corr = 0.197294
[2016-05-08 14:36:44,282] INFO: Word2Vec_Homedepot_D100_CosineSim_Max_Min_search_term_x_product_title_1D (1D): corr = 0.381089
[2016-05-08 14:36:44,292] INFO: Word2Vec_Homedepot_D100_CosineSim_Max_Median_search_term_x_product_title_1D (1D): corr = 0.308145
[2016-05-08 14:36:44,301] INFO: Word2Vec_Homedepot_D100_CosineSim_Min_Mean_search_term_x_product_title_1D (1D): corr = 0.162097
[2016-05-08 14:36:44,311] INFO: Word2Vec_Homedepot_D100_CosineSim_Min_Std_search_term_x_product_title_1D (1D): corr = -0.054488
[2016-05-08 14:36:44,320] INFO: Word2Vec_Homedepot_D100_CosineSim_Min_Max_search_term_x_product_title_1D (1D): corr = 0.105660
[2016-05-08 14:36:44,330] INFO: Word2Vec_Homedepot_D100_CosineSim_Min_Min_search_term_x_product_title_1D (1D): corr = 0.161751
[2016-05-08 14:36:44,340] INFO: Word2Vec_Homedepot_D100_CosineSim_Min_Median_search_term_x_product_title_1D (1D): corr = 0.151947
[2016-05-08 14:36:44,349] INFO: Word2Vec_Homedepot_D100_CosineSim_Median_Mean_search_term_x_product_title_1D (1D): corr = 0.210428
[2016-05-08 14:36:44,359] INFO: Word2Vec_Homedepot_D100_CosineSim_Median_Std_search_term_x_product_title_1D (1D): corr = -0.055219
[2016-05-08 14:36:44,368] INFO: Word2Vec_Homedepot_D100_CosineSim_Median_Max_search_term_x_product_title_1D (1D): corr = 0.136941
[2016-05-08 14:36:44,378] INFO: Word2Vec_Homedepot_D100_CosineSim_Median_Min_search_term_x_product_title_1D (1D): corr = 0.209267
[2016-05-08 14:36:44,387] INFO: Word2Vec_Homedepot_D100_CosineSim_Median_Median_search_term_x_product_title_1D (1D): corr = 0.201139
[2016-05-09 00:10:55,529] INFO: Word2Vec_Homedepot_D100_CosineSim_Mean_Mean_search_term_x_product_description_1D (1D): corr = 0.154149
[2016-05-09 00:10:55,538] INFO: Word2Vec_Homedepot_D100_CosineSim_Mean_Std_search_term_x_product_description_1D (1D): corr = -0.108082
[2016-05-09 00:10:55,548] INFO: Word2Vec_Homedepot_D100_CosineSim_Mean_Max_search_term_x_product_description_1D (1D): corr = 0.053160
[2016-05-09 00:10:55,557] INFO: Word2Vec_Homedepot_D100_CosineSim_Mean_Min_search_term_x_product_description_1D (1D): corr = 0.175307
[2016-05-09 00:10:55,566] INFO: Word2Vec_Homedepot_D100_CosineSim_Mean_Median_search_term_x_product_description_1D (1D): corr = 0.145235
[2016-05-09 00:10:55,576] INFO: Word2Vec_Homedepot_D100_CosineSim_Max_Mean_search_term_x_product_description_1D (1D): corr = 0.319035
[2016-05-09 00:10:55,585] INFO: Word2Vec_Homedepot_D100_CosineSim_Max_Std_search_term_x_product_description_1D (1D): corr = -0.225129
[2016-05-09 00:10:55,595] INFO: Word2Vec_Homedepot_D100_CosineSim_Max_Max_search_term_x_product_description_1D (1D): corr = 0.160730
[2016-05-09 00:10:55,604] INFO: Word2Vec_Homedepot_D100_CosineSim_Max_Min_search_term_x_product_description_1D (1D): corr = 0.322107
[2016-05-09 00:10:55,613] INFO: Word2Vec_Homedepot_D100_CosineSim_Max_Median_search_term_x_product_description_1D (1D): corr = 0.261508
[2016-05-09 00:10:55,623] INFO: Word2Vec_Homedepot_D100_CosineSim_Min_Mean_search_term_x_product_description_1D (1D): corr = 0.102296
[2016-05-09 00:10:55,633] INFO: Word2Vec_Homedepot_D100_CosineSim_Min_Std_search_term_x_product_description_1D (1D): corr = -0.045290
[2016-05-09 00:10:55,642] INFO: Word2Vec_Homedepot_D100_CosineSim_Min_Max_search_term_x_product_description_1D (1D): corr = 0.055817
[2016-05-09 00:10:55,651] INFO: Word2Vec_Homedepot_D100_CosineSim_Min_Min_search_term_x_product_description_1D (1D): corr = 0.108146
[2016-05-09 00:10:55,661] INFO: Word2Vec_Homedepot_D100_CosineSim_Min_Median_search_term_x_product_description_1D (1D): corr = 0.094909
[2016-05-09 00:10:55,670] INFO: Word2Vec_Homedepot_D100_CosineSim_Median_Mean_search_term_x_product_description_1D (1D): corr = 0.100035
[2016-05-09 00:10:55,694] INFO: Word2Vec_Homedepot_D100_CosineSim_Median_Std_search_term_x_product_description_1D (1D): corr = -0.088539
[2016-05-09 00:10:55,703] INFO: Word2Vec_Homedepot_D100_CosineSim_Median_Max_search_term_x_product_description_1D (1D): corr = 0.018524
[2016-05-09 00:10:55,713] INFO: Word2Vec_Homedepot_D100_CosineSim_Median_Min_search_term_x_product_description_1D (1D): corr = 0.127074
[2016-05-09 00:10:55,722] INFO: Word2Vec_Homedepot_D100_CosineSim_Median_Median_search_term_x_product_description_1D (1D): corr = 0.092421
[2016-05-09 09:28:13,578] INFO: Word2Vec_Homedepot_D100_CosineSim_Mean_Mean_search_term_x_product_attribute_1D (1D): corr = -0.098643
[2016-05-09 09:28:13,587] INFO: Word2Vec_Homedepot_D100_CosineSim_Mean_Std_search_term_x_product_attribute_1D (1D): corr = -0.038439
[2016-05-09 09:28:13,596] INFO: Word2Vec_Homedepot_D100_CosineSim_Mean_Max_search_term_x_product_attribute_1D (1D): corr = -0.116363
[2016-05-09 09:28:13,606] INFO: Word2Vec_Homedepot_D100_CosineSim_Mean_Min_search_term_x_product_attribute_1D (1D): corr = -0.072997
[2016-05-09 09:28:13,615] INFO: Word2Vec_Homedepot_D100_CosineSim_Mean_Median_search_term_x_product_attribute_1D (1D): corr = -0.099753
[2016-05-09 09:28:13,624] INFO: Word2Vec_Homedepot_D100_CosineSim_Max_Mean_search_term_x_product_attribute_1D (1D): corr = -0.038754
[2016-05-09 09:28:13,634] INFO: Word2Vec_Homedepot_D100_CosineSim_Max_Std_search_term_x_product_attribute_1D (1D): corr = -0.222190
[2016-05-09 09:28:13,643] INFO: Word2Vec_Homedepot_D100_CosineSim_Max_Max_search_term_x_product_attribute_1D (1D): corr = -0.103342
[2016-05-09 09:28:13,652] INFO: Word2Vec_Homedepot_D100_CosineSim_Max_Min_search_term_x_product_attribute_1D (1D): corr = 0.035308
[2016-05-09 09:28:13,661] INFO: Word2Vec_Homedepot_D100_CosineSim_Max_Median_search_term_x_product_attribute_1D (1D): corr = -0.038500
[2016-05-09 09:28:13,671] INFO: Word2Vec_Homedepot_D100_CosineSim_Min_Mean_search_term_x_product_attribute_1D (1D): corr = -0.031782
[2016-05-09 09:28:13,680] INFO: Word2Vec_Homedepot_D100_CosineSim_Min_Std_search_term_x_product_attribute_1D (1D): corr = 0.013470
[2016-05-09 09:28:13,689] INFO: Word2Vec_Homedepot_D100_CosineSim_Min_Max_search_term_x_product_attribute_1D (1D): corr = -0.029797
[2016-05-09 09:28:13,699] INFO: Word2Vec_Homedepot_D100_CosineSim_Min_Min_search_term_x_product_attribute_1D (1D): corr = -0.017921
[2016-05-09 09:28:13,708] INFO: Word2Vec_Homedepot_D100_CosineSim_Min_Median_search_term_x_product_attribute_1D (1D): corr = -0.035814
[2016-05-09 09:28:13,717] INFO: Word2Vec_Homedepot_D100_CosineSim_Median_Mean_search_term_x_product_attribute_1D (1D): corr = -0.110148
[2016-05-09 09:28:13,727] INFO: Word2Vec_Homedepot_D100_CosineSim_Median_Std_search_term_x_product_attribute_1D (1D): corr = -0.020500
[2016-05-09 09:28:13,736] INFO: Word2Vec_Homedepot_D100_CosineSim_Median_Max_search_term_x_product_attribute_1D (1D): corr = -0.123600
[2016-05-09 09:28:13,745] INFO: Word2Vec_Homedepot_D100_CosineSim_Median_Min_search_term_x_product_attribute_1D (1D): corr = -0.085888
[2016-05-09 09:28:13,755] INFO: Word2Vec_Homedepot_D100_CosineSim_Median_Median_search_term_x_product_attribute_1D (1D): corr = -0.111925
[2016-05-09 09:47:29,599] INFO: Word2Vec_Homedepot_D100_CosineSim_Mean_Mean_search_term_x_product_brand_1D (1D): corr = -0.010341
[2016-05-09 09:47:29,611] INFO: Word2Vec_Homedepot_D100_CosineSim_Mean_Std_search_term_x_product_brand_1D (1D): corr = 0.024561
[2016-05-09 09:47:29,623] INFO: Word2Vec_Homedepot_D100_CosineSim_Mean_Max_search_term_x_product_brand_1D (1D): corr = -0.004793
[2016-05-09 09:47:29,635] INFO: Word2Vec_Homedepot_D100_CosineSim_Mean_Min_search_term_x_product_brand_1D (1D): corr = -0.016158
[2016-05-09 09:47:29,646] INFO: Word2Vec_Homedepot_D100_CosineSim_Mean_Median_search_term_x_product_brand_1D (1D): corr = -0.011127
[2016-05-09 09:47:29,658] INFO: Word2Vec_Homedepot_D100_CosineSim_Max_Mean_search_term_x_product_brand_1D (1D): corr = -0.016220
[2016-05-09 09:47:29,670] INFO: Word2Vec_Homedepot_D100_CosineSim_Max_Std_search_term_x_product_brand_1D (1D): corr = 0.015266
[2016-05-09 09:47:29,682] INFO: Word2Vec_Homedepot_D100_CosineSim_Max_Max_search_term_x_product_brand_1D (1D): corr = -0.013027
[2016-05-09 09:47:29,693] INFO: Word2Vec_Homedepot_D100_CosineSim_Max_Min_search_term_x_product_brand_1D (1D): corr = -0.020811
[2016-05-09 09:47:29,705] INFO: Word2Vec_Homedepot_D100_CosineSim_Max_Median_search_term_x_product_brand_1D (1D): corr = -0.014924
[2016-05-09 09:47:29,717] INFO: Word2Vec_Homedepot_D100_CosineSim_Min_Mean_search_term_x_product_brand_1D (1D): corr = -0.003474
[2016-05-09 09:47:29,728] INFO: Word2Vec_Homedepot_D100_CosineSim_Min_Std_search_term_x_product_brand_1D (1D): corr = 0.026955
[2016-05-09 09:47:29,740] INFO: Word2Vec_Homedepot_D100_CosineSim_Min_Max_search_term_x_product_brand_1D (1D): corr = 0.002098
[2016-05-09 09:47:29,752] INFO: Word2Vec_Homedepot_D100_CosineSim_Min_Min_search_term_x_product_brand_1D (1D): corr = -0.007450
[2016-05-09 09:47:29,764] INFO: Word2Vec_Homedepot_D100_CosineSim_Min_Median_search_term_x_product_brand_1D (1D): corr = -0.006372
[2016-05-09 09:47:29,775] INFO: Word2Vec_Homedepot_D100_CosineSim_Median_Mean_search_term_x_product_brand_1D (1D): corr = -0.010099
[2016-05-09 09:47:29,787] INFO: Word2Vec_Homedepot_D100_CosineSim_Median_Std_search_term_x_product_brand_1D (1D): corr = 0.026223
[2016-05-09 09:47:29,799] INFO: Word2Vec_Homedepot_D100_CosineSim_Median_Max_search_term_x_product_brand_1D (1D): corr = -0.003702
[2016-05-09 09:47:29,810] INFO: Word2Vec_Homedepot_D100_CosineSim_Median_Min_search_term_x_product_brand_1D (1D): corr = -0.016265
[2016-05-09 09:47:29,822] INFO: Word2Vec_Homedepot_D100_CosineSim_Median_Median_search_term_x_product_brand_1D (1D): corr = -0.011498
[2016-05-09 10:06:49,129] INFO: Word2Vec_Homedepot_D100_CosineSim_Mean_Mean_search_term_x_product_color_1D (1D): corr = -0.039095
[2016-05-09 10:06:49,139] INFO: Word2Vec_Homedepot_D100_CosineSim_Mean_Std_search_term_x_product_color_1D (1D): corr = -0.017005
[2016-05-09 10:06:49,148] INFO: Word2Vec_Homedepot_D100_CosineSim_Mean_Max_search_term_x_product_color_1D (1D): corr = -0.040985
[2016-05-09 10:06:49,157] INFO: Word2Vec_Homedepot_D100_CosineSim_Mean_Min_search_term_x_product_color_1D (1D): corr = -0.027662
[2016-05-09 10:06:49,166] INFO: Word2Vec_Homedepot_D100_CosineSim_Mean_Median_search_term_x_product_color_1D (1D): corr = -0.040339
[2016-05-09 10:06:49,176] INFO: Word2Vec_Homedepot_D100_CosineSim_Max_Mean_search_term_x_product_color_1D (1D): corr = -0.039528
[2016-05-09 10:06:49,185] INFO: Word2Vec_Homedepot_D100_CosineSim_Max_Std_search_term_x_product_color_1D (1D): corr = -0.022842
[2016-05-09 10:06:49,194] INFO: Word2Vec_Homedepot_D100_CosineSim_Max_Max_search_term_x_product_color_1D (1D): corr = -0.042782
[2016-05-09 10:06:49,204] INFO: Word2Vec_Homedepot_D100_CosineSim_Max_Min_search_term_x_product_color_1D (1D): corr = -0.027483
[2016-05-09 10:06:49,213] INFO: Word2Vec_Homedepot_D100_CosineSim_Max_Median_search_term_x_product_color_1D (1D): corr = -0.040246
[2016-05-09 10:06:49,222] INFO: Word2Vec_Homedepot_D100_CosineSim_Min_Mean_search_term_x_product_color_1D (1D): corr = -0.038668
[2016-05-09 10:06:49,232] INFO: Word2Vec_Homedepot_D100_CosineSim_Min_Std_search_term_x_product_color_1D (1D): corr = -0.015127
[2016-05-09 10:06:49,241] INFO: Word2Vec_Homedepot_D100_CosineSim_Min_Max_search_term_x_product_color_1D (1D): corr = -0.040501
[2016-05-09 10:06:49,250] INFO: Word2Vec_Homedepot_D100_CosineSim_Min_Min_search_term_x_product_color_1D (1D): corr = -0.026701
[2016-05-09 10:06:49,259] INFO: Word2Vec_Homedepot_D100_CosineSim_Min_Median_search_term_x_product_color_1D (1D): corr = -0.039893
[2016-05-09 10:06:49,269] INFO: Word2Vec_Homedepot_D100_CosineSim_Median_Mean_search_term_x_product_color_1D (1D): corr = -0.038610
[2016-05-09 10:06:49,278] INFO: Word2Vec_Homedepot_D100_CosineSim_Median_Std_search_term_x_product_color_1D (1D): corr = -0.014776
[2016-05-09 10:06:49,287] INFO: Word2Vec_Homedepot_D100_CosineSim_Median_Max_search_term_x_product_color_1D (1D): corr = -0.039292
[2016-05-09 10:06:49,297] INFO: Word2Vec_Homedepot_D100_CosineSim_Median_Min_search_term_x_product_color_1D (1D): corr = -0.027836
[2016-05-09 10:06:49,306] INFO: Word2Vec_Homedepot_D100_CosineSim_Median_Median_search_term_x_product_color_1D (1D): corr = -0.040031
