[2016-05-08 13:06:51,260] INFO: StatCoocBM25_Unigram_Mean_search_term_x_product_title_1D (1D): corr = 0.321582
[2016-05-08 13:06:51,267] INFO: StatCoocBM25_Unigram_Std_search_term_x_product_title_1D (1D): corr = -0.071164
[2016-05-08 13:06:51,274] INFO: StatCoocBM25_Unigram_Max_search_term_x_product_title_1D (1D): corr = 0.212943
[2016-05-08 13:06:51,281] INFO: StatCoocBM25_Unigram_Min_search_term_x_product_title_1D (1D): corr = 0.285099
[2016-05-08 13:06:51,288] INFO: StatCoocBM25_Unigram_Median_search_term_x_product_title_1D (1D): corr = 0.310673
[2016-05-08 13:07:56,779] INFO: StatCoocBM25_Unigram_Mean_search_term_x_product_title_product_name_1D (1D): corr = 0.257357
[2016-05-08 13:07:56,786] INFO: StatCoocBM25_Unigram_Std_search_term_x_product_title_product_name_1D (1D): corr = 0.195707
[2016-05-08 13:07:56,793] INFO: StatCoocBM25_Unigram_Max_search_term_x_product_title_product_name_1D (1D): corr = 0.227685
[2016-05-08 13:07:56,800] INFO: StatCoocBM25_Unigram_Min_search_term_x_product_title_product_name_1D (1D): corr = 0.115219
[2016-05-08 13:07:56,807] INFO: StatCoocBM25_Unigram_Median_search_term_x_product_title_product_name_1D (1D): corr = 0.236021
[2016-05-08 13:14:36,557] INFO: StatCoocBM25_Unigram_Mean_search_term_x_product_description_1D (1D): corr = 0.274097
[2016-05-08 13:14:36,564] INFO: StatCoocBM25_Unigram_Std_search_term_x_product_description_1D (1D): corr = 0.042573
[2016-05-08 13:14:36,571] INFO: StatCoocBM25_Unigram_Max_search_term_x_product_description_1D (1D): corr = 0.211756
[2016-05-08 13:14:36,578] INFO: StatCoocBM25_Unigram_Min_search_term_x_product_description_1D (1D): corr = 0.205056
[2016-05-08 13:14:36,585] INFO: StatCoocBM25_Unigram_Median_search_term_x_product_description_1D (1D): corr = 0.271588
[2016-05-08 13:21:03,056] INFO: StatCoocBM25_Unigram_Mean_search_term_x_product_attribute_1D (1D): corr = 0.117629
[2016-05-08 13:21:03,063] INFO: StatCoocBM25_Unigram_Std_search_term_x_product_attribute_1D (1D): corr = -0.053688
[2016-05-08 13:21:03,070] INFO: StatCoocBM25_Unigram_Max_search_term_x_product_attribute_1D (1D): corr = 0.030606
[2016-05-08 13:21:03,077] INFO: StatCoocBM25_Unigram_Min_search_term_x_product_attribute_1D (1D): corr = 0.151991
[2016-05-08 13:21:03,084] INFO: StatCoocBM25_Unigram_Median_search_term_x_product_attribute_1D (1D): corr = 0.138151
[2016-05-08 13:22:07,609] INFO: StatCoocBM25_Unigram_Mean_search_term_x_product_brand_1D (1D): corr = 0.065672
[2016-05-08 13:22:07,616] INFO: StatCoocBM25_Unigram_Std_search_term_x_product_brand_1D (1D): corr = 0.048222
[2016-05-08 13:22:07,624] INFO: StatCoocBM25_Unigram_Max_search_term_x_product_brand_1D (1D): corr = 0.051822
[2016-05-08 13:22:07,631] INFO: StatCoocBM25_Unigram_Min_search_term_x_product_brand_1D (1D): corr = 0.032370
[2016-05-08 13:22:07,638] INFO: StatCoocBM25_Unigram_Median_search_term_x_product_brand_1D (1D): corr = 0.063346
[2016-05-08 13:23:11,858] INFO: StatCoocBM25_Unigram_Mean_search_term_x_product_color_1D (1D): corr = -0.003291
[2016-05-08 13:23:11,865] INFO: StatCoocBM25_Unigram_Std_search_term_x_product_color_1D (1D): corr = -0.005622
[2016-05-08 13:23:11,872] INFO: StatCoocBM25_Unigram_Max_search_term_x_product_color_1D (1D): corr = -0.005848
[2016-05-08 13:23:11,879] INFO: StatCoocBM25_Unigram_Min_search_term_x_product_color_1D (1D): corr = 0.002165
[2016-05-08 13:23:11,886] INFO: StatCoocBM25_Unigram_Median_search_term_x_product_color_1D (1D): corr = -0.001210
[2016-05-08 13:24:50,053] INFO: StatCoocBM25_Bigram_Mean_search_term_x_product_title_1D (1D): corr = 0.223629
[2016-05-08 13:24:50,060] INFO: StatCoocBM25_Bigram_Std_search_term_x_product_title_1D (1D): corr = 0.061204
[2016-05-08 13:24:50,068] INFO: StatCoocBM25_Bigram_Max_search_term_x_product_title_1D (1D): corr = 0.174071
[2016-05-08 13:24:50,075] INFO: StatCoocBM25_Bigram_Min_search_term_x_product_title_1D (1D): corr = 0.190530
[2016-05-08 13:24:50,082] INFO: StatCoocBM25_Bigram_Median_search_term_x_product_title_1D (1D): corr = 0.227920
[2016-05-08 13:25:54,383] INFO: StatCoocBM25_Bigram_Mean_search_term_x_product_title_product_name_1D (1D): corr = 0.181704
[2016-05-08 13:25:54,390] INFO: StatCoocBM25_Bigram_Std_search_term_x_product_title_product_name_1D (1D): corr = 0.122941
[2016-05-08 13:25:54,397] INFO: StatCoocBM25_Bigram_Max_search_term_x_product_title_product_name_1D (1D): corr = 0.170063
[2016-05-08 13:25:54,404] INFO: StatCoocBM25_Bigram_Min_search_term_x_product_title_product_name_1D (1D): corr = 0.126014
[2016-05-08 13:25:54,411] INFO: StatCoocBM25_Bigram_Median_search_term_x_product_title_product_name_1D (1D): corr = 0.168182
[2016-05-08 13:34:10,191] INFO: StatCoocBM25_Bigram_Mean_search_term_x_product_description_1D (1D): corr = 0.183444
[2016-05-08 13:34:10,199] INFO: StatCoocBM25_Bigram_Std_search_term_x_product_description_1D (1D): corr = 0.067918
[2016-05-08 13:34:10,206] INFO: StatCoocBM25_Bigram_Max_search_term_x_product_description_1D (1D): corr = 0.146623
[2016-05-08 13:34:10,213] INFO: StatCoocBM25_Bigram_Min_search_term_x_product_description_1D (1D): corr = 0.152485
[2016-05-08 13:34:10,220] INFO: StatCoocBM25_Bigram_Median_search_term_x_product_description_1D (1D): corr = 0.185733
[2016-05-08 13:42:07,452] INFO: StatCoocBM25_Bigram_Mean_search_term_x_product_attribute_1D (1D): corr = 0.080495
[2016-05-08 13:42:07,458] INFO: StatCoocBM25_Bigram_Std_search_term_x_product_attribute_1D (1D): corr = 0.032956
[2016-05-08 13:42:07,465] INFO: StatCoocBM25_Bigram_Max_search_term_x_product_attribute_1D (1D): corr = 0.055592
[2016-05-08 13:42:07,471] INFO: StatCoocBM25_Bigram_Min_search_term_x_product_attribute_1D (1D): corr = 0.063097
[2016-05-08 13:42:07,477] INFO: StatCoocBM25_Bigram_Median_search_term_x_product_attribute_1D (1D): corr = 0.087679
[2016-05-08 13:43:10,516] INFO: StatCoocBM25_Bigram_Mean_search_term_x_product_brand_1D (1D): corr = 0.037179
[2016-05-08 13:43:10,523] INFO: StatCoocBM25_Bigram_Std_search_term_x_product_brand_1D (1D): corr = 0.009536
[2016-05-08 13:43:10,529] INFO: StatCoocBM25_Bigram_Max_search_term_x_product_brand_1D (1D): corr = 0.027323
[2016-05-08 13:43:10,535] INFO: StatCoocBM25_Bigram_Min_search_term_x_product_brand_1D (1D): corr = 0.036134
[2016-05-08 13:43:10,542] INFO: StatCoocBM25_Bigram_Median_search_term_x_product_brand_1D (1D): corr = 0.037408
[2016-05-08 13:44:13,918] INFO: StatCoocBM25_Bigram_Mean_search_term_x_product_color_1D (1D): corr = 0.004986
[2016-05-08 13:44:13,925] INFO: StatCoocBM25_Bigram_Std_search_term_x_product_color_1D (1D): corr = -0.000054
[2016-05-08 13:44:13,931] INFO: StatCoocBM25_Bigram_Max_search_term_x_product_color_1D (1D): corr = 0.003707
[2016-05-08 13:44:13,937] INFO: StatCoocBM25_Bigram_Min_search_term_x_product_color_1D (1D): corr = 0.009245
[2016-05-08 13:44:13,944] INFO: StatCoocBM25_Bigram_Median_search_term_x_product_color_1D (1D): corr = 0.004169
[2016-05-08 13:45:50,071] INFO: StatCoocBM25_Trigram_Mean_search_term_x_product_title_1D (1D): corr = 0.139060
[2016-05-08 13:45:50,078] INFO: StatCoocBM25_Trigram_Std_search_term_x_product_title_1D (1D): corr = 0.045644
[2016-05-08 13:45:50,084] INFO: StatCoocBM25_Trigram_Max_search_term_x_product_title_1D (1D): corr = 0.118685
[2016-05-08 13:45:50,090] INFO: StatCoocBM25_Trigram_Min_search_term_x_product_title_1D (1D): corr = 0.128757
[2016-05-08 13:45:50,097] INFO: StatCoocBM25_Trigram_Median_search_term_x_product_title_1D (1D): corr = 0.137376
[2016-05-08 13:46:53,100] INFO: StatCoocBM25_Trigram_Mean_search_term_x_product_title_product_name_1D (1D): corr = 0.132755
[2016-05-08 13:46:53,106] INFO: StatCoocBM25_Trigram_Std_search_term_x_product_title_product_name_1D (1D): corr = 0.024856
[2016-05-08 13:46:53,113] INFO: StatCoocBM25_Trigram_Max_search_term_x_product_title_product_name_1D (1D): corr = 0.124460
[2016-05-08 13:46:53,119] INFO: StatCoocBM25_Trigram_Min_search_term_x_product_title_product_name_1D (1D): corr = 0.130045
[2016-05-08 13:46:53,125] INFO: StatCoocBM25_Trigram_Median_search_term_x_product_title_product_name_1D (1D): corr = 0.131565
[2016-05-08 13:55:46,807] INFO: StatCoocBM25_Trigram_Mean_search_term_x_product_description_1D (1D): corr = 0.103005
[2016-05-08 13:55:46,813] INFO: StatCoocBM25_Trigram_Std_search_term_x_product_description_1D (1D): corr = 0.035613
[2016-05-08 13:55:46,820] INFO: StatCoocBM25_Trigram_Max_search_term_x_product_description_1D (1D): corr = 0.087220
[2016-05-08 13:55:46,826] INFO: StatCoocBM25_Trigram_Min_search_term_x_product_description_1D (1D): corr = 0.095064
[2016-05-08 13:55:46,832] INFO: StatCoocBM25_Trigram_Median_search_term_x_product_description_1D (1D): corr = 0.101576
[2016-05-08 14:04:22,505] INFO: StatCoocBM25_Trigram_Mean_search_term_x_product_attribute_1D (1D): corr = 0.045237
[2016-05-08 14:04:22,513] INFO: StatCoocBM25_Trigram_Std_search_term_x_product_attribute_1D (1D): corr = 0.018990
[2016-05-08 14:04:22,521] INFO: StatCoocBM25_Trigram_Max_search_term_x_product_attribute_1D (1D): corr = 0.036504
[2016-05-08 14:04:22,527] INFO: StatCoocBM25_Trigram_Min_search_term_x_product_attribute_1D (1D): corr = 0.040329
[2016-05-08 14:04:22,535] INFO: StatCoocBM25_Trigram_Median_search_term_x_product_attribute_1D (1D): corr = 0.044794
[2016-05-08 14:05:23,904] INFO: StatCoocBM25_Trigram_Mean_search_term_x_product_brand_1D (1D): corr = 0.037910
[2016-05-08 14:05:23,910] INFO: StatCoocBM25_Trigram_Std_search_term_x_product_brand_1D (1D): corr = 0.005831
[2016-05-08 14:05:23,916] INFO: StatCoocBM25_Trigram_Max_search_term_x_product_brand_1D (1D): corr = 0.034315
[2016-05-08 14:05:23,923] INFO: StatCoocBM25_Trigram_Min_search_term_x_product_brand_1D (1D): corr = 0.037444
[2016-05-08 14:05:23,929] INFO: StatCoocBM25_Trigram_Median_search_term_x_product_brand_1D (1D): corr = 0.037844
[2016-05-08 14:06:25,520] INFO: StatCoocBM25_Trigram_Mean_search_term_x_product_color_1D (1D): corr = -0.002601
[2016-05-08 14:06:25,526] INFO: StatCoocBM25_Trigram_Std_search_term_x_product_color_1D (1D): corr = -0.006561
[2016-05-08 14:06:25,533] INFO: StatCoocBM25_Trigram_Max_search_term_x_product_color_1D (1D): corr = -0.002343
[2016-05-08 14:06:25,539] INFO: StatCoocBM25_Trigram_Min_search_term_x_product_color_1D (1D): corr = 0.004701
[2016-05-08 14:06:25,545] INFO: StatCoocBM25_Trigram_Median_search_term_x_product_color_1D (1D): corr = -0.004990
[2016-05-08 14:08:16,747] INFO: StatCoocBM25_Unigram_Mean_product_title_x_search_term_1D (1D): corr = 0.289369
[2016-05-08 14:08:16,753] INFO: StatCoocBM25_Unigram_Std_product_title_x_search_term_1D (1D): corr = 0.276383
[2016-05-08 14:08:16,759] INFO: StatCoocBM25_Unigram_Max_product_title_x_search_term_1D (1D): corr = 0.231154
[2016-05-08 14:08:16,766] INFO: StatCoocBM25_Unigram_Min_product_title_x_search_term_1D (1D): corr = 0.007413
[2016-05-08 14:08:16,772] INFO: StatCoocBM25_Unigram_Median_product_title_x_search_term_1D (1D): corr = 0.071447
[2016-05-08 14:09:21,317] INFO: StatCoocBM25_Unigram_Mean_product_title_product_name_x_search_term_1D (1D): corr = 0.267587
[2016-05-08 14:09:21,323] INFO: StatCoocBM25_Unigram_Std_product_title_product_name_x_search_term_1D (1D): corr = 0.154133
[2016-05-08 14:09:21,329] INFO: StatCoocBM25_Unigram_Max_product_title_product_name_x_search_term_1D (1D): corr = 0.249636
[2016-05-08 14:09:21,336] INFO: StatCoocBM25_Unigram_Min_product_title_product_name_x_search_term_1D (1D): corr = 0.190397
[2016-05-08 14:09:21,342] INFO: StatCoocBM25_Unigram_Median_product_title_product_name_x_search_term_1D (1D): corr = 0.267587
[2016-05-08 14:20:58,907] INFO: StatCoocBM25_Unigram_Mean_product_description_x_search_term_1D (1D): corr = 0.187274
[2016-05-08 14:20:58,913] INFO: StatCoocBM25_Unigram_Std_product_description_x_search_term_1D (1D): corr = 0.224750
[2016-05-08 14:20:58,920] INFO: StatCoocBM25_Unigram_Max_product_description_x_search_term_1D (1D): corr = 0.200597
[2016-05-08 14:20:58,926] INFO: StatCoocBM25_Unigram_Min_product_description_x_search_term_1D (1D): corr = 0.000000
[2016-05-08 14:20:58,932] INFO: StatCoocBM25_Unigram_Median_product_description_x_search_term_1D (1D): corr = 0.000000
[2016-05-08 14:32:04,332] INFO: StatCoocBM25_Unigram_Mean_product_attribute_x_search_term_1D (1D): corr = 0.059062
[2016-05-08 14:32:04,339] INFO: StatCoocBM25_Unigram_Std_product_attribute_x_search_term_1D (1D): corr = 0.033404
[2016-05-08 14:32:04,345] INFO: StatCoocBM25_Unigram_Max_product_attribute_x_search_term_1D (1D): corr = 0.000340
[2016-05-08 14:32:04,351] INFO: StatCoocBM25_Unigram_Min_product_attribute_x_search_term_1D (1D): corr = 0.000000
[2016-05-08 14:32:04,358] INFO: StatCoocBM25_Unigram_Median_product_attribute_x_search_term_1D (1D): corr = 0.000000
[2016-05-08 14:33:02,550] INFO: StatCoocBM25_Unigram_Mean_product_brand_x_search_term_1D (1D): corr = 0.068524
[2016-05-08 14:33:02,557] INFO: StatCoocBM25_Unigram_Std_product_brand_x_search_term_1D (1D): corr = -0.007013
[2016-05-08 14:33:02,563] INFO: StatCoocBM25_Unigram_Max_product_brand_x_search_term_1D (1D): corr = 0.056531
[2016-05-08 14:33:02,570] INFO: StatCoocBM25_Unigram_Min_product_brand_x_search_term_1D (1D): corr = 0.072766
[2016-05-08 14:33:02,576] INFO: StatCoocBM25_Unigram_Median_product_brand_x_search_term_1D (1D): corr = 0.070428
[2016-05-08 14:34:00,165] INFO: StatCoocBM25_Unigram_Mean_product_color_x_search_term_1D (1D): corr = 0.005686
[2016-05-08 14:34:00,171] INFO: StatCoocBM25_Unigram_Std_product_color_x_search_term_1D (1D): corr = -0.012194
[2016-05-08 14:34:00,191] INFO: StatCoocBM25_Unigram_Max_product_color_x_search_term_1D (1D): corr = -0.007656
[2016-05-08 14:34:00,197] INFO: StatCoocBM25_Unigram_Min_product_color_x_search_term_1D (1D): corr = 0.011155
[2016-05-08 14:34:00,205] INFO: StatCoocBM25_Unigram_Median_product_color_x_search_term_1D (1D): corr = 0.012390
[2016-05-08 14:35:50,892] INFO: StatCoocBM25_Bigram_Mean_product_title_x_search_term_1D (1D): corr = 0.198768
[2016-05-08 14:35:50,899] INFO: StatCoocBM25_Bigram_Std_product_title_x_search_term_1D (1D): corr = 0.209538
[2016-05-08 14:35:50,905] INFO: StatCoocBM25_Bigram_Max_product_title_x_search_term_1D (1D): corr = 0.201381
[2016-05-08 14:35:50,911] INFO: StatCoocBM25_Bigram_Min_product_title_x_search_term_1D (1D): corr = 0.005608
[2016-05-08 14:35:50,918] INFO: StatCoocBM25_Bigram_Median_product_title_x_search_term_1D (1D): corr = 0.025570
[2016-05-08 14:36:51,450] INFO: StatCoocBM25_Bigram_Mean_product_title_product_name_x_search_term_1D (1D): corr = 0.184938
[2016-05-08 14:36:51,456] INFO: StatCoocBM25_Bigram_Std_product_title_product_name_x_search_term_1D (1D): corr = 0.000000
[2016-05-08 14:36:51,462] INFO: StatCoocBM25_Bigram_Max_product_title_product_name_x_search_term_1D (1D): corr = 0.184938
[2016-05-08 14:36:51,469] INFO: StatCoocBM25_Bigram_Min_product_title_product_name_x_search_term_1D (1D): corr = 0.184938
[2016-05-08 14:36:51,475] INFO: StatCoocBM25_Bigram_Median_product_title_product_name_x_search_term_1D (1D): corr = 0.184938
[2016-05-08 14:48:14,978] INFO: StatCoocBM25_Bigram_Mean_product_description_x_search_term_1D (1D): corr = 0.139510
[2016-05-08 14:48:14,985] INFO: StatCoocBM25_Bigram_Std_product_description_x_search_term_1D (1D): corr = 0.164980
[2016-05-08 14:48:14,991] INFO: StatCoocBM25_Bigram_Max_product_description_x_search_term_1D (1D): corr = 0.171360
[2016-05-08 14:48:14,998] INFO: StatCoocBM25_Bigram_Min_product_description_x_search_term_1D (1D): corr = 0.000000
[2016-05-08 14:48:15,004] INFO: StatCoocBM25_Bigram_Median_product_description_x_search_term_1D (1D): corr = 0.000000
[2016-05-08 14:59:06,815] INFO: StatCoocBM25_Bigram_Mean_product_attribute_x_search_term_1D (1D): corr = 0.062309
[2016-05-08 14:59:06,821] INFO: StatCoocBM25_Bigram_Std_product_attribute_x_search_term_1D (1D): corr = 0.069361
[2016-05-08 14:59:06,828] INFO: StatCoocBM25_Bigram_Max_product_attribute_x_search_term_1D (1D): corr = 0.072010
[2016-05-08 14:59:06,834] INFO: StatCoocBM25_Bigram_Min_product_attribute_x_search_term_1D (1D): corr = 0.000000
[2016-05-08 14:59:06,841] INFO: StatCoocBM25_Bigram_Median_product_attribute_x_search_term_1D (1D): corr = 0.000000
[2016-05-08 15:00:07,527] INFO: StatCoocBM25_Bigram_Mean_product_brand_x_search_term_1D (1D): corr = 0.034459
[2016-05-08 15:00:07,533] INFO: StatCoocBM25_Bigram_Std_product_brand_x_search_term_1D (1D): corr = 0.006652
[2016-05-08 15:00:07,540] INFO: StatCoocBM25_Bigram_Max_product_brand_x_search_term_1D (1D): corr = 0.033824
[2016-05-08 15:00:07,546] INFO: StatCoocBM25_Bigram_Min_product_brand_x_search_term_1D (1D): corr = 0.033665
[2016-05-08 15:00:07,552] INFO: StatCoocBM25_Bigram_Median_product_brand_x_search_term_1D (1D): corr = 0.034919
[2016-05-08 15:01:09,248] INFO: StatCoocBM25_Bigram_Mean_product_color_x_search_term_1D (1D): corr = 0.005603
[2016-05-08 15:01:09,255] INFO: StatCoocBM25_Bigram_Std_product_color_x_search_term_1D (1D): corr = 0.002151
[2016-05-08 15:01:09,261] INFO: StatCoocBM25_Bigram_Max_product_color_x_search_term_1D (1D): corr = 0.002763
[2016-05-08 15:01:09,268] INFO: StatCoocBM25_Bigram_Min_product_color_x_search_term_1D (1D): corr = 0.004800
[2016-05-08 15:01:09,275] INFO: StatCoocBM25_Bigram_Median_product_color_x_search_term_1D (1D): corr = 0.006139
[2016-05-08 15:02:56,072] INFO: StatCoocBM25_Trigram_Mean_product_title_x_search_term_1D (1D): corr = 0.120239
[2016-05-08 15:02:56,079] INFO: StatCoocBM25_Trigram_Std_product_title_x_search_term_1D (1D): corr = 0.136164
[2016-05-08 15:02:56,087] INFO: StatCoocBM25_Trigram_Max_product_title_x_search_term_1D (1D): corr = 0.136240
[2016-05-08 15:02:56,095] INFO: StatCoocBM25_Trigram_Min_product_title_x_search_term_1D (1D): corr = 0.005969
[2016-05-08 15:02:56,101] INFO: StatCoocBM25_Trigram_Median_product_title_x_search_term_1D (1D): corr = 0.018358
[2016-05-08 15:03:56,014] INFO: StatCoocBM25_Trigram_Mean_product_title_product_name_x_search_term_1D (1D): corr = 0.132861
[2016-05-08 15:03:56,020] INFO: StatCoocBM25_Trigram_Std_product_title_product_name_x_search_term_1D (1D): corr = 0.000000
[2016-05-08 15:03:56,035] INFO: StatCoocBM25_Trigram_Max_product_title_product_name_x_search_term_1D (1D): corr = 0.132861
[2016-05-08 15:03:56,041] INFO: StatCoocBM25_Trigram_Min_product_title_product_name_x_search_term_1D (1D): corr = 0.132861
[2016-05-08 15:03:56,047] INFO: StatCoocBM25_Trigram_Median_product_title_product_name_x_search_term_1D (1D): corr = 0.132861
[2016-05-08 15:15:02,727] INFO: StatCoocBM25_Trigram_Mean_product_description_x_search_term_1D (1D): corr = 0.082158
[2016-05-08 15:15:02,733] INFO: StatCoocBM25_Trigram_Std_product_description_x_search_term_1D (1D): corr = 0.097870
[2016-05-08 15:15:02,739] INFO: StatCoocBM25_Trigram_Max_product_description_x_search_term_1D (1D): corr = 0.103295
[2016-05-08 15:15:02,746] INFO: StatCoocBM25_Trigram_Min_product_description_x_search_term_1D (1D): corr = 0.000000
[2016-05-08 15:15:02,752] INFO: StatCoocBM25_Trigram_Median_product_description_x_search_term_1D (1D): corr = 0.000000
[2016-05-08 15:25:34,229] INFO: StatCoocBM25_Trigram_Mean_product_attribute_x_search_term_1D (1D): corr = 0.035546
[2016-05-08 15:25:34,235] INFO: StatCoocBM25_Trigram_Std_product_attribute_x_search_term_1D (1D): corr = 0.043203
[2016-05-08 15:25:34,242] INFO: StatCoocBM25_Trigram_Max_product_attribute_x_search_term_1D (1D): corr = 0.047591
[2016-05-08 15:25:34,248] INFO: StatCoocBM25_Trigram_Min_product_attribute_x_search_term_1D (1D): corr = 0.000000
[2016-05-08 15:25:34,254] INFO: StatCoocBM25_Trigram_Median_product_attribute_x_search_term_1D (1D): corr = 0.000000
[2016-05-08 15:26:33,692] INFO: StatCoocBM25_Trigram_Mean_product_brand_x_search_term_1D (1D): corr = 0.038933
[2016-05-08 15:26:33,699] INFO: StatCoocBM25_Trigram_Std_product_brand_x_search_term_1D (1D): corr = -0.004095
[2016-05-08 15:26:33,705] INFO: StatCoocBM25_Trigram_Max_product_brand_x_search_term_1D (1D): corr = 0.037368
[2016-05-08 15:26:33,711] INFO: StatCoocBM25_Trigram_Min_product_brand_x_search_term_1D (1D): corr = 0.038933
[2016-05-08 15:26:33,717] INFO: StatCoocBM25_Trigram_Median_product_brand_x_search_term_1D (1D): corr = 0.039551
[2016-05-08 15:27:33,580] INFO: StatCoocBM25_Trigram_Mean_product_color_x_search_term_1D (1D): corr = -0.004550
[2016-05-08 15:27:33,587] INFO: StatCoocBM25_Trigram_Std_product_color_x_search_term_1D (1D): corr = 0.004612
[2016-05-08 15:27:33,593] INFO: StatCoocBM25_Trigram_Max_product_color_x_search_term_1D (1D): corr = -0.001981
[2016-05-08 15:27:33,599] INFO: StatCoocBM25_Trigram_Min_product_color_x_search_term_1D (1D): corr = -0.009395
[2016-05-08 15:27:33,606] INFO: StatCoocBM25_Trigram_Median_product_color_x_search_term_1D (1D): corr = -0.003130
[2016-05-08 15:28:34,009] INFO: StatCoocBM25_Unigram_Mean_search_term_product_name_x_product_title_product_name_1D (1D): corr = 0.259942
[2016-05-08 15:28:34,016] INFO: StatCoocBM25_Unigram_Std_search_term_product_name_x_product_title_product_name_1D (1D): corr = 0.136204
[2016-05-08 15:28:34,022] INFO: StatCoocBM25_Unigram_Max_search_term_product_name_x_product_title_product_name_1D (1D): corr = 0.249739
[2016-05-08 15:28:34,028] INFO: StatCoocBM25_Unigram_Min_search_term_product_name_x_product_title_product_name_1D (1D): corr = 0.194214
[2016-05-08 15:28:34,034] INFO: StatCoocBM25_Unigram_Median_search_term_product_name_x_product_title_product_name_1D (1D): corr = 0.259942
[2016-05-08 15:28:51,623] INFO: StatCoocBM25_Bigram_Mean_search_term_product_name_x_product_title_product_name_1D (1D): corr = 0.183932
