[2016-05-08 13:05:10,321] INFO: StatCoocTF_Unigram_Mean_search_term_x_product_title_1D (1D): corr = 0.361953
[2016-05-08 13:05:10,328] INFO: StatCoocTF_Unigram_Std_search_term_x_product_title_1D (1D): corr = -0.174796
[2016-05-08 13:05:10,336] INFO: StatCoocTF_Unigram_Max_search_term_x_product_title_1D (1D): corr = 0.138305
[2016-05-08 13:05:10,343] INFO: StatCoocTF_Unigram_Min_search_term_x_product_title_1D (1D): corr = 0.356451
[2016-05-08 13:05:10,350] INFO: StatCoocTF_Unigram_Median_search_term_x_product_title_1D (1D): corr = 0.301799
[2016-05-08 13:06:07,656] INFO: StatCoocTF_Unigram_Mean_search_term_x_product_title_product_name_1D (1D): corr = 0.287604
[2016-05-08 13:06:07,666] INFO: StatCoocTF_Unigram_Std_search_term_x_product_title_product_name_1D (1D): corr = 0.196574
[2016-05-08 13:06:07,676] INFO: StatCoocTF_Unigram_Max_search_term_x_product_title_product_name_1D (1D): corr = 0.234869
[2016-05-08 13:06:07,935] INFO: StatCoocTF_Unigram_Min_search_term_x_product_title_product_name_1D (1D): corr = 0.128856
[2016-05-08 13:06:07,945] INFO: StatCoocTF_Unigram_Median_search_term_x_product_title_product_name_1D (1D): corr = 0.248469
[2016-05-08 13:12:43,006] INFO: StatCoocTF_Unigram_Mean_search_term_x_product_description_1D (1D): corr = 0.213305
[2016-05-08 13:12:43,014] INFO: StatCoocTF_Unigram_Std_search_term_x_product_description_1D (1D): corr = 0.042495
[2016-05-08 13:12:43,021] INFO: StatCoocTF_Unigram_Max_search_term_x_product_description_1D (1D): corr = 0.115361
[2016-05-08 13:12:43,029] INFO: StatCoocTF_Unigram_Min_search_term_x_product_description_1D (1D): corr = 0.226733
[2016-05-08 13:12:43,036] INFO: StatCoocTF_Unigram_Median_search_term_x_product_description_1D (1D): corr = 0.223899
[2016-05-08 13:19:01,218] INFO: StatCoocTF_Unigram_Mean_search_term_x_product_attribute_1D (1D): corr = 0.098189
[2016-05-08 13:19:01,226] INFO: StatCoocTF_Unigram_Std_search_term_x_product_attribute_1D (1D): corr = 0.007720
[2016-05-08 13:19:01,233] INFO: StatCoocTF_Unigram_Max_search_term_x_product_attribute_1D (1D): corr = 0.037561
[2016-05-08 13:19:01,240] INFO: StatCoocTF_Unigram_Min_search_term_x_product_attribute_1D (1D): corr = 0.161744
[2016-05-08 13:19:01,248] INFO: StatCoocTF_Unigram_Median_search_term_x_product_attribute_1D (1D): corr = 0.121615
[2016-05-08 13:19:56,947] INFO: StatCoocTF_Unigram_Mean_search_term_x_product_brand_1D (1D): corr = 0.062920
[2016-05-08 13:19:56,955] INFO: StatCoocTF_Unigram_Std_search_term_x_product_brand_1D (1D): corr = 0.042173
[2016-05-08 13:19:56,962] INFO: StatCoocTF_Unigram_Max_search_term_x_product_brand_1D (1D): corr = 0.046104
[2016-05-08 13:19:56,970] INFO: StatCoocTF_Unigram_Min_search_term_x_product_brand_1D (1D): corr = 0.034470
[2016-05-08 13:19:56,977] INFO: StatCoocTF_Unigram_Median_search_term_x_product_brand_1D (1D): corr = 0.061691
[2016-05-08 13:20:52,810] INFO: StatCoocTF_Unigram_Mean_search_term_x_product_color_1D (1D): corr = 0.003307
[2016-05-08 13:20:52,817] INFO: StatCoocTF_Unigram_Std_search_term_x_product_color_1D (1D): corr = 0.003596
[2016-05-08 13:20:52,825] INFO: StatCoocTF_Unigram_Max_search_term_x_product_color_1D (1D): corr = 0.003417
[2016-05-08 13:20:52,832] INFO: StatCoocTF_Unigram_Min_search_term_x_product_color_1D (1D): corr = -0.000486
[2016-05-08 13:20:52,839] INFO: StatCoocTF_Unigram_Median_search_term_x_product_color_1D (1D): corr = 0.000432
[2016-05-08 13:22:12,768] INFO: StatCoocTF_Bigram_Mean_search_term_x_product_title_1D (1D): corr = 0.244334
[2016-05-08 13:22:12,775] INFO: StatCoocTF_Bigram_Std_search_term_x_product_title_1D (1D): corr = 0.069992
[2016-05-08 13:22:12,782] INFO: StatCoocTF_Bigram_Max_search_term_x_product_title_1D (1D): corr = 0.176691
[2016-05-08 13:22:12,789] INFO: StatCoocTF_Bigram_Min_search_term_x_product_title_1D (1D): corr = 0.198656
[2016-05-08 13:22:12,797] INFO: StatCoocTF_Bigram_Median_search_term_x_product_title_1D (1D): corr = 0.243463
[2016-05-08 13:23:08,878] INFO: StatCoocTF_Bigram_Mean_search_term_x_product_title_product_name_1D (1D): corr = 0.193341
[2016-05-08 13:23:08,885] INFO: StatCoocTF_Bigram_Std_search_term_x_product_title_product_name_1D (1D): corr = 0.133491
[2016-05-08 13:23:08,892] INFO: StatCoocTF_Bigram_Max_search_term_x_product_title_product_name_1D (1D): corr = 0.174567
[2016-05-08 13:23:08,899] INFO: StatCoocTF_Bigram_Min_search_term_x_product_title_product_name_1D (1D): corr = 0.127701
[2016-05-08 13:23:08,906] INFO: StatCoocTF_Bigram_Median_search_term_x_product_title_product_name_1D (1D): corr = 0.175898
[2016-05-08 13:29:27,120] INFO: StatCoocTF_Bigram_Mean_search_term_x_product_description_1D (1D): corr = 0.162810
[2016-05-08 13:29:27,127] INFO: StatCoocTF_Bigram_Std_search_term_x_product_description_1D (1D): corr = 0.078675
[2016-05-08 13:29:27,134] INFO: StatCoocTF_Bigram_Max_search_term_x_product_description_1D (1D): corr = 0.122288
[2016-05-08 13:29:27,141] INFO: StatCoocTF_Bigram_Min_search_term_x_product_description_1D (1D): corr = 0.130106
[2016-05-08 13:29:27,148] INFO: StatCoocTF_Bigram_Median_search_term_x_product_description_1D (1D): corr = 0.165916
[2016-05-08 13:35:33,674] INFO: StatCoocTF_Bigram_Mean_search_term_x_product_attribute_1D (1D): corr = 0.092685
[2016-05-08 13:35:33,681] INFO: StatCoocTF_Bigram_Std_search_term_x_product_attribute_1D (1D): corr = 0.056950
[2016-05-08 13:35:33,688] INFO: StatCoocTF_Bigram_Max_search_term_x_product_attribute_1D (1D): corr = 0.068681
[2016-05-08 13:35:33,695] INFO: StatCoocTF_Bigram_Min_search_term_x_product_attribute_1D (1D): corr = 0.060416
[2016-05-08 13:35:33,703] INFO: StatCoocTF_Bigram_Median_search_term_x_product_attribute_1D (1D): corr = 0.096846
[2016-05-08 13:36:29,782] INFO: StatCoocTF_Bigram_Mean_search_term_x_product_brand_1D (1D): corr = 0.039412
[2016-05-08 13:36:29,790] INFO: StatCoocTF_Bigram_Std_search_term_x_product_brand_1D (1D): corr = 0.013326
[2016-05-08 13:36:29,797] INFO: StatCoocTF_Bigram_Max_search_term_x_product_brand_1D (1D): corr = 0.029063
[2016-05-08 13:36:29,804] INFO: StatCoocTF_Bigram_Min_search_term_x_product_brand_1D (1D): corr = 0.037895
[2016-05-08 13:36:29,812] INFO: StatCoocTF_Bigram_Median_search_term_x_product_brand_1D (1D): corr = 0.038246
[2016-05-08 13:37:26,018] INFO: StatCoocTF_Bigram_Mean_search_term_x_product_color_1D (1D): corr = 0.005889
[2016-05-08 13:37:26,026] INFO: StatCoocTF_Bigram_Std_search_term_x_product_color_1D (1D): corr = 0.003224
[2016-05-08 13:37:26,033] INFO: StatCoocTF_Bigram_Max_search_term_x_product_color_1D (1D): corr = 0.006045
[2016-05-08 13:37:26,041] INFO: StatCoocTF_Bigram_Min_search_term_x_product_color_1D (1D): corr = 0.008470
[2016-05-08 13:37:26,048] INFO: StatCoocTF_Bigram_Median_search_term_x_product_color_1D (1D): corr = 0.002965
[2016-05-08 13:38:41,847] INFO: StatCoocTF_Trigram_Mean_search_term_x_product_title_1D (1D): corr = 0.146202
[2016-05-08 13:38:41,857] INFO: StatCoocTF_Trigram_Std_search_term_x_product_title_1D (1D): corr = 0.049309
[2016-05-08 13:38:41,867] INFO: StatCoocTF_Trigram_Max_search_term_x_product_title_1D (1D): corr = 0.122638
[2016-05-08 13:38:41,875] INFO: StatCoocTF_Trigram_Min_search_term_x_product_title_1D (1D): corr = 0.134096
[2016-05-08 13:38:41,882] INFO: StatCoocTF_Trigram_Median_search_term_x_product_title_1D (1D): corr = 0.141987
[2016-05-08 13:39:37,597] INFO: StatCoocTF_Trigram_Mean_search_term_x_product_title_product_name_1D (1D): corr = 0.134503
[2016-05-08 13:39:37,605] INFO: StatCoocTF_Trigram_Std_search_term_x_product_title_product_name_1D (1D): corr = 0.024856
[2016-05-08 13:39:37,624] INFO: StatCoocTF_Trigram_Max_search_term_x_product_title_product_name_1D (1D): corr = 0.130037
[2016-05-08 13:39:37,631] INFO: StatCoocTF_Trigram_Min_search_term_x_product_title_product_name_1D (1D): corr = 0.131814
[2016-05-08 13:39:37,638] INFO: StatCoocTF_Trigram_Median_search_term_x_product_title_product_name_1D (1D): corr = 0.133343
[2016-05-08 13:45:31,270] INFO: StatCoocTF_Trigram_Mean_search_term_x_product_description_1D (1D): corr = 0.097982
[2016-05-08 13:45:31,277] INFO: StatCoocTF_Trigram_Std_search_term_x_product_description_1D (1D): corr = 0.040820
[2016-05-08 13:45:31,283] INFO: StatCoocTF_Trigram_Max_search_term_x_product_description_1D (1D): corr = 0.076653
[2016-05-08 13:45:31,290] INFO: StatCoocTF_Trigram_Min_search_term_x_product_description_1D (1D): corr = 0.088993
[2016-05-08 13:45:31,296] INFO: StatCoocTF_Trigram_Median_search_term_x_product_description_1D (1D): corr = 0.096092
[2016-05-08 13:51:12,973] INFO: StatCoocTF_Trigram_Mean_search_term_x_product_attribute_1D (1D): corr = 0.050919
[2016-05-08 13:51:12,980] INFO: StatCoocTF_Trigram_Std_search_term_x_product_attribute_1D (1D): corr = 0.027629
[2016-05-08 13:51:12,987] INFO: StatCoocTF_Trigram_Max_search_term_x_product_attribute_1D (1D): corr = 0.041087
[2016-05-08 13:51:12,994] INFO: StatCoocTF_Trigram_Min_search_term_x_product_attribute_1D (1D): corr = 0.041662
[2016-05-08 13:51:13,001] INFO: StatCoocTF_Trigram_Median_search_term_x_product_attribute_1D (1D): corr = 0.048290
[2016-05-08 13:52:07,292] INFO: StatCoocTF_Trigram_Mean_search_term_x_product_brand_1D (1D): corr = 0.038870
[2016-05-08 13:52:07,298] INFO: StatCoocTF_Trigram_Std_search_term_x_product_brand_1D (1D): corr = 0.004831
[2016-05-08 13:52:07,305] INFO: StatCoocTF_Trigram_Max_search_term_x_product_brand_1D (1D): corr = 0.034966
[2016-05-08 13:52:07,311] INFO: StatCoocTF_Trigram_Min_search_term_x_product_brand_1D (1D): corr = 0.038823
[2016-05-08 13:52:07,318] INFO: StatCoocTF_Trigram_Median_search_term_x_product_brand_1D (1D): corr = 0.038543
[2016-05-08 13:53:02,098] INFO: StatCoocTF_Trigram_Mean_search_term_x_product_color_1D (1D): corr = 0.000152
[2016-05-08 13:53:02,105] INFO: StatCoocTF_Trigram_Std_search_term_x_product_color_1D (1D): corr = -0.000802
[2016-05-08 13:53:02,111] INFO: StatCoocTF_Trigram_Max_search_term_x_product_color_1D (1D): corr = 0.002428
[2016-05-08 13:53:02,118] INFO: StatCoocTF_Trigram_Min_search_term_x_product_color_1D (1D): corr = 0.005470
[2016-05-08 13:53:02,124] INFO: StatCoocTF_Trigram_Median_search_term_x_product_color_1D (1D): corr = -0.004164
[2016-05-08 13:54:26,153] INFO: StatCoocTF_Unigram_Mean_product_title_x_search_term_1D (1D): corr = 0.221618
[2016-05-08 13:54:26,160] INFO: StatCoocTF_Unigram_Std_product_title_x_search_term_1D (1D): corr = 0.233314
[2016-05-08 13:54:26,166] INFO: StatCoocTF_Unigram_Max_product_title_x_search_term_1D (1D): corr = 0.160575
[2016-05-08 13:54:26,172] INFO: StatCoocTF_Unigram_Min_product_title_x_search_term_1D (1D): corr = 0.007868
[2016-05-08 13:54:26,179] INFO: StatCoocTF_Unigram_Median_product_title_x_search_term_1D (1D): corr = 0.069272
[2016-05-08 13:55:24,452] INFO: StatCoocTF_Unigram_Mean_product_title_product_name_x_search_term_1D (1D): corr = 0.250867
[2016-05-08 13:55:24,459] INFO: StatCoocTF_Unigram_Std_product_title_product_name_x_search_term_1D (1D): corr = 0.093292
[2016-05-08 13:55:24,465] INFO: StatCoocTF_Unigram_Max_product_title_product_name_x_search_term_1D (1D): corr = 0.231238
[2016-05-08 13:55:24,472] INFO: StatCoocTF_Unigram_Min_product_title_product_name_x_search_term_1D (1D): corr = 0.181335
[2016-05-08 13:55:24,478] INFO: StatCoocTF_Unigram_Median_product_title_product_name_x_search_term_1D (1D): corr = 0.250867
[2016-05-08 14:02:20,061] INFO: StatCoocTF_Unigram_Mean_product_description_x_search_term_1D (1D): corr = 0.133270
[2016-05-08 14:02:20,068] INFO: StatCoocTF_Unigram_Std_product_description_x_search_term_1D (1D): corr = 0.163857
[2016-05-08 14:02:20,074] INFO: StatCoocTF_Unigram_Max_product_description_x_search_term_1D (1D): corr = 0.132412
[2016-05-08 14:02:20,081] INFO: StatCoocTF_Unigram_Min_product_description_x_search_term_1D (1D): corr = 0.000000
[2016-05-08 14:02:20,087] INFO: StatCoocTF_Unigram_Median_product_description_x_search_term_1D (1D): corr = 0.000000
[2016-05-08 14:09:02,109] INFO: StatCoocTF_Unigram_Mean_product_attribute_x_search_term_1D (1D): corr = 0.031240
[2016-05-08 14:09:02,115] INFO: StatCoocTF_Unigram_Std_product_attribute_x_search_term_1D (1D): corr = 0.002430
[2016-05-08 14:09:02,122] INFO: StatCoocTF_Unigram_Max_product_attribute_x_search_term_1D (1D): corr = -0.054402
[2016-05-08 14:09:02,128] INFO: StatCoocTF_Unigram_Min_product_attribute_x_search_term_1D (1D): corr = 0.000000
[2016-05-08 14:09:02,135] INFO: StatCoocTF_Unigram_Median_product_attribute_x_search_term_1D (1D): corr = 0.000000
[2016-05-08 14:09:55,091] INFO: StatCoocTF_Unigram_Mean_product_brand_x_search_term_1D (1D): corr = 0.060158
[2016-05-08 14:09:55,097] INFO: StatCoocTF_Unigram_Std_product_brand_x_search_term_1D (1D): corr = -0.011227
[2016-05-08 14:09:55,104] INFO: StatCoocTF_Unigram_Max_product_brand_x_search_term_1D (1D): corr = 0.045812
[2016-05-08 14:09:55,111] INFO: StatCoocTF_Unigram_Min_product_brand_x_search_term_1D (1D): corr = 0.065740
[2016-05-08 14:09:55,118] INFO: StatCoocTF_Unigram_Median_product_brand_x_search_term_1D (1D): corr = 0.062477
[2016-05-08 14:10:48,528] INFO: StatCoocTF_Unigram_Mean_product_color_x_search_term_1D (1D): corr = 0.006854
[2016-05-08 14:10:48,535] INFO: StatCoocTF_Unigram_Std_product_color_x_search_term_1D (1D): corr = -0.012639
[2016-05-08 14:10:48,541] INFO: StatCoocTF_Unigram_Max_product_color_x_search_term_1D (1D): corr = -0.005217
[2016-05-08 14:10:48,547] INFO: StatCoocTF_Unigram_Min_product_color_x_search_term_1D (1D): corr = 0.011126
[2016-05-08 14:10:48,554] INFO: StatCoocTF_Unigram_Median_product_color_x_search_term_1D (1D): corr = 0.012070
[2016-05-08 14:12:10,577] INFO: StatCoocTF_Bigram_Mean_product_title_x_search_term_1D (1D): corr = 0.175583
[2016-05-08 14:12:10,584] INFO: StatCoocTF_Bigram_Std_product_title_x_search_term_1D (1D): corr = 0.189350
[2016-05-08 14:12:10,590] INFO: StatCoocTF_Bigram_Max_product_title_x_search_term_1D (1D): corr = 0.177277
[2016-05-08 14:12:10,596] INFO: StatCoocTF_Bigram_Min_product_title_x_search_term_1D (1D): corr = 0.007773
[2016-05-08 14:12:10,603] INFO: StatCoocTF_Bigram_Median_product_title_x_search_term_1D (1D): corr = 0.025478
[2016-05-08 14:13:04,565] INFO: StatCoocTF_Bigram_Mean_product_title_product_name_x_search_term_1D (1D): corr = 0.174411
[2016-05-08 14:13:04,572] INFO: StatCoocTF_Bigram_Std_product_title_product_name_x_search_term_1D (1D): corr = 0.000000
[2016-05-08 14:13:04,578] INFO: StatCoocTF_Bigram_Max_product_title_product_name_x_search_term_1D (1D): corr = 0.174411
[2016-05-08 14:13:04,585] INFO: StatCoocTF_Bigram_Min_product_title_product_name_x_search_term_1D (1D): corr = 0.174411
[2016-05-08 14:13:04,591] INFO: StatCoocTF_Bigram_Median_product_title_product_name_x_search_term_1D (1D): corr = 0.174411
[2016-05-08 14:19:44,613] INFO: StatCoocTF_Bigram_Mean_product_description_x_search_term_1D (1D): corr = 0.117553
[2016-05-08 14:19:44,620] INFO: StatCoocTF_Bigram_Std_product_description_x_search_term_1D (1D): corr = 0.144844
[2016-05-08 14:19:44,626] INFO: StatCoocTF_Bigram_Max_product_description_x_search_term_1D (1D): corr = 0.149820
[2016-05-08 14:19:44,632] INFO: StatCoocTF_Bigram_Min_product_description_x_search_term_1D (1D): corr = 0.000000
[2016-05-08 14:19:44,639] INFO: StatCoocTF_Bigram_Median_product_description_x_search_term_1D (1D): corr = 0.000000
[2016-05-08 14:26:11,690] INFO: StatCoocTF_Bigram_Mean_product_attribute_x_search_term_1D (1D): corr = 0.055882
[2016-05-08 14:26:11,697] INFO: StatCoocTF_Bigram_Std_product_attribute_x_search_term_1D (1D): corr = 0.063317
[2016-05-08 14:26:11,703] INFO: StatCoocTF_Bigram_Max_product_attribute_x_search_term_1D (1D): corr = 0.063537
[2016-05-08 14:26:11,710] INFO: StatCoocTF_Bigram_Min_product_attribute_x_search_term_1D (1D): corr = 0.000000
[2016-05-08 14:26:11,716] INFO: StatCoocTF_Bigram_Median_product_attribute_x_search_term_1D (1D): corr = 0.000000
[2016-05-08 14:27:04,079] INFO: StatCoocTF_Bigram_Mean_product_brand_x_search_term_1D (1D): corr = 0.029394
[2016-05-08 14:27:04,085] INFO: StatCoocTF_Bigram_Std_product_brand_x_search_term_1D (1D): corr = 0.007195
[2016-05-08 14:27:04,092] INFO: StatCoocTF_Bigram_Max_product_brand_x_search_term_1D (1D): corr = 0.029063
[2016-05-08 14:27:04,098] INFO: StatCoocTF_Bigram_Min_product_brand_x_search_term_1D (1D): corr = 0.028370
[2016-05-08 14:27:04,105] INFO: StatCoocTF_Bigram_Median_product_brand_x_search_term_1D (1D): corr = 0.029745
[2016-05-08 14:27:57,829] INFO: StatCoocTF_Bigram_Mean_product_color_x_search_term_1D (1D): corr = 0.007169
[2016-05-08 14:27:57,836] INFO: StatCoocTF_Bigram_Std_product_color_x_search_term_1D (1D): corr = 0.005058
[2016-05-08 14:27:57,842] INFO: StatCoocTF_Bigram_Max_product_color_x_search_term_1D (1D): corr = 0.005238
[2016-05-08 14:27:57,849] INFO: StatCoocTF_Bigram_Min_product_color_x_search_term_1D (1D): corr = 0.003024
[2016-05-08 14:27:57,855] INFO: StatCoocTF_Bigram_Median_product_color_x_search_term_1D (1D): corr = 0.008113
[2016-05-08 14:29:16,594] INFO: StatCoocTF_Trigram_Mean_product_title_x_search_term_1D (1D): corr = 0.101671
[2016-05-08 14:29:16,601] INFO: StatCoocTF_Trigram_Std_product_title_x_search_term_1D (1D): corr = 0.120939
[2016-05-08 14:29:16,607] INFO: StatCoocTF_Trigram_Max_product_title_x_search_term_1D (1D): corr = 0.121839
[2016-05-08 14:29:16,614] INFO: StatCoocTF_Trigram_Min_product_title_x_search_term_1D (1D): corr = 0.006659
[2016-05-08 14:29:16,620] INFO: StatCoocTF_Trigram_Median_product_title_x_search_term_1D (1D): corr = 0.016608
[2016-05-08 14:30:09,655] INFO: StatCoocTF_Trigram_Mean_product_title_product_name_x_search_term_1D (1D): corr = 0.129943
[2016-05-08 14:30:09,662] INFO: StatCoocTF_Trigram_Std_product_title_product_name_x_search_term_1D (1D): corr = 0.000000
[2016-05-08 14:30:09,668] INFO: StatCoocTF_Trigram_Max_product_title_product_name_x_search_term_1D (1D): corr = 0.129943
[2016-05-08 14:30:09,675] INFO: StatCoocTF_Trigram_Min_product_title_product_name_x_search_term_1D (1D): corr = 0.129943
[2016-05-08 14:30:09,681] INFO: StatCoocTF_Trigram_Median_product_title_product_name_x_search_term_1D (1D): corr = 0.129943
[2016-05-08 14:36:27,864] INFO: StatCoocTF_Trigram_Mean_product_description_x_search_term_1D (1D): corr = 0.065572
[2016-05-08 14:36:27,871] INFO: StatCoocTF_Trigram_Std_product_description_x_search_term_1D (1D): corr = 0.085400
[2016-05-08 14:36:27,877] INFO: StatCoocTF_Trigram_Max_product_description_x_search_term_1D (1D): corr = 0.092982
[2016-05-08 14:36:27,884] INFO: StatCoocTF_Trigram_Min_product_description_x_search_term_1D (1D): corr = 0.000000
[2016-05-08 14:36:27,890] INFO: StatCoocTF_Trigram_Median_product_description_x_search_term_1D (1D): corr = 0.000000
[2016-05-08 14:42:32,119] INFO: StatCoocTF_Trigram_Mean_product_attribute_x_search_term_1D (1D): corr = 0.029371
[2016-05-08 14:42:32,126] INFO: StatCoocTF_Trigram_Std_product_attribute_x_search_term_1D (1D): corr = 0.037738
[2016-05-08 14:42:32,132] INFO: StatCoocTF_Trigram_Max_product_attribute_x_search_term_1D (1D): corr = 0.042379
[2016-05-08 14:42:32,139] INFO: StatCoocTF_Trigram_Min_product_attribute_x_search_term_1D (1D): corr = 0.000000
[2016-05-08 14:42:32,145] INFO: StatCoocTF_Trigram_Median_product_attribute_x_search_term_1D (1D): corr = 0.000000
[2016-05-08 14:43:24,216] INFO: StatCoocTF_Trigram_Mean_product_brand_x_search_term_1D (1D): corr = 0.036896
[2016-05-08 14:43:24,223] INFO: StatCoocTF_Trigram_Std_product_brand_x_search_term_1D (1D): corr = -0.003566
[2016-05-08 14:43:24,229] INFO: StatCoocTF_Trigram_Max_product_brand_x_search_term_1D (1D): corr = 0.034966
[2016-05-08 14:43:24,236] INFO: StatCoocTF_Trigram_Min_product_brand_x_search_term_1D (1D): corr = 0.036865
[2016-05-08 14:43:24,242] INFO: StatCoocTF_Trigram_Median_product_brand_x_search_term_1D (1D): corr = 0.037647
[2016-05-08 14:44:17,696] INFO: StatCoocTF_Trigram_Mean_product_color_x_search_term_1D (1D): corr = -0.000813
[2016-05-08 14:44:17,706] INFO: StatCoocTF_Trigram_Std_product_color_x_search_term_1D (1D): corr = 0.007663
[2016-05-08 14:44:17,713] INFO: StatCoocTF_Trigram_Max_product_color_x_search_term_1D (1D): corr = 0.002428
[2016-05-08 14:44:17,719] INFO: StatCoocTF_Trigram_Min_product_color_x_search_term_1D (1D): corr = -0.010452
[2016-05-08 14:44:17,726] INFO: StatCoocTF_Trigram_Median_product_color_x_search_term_1D (1D): corr = 0.000486
[2016-05-08 14:45:12,861] INFO: StatCoocTF_Unigram_Mean_search_term_product_name_x_product_title_product_name_1D (1D): corr = 0.273759
[2016-05-08 14:45:12,868] INFO: StatCoocTF_Unigram_Std_search_term_product_name_x_product_title_product_name_1D (1D): corr = 0.102908
[2016-05-08 14:45:12,874] INFO: StatCoocTF_Unigram_Max_search_term_product_name_x_product_title_product_name_1D (1D): corr = 0.253440
[2016-05-08 14:45:12,881] INFO: StatCoocTF_Unigram_Min_search_term_product_name_x_product_title_product_name_1D (1D): corr = 0.204355
[2016-05-08 14:45:12,887] INFO: StatCoocTF_Unigram_Median_search_term_product_name_x_product_title_product_name_1D (1D): corr = 0.273759
[2016-05-08 14:45:24,069] INFO: StatCoocTF_Bigram_Mean_search_term_product_name_x_product_title_product_name_1D (1D): corr = 0.188635
