[2016-05-07 18:42:05,982] INFO: tpe_transform took 0.029425 seconds
[2016-05-07 18:42:05,982] INFO: TPE using 0 trials
[2016-05-07 18:42:06,005] INFO: ==================================================
[2016-05-07 18:42:06,005] INFO: Task
[2016-05-07 18:42:06,006] INFO:       [Feat@level2_meta_linear_201605030922]_[Learner@reg_ensemble]_[Id@1]
[2016-05-07 18:42:06,006] INFO: Param
[2016-05-07 18:42:06,006] INFO:       learner_dict:
[2016-05-07 18:42:06,006] INFO:             reg_keras_dnn:
[2016-05-07 18:42:06,006] INFO:                   param:
[2016-05-07 18:42:06,006] INFO:                         batch_norm: after_act
[2016-05-07 18:42:06,006] INFO:                         batch_size: 96
[2016-05-07 18:42:06,007] INFO:                         hidden_activation: prelu
[2016-05-07 18:42:06,007] INFO:                         hidden_dropout: 0.25
[2016-05-07 18:42:06,007] INFO:                         hidden_layers: 5
[2016-05-07 18:42:06,007] INFO:                         hidden_units: 192
[2016-05-07 18:42:06,007] INFO:                         input_dropout: 0.1
[2016-05-07 18:42:06,007] INFO:                         nb_epoch: 16
[2016-05-07 18:42:06,007] INFO:                         optimizer: adam
[2016-05-07 18:42:06,008] INFO:                   weight: 1.0
[2016-05-07 18:42:06,008] INFO:             reg_skl_etr:
[2016-05-07 18:42:06,008] INFO:                   param:
[2016-05-07 18:42:06,008] INFO:                         max_depth: 8
[2016-05-07 18:42:06,008] INFO:                         max_features: 0.6000000000000001
[2016-05-07 18:42:06,008] INFO:                         min_samples_leaf: 10
[2016-05-07 18:42:06,008] INFO:                         min_samples_split: 5
[2016-05-07 18:42:06,009] INFO:                         n_estimators: 520
[2016-05-07 18:42:06,009] INFO:                         n_jobs: 14
[2016-05-07 18:42:06,009] INFO:                         random_state: 2016
[2016-05-07 18:42:06,009] INFO:                         verbose: 0
[2016-05-07 18:42:06,009] INFO:                   weight: 1.0
[2016-05-07 18:42:06,009] INFO:             reg_skl_rf:
[2016-05-07 18:42:06,009] INFO:                   param:
[2016-05-07 18:42:06,009] INFO:                         max_depth: 10
[2016-05-07 18:42:06,010] INFO:                         max_features: 0.9
[2016-05-07 18:42:06,010] INFO:                         min_samples_leaf: 10
[2016-05-07 18:42:06,010] INFO:                         min_samples_split: 6
[2016-05-07 18:42:06,010] INFO:                         n_estimators: 690
[2016-05-07 18:42:06,010] INFO:                         n_jobs: 14
[2016-05-07 18:42:06,010] INFO:                         random_state: 2016
[2016-05-07 18:42:06,010] INFO:                         verbose: 0
[2016-05-07 18:42:06,011] INFO:                   weight: 1.0
[2016-05-07 18:42:06,011] INFO:             reg_skl_ridge:
[2016-05-07 18:42:06,011] INFO:                   param:
[2016-05-07 18:42:06,011] INFO:                         alpha: 2.777626720012818
[2016-05-07 18:42:06,011] INFO:                         normalize: False
[2016-05-07 18:42:06,011] INFO:                         random_state: 2016
[2016-05-07 18:42:06,011] INFO:                   weight: 4.0
[2016-05-07 18:42:06,012] INFO:             reg_xgb_tree:
[2016-05-07 18:42:06,012] INFO:                   param:
[2016-05-07 18:42:06,012] INFO:                         base_score: 2.381634
[2016-05-07 18:42:06,012] INFO:                         booster: gbtree
[2016-05-07 18:42:06,012] INFO:                         colsample_bylevel: 0.75
[2016-05-07 18:42:06,012] INFO:                         colsample_bytree: 1
[2016-05-07 18:42:06,012] INFO:                         gamma: 3.487922352235986e-07
[2016-05-07 18:42:06,013] INFO:                         learning_rate: 0.006
[2016-05-07 18:42:06,013] INFO:                         max_depth: 9
[2016-05-07 18:42:06,013] INFO:                         min_child_weight: 72.85207935388738
[2016-05-07 18:42:06,013] INFO:                         n_estimators: 350
[2016-05-07 18:42:06,013] INFO:                         nthread: 14
[2016-05-07 18:42:06,013] INFO:                         objective: reg:linear
[2016-05-07 18:42:06,013] INFO:                         reg_alpha: 0.08116239694781721
[2016-05-07 18:42:06,013] INFO:                         reg_lambda: 0.02611674659310059
[2016-05-07 18:42:06,014] INFO:                         seed: 2016
[2016-05-07 18:42:06,014] INFO:                         subsample: 0.55
[2016-05-07 18:42:06,014] INFO:                   weight: 1.0
[2016-05-07 18:42:06,014] INFO: Result
[2016-05-07 18:42:06,014] INFO:       Run      RMSE        Shape
[2016-05-07 18:48:13,845] INFO:         1    0.434454    12259 x 300
[2016-05-07 18:54:04,066] INFO:         2     0.43696    12594 x 300
[2016-05-07 19:00:03,531] INFO:         3    0.435608    12686 x 300
[2016-05-07 19:05:54,669] INFO:         4    0.437356    12596 x 300
[2016-05-07 19:11:47,763] INFO:         5    0.436056    12589 x 300
[2016-05-07 19:11:47,986] INFO: RMSE
[2016-05-07 19:11:47,986] INFO:       Mean: 0.436087
[2016-05-07 19:11:47,987] INFO:       Std: 0.001027
[2016-05-07 19:11:47,987] INFO: Time
[2016-05-07 19:11:47,987] INFO:       29 mins
[2016-05-07 19:11:47,987] INFO: --------------------------------------------------
[2016-05-07 19:36:27,500] INFO: tpe_transform took 1.298136 seconds
[2016-05-07 19:36:27,500] INFO: TPE using 1/1 trials with best loss 0.436087
[2016-05-07 19:36:27,520] INFO: ==================================================
[2016-05-07 19:36:27,520] INFO: Task
[2016-05-07 19:36:27,520] INFO:       [Feat@level2_meta_linear_201605030922]_[Learner@reg_ensemble]_[Id@2]
[2016-05-07 19:36:27,521] INFO: Param
[2016-05-07 19:36:27,521] INFO:       learner_dict:
[2016-05-07 19:36:27,521] INFO:             reg_keras_dnn:
[2016-05-07 19:36:27,521] INFO:                   param:
[2016-05-07 19:36:27,521] INFO:                         batch_norm: after_act
[2016-05-07 19:36:27,521] INFO:                         batch_size: 64
[2016-05-07 19:36:27,522] INFO:                         hidden_activation: prelu
[2016-05-07 19:36:27,522] INFO:                         hidden_dropout: 0.0
[2016-05-07 19:36:27,522] INFO:                         hidden_layers: 1
[2016-05-07 19:36:27,522] INFO:                         hidden_units: 64
[2016-05-07 19:36:27,522] INFO:                         input_dropout: 0.15000000000000002
[2016-05-07 19:36:27,522] INFO:                         nb_epoch: 2
[2016-05-07 19:36:27,522] INFO:                         optimizer: rmsprop
[2016-05-07 19:36:27,522] INFO:                   weight: 1.0
[2016-05-07 19:36:27,523] INFO:             reg_skl_etr:
[2016-05-07 19:36:27,523] INFO:                   param:
[2016-05-07 19:36:27,523] INFO:                         max_depth: 5
[2016-05-07 19:36:27,523] INFO:                         max_features: 0.15000000000000002
[2016-05-07 19:36:27,523] INFO:                         min_samples_leaf: 5
[2016-05-07 19:36:27,523] INFO:                         min_samples_split: 4
[2016-05-07 19:36:27,523] INFO:                         n_estimators: 410
[2016-05-07 19:36:27,524] INFO:                         n_jobs: 14
[2016-05-07 19:36:27,524] INFO:                         random_state: 2016
[2016-05-07 19:36:27,524] INFO:                         verbose: 0
[2016-05-07 19:36:27,524] INFO:                   weight: 1.0
[2016-05-07 19:36:27,524] INFO:             reg_skl_rf:
[2016-05-07 19:36:27,524] INFO:                   param:
[2016-05-07 19:36:27,524] INFO:                         max_depth: 5
[2016-05-07 19:36:27,525] INFO:                         max_features: 0.7000000000000001
[2016-05-07 19:36:27,525] INFO:                         min_samples_leaf: 7
[2016-05-07 19:36:27,525] INFO:                         min_samples_split: 9
[2016-05-07 19:36:27,525] INFO:                         n_estimators: 970
[2016-05-07 19:36:27,525] INFO:                         n_jobs: 14
[2016-05-07 19:36:27,525] INFO:                         random_state: 2016
[2016-05-07 19:36:27,525] INFO:                         verbose: 0
[2016-05-07 19:36:27,526] INFO:                   weight: 1.0
[2016-05-07 19:36:27,526] INFO:             reg_skl_ridge:
[2016-05-07 19:36:27,526] INFO:                   param:
[2016-05-07 19:36:27,526] INFO:                         alpha: 0.08579672865824581
[2016-05-07 19:36:27,526] INFO:                         normalize: False
[2016-05-07 19:36:27,526] INFO:                         random_state: 2016
[2016-05-07 19:36:27,526] INFO:                   weight: 4.0
[2016-05-07 19:36:27,527] INFO:             reg_xgb_tree:
[2016-05-07 19:36:27,527] INFO:                   param:
[2016-05-07 19:36:27,527] INFO:                         base_score: 2.381634
[2016-05-07 19:36:27,527] INFO:                         booster: gbtree
[2016-05-07 19:36:27,527] INFO:                         colsample_bylevel: 0.8500000000000001
[2016-05-07 19:36:27,527] INFO:                         colsample_bytree: 1
[2016-05-07 19:36:27,527] INFO:                         gamma: 0.14526322875593847
[2016-05-07 19:36:27,528] INFO:                         learning_rate: 0.028
[2016-05-07 19:36:27,528] INFO:                         max_depth: 8
[2016-05-07 19:36:27,528] INFO:                         min_child_weight: 6.894081363937756e-08
[2016-05-07 19:36:27,528] INFO:                         n_estimators: 110
[2016-05-07 19:36:27,528] INFO:                         nthread: 14
[2016-05-07 19:36:27,528] INFO:                         objective: reg:linear
[2016-05-07 19:36:27,528] INFO:                         reg_alpha: 5.499114176626581e-10
[2016-05-07 19:36:27,529] INFO:                         reg_lambda: 1.716097753720459e-06
[2016-05-07 19:36:27,529] INFO:                         seed: 2016
[2016-05-07 19:36:27,529] INFO:                         subsample: 0.45
[2016-05-07 19:36:27,529] INFO:                   weight: 1.0
[2016-05-07 19:36:27,529] INFO: Result
[2016-05-07 19:36:27,529] INFO:       Run      RMSE        Shape
[2016-05-07 19:38:44,972] INFO:         1    0.435128    12259 x 300
[2016-05-07 19:41:03,800] INFO:         2    0.437775    12594 x 300
[2016-05-07 19:43:23,498] INFO:         3    0.436622    12686 x 300
[2016-05-07 19:45:44,414] INFO:         4    0.438027    12596 x 300
[2016-05-07 19:48:06,051] INFO:         5    0.436426    12589 x 300
[2016-05-07 19:48:06,276] INFO: RMSE
[2016-05-07 19:48:06,276] INFO:       Mean: 0.436796
[2016-05-07 19:48:06,276] INFO:       Std: 0.001041
[2016-05-07 19:48:06,276] INFO: Time
[2016-05-07 19:48:06,276] INFO:       11 mins
[2016-05-07 19:48:06,276] INFO: --------------------------------------------------
[2016-05-07 19:57:47,029] INFO: tpe_transform took 0.031353 seconds
[2016-05-07 19:57:47,030] INFO: TPE using 2/2 trials with best loss 0.436087
[2016-05-07 19:57:47,039] INFO: ==================================================
[2016-05-07 19:57:47,040] INFO: Task
[2016-05-07 19:57:47,040] INFO:       [Feat@level2_meta_linear_201605030922]_[Learner@reg_ensemble]_[Id@3]
[2016-05-07 19:57:47,040] INFO: Param
[2016-05-07 19:57:47,040] INFO:       learner_dict:
[2016-05-07 19:57:47,040] INFO:             reg_keras_dnn:
[2016-05-07 19:57:47,040] INFO:                   param:
[2016-05-07 19:57:47,041] INFO:                         batch_norm: after_act
[2016-05-07 19:57:47,041] INFO:                         batch_size: 32
[2016-05-07 19:57:47,041] INFO:                         hidden_activation: prelu
[2016-05-07 19:57:47,041] INFO:                         hidden_dropout: 0.2
[2016-05-07 19:57:47,041] INFO:                         hidden_layers: 2
[2016-05-07 19:57:47,041] INFO:                         hidden_units: 160
[2016-05-07 19:57:47,041] INFO:                         input_dropout: 0.05
[2016-05-07 19:57:47,041] INFO:                         nb_epoch: 6
[2016-05-07 19:57:47,042] INFO:                         optimizer: adadelta
[2016-05-07 19:57:47,042] INFO:                   weight: 1.0
[2016-05-07 19:57:47,042] INFO:             reg_skl_etr:
[2016-05-07 19:57:47,042] INFO:                   param:
[2016-05-07 19:57:47,042] INFO:                         max_depth: 8
[2016-05-07 19:57:47,042] INFO:                         max_features: 0.8
[2016-05-07 19:57:47,042] INFO:                         min_samples_leaf: 13
[2016-05-07 19:57:47,043] INFO:                         min_samples_split: 2
[2016-05-07 19:57:47,043] INFO:                         n_estimators: 470
[2016-05-07 19:57:47,043] INFO:                         n_jobs: 14
[2016-05-07 19:57:47,043] INFO:                         random_state: 2016
[2016-05-07 19:57:47,043] INFO:                         verbose: 0
[2016-05-07 19:57:47,043] INFO:                   weight: 1.0
[2016-05-07 19:57:47,043] INFO:             reg_skl_rf:
[2016-05-07 19:57:47,044] INFO:                   param:
[2016-05-07 19:57:47,044] INFO:                         max_depth: 3
[2016-05-07 19:57:47,044] INFO:                         max_features: 0.2
[2016-05-07 19:57:47,044] INFO:                         min_samples_leaf: 12
[2016-05-07 19:57:47,044] INFO:                         min_samples_split: 11
[2016-05-07 19:57:47,044] INFO:                         n_estimators: 410
[2016-05-07 19:57:47,044] INFO:                         n_jobs: 14
[2016-05-07 19:57:47,045] INFO:                         random_state: 2016
[2016-05-07 19:57:47,045] INFO:                         verbose: 0
[2016-05-07 19:57:47,045] INFO:                   weight: 1.0
[2016-05-07 19:57:47,045] INFO:             reg_skl_ridge:
[2016-05-07 19:57:47,045] INFO:                   param:
[2016-05-07 19:57:47,045] INFO:                         alpha: 5.897854492559293
[2016-05-07 19:57:47,045] INFO:                         normalize: False
[2016-05-07 19:57:47,046] INFO:                         random_state: 2016
[2016-05-07 19:57:47,046] INFO:                   weight: 4.0
[2016-05-07 19:57:47,046] INFO:             reg_xgb_tree:
[2016-05-07 19:57:47,046] INFO:                   param:
[2016-05-07 19:57:47,046] INFO:                         base_score: 2.381634
[2016-05-07 19:57:47,046] INFO:                         booster: gbtree
[2016-05-07 19:57:47,046] INFO:                         colsample_bylevel: 0.45
[2016-05-07 19:57:47,046] INFO:                         colsample_bytree: 1
[2016-05-07 19:57:47,047] INFO:                         gamma: 0.0011254276459869885
[2016-05-07 19:57:47,047] INFO:                         learning_rate: 0.002
[2016-05-07 19:57:47,047] INFO:                         max_depth: 2
[2016-05-07 19:57:47,047] INFO:                         min_child_weight: 0.004450288089177605
[2016-05-07 19:57:47,047] INFO:                         n_estimators: 190
[2016-05-07 19:57:47,047] INFO:                         nthread: 14
[2016-05-07 19:57:47,047] INFO:                         objective: reg:linear
[2016-05-07 19:57:47,048] INFO:                         reg_alpha: 0.015098939119567193
[2016-05-07 19:57:47,048] INFO:                         reg_lambda: 0.0006929516432418062
[2016-05-07 19:57:47,048] INFO:                         seed: 2016
[2016-05-07 19:57:47,048] INFO:                         subsample: 0.9500000000000001
[2016-05-07 19:57:47,048] INFO:                   weight: 1.0
[2016-05-07 19:57:47,048] INFO: Result
[2016-05-07 19:57:47,048] INFO:       Run      RMSE        Shape
[2016-05-07 19:58:58,248] INFO:         1    0.436866    12259 x 300
[2016-05-07 20:00:13,265] INFO:         2    0.437598    12594 x 300
[2016-05-07 20:01:26,909] INFO:         3    0.442775    12686 x 300
[2016-05-07 20:02:41,936] INFO:         4     0.43783    12596 x 300
[2016-05-07 20:03:54,763] INFO:         5    0.440308    12589 x 300
[2016-05-07 20:03:54,985] INFO: RMSE
[2016-05-07 20:03:54,986] INFO:       Mean: 0.439076
[2016-05-07 20:03:54,986] INFO:       Std: 0.002183
[2016-05-07 20:03:54,986] INFO: Time
[2016-05-07 20:03:54,986] INFO:       6 mins
[2016-05-07 20:03:54,986] INFO: --------------------------------------------------
[2016-05-07 20:08:56,725] INFO: tpe_transform took 0.030771 seconds
[2016-05-07 20:08:56,726] INFO: TPE using 3/3 trials with best loss 0.436087
[2016-05-07 20:08:56,736] INFO: ==================================================
[2016-05-07 20:08:56,736] INFO: Task
[2016-05-07 20:08:56,736] INFO:       [Feat@level2_meta_linear_201605030922]_[Learner@reg_ensemble]_[Id@4]
[2016-05-07 20:08:56,736] INFO: Param
[2016-05-07 20:08:56,736] INFO:       learner_dict:
[2016-05-07 20:08:56,736] INFO:             reg_keras_dnn:
[2016-05-07 20:08:56,737] INFO:                   param:
[2016-05-07 20:08:56,737] INFO:                         batch_norm: after_act
[2016-05-07 20:08:56,737] INFO:                         batch_size: 48
[2016-05-07 20:08:56,737] INFO:                         hidden_activation: relu
[2016-05-07 20:08:56,737] INFO:                         hidden_dropout: 0.35000000000000003
[2016-05-07 20:08:56,737] INFO:                         hidden_layers: 3
[2016-05-07 20:08:56,737] INFO:                         hidden_units: 256
[2016-05-07 20:08:56,738] INFO:                         input_dropout: 0.15000000000000002
[2016-05-07 20:08:56,738] INFO:                         nb_epoch: 5
[2016-05-07 20:08:56,738] INFO:                         optimizer: adam
[2016-05-07 20:08:56,738] INFO:                   weight: 1.0
[2016-05-07 20:08:56,738] INFO:             reg_skl_etr:
[2016-05-07 20:08:56,738] INFO:                   param:
[2016-05-07 20:08:56,738] INFO:                         max_depth: 5
[2016-05-07 20:08:56,739] INFO:                         max_features: 0.75
[2016-05-07 20:08:56,739] INFO:                         min_samples_leaf: 9
[2016-05-07 20:08:56,739] INFO:                         min_samples_split: 4
[2016-05-07 20:08:56,739] INFO:                         n_estimators: 950
[2016-05-07 20:08:56,739] INFO:                         n_jobs: 14
[2016-05-07 20:08:56,739] INFO:                         random_state: 2016
[2016-05-07 20:08:56,739] INFO:                         verbose: 0
[2016-05-07 20:08:56,739] INFO:                   weight: 1.0
[2016-05-07 20:08:56,740] INFO:             reg_skl_rf:
[2016-05-07 20:08:56,740] INFO:                   param:
[2016-05-07 20:08:56,740] INFO:                         max_depth: 8
[2016-05-07 20:08:56,740] INFO:                         max_features: 0.35000000000000003
[2016-05-07 20:08:56,740] INFO:                         min_samples_leaf: 12
[2016-05-07 20:08:56,740] INFO:                         min_samples_split: 2
[2016-05-07 20:08:56,740] INFO:                         n_estimators: 930
[2016-05-07 20:08:56,741] INFO:                         n_jobs: 14
[2016-05-07 20:08:56,741] INFO:                         random_state: 2016
[2016-05-07 20:08:56,741] INFO:                         verbose: 0
[2016-05-07 20:08:56,741] INFO:                   weight: 1.0
[2016-05-07 20:08:56,741] INFO:             reg_skl_ridge:
[2016-05-07 20:08:56,741] INFO:                   param:
[2016-05-07 20:08:56,741] INFO:                         alpha: 2.546168516236636
[2016-05-07 20:08:56,742] INFO:                         normalize: False
[2016-05-07 20:08:56,742] INFO:                         random_state: 2016
[2016-05-07 20:08:56,742] INFO:                   weight: 4.0
[2016-05-07 20:08:56,742] INFO:             reg_xgb_tree:
[2016-05-07 20:08:56,742] INFO:                   param:
[2016-05-07 20:08:56,742] INFO:                         base_score: 2.381634
[2016-05-07 20:08:56,742] INFO:                         booster: gbtree
[2016-05-07 20:08:56,743] INFO:                         colsample_bylevel: 0.55
[2016-05-07 20:08:56,743] INFO:                         colsample_bytree: 1
[2016-05-07 20:08:56,743] INFO:                         gamma: 7.043848305092227e-08
[2016-05-07 20:08:56,743] INFO:                         learning_rate: 0.004
[2016-05-07 20:08:56,743] INFO:                         max_depth: 8
[2016-05-07 20:08:56,743] INFO:                         min_child_weight: 2.1376731796844948
[2016-05-07 20:08:56,743] INFO:                         n_estimators: 870
[2016-05-07 20:08:56,744] INFO:                         nthread: 14
[2016-05-07 20:08:56,744] INFO:                         objective: reg:linear
[2016-05-07 20:08:56,744] INFO:                         reg_alpha: 0.0011989877489707139
[2016-05-07 20:08:56,744] INFO:                         reg_lambda: 3.8297529857314685e-08
[2016-05-07 20:08:56,744] INFO:                         seed: 2016
[2016-05-07 20:08:56,744] INFO:                         subsample: 0.9500000000000001
[2016-05-07 20:08:56,744] INFO:                   weight: 1.0
[2016-05-07 20:08:56,744] INFO: Result
[2016-05-07 20:08:56,745] INFO:       Run      RMSE        Shape
[2016-05-07 20:12:47,051] INFO:         1    0.434677    12259 x 300
[2016-05-07 20:16:43,155] INFO:         2    0.437495    12594 x 300
[2016-05-07 20:20:38,333] INFO:         3    0.435643    12686 x 300
[2016-05-07 20:24:30,733] INFO:         4    0.437841    12596 x 300
[2016-05-07 20:28:24,593] INFO:         5    0.436096    12589 x 300
[2016-05-07 20:28:24,830] INFO: RMSE
[2016-05-07 20:28:24,830] INFO:       Mean: 0.436350
[2016-05-07 20:28:24,830] INFO:       Std: 0.001174
[2016-05-07 20:28:24,830] INFO: Time
[2016-05-07 20:28:24,830] INFO:       19 mins
[2016-05-07 20:28:24,831] INFO: --------------------------------------------------
[2016-05-07 20:43:11,241] INFO: tpe_transform took 0.033450 seconds
[2016-05-07 20:43:11,242] INFO: TPE using 4/4 trials with best loss 0.436087
[2016-05-07 20:43:11,252] INFO: ==================================================
[2016-05-07 20:43:11,252] INFO: Task
[2016-05-07 20:43:11,253] INFO:       [Feat@level2_meta_linear_201605030922]_[Learner@reg_ensemble]_[Id@5]
[2016-05-07 20:43:11,253] INFO: Param
[2016-05-07 20:43:11,253] INFO:       learner_dict:
[2016-05-07 20:43:11,253] INFO:             reg_keras_dnn:
[2016-05-07 20:43:11,253] INFO:                   param:
[2016-05-07 20:43:11,253] INFO:                         batch_norm: after_act
[2016-05-07 20:43:11,254] INFO:                         batch_size: 96
[2016-05-07 20:43:11,254] INFO:                         hidden_activation: elu
[2016-05-07 20:43:11,254] INFO:                         hidden_dropout: 0.1
[2016-05-07 20:43:11,254] INFO:                         hidden_layers: 2
[2016-05-07 20:43:11,254] INFO:                         hidden_units: 224
[2016-05-07 20:43:11,254] INFO:                         input_dropout: 0.1
[2016-05-07 20:43:11,254] INFO:                         nb_epoch: 8
[2016-05-07 20:43:11,255] INFO:                         optimizer: rmsprop
[2016-05-07 20:43:11,255] INFO:                   weight: 1.0
[2016-05-07 20:43:11,255] INFO:             reg_skl_etr:
[2016-05-07 20:43:11,255] INFO:                   param:
[2016-05-07 20:43:11,255] INFO:                         max_depth: 6
[2016-05-07 20:43:11,255] INFO:                         max_features: 0.25
[2016-05-07 20:43:11,255] INFO:                         min_samples_leaf: 3
[2016-05-07 20:43:11,256] INFO:                         min_samples_split: 4
[2016-05-07 20:43:11,256] INFO:                         n_estimators: 800
[2016-05-07 20:43:11,256] INFO:                         n_jobs: 14
[2016-05-07 20:43:11,256] INFO:                         random_state: 2016
[2016-05-07 20:43:11,256] INFO:                         verbose: 0
[2016-05-07 20:43:11,256] INFO:                   weight: 1.0
[2016-05-07 20:43:11,256] INFO:             reg_skl_rf:
[2016-05-07 20:43:11,257] INFO:                   param:
[2016-05-07 20:43:11,257] INFO:                         max_depth: 4
[2016-05-07 20:43:11,257] INFO:                         max_features: 0.9500000000000001
[2016-05-07 20:43:11,257] INFO:                         min_samples_leaf: 5
[2016-05-07 20:43:11,257] INFO:                         min_samples_split: 9
[2016-05-07 20:43:11,257] INFO:                         n_estimators: 570
[2016-05-07 20:43:11,258] INFO:                         n_jobs: 14
[2016-05-07 20:43:11,258] INFO:                         random_state: 2016
[2016-05-07 20:43:11,258] INFO:                         verbose: 0
[2016-05-07 20:43:11,258] INFO:                   weight: 1.0
[2016-05-07 20:43:11,258] INFO:             reg_skl_ridge:
[2016-05-07 20:43:11,258] INFO:                   param:
[2016-05-07 20:43:11,259] INFO:                         alpha: 0.20050755626713868
[2016-05-07 20:43:11,259] INFO:                         normalize: True
[2016-05-07 20:43:11,259] INFO:                         random_state: 2016
[2016-05-07 20:43:11,259] INFO:                   weight: 4.0
[2016-05-07 20:43:11,259] INFO:             reg_xgb_tree:
[2016-05-07 20:43:11,259] INFO:                   param:
[2016-05-07 20:43:11,259] INFO:                         base_score: 2.381634
[2016-05-07 20:43:11,260] INFO:                         booster: gbtree
[2016-05-07 20:43:11,260] INFO:                         colsample_bylevel: 0.65
[2016-05-07 20:43:11,260] INFO:                         colsample_bytree: 1
[2016-05-07 20:43:11,260] INFO:                         gamma: 0.0008364561480173271
[2016-05-07 20:43:11,260] INFO:                         learning_rate: 0.006
[2016-05-07 20:43:11,260] INFO:                         max_depth: 10
[2016-05-07 20:43:11,260] INFO:                         min_child_weight: 8.975678908736944e-09
[2016-05-07 20:43:11,261] INFO:                         n_estimators: 150
[2016-05-07 20:43:11,261] INFO:                         nthread: 14
[2016-05-07 20:43:11,261] INFO:                         objective: reg:linear
[2016-05-07 20:43:11,261] INFO:                         reg_alpha: 7.076859439974288e-05
[2016-05-07 20:43:11,261] INFO:                         reg_lambda: 0.14901761648538678
[2016-05-07 20:43:11,261] INFO:                         seed: 2016
[2016-05-07 20:43:11,262] INFO:                         subsample: 0.75
[2016-05-07 20:43:11,262] INFO:                   weight: 1.0
[2016-05-07 20:43:11,262] INFO: Result
[2016-05-07 20:43:11,262] INFO:       Run      RMSE        Shape
[2016-05-07 20:45:27,421] INFO:         1    0.434688    12259 x 300
[2016-05-07 20:47:47,355] INFO:         2    0.439711    12594 x 300
[2016-05-07 20:50:11,034] INFO:         3    0.436998    12686 x 300
[2016-05-07 20:52:29,639] INFO:         4    0.439566    12596 x 300
[2016-05-07 20:54:49,176] INFO:         5    0.437507    12589 x 300
[2016-05-07 20:54:49,412] INFO: RMSE
[2016-05-07 20:54:49,412] INFO:       Mean: 0.437694
[2016-05-07 20:54:49,412] INFO:       Std: 0.001851
[2016-05-07 20:54:49,412] INFO: Time
[2016-05-07 20:54:49,412] INFO:       11 mins
[2016-05-07 20:54:49,413] INFO: --------------------------------------------------
[2016-05-07 21:04:02,676] INFO: tpe_transform took 0.035074 seconds
[2016-05-07 21:04:02,676] INFO: TPE using 5/5 trials with best loss 0.436087
[2016-05-07 21:04:02,687] INFO: ==================================================
[2016-05-07 21:04:02,687] INFO: Task
[2016-05-07 21:04:02,687] INFO:       [Feat@level2_meta_linear_201605030922]_[Learner@reg_ensemble]_[Id@6]
[2016-05-07 21:04:02,687] INFO: Param
[2016-05-07 21:04:02,688] INFO:       learner_dict:
[2016-05-07 21:04:02,688] INFO:             reg_keras_dnn:
[2016-05-07 21:04:02,688] INFO:                   param:
[2016-05-07 21:04:02,688] INFO:                         batch_norm: before_act
[2016-05-07 21:04:02,688] INFO:                         batch_size: 96
[2016-05-07 21:04:02,688] INFO:                         hidden_activation: elu
[2016-05-07 21:04:02,688] INFO:                         hidden_dropout: 0.15000000000000002
[2016-05-07 21:04:02,689] INFO:                         hidden_layers: 2
[2016-05-07 21:04:02,689] INFO:                         hidden_units: 128
[2016-05-07 21:04:02,689] INFO:                         input_dropout: 0.0
[2016-05-07 21:04:02,689] INFO:                         nb_epoch: 5
[2016-05-07 21:04:02,689] INFO:                         optimizer: adadelta
[2016-05-07 21:04:02,689] INFO:                   weight: 1.0
[2016-05-07 21:04:02,689] INFO:             reg_skl_etr:
[2016-05-07 21:04:02,690] INFO:                   param:
[2016-05-07 21:04:02,690] INFO:                         max_depth: 4
[2016-05-07 21:04:02,690] INFO:                         max_features: 0.5
[2016-05-07 21:04:02,690] INFO:                         min_samples_leaf: 8
[2016-05-07 21:04:02,690] INFO:                         min_samples_split: 12
[2016-05-07 21:04:02,690] INFO:                         n_estimators: 970
[2016-05-07 21:04:02,691] INFO:                         n_jobs: 14
[2016-05-07 21:04:02,691] INFO:                         random_state: 2016
[2016-05-07 21:04:02,691] INFO:                         verbose: 0
[2016-05-07 21:04:02,691] INFO:                   weight: 1.0
[2016-05-07 21:04:02,691] INFO:             reg_skl_rf:
[2016-05-07 21:04:02,691] INFO:                   param:
[2016-05-07 21:04:02,692] INFO:                         max_depth: 4
[2016-05-07 21:04:02,692] INFO:                         max_features: 0.35000000000000003
[2016-05-07 21:04:02,692] INFO:                         min_samples_leaf: 10
[2016-05-07 21:04:02,692] INFO:                         min_samples_split: 5
[2016-05-07 21:04:02,692] INFO:                         n_estimators: 300
[2016-05-07 21:04:02,692] INFO:                         n_jobs: 14
[2016-05-07 21:04:02,692] INFO:                         random_state: 2016
[2016-05-07 21:04:02,693] INFO:                         verbose: 0
[2016-05-07 21:04:02,693] INFO:                   weight: 1.0
[2016-05-07 21:04:02,693] INFO:             reg_skl_ridge:
[2016-05-07 21:04:02,693] INFO:                   param:
[2016-05-07 21:04:02,693] INFO:                         alpha: 0.021928238642746564
[2016-05-07 21:04:02,693] INFO:                         normalize: False
[2016-05-07 21:04:02,693] INFO:                         random_state: 2016
[2016-05-07 21:04:02,694] INFO:                   weight: 4.0
[2016-05-07 21:04:02,694] INFO:             reg_xgb_tree:
[2016-05-07 21:04:02,694] INFO:                   param:
[2016-05-07 21:04:02,694] INFO:                         base_score: 2.381634
[2016-05-07 21:04:02,694] INFO:                         booster: gbtree
[2016-05-07 21:04:02,694] INFO:                         colsample_bylevel: 0.6000000000000001
[2016-05-07 21:04:02,695] INFO:                         colsample_bytree: 1
[2016-05-07 21:04:02,695] INFO:                         gamma: 2.6713818572105178e-09
[2016-05-07 21:04:02,695] INFO:                         learning_rate: 0.004
[2016-05-07 21:04:02,695] INFO:                         max_depth: 6
[2016-05-07 21:04:02,695] INFO:                         min_child_weight: 3.0370970946243336e-07
[2016-05-07 21:04:02,695] INFO:                         n_estimators: 180
[2016-05-07 21:04:02,696] INFO:                         nthread: 14
[2016-05-07 21:04:02,696] INFO:                         objective: reg:linear
[2016-05-07 21:04:02,696] INFO:                         reg_alpha: 2.0580938337754417e-05
[2016-05-07 21:04:02,696] INFO:                         reg_lambda: 0.10914205766274214
[2016-05-07 21:04:02,696] INFO:                         seed: 2016
[2016-05-07 21:04:02,696] INFO:                         subsample: 0.25
[2016-05-07 21:04:02,696] INFO:                   weight: 1.0
[2016-05-07 21:04:02,697] INFO: Result
[2016-05-07 21:04:02,697] INFO:       Run      RMSE        Shape
[2016-05-07 21:05:08,207] INFO:         1    0.437686    12259 x 300
[2016-05-07 21:06:11,351] INFO:         2    0.438845    12594 x 300
[2016-05-07 21:07:16,685] INFO:         3    0.450508    12686 x 300
[2016-05-07 21:08:21,037] INFO:         4     0.44175    12596 x 300
[2016-05-07 21:09:23,593] INFO:         5     0.43825    12589 x 300
[2016-05-07 21:09:23,829] INFO: RMSE
[2016-05-07 21:09:23,830] INFO:       Mean: 0.441408
[2016-05-07 21:09:23,830] INFO:       Std: 0.004761
[2016-05-07 21:09:23,830] INFO: Time
[2016-05-07 21:09:23,830] INFO:       5 mins
[2016-05-07 21:09:23,830] INFO: --------------------------------------------------
[2016-05-07 21:12:45,420] INFO: tpe_transform took 0.033162 seconds
[2016-05-07 21:12:45,420] INFO: TPE using 6/6 trials with best loss 0.436087
[2016-05-07 21:12:45,431] INFO: ==================================================
[2016-05-07 21:12:45,431] INFO: Task
[2016-05-07 21:12:45,432] INFO:       [Feat@level2_meta_linear_201605030922]_[Learner@reg_ensemble]_[Id@7]
[2016-05-07 21:12:45,432] INFO: Param
[2016-05-07 21:12:45,432] INFO:       learner_dict:
[2016-05-07 21:12:45,432] INFO:             reg_keras_dnn:
[2016-05-07 21:12:45,432] INFO:                   param:
[2016-05-07 21:12:45,432] INFO:                         batch_norm: after_act
[2016-05-07 21:12:45,432] INFO:                         batch_size: 48
[2016-05-07 21:12:45,433] INFO:                         hidden_activation: elu
[2016-05-07 21:12:45,433] INFO:                         hidden_dropout: 0.05
[2016-05-07 21:12:45,433] INFO:                         hidden_layers: 3
[2016-05-07 21:12:45,433] INFO:                         hidden_units: 128
[2016-05-07 21:12:45,433] INFO:                         input_dropout: 0.05
[2016-05-07 21:12:45,433] INFO:                         nb_epoch: 9
[2016-05-07 21:12:45,434] INFO:                         optimizer: adadelta
[2016-05-07 21:12:45,434] INFO:                   weight: 1.0
[2016-05-07 21:12:45,434] INFO:             reg_skl_etr:
[2016-05-07 21:12:45,434] INFO:                   param:
[2016-05-07 21:12:45,434] INFO:                         max_depth: 3
[2016-05-07 21:12:45,434] INFO:                         max_features: 0.55
[2016-05-07 21:12:45,435] INFO:                         min_samples_leaf: 5
[2016-05-07 21:12:45,435] INFO:                         min_samples_split: 9
[2016-05-07 21:12:45,435] INFO:                         n_estimators: 970
[2016-05-07 21:12:45,435] INFO:                         n_jobs: 14
[2016-05-07 21:12:45,435] INFO:                         random_state: 2016
[2016-05-07 21:12:45,435] INFO:                         verbose: 0
[2016-05-07 21:12:45,436] INFO:                   weight: 1.0
[2016-05-07 21:12:45,436] INFO:             reg_skl_rf:
[2016-05-07 21:12:45,436] INFO:                   param:
[2016-05-07 21:12:45,436] INFO:                         max_depth: 6
[2016-05-07 21:12:45,436] INFO:                         max_features: 0.30000000000000004
[2016-05-07 21:12:45,436] INFO:                         min_samples_leaf: 7
[2016-05-07 21:12:45,436] INFO:                         min_samples_split: 13
[2016-05-07 21:12:45,436] INFO:                         n_estimators: 300
[2016-05-07 21:12:45,437] INFO:                         n_jobs: 14
[2016-05-07 21:12:45,437] INFO:                         random_state: 2016
[2016-05-07 21:12:45,437] INFO:                         verbose: 0
[2016-05-07 21:12:45,437] INFO:                   weight: 1.0
[2016-05-07 21:12:45,437] INFO:             reg_skl_ridge:
[2016-05-07 21:12:45,437] INFO:                   param:
[2016-05-07 21:12:45,438] INFO:                         alpha: 8.581348271616351
[2016-05-07 21:12:45,438] INFO:                         normalize: True
[2016-05-07 21:12:45,438] INFO:                         random_state: 2016
[2016-05-07 21:12:45,438] INFO:                   weight: 4.0
[2016-05-07 21:12:45,438] INFO:             reg_xgb_tree:
[2016-05-07 21:12:45,438] INFO:                   param:
[2016-05-07 21:12:45,438] INFO:                         base_score: 2.381634
[2016-05-07 21:12:45,439] INFO:                         booster: gbtree
[2016-05-07 21:12:45,439] INFO:                         colsample_bylevel: 0.45
[2016-05-07 21:12:45,439] INFO:                         colsample_bytree: 1
[2016-05-07 21:12:45,439] INFO:                         gamma: 0.006182718161641084
[2016-05-07 21:12:45,439] INFO:                         learning_rate: 0.01
[2016-05-07 21:12:45,439] INFO:                         max_depth: 6
[2016-05-07 21:12:45,440] INFO:                         min_child_weight: 34.59975414173953
[2016-05-07 21:12:45,440] INFO:                         n_estimators: 890
[2016-05-07 21:12:45,440] INFO:                         nthread: 14
[2016-05-07 21:12:45,440] INFO:                         objective: reg:linear
[2016-05-07 21:12:45,440] INFO:                         reg_alpha: 0.16975591009554808
[2016-05-07 21:12:45,440] INFO:                         reg_lambda: 0.00026780214926038816
[2016-05-07 21:12:45,440] INFO:                         seed: 2016
[2016-05-07 21:12:45,441] INFO:                         subsample: 0.75
[2016-05-07 21:12:45,441] INFO:                   weight: 1.0
[2016-05-07 21:12:45,441] INFO: Result
[2016-05-07 21:12:45,441] INFO:       Run      RMSE        Shape
[2016-05-07 21:14:47,803] INFO:         1    0.435679    12259 x 300
[2016-05-07 21:16:53,562] INFO:         2    0.438125    12594 x 300
[2016-05-07 21:19:04,161] INFO:         3    0.437481    12686 x 300
[2016-05-07 21:21:08,724] INFO:         4     0.43813    12596 x 300
[2016-05-07 21:23:13,830] INFO:         5    0.439853    12589 x 300
[2016-05-07 21:23:14,078] INFO: RMSE
[2016-05-07 21:23:14,078] INFO:       Mean: 0.437853
[2016-05-07 21:23:14,078] INFO:       Std: 0.001342
[2016-05-07 21:23:14,078] INFO: Time
[2016-05-07 21:23:14,079] INFO:       10 mins
[2016-05-07 21:23:14,079] INFO: --------------------------------------------------
[2016-05-07 21:30:23,431] INFO: tpe_transform took 0.034107 seconds
[2016-05-07 21:30:23,432] INFO: TPE using 7/7 trials with best loss 0.436087
[2016-05-07 21:30:23,442] INFO: ==================================================
[2016-05-07 21:30:23,443] INFO: Task
[2016-05-07 21:30:23,443] INFO:       [Feat@level2_meta_linear_201605030922]_[Learner@reg_ensemble]_[Id@8]
[2016-05-07 21:30:23,443] INFO: Param
[2016-05-07 21:30:23,443] INFO:       learner_dict:
[2016-05-07 21:30:23,443] INFO:             reg_keras_dnn:
[2016-05-07 21:30:23,443] INFO:                   param:
[2016-05-07 21:30:23,443] INFO:                         batch_norm: before_act
[2016-05-07 21:30:23,444] INFO:                         batch_size: 64
[2016-05-07 21:30:23,444] INFO:                         hidden_activation: relu
[2016-05-07 21:30:23,444] INFO:                         hidden_dropout: 0.30000000000000004
[2016-05-07 21:30:23,444] INFO:                         hidden_layers: 3
[2016-05-07 21:30:23,444] INFO:                         hidden_units: 128
[2016-05-07 21:30:23,444] INFO:                         input_dropout: 0.1
[2016-05-07 21:30:23,444] INFO:                         nb_epoch: 20
[2016-05-07 21:30:23,445] INFO:                         optimizer: adam
[2016-05-07 21:30:23,445] INFO:                   weight: 1.0
[2016-05-07 21:30:23,445] INFO:             reg_skl_etr:
[2016-05-07 21:30:23,445] INFO:                   param:
[2016-05-07 21:30:23,445] INFO:                         max_depth: 10
[2016-05-07 21:30:23,445] INFO:                         max_features: 0.15000000000000002
[2016-05-07 21:30:23,446] INFO:                         min_samples_leaf: 5
[2016-05-07 21:30:23,446] INFO:                         min_samples_split: 6
[2016-05-07 21:30:23,446] INFO:                         n_estimators: 580
[2016-05-07 21:30:23,446] INFO:                         n_jobs: 14
[2016-05-07 21:30:23,446] INFO:                         random_state: 2016
[2016-05-07 21:30:23,446] INFO:                         verbose: 0
[2016-05-07 21:30:23,446] INFO:                   weight: 1.0
[2016-05-07 21:30:23,447] INFO:             reg_skl_rf:
[2016-05-07 21:30:23,447] INFO:                   param:
[2016-05-07 21:30:23,447] INFO:                         max_depth: 8
[2016-05-07 21:30:23,447] INFO:                         max_features: 0.25
[2016-05-07 21:30:23,447] INFO:                         min_samples_leaf: 13
[2016-05-07 21:30:23,447] INFO:                         min_samples_split: 13
[2016-05-07 21:30:23,447] INFO:                         n_estimators: 980
[2016-05-07 21:30:23,448] INFO:                         n_jobs: 14
[2016-05-07 21:30:23,448] INFO:                         random_state: 2016
[2016-05-07 21:30:23,448] INFO:                         verbose: 0
[2016-05-07 21:30:23,448] INFO:                   weight: 1.0
[2016-05-07 21:30:23,448] INFO:             reg_skl_ridge:
[2016-05-07 21:30:23,448] INFO:                   param:
[2016-05-07 21:30:23,448] INFO:                         alpha: 0.017239696367644285
[2016-05-07 21:30:23,449] INFO:                         normalize: True
[2016-05-07 21:30:23,449] INFO:                         random_state: 2016
[2016-05-07 21:30:23,449] INFO:                   weight: 4.0
[2016-05-07 21:30:23,449] INFO:             reg_xgb_tree:
[2016-05-07 21:30:23,449] INFO:                   param:
[2016-05-07 21:30:23,449] INFO:                         base_score: 2.381634
[2016-05-07 21:30:23,450] INFO:                         booster: gbtree
[2016-05-07 21:30:23,450] INFO:                         colsample_bylevel: 0.9500000000000001
[2016-05-07 21:30:23,450] INFO:                         colsample_bytree: 1
[2016-05-07 21:30:23,450] INFO:                         gamma: 0.06767491535088649
[2016-05-07 21:30:23,450] INFO:                         learning_rate: 0.004
[2016-05-07 21:30:23,450] INFO:                         max_depth: 3
[2016-05-07 21:30:23,450] INFO:                         min_child_weight: 1.6524651181236386e-06
[2016-05-07 21:30:23,451] INFO:                         n_estimators: 210
[2016-05-07 21:30:23,451] INFO:                         nthread: 14
[2016-05-07 21:30:23,451] INFO:                         objective: reg:linear
[2016-05-07 21:30:23,451] INFO:                         reg_alpha: 6.483891313748698
[2016-05-07 21:30:23,451] INFO:                         reg_lambda: 0.0009486547827633134
[2016-05-07 21:30:23,451] INFO:                         seed: 2016
[2016-05-07 21:30:23,451] INFO:                         subsample: 0.30000000000000004
[2016-05-07 21:30:23,452] INFO:                   weight: 1.0
[2016-05-07 21:30:23,452] INFO: Result
[2016-05-07 21:30:23,452] INFO:       Run      RMSE        Shape
[2016-05-07 21:32:41,311] INFO:         1    0.434565    12259 x 300
[2016-05-07 21:34:58,401] INFO:         2    0.437149    12594 x 300
[2016-05-07 21:37:15,984] INFO:         3    0.435545    12686 x 300
[2016-05-07 21:39:32,774] INFO:         4    0.437151    12596 x 300
[2016-05-07 21:41:48,859] INFO:         5    0.436619    12589 x 300
[2016-05-07 21:41:49,082] INFO: RMSE
[2016-05-07 21:41:49,082] INFO:       Mean: 0.436206
[2016-05-07 21:41:49,082] INFO:       Std: 0.001008
[2016-05-07 21:41:49,082] INFO: Time
[2016-05-07 21:41:49,082] INFO:       11 mins
[2016-05-07 21:41:49,083] INFO: --------------------------------------------------
[2016-05-07 21:51:11,687] INFO: tpe_transform took 0.031613 seconds
[2016-05-07 21:51:11,687] INFO: TPE using 8/8 trials with best loss 0.436087
[2016-05-07 21:51:11,698] INFO: ==================================================
[2016-05-07 21:51:11,698] INFO: Task
[2016-05-07 21:51:11,698] INFO:       [Feat@level2_meta_linear_201605030922]_[Learner@reg_ensemble]_[Id@9]
[2016-05-07 21:51:11,698] INFO: Param
[2016-05-07 21:51:11,698] INFO:       learner_dict:
[2016-05-07 21:51:11,698] INFO:             reg_keras_dnn:
[2016-05-07 21:51:11,698] INFO:                   param:
[2016-05-07 21:51:11,699] INFO:                         batch_norm: after_act
[2016-05-07 21:51:11,699] INFO:                         batch_size: 16
[2016-05-07 21:51:11,699] INFO:                         hidden_activation: relu
[2016-05-07 21:51:11,699] INFO:                         hidden_dropout: 0.0
[2016-05-07 21:51:11,699] INFO:                         hidden_layers: 4
[2016-05-07 21:51:11,699] INFO:                         hidden_units: 96
[2016-05-07 21:51:11,699] INFO:                         input_dropout: 0.05
[2016-05-07 21:51:11,699] INFO:                         nb_epoch: 1
[2016-05-07 21:51:11,700] INFO:                         optimizer: adadelta
[2016-05-07 21:51:11,700] INFO:                   weight: 1.0
[2016-05-07 21:51:11,700] INFO:             reg_skl_etr:
[2016-05-07 21:51:11,700] INFO:                   param:
[2016-05-07 21:51:11,700] INFO:                         max_depth: 5
[2016-05-07 21:51:11,700] INFO:                         max_features: 0.6000000000000001
[2016-05-07 21:51:11,700] INFO:                         min_samples_leaf: 6
[2016-05-07 21:51:11,701] INFO:                         min_samples_split: 12
[2016-05-07 21:51:11,701] INFO:                         n_estimators: 850
[2016-05-07 21:51:11,701] INFO:                         n_jobs: 14
[2016-05-07 21:51:11,701] INFO:                         random_state: 2016
[2016-05-07 21:51:11,701] INFO:                         verbose: 0
[2016-05-07 21:51:11,701] INFO:                   weight: 1.0
[2016-05-07 21:51:11,701] INFO:             reg_skl_rf:
[2016-05-07 21:51:11,702] INFO:                   param:
[2016-05-07 21:51:11,702] INFO:                         max_depth: 7
[2016-05-07 21:51:11,702] INFO:                         max_features: 0.9
[2016-05-07 21:51:11,702] INFO:                         min_samples_leaf: 4
[2016-05-07 21:51:11,702] INFO:                         min_samples_split: 11
[2016-05-07 21:51:11,702] INFO:                         n_estimators: 290
[2016-05-07 21:51:11,702] INFO:                         n_jobs: 14
[2016-05-07 21:51:11,703] INFO:                         random_state: 2016
[2016-05-07 21:51:11,703] INFO:                         verbose: 0
[2016-05-07 21:51:11,703] INFO:                   weight: 1.0
[2016-05-07 21:51:11,703] INFO:             reg_skl_ridge:
[2016-05-07 21:51:11,703] INFO:                   param:
[2016-05-07 21:51:11,703] INFO:                         alpha: 1.075116663097037
[2016-05-07 21:51:11,703] INFO:                         normalize: True
[2016-05-07 21:51:11,704] INFO:                         random_state: 2016
[2016-05-07 21:51:11,704] INFO:                   weight: 4.0
[2016-05-07 21:51:11,704] INFO:             reg_xgb_tree:
[2016-05-07 21:51:11,704] INFO:                   param:
[2016-05-07 21:51:11,704] INFO:                         base_score: 2.381634
[2016-05-07 21:51:11,704] INFO:                         booster: gbtree
[2016-05-07 21:51:11,704] INFO:                         colsample_bylevel: 0.7000000000000001
[2016-05-07 21:51:11,705] INFO:                         colsample_bytree: 1
[2016-05-07 21:51:11,705] INFO:                         gamma: 0.00014397213509934482
[2016-05-07 21:51:11,705] INFO:                         learning_rate: 0.026000000000000002
[2016-05-07 21:51:11,705] INFO:                         max_depth: 3
[2016-05-07 21:51:11,705] INFO:                         min_child_weight: 0.16561360466847058
[2016-05-07 21:51:11,705] INFO:                         n_estimators: 360
[2016-05-07 21:51:11,705] INFO:                         nthread: 14
[2016-05-07 21:51:11,706] INFO:                         objective: reg:linear
[2016-05-07 21:51:11,706] INFO:                         reg_alpha: 9.13798851856318e-06
[2016-05-07 21:51:11,706] INFO:                         reg_lambda: 0.004574735943806977
[2016-05-07 21:51:11,706] INFO:                         seed: 2016
[2016-05-07 21:51:11,706] INFO:                         subsample: 0.1
[2016-05-07 21:51:11,706] INFO:                   weight: 1.0
[2016-05-07 21:51:11,706] INFO: Result
[2016-05-07 21:51:11,707] INFO:       Run      RMSE        Shape
[2016-05-07 21:53:04,313] INFO:         1    0.448464    12259 x 300
[2016-05-07 21:54:59,359] INFO:         2    0.444738    12594 x 300
[2016-05-07 21:56:56,558] INFO:         3    0.436036    12686 x 300
