[2016-05-01 02:27:53,383] INFO: tpe_transform took 0.009783 seconds
[2016-05-01 02:27:53,384] INFO: TPE using 0 trials
[2016-05-01 02:27:53,388] INFO: ==================================================
[2016-05-01 02:27:53,388] INFO: Task
[2016-05-01 02:27:53,388] INFO:       [Feat@basic_nonlinear_201605010058]_[Learner@reg_skl_adaboost]_[Id@1]
[2016-05-01 02:27:53,388] INFO: Param
[2016-05-01 02:27:53,389] INFO:       base_estimator: dtr
[2016-05-01 02:27:53,389] INFO:       learning_rate: 0.024
[2016-05-01 02:27:53,389] INFO:       loss: exponential
[2016-05-01 02:27:53,389] INFO:       max_depth: 4
[2016-05-01 02:27:53,389] INFO:       max_features: 0.2
[2016-05-01 02:27:53,390] INFO:       n_estimators: 320
[2016-05-01 02:27:53,390] INFO:       random_state: 2016
[2016-05-01 02:27:53,390] INFO: Result
[2016-05-01 02:27:53,390] INFO:       Run      RMSE        Shape
[2016-05-01 02:36:14,783] INFO:         1    0.459261    23167 x 726
[2016-05-01 02:44:55,151] INFO:         2    0.460948    21940 x 726
[2016-05-01 02:53:03,247] INFO:         3    0.460495    22182 x 726
[2016-05-01 03:02:23,849] INFO:         4    0.460321    21966 x 726
[2016-05-01 03:10:12,258] INFO:         5    0.461368    21961 x 726
[2016-05-01 03:10:12,741] INFO: RMSE
[2016-05-01 03:10:12,741] INFO:       Mean: 0.460479
[2016-05-01 03:10:12,741] INFO:       Std: 0.000710
[2016-05-01 03:10:12,741] INFO: Time
[2016-05-01 03:10:12,742] INFO:       42 mins
[2016-05-01 03:10:12,742] INFO: --------------------------------------------------
[2016-05-01 03:54:55,321] INFO: tpe_transform took 0.009556 seconds
[2016-05-01 03:54:55,321] INFO: TPE using 1/1 trials with best loss 0.460479
[2016-05-01 03:54:55,325] INFO: ==================================================
[2016-05-01 03:54:55,325] INFO: Task
[2016-05-01 03:54:55,326] INFO:       [Feat@basic_nonlinear_201605010058]_[Learner@reg_skl_adaboost]_[Id@2]
[2016-05-01 03:54:55,326] INFO: Param
[2016-05-01 03:54:55,326] INFO:       base_estimator: etr
[2016-05-01 03:54:55,326] INFO:       learning_rate: 0.004
[2016-05-01 03:54:55,326] INFO:       loss: exponential
[2016-05-01 03:54:55,326] INFO:       max_depth: 3
[2016-05-01 03:54:55,327] INFO:       max_features: 0.35000000000000003
[2016-05-01 03:54:55,327] INFO:       n_estimators: 490
[2016-05-01 03:54:55,327] INFO:       random_state: 2016
[2016-05-01 03:54:55,327] INFO: Result
[2016-05-01 03:54:55,327] INFO:       Run      RMSE        Shape
[2016-05-01 04:02:05,310] INFO:         1    0.474311    23167 x 726
[2016-05-01 04:10:52,658] INFO:         2     0.47561    21940 x 726
[2016-05-01 04:19:20,970] INFO:         3    0.475274    22182 x 726
[2016-05-01 04:26:19,612] INFO:         4    0.475587    21966 x 726
[2016-05-01 04:33:03,368] INFO:         5    0.477775    21961 x 726
[2016-05-01 04:33:03,893] INFO: RMSE
[2016-05-01 04:33:03,893] INFO:       Mean: 0.475712
[2016-05-01 04:33:03,894] INFO:       Std: 0.001135
[2016-05-01 04:33:03,894] INFO: Time
[2016-05-01 04:33:03,894] INFO:       38 mins
[2016-05-01 04:33:03,894] INFO: --------------------------------------------------
[2016-05-01 05:18:19,025] INFO: tpe_transform took 0.010136 seconds
[2016-05-01 05:18:19,026] INFO: TPE using 2/2 trials with best loss 0.460479
[2016-05-01 05:18:19,030] INFO: ==================================================
[2016-05-01 05:18:19,030] INFO: Task
[2016-05-01 05:18:19,030] INFO:       [Feat@basic_nonlinear_201605010058]_[Learner@reg_skl_adaboost]_[Id@3]
[2016-05-01 05:18:19,031] INFO: Param
[2016-05-01 05:18:19,031] INFO:       base_estimator: etr
[2016-05-01 05:18:19,031] INFO:       learning_rate: 0.04
[2016-05-01 05:18:19,031] INFO:       loss: square
[2016-05-01 05:18:19,031] INFO:       max_depth: 5
[2016-05-01 05:18:19,032] INFO:       max_features: 0.8500000000000001
[2016-05-01 05:18:19,032] INFO:       n_estimators: 850
[2016-05-01 05:18:19,032] INFO:       random_state: 2016
[2016-05-01 05:18:19,032] INFO: Result
[2016-05-01 05:18:19,032] INFO:       Run      RMSE        Shape
[2016-05-01 06:03:56,716] INFO:         1    0.520122    23167 x 726
[2016-05-01 06:45:05,835] INFO:         2    0.523663    21940 x 726
[2016-05-01 07:29:59,957] INFO:         3    0.526082    22182 x 726
[2016-05-01 08:09:39,210] INFO:         4    0.519293    21966 x 726
[2016-05-01 08:49:40,037] INFO:         5    0.538889    21961 x 726
[2016-05-01 08:49:40,481] INFO: RMSE
[2016-05-01 08:49:40,481] INFO:       Mean: 0.525610
[2016-05-01 08:49:40,481] INFO:       Std: 0.007076
[2016-05-01 08:49:40,481] INFO: Time
[2016-05-01 08:49:40,482] INFO:       211 mins
[2016-05-01 08:49:40,482] INFO: --------------------------------------------------
[2016-05-01 12:13:19,453] INFO: tpe_transform took 0.011914 seconds
[2016-05-01 12:13:19,454] INFO: TPE using 3/3 trials with best loss 0.460479
[2016-05-01 12:13:19,458] INFO: ==================================================
[2016-05-01 12:13:19,459] INFO: Task
[2016-05-01 12:13:19,459] INFO:       [Feat@basic_nonlinear_201605010058]_[Learner@reg_skl_adaboost]_[Id@4]
[2016-05-01 12:13:19,459] INFO: Param
[2016-05-01 12:13:19,460] INFO:       base_estimator: etr
[2016-05-01 12:13:19,460] INFO:       learning_rate: 0.006
[2016-05-01 12:13:19,460] INFO:       loss: exponential
[2016-05-01 12:13:19,460] INFO:       max_depth: 8
[2016-05-01 12:13:19,461] INFO:       max_features: 0.8500000000000001
[2016-05-01 12:13:19,461] INFO:       n_estimators: 570
[2016-05-01 12:13:19,461] INFO:       random_state: 2016
[2016-05-01 12:13:19,461] INFO: Result
[2016-05-01 12:13:19,461] INFO:       Run      RMSE        Shape
[2016-05-01 12:57:02,338] INFO:         1    0.446575    23167 x 726
[2016-05-01 13:39:21,345] INFO:         2    0.448571    21940 x 726
[2016-05-01 14:15:44,527] INFO:         3    0.447517    22182 x 726
[2016-05-01 14:56:02,698] INFO:         4    0.449049    21966 x 726
[2016-05-01 15:38:46,009] INFO:         5    0.449527    21961 x 726
[2016-05-01 15:38:46,489] INFO: RMSE
[2016-05-01 15:38:46,489] INFO:       Mean: 0.448248
[2016-05-01 15:38:46,490] INFO:       Std: 0.001069
[2016-05-01 15:38:46,490] INFO: Time
[2016-05-01 15:38:46,490] INFO:       205 mins
[2016-05-01 15:38:46,490] INFO: --------------------------------------------------
[2016-05-01 18:52:30,603] INFO: tpe_transform took 0.011154 seconds
[2016-05-01 18:52:30,603] INFO: TPE using 4/4 trials with best loss 0.448248
[2016-05-01 18:52:30,608] INFO: ==================================================
[2016-05-01 18:52:30,608] INFO: Task
[2016-05-01 18:52:30,608] INFO:       [Feat@basic_nonlinear_201605010058]_[Learner@reg_skl_adaboost]_[Id@5]
[2016-05-01 18:52:30,608] INFO: Param
[2016-05-01 18:52:30,609] INFO:       base_estimator: dtr
[2016-05-01 18:52:30,609] INFO:       learning_rate: 0.006
[2016-05-01 18:52:30,609] INFO:       loss: square
[2016-05-01 18:52:30,609] INFO:       max_depth: 7
[2016-05-01 18:52:30,610] INFO:       max_features: 0.65
[2016-05-01 18:52:30,610] INFO:       n_estimators: 190
[2016-05-01 18:52:30,610] INFO:       random_state: 2016
[2016-05-01 18:52:30,610] INFO: Result
[2016-05-01 18:52:30,610] INFO:       Run      RMSE        Shape
[2016-05-01 19:16:44,236] INFO:         1    0.448378    23167 x 726
[2016-05-01 19:39:50,293] INFO:         2    0.451413    21940 x 726
[2016-05-01 20:04:31,961] INFO:         3     0.44925    22182 x 726
[2016-05-01 20:28:32,624] INFO:         4    0.450819    21966 x 726
[2016-05-01 20:51:46,538] INFO:         5    0.451625    21961 x 726
[2016-05-01 20:51:46,988] INFO: RMSE
[2016-05-01 20:51:46,988] INFO:       Mean: 0.450297
[2016-05-01 20:51:46,988] INFO:       Std: 0.001270
[2016-05-01 20:51:46,989] INFO: Time
[2016-05-01 20:51:46,989] INFO:       119 mins
[2016-05-01 20:51:46,989] INFO: --------------------------------------------------
[2016-05-01 22:36:40,800] INFO: tpe_transform took 0.011295 seconds
[2016-05-01 22:36:40,800] INFO: TPE using 5/5 trials with best loss 0.448248
[2016-05-01 22:36:40,804] INFO: ==================================================
[2016-05-01 22:36:40,805] INFO: Task
[2016-05-01 22:36:40,805] INFO:       [Feat@basic_nonlinear_201605010058]_[Learner@reg_skl_adaboost]_[Id@6]
[2016-05-01 22:36:40,805] INFO: Param
[2016-05-01 22:36:40,806] INFO:       base_estimator: dtr
[2016-05-01 22:36:40,806] INFO:       learning_rate: 0.054
[2016-05-01 22:36:40,806] INFO:       loss: exponential
[2016-05-01 22:36:40,806] INFO:       max_depth: 2
[2016-05-01 22:36:40,807] INFO:       max_features: 0.75
[2016-05-01 22:36:40,807] INFO:       n_estimators: 700
[2016-05-01 22:36:40,807] INFO:       random_state: 2016
[2016-05-01 22:36:40,807] INFO: Result
[2016-05-01 22:36:40,807] INFO:       Run      RMSE        Shape
[2016-05-01 23:08:43,410] INFO:         1    0.488151    23167 x 726
[2016-05-01 23:37:10,759] INFO:         2    0.489814    21940 x 726
[2016-05-02 00:06:28,318] INFO:         3    0.491344    22182 x 726
[2016-05-02 00:28:30,382] INFO:         4    0.488057    21966 x 726
[2016-05-02 00:56:17,358] INFO:         5    0.493518    21961 x 726
[2016-05-02 00:56:17,624] INFO: RMSE
[2016-05-02 00:56:17,624] INFO:       Mean: 0.490177
[2016-05-02 00:56:17,624] INFO:       Std: 0.002062
[2016-05-02 00:56:17,624] INFO: Time
[2016-05-02 00:56:17,624] INFO:       139 mins
[2016-05-02 00:56:17,624] INFO: --------------------------------------------------
[2016-05-02 03:03:29,979] INFO: tpe_transform took 0.010337 seconds
[2016-05-02 03:03:29,979] INFO: TPE using 6/6 trials with best loss 0.448248
[2016-05-02 03:03:29,983] INFO: ==================================================
[2016-05-02 03:03:29,983] INFO: Task
[2016-05-02 03:03:29,983] INFO:       [Feat@basic_nonlinear_201605010058]_[Learner@reg_skl_adaboost]_[Id@7]
[2016-05-02 03:03:29,984] INFO: Param
[2016-05-02 03:03:29,984] INFO:       base_estimator: etr
[2016-05-02 03:03:29,984] INFO:       learning_rate: 0.006
[2016-05-02 03:03:29,984] INFO:       loss: linear
[2016-05-02 03:03:29,984] INFO:       max_depth: 8
[2016-05-02 03:03:29,985] INFO:       max_features: 0.55
[2016-05-02 03:03:29,985] INFO:       n_estimators: 510
[2016-05-02 03:03:29,985] INFO:       random_state: 2016
[2016-05-02 03:03:29,985] INFO: Result
[2016-05-02 03:03:29,985] INFO:       Run      RMSE        Shape
[2016-05-02 03:27:40,126] INFO:         1    0.447559    23167 x 726
[2016-05-02 03:50:29,075] INFO:         2    0.449949    21940 x 726
[2016-05-02 04:12:55,211] INFO:         3    0.448391    22182 x 726
[2016-05-02 04:33:54,907] INFO:         4    0.449992    21966 x 726
[2016-05-02 04:56:09,090] INFO:         5    0.450648    21961 x 726
[2016-05-02 04:56:09,525] INFO: RMSE
[2016-05-02 04:56:09,526] INFO:       Mean: 0.449308
[2016-05-02 04:56:09,526] INFO:       Std: 0.001147
[2016-05-02 04:56:09,526] INFO: Time
[2016-05-02 04:56:09,526] INFO:       112 mins
[2016-05-02 04:56:09,526] INFO: --------------------------------------------------
[2016-05-02 06:25:54,528] INFO: tpe_transform took 0.005192 seconds
[2016-05-02 06:25:54,528] INFO: TPE using 7/7 trials with best loss 0.448248
[2016-05-02 06:25:54,530] INFO: ==================================================
[2016-05-02 06:25:54,530] INFO: Task
[2016-05-02 06:25:54,531] INFO:       [Feat@basic_nonlinear_201605010058]_[Learner@reg_skl_adaboost]_[Id@8]
[2016-05-02 06:25:54,531] INFO: Param
[2016-05-02 06:25:54,531] INFO:       base_estimator: dtr
[2016-05-02 06:25:54,531] INFO:       learning_rate: 0.02
[2016-05-02 06:25:54,531] INFO:       loss: exponential
[2016-05-02 06:25:54,531] INFO:       max_depth: 2
[2016-05-02 06:25:54,531] INFO:       max_features: 0.2
[2016-05-02 06:25:54,531] INFO:       n_estimators: 460
[2016-05-02 06:25:54,532] INFO:       random_state: 2016
[2016-05-02 06:25:54,532] INFO: Result
[2016-05-02 06:25:54,532] INFO:       Run      RMSE        Shape
[2016-05-02 06:30:14,727] INFO:         1    0.474181    23167 x 726
[2016-05-02 06:34:21,495] INFO:         2    0.474486    21940 x 726
[2016-05-02 06:38:31,314] INFO:         3     0.47682    22182 x 726
[2016-05-02 06:42:38,588] INFO:         4    0.473888    21966 x 726
[2016-05-02 06:46:45,961] INFO:         5    0.476334    21961 x 726
[2016-05-02 06:46:46,205] INFO: RMSE
[2016-05-02 06:46:46,205] INFO:       Mean: 0.475142
[2016-05-02 06:46:46,205] INFO:       Std: 0.001197
[2016-05-02 06:46:46,205] INFO: Time
[2016-05-02 06:46:46,205] INFO:       20 mins
[2016-05-02 06:46:46,205] INFO: --------------------------------------------------
[2016-05-02 07:11:41,532] INFO: tpe_transform took 0.005169 seconds
[2016-05-02 07:11:41,532] INFO: TPE using 8/8 trials with best loss 0.448248
[2016-05-02 07:11:41,534] INFO: ==================================================
[2016-05-02 07:11:41,534] INFO: Task
[2016-05-02 07:11:41,534] INFO:       [Feat@basic_nonlinear_201605010058]_[Learner@reg_skl_adaboost]_[Id@9]
[2016-05-02 07:11:41,534] INFO: Param
[2016-05-02 07:11:41,535] INFO:       base_estimator: etr
[2016-05-02 07:11:41,535] INFO:       learning_rate: 0.006
[2016-05-02 07:11:41,535] INFO:       loss: exponential
[2016-05-02 07:11:41,535] INFO:       max_depth: 3
[2016-05-02 07:11:41,535] INFO:       max_features: 0.65
[2016-05-02 07:11:41,535] INFO:       n_estimators: 610
[2016-05-02 07:11:41,535] INFO:       random_state: 2016
[2016-05-02 07:11:41,535] INFO: Result
[2016-05-02 07:11:41,536] INFO:       Run      RMSE        Shape
[2016-05-02 07:19:59,301] INFO:         1    0.468093    23167 x 726
[2016-05-02 07:27:45,880] INFO:         2    0.468253    21940 x 726
[2016-05-02 07:35:39,672] INFO:         3    0.468557    22182 x 726
[2016-05-02 07:43:30,176] INFO:         4    0.467639    21966 x 726
[2016-05-02 07:51:18,761] INFO:         5    0.470558    21961 x 726
[2016-05-02 07:51:19,006] INFO: RMSE
[2016-05-02 07:51:19,006] INFO:       Mean: 0.468620
[2016-05-02 07:51:19,006] INFO:       Std: 0.001013
[2016-05-02 07:51:19,006] INFO: Time
[2016-05-02 07:51:19,006] INFO:       39 mins
[2016-05-02 07:51:19,007] INFO: --------------------------------------------------
[2016-05-02 08:37:16,366] INFO: tpe_transform took 0.005134 seconds
[2016-05-02 08:37:16,366] INFO: TPE using 9/9 trials with best loss 0.448248
[2016-05-02 08:37:16,368] INFO: ==================================================
[2016-05-02 08:37:16,368] INFO: Task
[2016-05-02 08:37:16,368] INFO:       [Feat@basic_nonlinear_201605010058]_[Learner@reg_skl_adaboost]_[Id@10]
[2016-05-02 08:37:16,368] INFO: Param
[2016-05-02 08:37:16,368] INFO:       base_estimator: dtr
[2016-05-02 08:37:16,369] INFO:       learning_rate: 0.006
[2016-05-02 08:37:16,369] INFO:       loss: linear
[2016-05-02 08:37:16,369] INFO:       max_depth: 6
[2016-05-02 08:37:16,369] INFO:       max_features: 0.9
[2016-05-02 08:37:16,369] INFO:       n_estimators: 310
[2016-05-02 08:37:16,369] INFO:       random_state: 2016
[2016-05-02 08:37:16,369] INFO: Result
[2016-05-02 08:37:16,369] INFO:       Run      RMSE        Shape
[2016-05-02 09:08:29,739] INFO:         1    0.450022    23167 x 726
[2016-05-02 09:37:50,668] INFO:         2    0.452547    21940 x 726
[2016-05-02 10:07:32,555] INFO:         3    0.450435    22182 x 726
[2016-05-02 10:36:58,050] INFO:         4    0.452281    21966 x 726
[2016-05-02 11:06:24,427] INFO:         5    0.452648    21961 x 726
[2016-05-02 11:06:24,670] INFO: RMSE
[2016-05-02 11:06:24,670] INFO:       Mean: 0.451587
[2016-05-02 11:06:24,671] INFO:       Std: 0.001123
[2016-05-02 11:06:24,671] INFO: Time
[2016-05-02 11:06:24,671] INFO:       149 mins
[2016-05-02 11:06:24,671] INFO: --------------------------------------------------
[2016-05-02 13:07:02,242] INFO: tpe_transform took 0.005155 seconds
[2016-05-02 13:07:02,243] INFO: TPE using 10/10 trials with best loss 0.448248
[2016-05-02 13:07:02,245] INFO: ==================================================
[2016-05-02 13:07:02,245] INFO: Task
[2016-05-02 13:07:02,245] INFO:       [Feat@basic_nonlinear_201605010058]_[Learner@reg_skl_adaboost]_[Id@11]
[2016-05-02 13:07:02,245] INFO: Param
[2016-05-02 13:07:02,245] INFO:       base_estimator: dtr
[2016-05-02 13:07:02,245] INFO:       learning_rate: 0.026000000000000002
[2016-05-02 13:07:02,246] INFO:       loss: exponential
[2016-05-02 13:07:02,246] INFO:       max_depth: 7
[2016-05-02 13:07:02,246] INFO:       max_features: 0.55
[2016-05-02 13:07:02,246] INFO:       n_estimators: 990
[2016-05-02 13:07:02,246] INFO:       random_state: 2016
[2016-05-02 13:07:02,246] INFO: Result
[2016-05-02 13:07:02,246] INFO:       Run      RMSE        Shape
[2016-05-02 14:09:58,192] INFO:         1    0.453682    23167 x 726
[2016-05-02 15:09:16,038] INFO:         2    0.455352    21940 x 726
