[2016-04-23 10:37:08,681] INFO: tpe_transform took 0.002000 seconds
[2016-04-23 10:37:08,681] INFO: TPE using 0 trials
[2016-04-23 10:37:08,682] INFO: ==================================================
[2016-04-23 10:37:08,683] INFO: Task
[2016-04-23 10:37:08,683] INFO:       [Feat@basic_nonlinear_201604210409]_[Learner@reg_skl_adaboost]_[Id@1]
[2016-04-23 10:37:08,683] INFO: Param
[2016-04-23 10:37:08,683] INFO:       base_estimator: etr
[2016-04-23 10:37:08,683] INFO:       learning_rate: 0.018000000000000002
[2016-04-23 10:37:08,683] INFO:       loss: exponential
[2016-04-23 10:37:08,683] INFO:       max_depth: 4
[2016-04-23 10:37:08,683] INFO:       max_features: 0.9500000000000001
[2016-04-23 10:37:08,683] INFO:       n_estimators: 360
[2016-04-23 10:37:08,683] INFO:       random_state: 2016
[2016-04-23 10:37:08,683] INFO: Result
[2016-04-23 10:37:08,683] INFO:       Run      RMSE        Shape
[2016-04-23 10:49:59,954] INFO:         1    0.459163    23167 x 1157
[2016-04-23 11:13:16,199] INFO:         2    0.460824    21940 x 1157
[2016-04-23 11:36:12,085] INFO:         3    0.460887    22182 x 1157
[2016-04-23 11:58:33,404] INFO:         4    0.460539    21966 x 1157
[2016-04-23 12:21:19,559] INFO:         5    0.461586    21961 x 1157
[2016-04-23 12:21:19,871] INFO: RMSE
[2016-04-23 12:21:19,871] INFO:       Mean: 0.460600
[2016-04-23 12:21:19,871] INFO:       Std: 0.000797
[2016-04-23 12:21:19,871] INFO: Time
[2016-04-23 12:21:19,871] INFO:       104 mins
[2016-04-23 12:21:19,871] INFO: --------------------------------------------------
[2016-04-23 14:11:39,247] INFO: tpe_transform took 0.031200 seconds
[2016-04-23 14:11:39,263] INFO: TPE using 1/1 trials with best loss 0.460600
[2016-04-23 14:11:39,278] INFO: ==================================================
[2016-04-23 14:11:39,278] INFO: Task
[2016-04-23 14:11:39,278] INFO:       [Feat@basic_nonlinear_201604210409]_[Learner@reg_skl_adaboost]_[Id@2]
[2016-04-23 14:11:39,278] INFO: Param
[2016-04-23 14:11:39,278] INFO:       base_estimator: etr
[2016-04-23 14:11:39,278] INFO:       learning_rate: 0.002
[2016-04-23 14:11:39,278] INFO:       loss: exponential
[2016-04-23 14:11:39,278] INFO:       max_depth: 7
[2016-04-23 14:11:39,278] INFO:       max_features: 0.6000000000000001
[2016-04-23 14:11:39,278] INFO:       n_estimators: 550
[2016-04-23 14:11:39,278] INFO:       random_state: 2016
[2016-04-23 14:11:39,278] INFO: Result
[2016-04-23 14:11:39,278] INFO:       Run      RMSE        Shape
[2016-04-23 14:46:34,967] INFO:         1    0.449633    23167 x 1157
[2016-04-23 15:19:02,674] INFO:         2     0.45105    21940 x 1157
[2016-04-23 15:52:05,543] INFO:         3    0.452335    22182 x 1157
[2016-04-23 16:25:30,299] INFO:         4    0.451981    21966 x 1157
[2016-04-23 16:58:52,652] INFO:         5     0.45308    21961 x 1157
[2016-04-23 16:58:52,949] INFO: RMSE
[2016-04-23 16:58:52,949] INFO:       Mean: 0.451616
[2016-04-23 16:58:52,949] INFO:       Std: 0.001187
[2016-04-23 16:58:52,949] INFO: Time
[2016-04-23 16:58:52,949] INFO:       167 mins
[2016-04-23 16:58:52,949] INFO: --------------------------------------------------
[2016-04-23 19:52:05,112] INFO: tpe_transform took 0.028000 seconds
[2016-04-23 19:52:05,123] INFO: TPE using 2/2 trials with best loss 0.451616
[2016-04-23 19:52:05,136] INFO: ==================================================
[2016-04-23 19:52:05,136] INFO: Task
[2016-04-23 19:52:05,137] INFO:       [Feat@basic_nonlinear_201604210409]_[Learner@reg_skl_adaboost]_[Id@3]
[2016-04-23 19:52:05,137] INFO: Param
[2016-04-23 19:52:05,137] INFO:       base_estimator: dtr
[2016-04-23 19:52:05,137] INFO:       learning_rate: 0.062
[2016-04-23 19:52:05,137] INFO:       loss: square
[2016-04-23 19:52:05,137] INFO:       max_depth: 7
[2016-04-23 19:52:05,138] INFO:       max_features: 0.25
[2016-04-23 19:52:05,138] INFO:       n_estimators: 600
[2016-04-23 19:52:05,138] INFO:       random_state: 2016
[2016-04-23 19:52:05,138] INFO: Result
[2016-04-23 19:52:05,138] INFO:       Run      RMSE        Shape
[2016-04-23 20:19:50,034] INFO:         1    0.461344    23167 x 1157
[2016-04-23 20:46:52,105] INFO:         2    0.462769    21940 x 1157
[2016-04-23 21:13:09,266] INFO:         3     0.46256    22182 x 1157
[2016-04-23 21:38:53,596] INFO:         4    0.463193    21966 x 1157
[2016-04-23 22:04:41,757] INFO:         5    0.461631    21961 x 1157
[2016-04-23 22:04:42,069] INFO: RMSE
[2016-04-23 22:04:42,069] INFO:       Mean: 0.462299
[2016-04-23 22:04:42,069] INFO:       Std: 0.000699
[2016-04-23 22:04:42,069] INFO: Time
[2016-04-23 22:04:42,069] INFO:       132 mins
[2016-04-23 22:04:42,069] INFO: --------------------------------------------------
[2016-04-24 00:27:43,439] INFO: tpe_transform took 0.015600 seconds
[2016-04-24 00:27:43,439] INFO: TPE using 3/3 trials with best loss 0.451616
[2016-04-24 00:27:43,454] INFO: ==================================================
[2016-04-24 00:27:43,454] INFO: Task
[2016-04-24 00:27:43,454] INFO:       [Feat@basic_nonlinear_201604210409]_[Learner@reg_skl_adaboost]_[Id@4]
[2016-04-24 00:27:43,454] INFO: Param
[2016-04-24 00:27:43,454] INFO:       base_estimator: dtr
[2016-04-24 00:27:43,454] INFO:       learning_rate: 0.006
[2016-04-24 00:27:43,454] INFO:       loss: exponential
[2016-04-24 00:27:43,454] INFO:       max_depth: 4
[2016-04-24 00:27:43,454] INFO:       max_features: 0.30000000000000004
[2016-04-24 00:27:43,454] INFO:       n_estimators: 250
[2016-04-24 00:27:43,454] INFO:       random_state: 2016
[2016-04-24 00:27:43,454] INFO: Result
[2016-04-24 00:27:43,454] INFO:       Run      RMSE        Shape
[2016-04-24 00:37:56,467] INFO:         1    0.457864    23167 x 1157
[2016-04-24 00:47:16,066] INFO:         2    0.459714    21940 x 1157
[2016-04-24 00:56:50,005] INFO:         3    0.459696    22182 x 1157
[2016-04-24 01:06:26,841] INFO:         4    0.461066    21966 x 1157
[2016-04-24 01:16:17,885] INFO:         5    0.460798    21961 x 1157
[2016-04-24 01:16:18,228] INFO: RMSE
[2016-04-24 01:16:18,228] INFO:       Mean: 0.459828
[2016-04-24 01:16:18,228] INFO:       Std: 0.001128
[2016-04-24 01:16:18,228] INFO: Time
[2016-04-24 01:16:18,228] INFO:       48 mins
[2016-04-24 01:16:18,228] INFO: --------------------------------------------------
[2016-04-24 02:15:35,399] INFO: tpe_transform took 0.000000 seconds
[2016-04-24 02:15:35,399] INFO: TPE using 4/4 trials with best loss 0.451616
[2016-04-24 02:15:35,399] INFO: ==================================================
[2016-04-24 02:15:35,399] INFO: Task
[2016-04-24 02:15:35,399] INFO:       [Feat@basic_nonlinear_201604210409]_[Learner@reg_skl_adaboost]_[Id@5]
[2016-04-24 02:15:35,399] INFO: Param
[2016-04-24 02:15:35,399] INFO:       base_estimator: etr
[2016-04-24 02:15:35,399] INFO:       learning_rate: 0.036000000000000004
[2016-04-24 02:15:35,399] INFO:       loss: exponential
[2016-04-24 02:15:35,399] INFO:       max_depth: 10
[2016-04-24 02:15:35,399] INFO:       max_features: 0.75
[2016-04-24 02:15:35,399] INFO:       n_estimators: 350
[2016-04-24 02:15:35,399] INFO:       random_state: 2016
[2016-04-24 02:15:35,399] INFO: Result
[2016-04-24 02:15:35,399] INFO:       Run      RMSE        Shape
[2016-04-24 02:50:44,307] INFO:         1    0.444809    23167 x 1157
[2016-04-24 03:23:53,013] INFO:         2    0.446557    21940 x 1157
[2016-04-24 03:57:04,913] INFO:         3    0.445375    22182 x 1157
[2016-04-24 04:29:57,399] INFO:         4    0.446194    21966 x 1157
[2016-04-24 05:03:27,378] INFO:         5    0.446787    21961 x 1157
[2016-04-24 05:03:27,675] INFO: RMSE
[2016-04-24 05:03:27,675] INFO:       Mean: 0.445944
[2016-04-24 05:03:27,675] INFO:       Std: 0.000743
[2016-04-24 05:03:27,675] INFO: Time
[2016-04-24 05:03:27,675] INFO:       167 mins
[2016-04-24 05:03:27,675] INFO: --------------------------------------------------
[2016-04-24 07:43:20,232] INFO: tpe_transform took 0.015600 seconds
[2016-04-24 07:43:20,232] INFO: TPE using 5/5 trials with best loss 0.445944
[2016-04-24 07:43:20,247] INFO: ==================================================
[2016-04-24 07:43:20,247] INFO: Task
[2016-04-24 07:43:20,247] INFO:       [Feat@basic_nonlinear_201604210409]_[Learner@reg_skl_adaboost]_[Id@6]
[2016-04-24 07:43:20,247] INFO: Param
[2016-04-24 07:43:20,247] INFO:       base_estimator: etr
[2016-04-24 07:43:20,247] INFO:       learning_rate: 0.082
[2016-04-24 07:43:20,247] INFO:       loss: exponential
[2016-04-24 07:43:20,247] INFO:       max_depth: 9
[2016-04-24 07:43:20,247] INFO:       max_features: 0.30000000000000004
[2016-04-24 07:43:20,247] INFO:       n_estimators: 260
[2016-04-24 07:43:20,247] INFO:       random_state: 2016
[2016-04-24 07:43:20,247] INFO: Result
[2016-04-24 07:43:20,247] INFO:       Run      RMSE        Shape
[2016-04-24 07:54:10,712] INFO:         1    0.452045    23167 x 1157
[2016-04-24 08:04:29,669] INFO:         2    0.453417    21940 x 1157
[2016-04-24 08:14:58,091] INFO:         3    0.453261    22182 x 1157
[2016-04-24 08:25:14,167] INFO:         4    0.453077    21966 x 1157
[2016-04-24 08:35:16,505] INFO:         5    0.453404    21961 x 1157
[2016-04-24 08:35:16,833] INFO: RMSE
[2016-04-24 08:35:16,833] INFO:       Mean: 0.453041
[2016-04-24 08:35:16,833] INFO:       Std: 0.000513
[2016-04-24 08:35:16,833] INFO: Time
[2016-04-24 08:35:16,833] INFO:       51 mins
[2016-04-24 08:35:16,833] INFO: --------------------------------------------------
[2016-04-24 09:30:07,155] INFO: tpe_transform took 0.015600 seconds
[2016-04-24 09:30:07,155] INFO: TPE using 6/6 trials with best loss 0.445944
[2016-04-24 09:30:07,155] INFO: ==================================================
[2016-04-24 09:30:07,155] INFO: Task
[2016-04-24 09:30:07,155] INFO:       [Feat@basic_nonlinear_201604210409]_[Learner@reg_skl_adaboost]_[Id@7]
[2016-04-24 09:30:07,155] INFO: Param
[2016-04-24 09:30:07,155] INFO:       base_estimator: etr
[2016-04-24 09:30:07,155] INFO:       learning_rate: 0.02
[2016-04-24 09:30:07,155] INFO:       loss: linear
[2016-04-24 09:30:07,155] INFO:       max_depth: 8
[2016-04-24 09:30:07,155] INFO:       max_features: 0.6000000000000001
[2016-04-24 09:30:07,155] INFO:       n_estimators: 760
[2016-04-24 09:30:07,155] INFO:       random_state: 2016
[2016-04-24 09:30:07,155] INFO: Result
[2016-04-24 09:30:07,155] INFO:       Run      RMSE        Shape
[2016-04-24 10:26:08,800] INFO:         1    0.452406    23167 x 1157
[2016-04-24 11:17:29,542] INFO:         2    0.453249    21940 x 1157
[2016-04-24 12:05:58,111] INFO:         3    0.453237    22182 x 1157
[2016-04-24 12:54:50,200] INFO:         4    0.453472    21966 x 1157
[2016-04-24 13:43:32,920] INFO:         5    0.453813    21961 x 1157
[2016-04-24 13:43:33,216] INFO: RMSE
[2016-04-24 13:43:33,216] INFO:       Mean: 0.453235
[2016-04-24 13:43:33,216] INFO:       Std: 0.000464
[2016-04-24 13:43:33,216] INFO: Time
[2016-04-24 13:43:33,216] INFO:       253 mins
[2016-04-24 13:43:33,216] INFO: --------------------------------------------------
[2016-04-24 18:45:47,182] INFO: tpe_transform took 0.031200 seconds
[2016-04-24 18:45:47,197] INFO: TPE using 7/7 trials with best loss 0.445944
[2016-04-24 18:45:47,213] INFO: ==================================================
[2016-04-24 18:45:47,213] INFO: Task
[2016-04-24 18:45:47,213] INFO:       [Feat@basic_nonlinear_201604210409]_[Learner@reg_skl_adaboost]_[Id@8]
[2016-04-24 18:45:47,213] INFO: Param
[2016-04-24 18:45:47,213] INFO:       base_estimator: etr
[2016-04-24 18:45:47,213] INFO:       learning_rate: 0.004
[2016-04-24 18:45:47,213] INFO:       loss: square
[2016-04-24 18:45:47,213] INFO:       max_depth: 2
[2016-04-24 18:45:47,213] INFO:       max_features: 0.7000000000000001
[2016-04-24 18:45:47,213] INFO:       n_estimators: 730
[2016-04-24 18:45:47,213] INFO:       random_state: 2016
[2016-04-24 18:45:47,213] INFO: Result
[2016-04-24 18:45:47,213] INFO:       Run      RMSE        Shape
[2016-04-24 19:10:27,029] INFO:         1     0.47457    23167 x 1157
[2016-04-24 19:31:41,861] INFO:         2    0.477005    21940 x 1157
[2016-04-24 19:55:11,570] INFO:         3    0.478523    22182 x 1157
[2016-04-24 20:17:07,649] INFO:         4    0.476109    21966 x 1157
[2016-04-24 20:38:27,660] INFO:         5    0.477606    21961 x 1157
[2016-04-24 20:38:27,972] INFO: RMSE
[2016-04-24 20:38:27,972] INFO:       Mean: 0.476762
[2016-04-24 20:38:27,972] INFO:       Std: 0.001349
[2016-04-24 20:38:27,972] INFO: Time
[2016-04-24 20:38:27,972] INFO:       112 mins
[2016-04-24 20:38:27,972] INFO: --------------------------------------------------
