[2016-05-01 23:31:29,673] INFO: tpe_transform took 0.007514 seconds
[2016-05-01 23:31:29,674] INFO: TPE using 0 trials
[2016-05-01 23:31:29,677] INFO: ==================================================
[2016-05-01 23:31:29,677] INFO: Task
[2016-05-01 23:31:29,677] INFO:       [Feat@basic_linear_201605010104]_[Learner@reg_skl_knn]_[Id@1]
[2016-05-01 23:31:29,678] INFO: Param
[2016-05-01 23:31:29,678] INFO:       leaf_size: 40
[2016-05-01 23:31:29,678] INFO:       metric: minkowski
[2016-05-01 23:31:29,678] INFO:       n_neighbors: 5
[2016-05-01 23:31:29,679] INFO:       normalize: False
[2016-05-01 23:31:29,679] INFO:       weights: uniform
[2016-05-01 23:31:29,679] INFO: Result
[2016-05-01 23:31:29,679] INFO:       Run      RMSE        Shape
[2016-05-01 23:32:24,692] INFO:         1     0.56615    23167 x 722
[2016-05-01 23:33:18,848] INFO:         2    0.565393    21940 x 722
[2016-05-01 23:34:12,722] INFO:         3    0.567662    22182 x 722
[2016-05-01 23:35:06,997] INFO:         4    0.567039    21966 x 722
[2016-05-01 23:36:05,726] INFO:         5    0.565128    21961 x 722
[2016-05-01 23:36:06,056] INFO: RMSE
[2016-05-01 23:36:06,056] INFO:       Mean: 0.566274
[2016-05-01 23:36:06,056] INFO:       Std: 0.000961
[2016-05-01 23:36:06,056] INFO: Time
[2016-05-01 23:36:06,056] INFO:       4 mins
[2016-05-01 23:36:06,057] INFO: --------------------------------------------------
[2016-05-01 23:40:56,020] INFO: tpe_transform took 0.007016 seconds
[2016-05-01 23:40:56,021] INFO: TPE using 1/1 trials with best loss 0.566274
[2016-05-01 23:40:56,023] INFO: ==================================================
[2016-05-01 23:40:56,024] INFO: Task
[2016-05-01 23:40:56,024] INFO:       [Feat@basic_linear_201605010104]_[Learner@reg_skl_knn]_[Id@2]
[2016-05-01 23:40:56,024] INFO: Param
[2016-05-01 23:40:56,024] INFO:       leaf_size: 20
[2016-05-01 23:40:56,024] INFO:       metric: minkowski
[2016-05-01 23:40:56,025] INFO:       n_neighbors: 17
[2016-05-01 23:40:56,025] INFO:       normalize: False
[2016-05-01 23:40:56,025] INFO:       weights: uniform
[2016-05-01 23:40:56,025] INFO: Result
[2016-05-01 23:40:56,025] INFO:       Run      RMSE        Shape
[2016-05-01 23:42:12,758] INFO:         1    0.533613    23167 x 722
[2016-05-01 23:43:30,701] INFO:         2     0.53441    21940 x 722
[2016-05-01 23:44:49,979] INFO:         3    0.534479    22182 x 722
[2016-05-01 23:46:09,834] INFO:         4     0.53528    21966 x 722
[2016-05-01 23:47:31,515] INFO:         5    0.533529    21961 x 722
[2016-05-01 23:47:31,973] INFO: RMSE
[2016-05-01 23:47:31,973] INFO:       Mean: 0.534262
[2016-05-01 23:47:31,973] INFO:       Std: 0.000642
[2016-05-01 23:47:31,973] INFO: Time
[2016-05-01 23:47:31,973] INFO:       6 mins
[2016-05-01 23:47:31,974] INFO: --------------------------------------------------
[2016-05-01 23:53:35,158] INFO: tpe_transform took 0.007978 seconds
[2016-05-01 23:53:35,158] INFO: TPE using 2/2 trials with best loss 0.534262
[2016-05-01 23:53:35,162] INFO: ==================================================
[2016-05-01 23:53:35,162] INFO: Task
[2016-05-01 23:53:35,162] INFO:       [Feat@basic_linear_201605010104]_[Learner@reg_skl_knn]_[Id@3]
[2016-05-01 23:53:35,162] INFO: Param
[2016-05-01 23:53:35,163] INFO:       leaf_size: 70
[2016-05-01 23:53:35,163] INFO:       metric: minkowski
[2016-05-01 23:53:35,163] INFO:       n_neighbors: 11
[2016-05-01 23:53:35,163] INFO:       normalize: True
[2016-05-01 23:53:35,163] INFO:       weights: uniform
[2016-05-01 23:53:35,164] INFO: Result
[2016-05-01 23:53:35,164] INFO:       Run      RMSE        Shape
[2016-05-02 00:48:01,432] INFO:         1    0.470701    23167 x 722
[2016-05-02 01:44:17,330] INFO:         2    0.473355    21940 x 722
[2016-05-02 02:42:51,392] INFO:         3    0.472826    22182 x 722
[2016-05-02 03:36:47,762] INFO:         4    0.473626    21966 x 722
[2016-05-02 04:31:33,827] INFO:         5    0.473484    21961 x 722
[2016-05-02 04:31:34,254] INFO: RMSE
[2016-05-02 04:31:34,254] INFO:       Mean: 0.472798
[2016-05-02 04:31:34,254] INFO:       Std: 0.001083
[2016-05-02 04:31:34,254] INFO: Time
[2016-05-02 04:31:34,255] INFO:       277 mins
[2016-05-02 04:31:34,255] INFO: --------------------------------------------------
