[2016-04-17 18:41:41,986] INFO: tpe_transform took 0.012781 seconds
[2016-04-17 18:41:41,986] INFO: TPE using 0 trials
[2016-04-17 18:41:42,021] INFO: ==================================================
[2016-04-17 18:41:42,022] INFO: Task
[2016-04-17 18:41:42,022] INFO:       [Feat@basic_nonlinear_201604170111]_[Learner@reg_rgf]_[Id@1]
[2016-04-17 18:41:42,022] INFO: Param
[2016-04-17 18:41:42,022] INFO:       max_leaf_forest: 770
[2016-04-17 18:41:42,022] INFO:       min_pop: 17
[2016-04-17 18:41:42,023] INFO:       num_iteration_opt: 8
[2016-04-17 18:41:42,023] INFO:       num_tree_search: 7
[2016-04-17 18:41:42,023] INFO:       opt_interval: 170
[2016-04-17 18:41:42,023] INFO:       opt_stepsize: 0.2
[2016-04-17 18:41:42,024] INFO:       reg_L2: 1.3797393492727597
[2016-04-17 18:41:42,024] INFO:       reg_sL2: 0.003239018892545952
[2016-04-17 18:41:42,024] INFO: Result
[2016-04-17 18:41:42,024] INFO:       Run      RMSE        Shape
[2016-04-17 20:00:22,955] INFO:         1    0.475254    23167 x 827
[2016-04-17 21:09:25,607] INFO:         2    0.475898    21940 x 827
[2016-04-17 22:25:03,049] INFO:         3     0.47447    22182 x 827
[2016-04-17 23:32:18,920] INFO:         4     0.47311    21966 x 827
[2016-04-18 00:49:00,504] INFO:         5      0.4748    21961 x 827
[2016-04-18 00:49:00,975] INFO: RMSE
[2016-04-18 00:49:00,975] INFO:       Mean: 0.474706
[2016-04-18 00:49:00,975] INFO:       Std: 0.000931
[2016-04-18 00:49:00,976] INFO: Time
[2016-04-18 00:49:00,976] INFO:       367 mins
[2016-04-18 00:49:00,976] INFO: --------------------------------------------------
[2016-04-18 05:20:46,159] INFO: tpe_transform took 0.013729 seconds
[2016-04-18 05:20:46,172] INFO: TPE using 1/1 trials with best loss 0.474706
[2016-04-18 05:20:46,178] INFO: ==================================================
[2016-04-18 05:20:46,178] INFO: Task
[2016-04-18 05:20:46,178] INFO:       [Feat@basic_nonlinear_201604170111]_[Learner@reg_rgf]_[Id@2]
[2016-04-18 05:20:46,178] INFO: Param
[2016-04-18 05:20:46,179] INFO:       max_leaf_forest: 50
[2016-04-18 05:20:46,179] INFO:       min_pop: 19
[2016-04-18 05:20:46,179] INFO:       num_iteration_opt: 8
[2016-04-18 05:20:46,179] INFO:       num_tree_search: 1
[2016-04-18 05:20:46,179] INFO:       opt_interval: 110
[2016-04-18 05:20:46,180] INFO:       opt_stepsize: 0.8
[2016-04-18 05:20:46,180] INFO:       reg_L2: 3.4082168521391396
[2016-04-18 05:20:46,180] INFO:       reg_sL2: 5.080660376752178e-05
[2016-04-18 05:20:46,180] INFO: Result
[2016-04-18 05:20:46,181] INFO:       Run      RMSE        Shape
[2016-04-18 05:23:05,506] INFO:         1     0.50208    23167 x 827
[2016-04-18 05:25:21,785] INFO:         2    0.502057    21940 x 827
[2016-04-18 05:27:39,674] INFO:         3    0.500713    22182 x 827
[2016-04-18 05:29:56,991] INFO:         4    0.505022    21966 x 827
[2016-04-18 05:31:50,178] INFO:         5    0.504908    21961 x 827
[2016-04-18 05:31:50,618] INFO: RMSE
[2016-04-18 05:31:50,618] INFO:       Mean: 0.502956
[2016-04-18 05:31:50,618] INFO:       Std: 0.001714
[2016-04-18 05:31:50,618] INFO: Time
[2016-04-18 05:31:50,619] INFO:       11 mins
[2016-04-18 05:31:50,619] INFO: --------------------------------------------------
[2016-04-18 05:38:43,923] INFO: tpe_transform took 0.008244 seconds
[2016-04-18 05:38:43,923] INFO: TPE using 2/2 trials with best loss 0.474706
[2016-04-18 05:38:43,926] INFO: ==================================================
[2016-04-18 05:38:43,926] INFO: Task
[2016-04-18 05:38:43,926] INFO:       [Feat@basic_nonlinear_201604170111]_[Learner@reg_rgf]_[Id@3]
[2016-04-18 05:38:43,926] INFO: Param
[2016-04-18 05:38:43,927] INFO:       max_leaf_forest: 540
[2016-04-18 05:38:43,927] INFO:       min_pop: 7
[2016-04-18 05:38:43,927] INFO:       num_iteration_opt: 8
[2016-04-18 05:38:43,927] INFO:       num_tree_search: 10
[2016-04-18 05:38:43,927] INFO:       opt_interval: 180
[2016-04-18 05:38:43,927] INFO:       opt_stepsize: 0.5
[2016-04-18 05:38:43,927] INFO:       reg_L2: 0.10358659361010264
[2016-04-18 05:38:43,928] INFO:       reg_sL2: 0.04413487074445866
[2016-04-18 05:38:43,928] INFO: Result
[2016-04-18 05:38:43,928] INFO:       Run      RMSE        Shape
[2016-04-18 07:10:05,385] INFO:         1    0.457713    23167 x 827
[2016-04-18 08:39:09,036] INFO:         2    0.460943    21940 x 827
[2016-04-18 09:57:58,765] INFO:         3    0.457681    22182 x 827
[2016-04-18 11:20:20,350] INFO:         4    0.458677    21966 x 827
[2016-04-18 12:40:13,790] INFO:         5    0.457556    21961 x 827
[2016-04-18 12:40:14,235] INFO: RMSE
[2016-04-18 12:40:14,235] INFO:       Mean: 0.458514
[2016-04-18 12:40:14,236] INFO:       Std: 0.001279
[2016-04-18 12:40:14,236] INFO: Time
[2016-04-18 12:40:14,236] INFO:       421 mins
[2016-04-18 12:40:14,236] INFO: --------------------------------------------------
[2016-04-18 16:43:36,774] INFO: tpe_transform took 0.013978 seconds
[2016-04-18 16:43:36,788] INFO: TPE using 3/3 trials with best loss 0.458514
[2016-04-18 16:43:36,793] INFO: ==================================================
[2016-04-18 16:43:36,793] INFO: Task
[2016-04-18 16:43:36,793] INFO:       [Feat@basic_nonlinear_201604170111]_[Learner@reg_rgf]_[Id@4]
[2016-04-18 16:43:36,794] INFO: Param
[2016-04-18 16:43:36,794] INFO:       max_leaf_forest: 320
[2016-04-18 16:43:36,794] INFO:       min_pop: 3
[2016-04-18 16:43:36,794] INFO:       num_iteration_opt: 8
[2016-04-18 16:43:36,795] INFO:       num_tree_search: 4
[2016-04-18 16:43:36,795] INFO:       opt_interval: 20
[2016-04-18 16:43:36,795] INFO:       opt_stepsize: 0.30000000000000004
[2016-04-18 16:43:36,795] INFO:       reg_L2: 0.1090948319358957
[2016-04-18 16:43:36,795] INFO:       reg_sL2: 0.00408669837365801
[2016-04-18 16:43:36,796] INFO: Result
[2016-04-18 16:43:36,796] INFO:       Run      RMSE        Shape
[2016-04-18 17:02:49,837] INFO:         1    0.455642    23167 x 827
[2016-04-18 17:22:58,925] INFO:         2    0.457447    21940 x 827
[2016-04-18 17:42:42,220] INFO:         3    0.457587    22182 x 827
[2016-04-18 18:01:24,033] INFO:         4    0.456066    21966 x 827
[2016-04-18 18:20:24,139] INFO:         5    0.456895    21961 x 827
[2016-04-18 18:20:24,596] INFO: RMSE
[2016-04-18 18:20:24,596] INFO:       Mean: 0.456727
[2016-04-18 18:20:24,597] INFO:       Std: 0.000762
[2016-04-18 18:20:24,597] INFO: Time
[2016-04-18 18:20:24,597] INFO:       96 mins
[2016-04-18 18:20:24,597] INFO: --------------------------------------------------
[2016-04-18 19:19:43,766] INFO: tpe_transform took 0.013545 seconds
[2016-04-18 19:19:43,766] INFO: TPE using 4/4 trials with best loss 0.456727
[2016-04-18 19:19:43,771] INFO: ==================================================
[2016-04-18 19:19:43,773] INFO: Task
[2016-04-18 19:19:43,773] INFO:       [Feat@basic_nonlinear_201604170111]_[Learner@reg_rgf]_[Id@5]
[2016-04-18 19:19:43,773] INFO: Param
[2016-04-18 19:19:43,773] INFO:       max_leaf_forest: 490
[2016-04-18 19:19:43,774] INFO:       min_pop: 3
[2016-04-18 19:19:43,774] INFO:       num_iteration_opt: 10
[2016-04-18 19:19:43,774] INFO:       num_tree_search: 9
[2016-04-18 19:19:43,774] INFO:       opt_interval: 20
[2016-04-18 19:19:43,774] INFO:       opt_stepsize: 0.5
[2016-04-18 19:19:43,774] INFO:       reg_L2: 7.126442184684519
[2016-04-18 19:19:43,775] INFO:       reg_sL2: 0.0001676380161804799
[2016-04-18 19:19:43,775] INFO: Result
[2016-04-18 19:19:43,775] INFO:       Run      RMSE        Shape
[2016-04-18 20:16:16,492] INFO:         1    0.492052    23167 x 827
[2016-04-18 21:07:00,787] INFO:         2    0.492381    21940 x 827
[2016-04-18 22:01:40,227] INFO:         3    0.490123    22182 x 827
[2016-04-18 22:57:11,013] INFO:         4    0.491661    21966 x 827
[2016-04-18 23:50:53,582] INFO:         5     0.48727    21961 x 827
[2016-04-18 23:50:54,050] INFO: RMSE
[2016-04-18 23:50:54,050] INFO:       Mean: 0.490697
[2016-04-18 23:50:54,050] INFO:       Std: 0.001880
[2016-04-18 23:50:54,051] INFO: Time
[2016-04-18 23:50:54,051] INFO:       271 mins
[2016-04-18 23:50:54,051] INFO: --------------------------------------------------
[2016-04-19 02:46:18,156] INFO: tpe_transform took 0.013870 seconds
[2016-04-19 02:46:18,170] INFO: TPE using 5/5 trials with best loss 0.456727
[2016-04-19 02:46:18,176] INFO: ==================================================
[2016-04-19 02:46:18,176] INFO: Task
[2016-04-19 02:46:18,176] INFO:       [Feat@basic_nonlinear_201604170111]_[Learner@reg_rgf]_[Id@6]
[2016-04-19 02:46:18,176] INFO: Param
[2016-04-19 02:46:18,177] INFO:       max_leaf_forest: 580
[2016-04-19 02:46:18,177] INFO:       min_pop: 11
[2016-04-19 02:46:18,177] INFO:       num_iteration_opt: 8
[2016-04-19 02:46:18,177] INFO:       num_tree_search: 3
[2016-04-19 02:46:18,177] INFO:       opt_interval: 110
[2016-04-19 02:46:18,178] INFO:       opt_stepsize: 0.8
[2016-04-19 02:46:18,178] INFO:       reg_L2: 6.0179326042314525
[2016-04-19 02:46:18,178] INFO:       reg_sL2: 0.0016351888021330365
[2016-04-19 02:46:18,178] INFO: Result
[2016-04-19 02:46:18,179] INFO:       Run      RMSE        Shape
[2016-04-19 03:10:59,910] INFO:         1    0.489471    23167 x 827
[2016-04-19 03:37:41,220] INFO:         2    0.488985    21940 x 827
[2016-04-19 03:59:21,897] INFO:         3    0.490023    22182 x 827
[2016-04-19 04:23:49,445] INFO:         4    0.493123    21966 x 827
[2016-04-19 04:50:12,348] INFO:         5    0.489288    21961 x 827
[2016-04-19 04:50:12,784] INFO: RMSE
[2016-04-19 04:50:12,784] INFO:       Mean: 0.490178
[2016-04-19 04:50:12,785] INFO:       Std: 0.001511
[2016-04-19 04:50:12,785] INFO: Time
[2016-04-19 04:50:12,785] INFO:       123 mins
[2016-04-19 04:50:12,785] INFO: --------------------------------------------------
[2016-04-19 06:07:37,879] INFO: tpe_transform took 0.013001 seconds
[2016-04-19 06:07:37,879] INFO: TPE using 6/6 trials with best loss 0.456727
[2016-04-19 06:07:37,885] INFO: ==================================================
[2016-04-19 06:07:37,885] INFO: Task
[2016-04-19 06:07:37,885] INFO:       [Feat@basic_nonlinear_201604170111]_[Learner@reg_rgf]_[Id@7]
[2016-04-19 06:07:37,885] INFO: Param
[2016-04-19 06:07:37,886] INFO:       max_leaf_forest: 220
[2016-04-19 06:07:37,886] INFO:       min_pop: 2
[2016-04-19 06:07:37,886] INFO:       num_iteration_opt: 9
[2016-04-19 06:07:37,886] INFO:       num_tree_search: 2
[2016-04-19 06:07:37,886] INFO:       opt_interval: 100
[2016-04-19 06:07:37,887] INFO:       opt_stepsize: 0.2
[2016-04-19 06:07:37,887] INFO:       reg_L2: 5.535497020788416
[2016-04-19 06:07:37,887] INFO:       reg_sL2: 2.923688146246253e-05
[2016-04-19 06:07:37,887] INFO: Result
[2016-04-19 06:07:37,888] INFO:       Run      RMSE        Shape
[2016-04-19 06:15:38,557] INFO:         1    0.501582    23167 x 827
[2016-04-19 06:23:23,066] INFO:         2    0.500744    21940 x 827
[2016-04-19 06:31:08,446] INFO:         3    0.500949    22182 x 827
[2016-04-19 06:39:04,160] INFO:         4    0.506421    21966 x 827
[2016-04-19 06:47:26,114] INFO:         5    0.499144    21961 x 827
[2016-04-19 06:47:26,592] INFO: RMSE
[2016-04-19 06:47:26,592] INFO:       Mean: 0.501768
[2016-04-19 06:47:26,592] INFO:       Std: 0.002461
[2016-04-19 06:47:26,593] INFO: Time
[2016-04-19 06:47:26,593] INFO:       39 mins
[2016-04-19 06:47:26,593] INFO: --------------------------------------------------
[2016-04-19 07:10:29,781] INFO: tpe_transform took 0.013134 seconds
[2016-04-19 07:10:29,782] INFO: TPE using 7/7 trials with best loss 0.456727
[2016-04-19 07:10:29,787] INFO: ==================================================
[2016-04-19 07:10:29,787] INFO: Task
[2016-04-19 07:10:29,787] INFO:       [Feat@basic_nonlinear_201604170111]_[Learner@reg_rgf]_[Id@8]
[2016-04-19 07:10:29,788] INFO: Param
[2016-04-19 07:10:29,788] INFO:       max_leaf_forest: 310
[2016-04-19 07:10:29,788] INFO:       min_pop: 13
[2016-04-19 07:10:29,788] INFO:       num_iteration_opt: 14
[2016-04-19 07:10:29,788] INFO:       num_tree_search: 7
[2016-04-19 07:10:29,789] INFO:       opt_interval: 180
[2016-04-19 07:10:29,789] INFO:       opt_stepsize: 0.7000000000000001
[2016-04-19 07:10:29,789] INFO:       reg_L2: 8.654952113860437
[2016-04-19 07:10:29,789] INFO:       reg_sL2: 0.023546177881702875
[2016-04-19 07:10:29,790] INFO: Result
[2016-04-19 07:10:29,790] INFO:       Run      RMSE        Shape
[2016-04-19 07:41:24,728] INFO:         1    0.509902    23167 x 827
[2016-04-19 08:08:39,671] INFO:         2    0.513295    21940 x 827
[2016-04-19 08:37:14,231] INFO:         3    0.508891    22182 x 827
[2016-04-19 09:00:47,691] INFO:         4    0.510519    21966 x 827
[2016-04-19 09:25:06,588] INFO:         5    0.509708    21961 x 827
[2016-04-19 09:25:07,046] INFO: RMSE
[2016-04-19 09:25:07,047] INFO:       Mean: 0.510463
[2016-04-19 09:25:07,047] INFO:       Std: 0.001509
[2016-04-19 09:25:07,047] INFO: Time
[2016-04-19 09:25:07,048] INFO:       134 mins
[2016-04-19 09:25:07,048] INFO: --------------------------------------------------
[2016-04-19 10:35:18,256] INFO: tpe_transform took 0.016146 seconds
[2016-04-19 10:35:18,256] INFO: TPE using 8/8 trials with best loss 0.456727
[2016-04-19 10:35:18,261] INFO: ==================================================
[2016-04-19 10:35:18,262] INFO: Task
[2016-04-19 10:35:18,262] INFO:       [Feat@basic_nonlinear_201604170111]_[Learner@reg_rgf]_[Id@9]
[2016-04-19 10:35:18,262] INFO: Param
[2016-04-19 10:35:18,262] INFO:       max_leaf_forest: 830
[2016-04-19 10:35:18,263] INFO:       min_pop: 3
[2016-04-19 10:35:18,263] INFO:       num_iteration_opt: 14
[2016-04-19 10:35:18,263] INFO:       num_tree_search: 1
[2016-04-19 10:35:18,263] INFO:       opt_interval: 100
[2016-04-19 10:35:18,263] INFO:       opt_stepsize: 0.8
[2016-04-19 10:35:18,264] INFO:       reg_L2: 2.310477443323296
[2016-04-19 10:35:18,264] INFO:       reg_sL2: 0.0053515963953052114
[2016-04-19 10:35:18,264] INFO: Result
[2016-04-19 10:35:18,264] INFO:       Run      RMSE        Shape
[2016-04-19 10:46:57,112] INFO:         1    0.461195    23167 x 827
[2016-04-19 10:58:23,076] INFO:         2    0.462079    21940 x 827
[2016-04-19 11:10:33,181] INFO:         3    0.461466    22182 x 827
[2016-04-19 11:23:28,951] INFO:         4    0.461717    21966 x 827
[2016-04-19 11:34:14,139] INFO:         5    0.462602    21961 x 827
[2016-04-19 11:34:14,568] INFO: RMSE
[2016-04-19 11:34:14,569] INFO:       Mean: 0.461812
[2016-04-19 11:34:14,569] INFO:       Std: 0.000491
[2016-04-19 11:34:14,569] INFO: Time
[2016-04-19 11:34:14,569] INFO:       58 mins
[2016-04-19 11:34:14,570] INFO: --------------------------------------------------
[2016-04-19 12:17:52,340] INFO: tpe_transform took 0.013319 seconds
[2016-04-19 12:17:52,340] INFO: TPE using 9/9 trials with best loss 0.456727
[2016-04-19 12:17:52,346] INFO: ==================================================
[2016-04-19 12:17:52,346] INFO: Task
[2016-04-19 12:17:52,346] INFO:       [Feat@basic_nonlinear_201604170111]_[Learner@reg_rgf]_[Id@10]
[2016-04-19 12:17:52,346] INFO: Param
[2016-04-19 12:17:52,347] INFO:       max_leaf_forest: 100
[2016-04-19 12:17:52,347] INFO:       min_pop: 4
[2016-04-19 12:17:52,347] INFO:       num_iteration_opt: 15
[2016-04-19 12:17:52,347] INFO:       num_tree_search: 4
[2016-04-19 12:17:52,347] INFO:       opt_interval: 100
[2016-04-19 12:17:52,348] INFO:       opt_stepsize: 0.2
[2016-04-19 12:17:52,348] INFO:       reg_L2: 1.2680063504190118
[2016-04-19 12:17:52,348] INFO:       reg_sL2: 2.8546178090628718e-05
[2016-04-19 12:17:52,348] INFO: Result
[2016-04-19 12:17:52,349] INFO:       Run      RMSE        Shape
[2016-04-19 12:23:54,644] INFO:         1    0.492271    23167 x 827
[2016-04-19 12:30:08,922] INFO:         2    0.503112    21940 x 827
[2016-04-19 12:35:43,693] INFO:         3    0.501221    22182 x 827
[2016-04-19 12:42:10,134] INFO:         4    0.506873    21966 x 827
[2016-04-19 12:47:55,563] INFO:         5         0.5    21961 x 827
[2016-04-19 12:47:56,015] INFO: RMSE
[2016-04-19 12:47:56,015] INFO:       Mean: 0.500695
[2016-04-19 12:47:56,016] INFO:       Std: 0.004811
[2016-04-19 12:47:56,016] INFO: Time
[2016-04-19 12:47:56,016] INFO:       30 mins
[2016-04-19 12:47:56,016] INFO: --------------------------------------------------
[2016-04-19 13:06:11,049] INFO: tpe_transform took 0.015566 seconds
[2016-04-19 13:06:11,050] INFO: TPE using 10/10 trials with best loss 0.456727
[2016-04-19 13:06:11,055] INFO: ==================================================
[2016-04-19 13:06:11,056] INFO: Task
[2016-04-19 13:06:11,056] INFO:       [Feat@basic_nonlinear_201604170111]_[Learner@reg_rgf]_[Id@11]
[2016-04-19 13:06:11,056] INFO: Param
[2016-04-19 13:06:11,057] INFO:       max_leaf_forest: 290
[2016-04-19 13:06:11,057] INFO:       min_pop: 19
[2016-04-19 13:06:11,057] INFO:       num_iteration_opt: 15
[2016-04-19 13:06:11,057] INFO:       num_tree_search: 8
[2016-04-19 13:06:11,058] INFO:       opt_interval: 150
[2016-04-19 13:06:11,058] INFO:       opt_stepsize: 0.5
[2016-04-19 13:06:11,058] INFO:       reg_L2: 0.8948622785028362
[2016-04-19 13:06:11,058] INFO:       reg_sL2: 0.0009342401035345719
[2016-04-19 13:06:11,059] INFO: Result
[2016-04-19 13:06:11,059] INFO:       Run      RMSE        Shape
[2016-04-19 13:35:06,468] INFO:         1    0.480902    23167 x 827
[2016-04-19 14:05:58,106] INFO:         2    0.487458    21940 x 827
[2016-04-19 14:36:31,788] INFO:         3     0.49446    22182 x 827
[2016-04-19 15:05:17,243] INFO:         4    0.488598    21966 x 827
[2016-04-19 15:36:41,970] INFO:         5    0.484252    21961 x 827
[2016-04-19 15:36:42,425] INFO: RMSE
[2016-04-19 15:36:42,425] INFO:       Mean: 0.487134
[2016-04-19 15:36:42,425] INFO:       Std: 0.004540
[2016-04-19 15:36:42,425] INFO: Time
[2016-04-19 15:36:42,426] INFO:       150 mins
[2016-04-19 15:36:42,426] INFO: --------------------------------------------------
[2016-04-19 17:10:16,264] INFO: tpe_transform took 0.013175 seconds
[2016-04-19 17:10:16,265] INFO: TPE using 11/11 trials with best loss 0.456727
[2016-04-19 17:10:16,270] INFO: ==================================================
[2016-04-19 17:10:16,270] INFO: Task
[2016-04-19 17:10:16,270] INFO:       [Feat@basic_nonlinear_201604170111]_[Learner@reg_rgf]_[Id@12]
[2016-04-19 17:10:16,271] INFO: Param
[2016-04-19 17:10:16,271] INFO:       max_leaf_forest: 230
[2016-04-19 17:10:16,271] INFO:       min_pop: 2
[2016-04-19 17:10:16,271] INFO:       num_iteration_opt: 6
[2016-04-19 17:10:16,271] INFO:       num_tree_search: 5
[2016-04-19 17:10:16,272] INFO:       opt_interval: 190
[2016-04-19 17:10:16,272] INFO:       opt_stepsize: 0.6000000000000001
[2016-04-19 17:10:16,272] INFO:       reg_L2: 0.6208763652673096
[2016-04-19 17:10:16,272] INFO:       reg_sL2: 0.0021483663969241126
[2016-04-19 17:10:16,273] INFO: Result
[2016-04-19 17:10:16,273] INFO:       Run      RMSE        Shape
[2016-04-19 17:28:08,511] INFO:         1    0.479377    23167 x 827
[2016-04-19 17:43:11,720] INFO:         2    0.477415    21940 x 827
[2016-04-19 17:59:51,111] INFO:         3    0.487143    22182 x 827
[2016-04-19 18:16:18,235] INFO:         4    0.480637    21966 x 827
[2016-04-19 18:33:52,764] INFO:         5    0.480567    21961 x 827
[2016-04-19 18:33:53,014] INFO: RMSE
[2016-04-19 18:33:53,014] INFO:       Mean: 0.481028
[2016-04-19 18:33:53,014] INFO:       Std: 0.003272
[2016-04-19 18:33:53,014] INFO: Time
[2016-04-19 18:33:53,014] INFO:       83 mins
[2016-04-19 18:33:53,014] INFO: --------------------------------------------------
[2016-04-19 19:21:37,039] INFO: tpe_transform took 0.013184 seconds
[2016-04-19 19:21:37,039] INFO: TPE using 12/12 trials with best loss 0.456727
[2016-04-19 19:21:37,045] INFO: ==================================================
[2016-04-19 19:21:37,045] INFO: Task
[2016-04-19 19:21:37,045] INFO:       [Feat@basic_nonlinear_201604170111]_[Learner@reg_rgf]_[Id@13]
[2016-04-19 19:21:37,045] INFO: Param
[2016-04-19 19:21:37,045] INFO:       max_leaf_forest: 330
[2016-04-19 19:21:37,046] INFO:       min_pop: 3
[2016-04-19 19:21:37,046] INFO:       num_iteration_opt: 13
[2016-04-19 19:21:37,046] INFO:       num_tree_search: 3
[2016-04-19 19:21:37,046] INFO:       opt_interval: 170
[2016-04-19 19:21:37,047] INFO:       opt_stepsize: 0.5
[2016-04-19 19:21:37,047] INFO:       reg_L2: 9.917931921298038
[2016-04-19 19:21:37,047] INFO:       reg_sL2: 0.05222258508262401
[2016-04-19 19:21:37,047] INFO: Result
[2016-04-19 19:21:37,047] INFO:       Run      RMSE        Shape
[2016-04-19 19:35:17,847] INFO:         1    0.500384    23167 x 827
[2016-04-19 19:48:51,231] INFO:         2    0.499653    21940 x 827
[2016-04-19 20:00:40,444] INFO:         3     0.50089    22182 x 827
[2016-04-19 20:13:18,401] INFO:         4    0.502878    21966 x 827
[2016-04-19 20:26:09,086] INFO:         5    0.500875    21961 x 827
[2016-04-19 20:26:09,514] INFO: RMSE
[2016-04-19 20:26:09,515] INFO:       Mean: 0.500936
[2016-04-19 20:26:09,515] INFO:       Std: 0.001070
[2016-04-19 20:26:09,515] INFO: Time
[2016-04-19 20:26:09,515] INFO:       64 mins
[2016-04-19 20:26:09,516] INFO: --------------------------------------------------
[2016-04-19 21:10:58,064] INFO: tpe_transform took 0.014380 seconds
[2016-04-19 21:10:58,064] INFO: TPE using 13/13 trials with best loss 0.456727
[2016-04-19 21:10:58,069] INFO: ==================================================
[2016-04-19 21:10:58,070] INFO: Task
[2016-04-19 21:10:58,070] INFO:       [Feat@basic_nonlinear_201604170111]_[Learner@reg_rgf]_[Id@14]
[2016-04-19 21:10:58,070] INFO: Param
[2016-04-19 21:10:58,070] INFO:       max_leaf_forest: 670
[2016-04-19 21:10:58,070] INFO:       min_pop: 17
[2016-04-19 21:10:58,071] INFO:       num_iteration_opt: 8
[2016-04-19 21:10:58,071] INFO:       num_tree_search: 1
[2016-04-19 21:10:58,071] INFO:       opt_interval: 130
[2016-04-19 21:10:58,071] INFO:       opt_stepsize: 0.9
[2016-04-19 21:10:58,072] INFO:       reg_L2: 0.5882092658777147
[2016-04-19 21:10:58,072] INFO:       reg_sL2: 0.00023357740762360612
[2016-04-19 21:10:58,072] INFO: Result
[2016-04-19 21:10:58,072] INFO:       Run      RMSE        Shape
[2016-04-19 21:18:57,771] INFO:         1    0.458366    23167 x 827
[2016-04-19 21:25:53,847] INFO:         2    0.458878    21940 x 827
[2016-04-19 21:33:16,193] INFO:         3    0.456837    22182 x 827
[2016-04-19 21:41:18,631] INFO:         4    0.458536    21966 x 827
[2016-04-19 21:50:05,591] INFO:         5    0.458201    21961 x 827
[2016-04-19 21:50:06,057] INFO: RMSE
[2016-04-19 21:50:06,057] INFO:       Mean: 0.458164
[2016-04-19 21:50:06,058] INFO:       Std: 0.000700
[2016-04-19 21:50:06,058] INFO: Time
[2016-04-19 21:50:06,058] INFO:       39 mins
[2016-04-19 21:50:06,058] INFO: --------------------------------------------------
[2016-04-19 22:25:48,629] INFO: tpe_transform took 0.008042 seconds
[2016-04-19 22:25:48,629] INFO: TPE using 14/14 trials with best loss 0.456727
[2016-04-19 22:25:48,634] INFO: ==================================================
[2016-04-19 22:25:48,634] INFO: Task
[2016-04-19 22:25:48,634] INFO:       [Feat@basic_nonlinear_201604170111]_[Learner@reg_rgf]_[Id@15]
[2016-04-19 22:25:48,634] INFO: Param
[2016-04-19 22:25:48,634] INFO:       max_leaf_forest: 160
[2016-04-19 22:25:48,635] INFO:       min_pop: 15
[2016-04-19 22:25:48,635] INFO:       num_iteration_opt: 19
[2016-04-19 22:25:48,635] INFO:       num_tree_search: 4
[2016-04-19 22:25:48,635] INFO:       opt_interval: 100
[2016-04-19 22:25:48,635] INFO:       opt_stepsize: 0.2
[2016-04-19 22:25:48,635] INFO:       reg_L2: 0.549696027851958
[2016-04-19 22:25:48,636] INFO:       reg_sL2: 0.00011720212116392024
[2016-04-19 22:25:48,636] INFO: Result
[2016-04-19 22:25:48,636] INFO:       Run      RMSE        Shape
[2016-04-19 22:33:43,790] INFO:         1    0.469412    23167 x 827
[2016-04-19 22:42:44,553] INFO:         2     0.47794    21940 x 827
[2016-04-19 22:51:55,612] INFO:         3    0.469333    22182 x 827
[2016-04-19 23:01:19,239] INFO:         4    0.473306    21966 x 827
[2016-04-19 23:10:47,841] INFO:         5    0.478634    21961 x 827
[2016-04-19 23:10:48,215] INFO: RMSE
[2016-04-19 23:10:48,216] INFO:       Mean: 0.473725
[2016-04-19 23:10:48,216] INFO:       Std: 0.003998
[2016-04-19 23:10:48,216] INFO: Time
[2016-04-19 23:10:48,216] INFO:       44 mins
[2016-04-19 23:10:48,217] INFO: --------------------------------------------------
[2016-04-19 23:37:19,162] INFO: tpe_transform took 0.012582 seconds
[2016-04-19 23:37:19,162] INFO: TPE using 15/15 trials with best loss 0.456727
[2016-04-19 23:37:19,169] INFO: ==================================================
[2016-04-19 23:37:19,169] INFO: Task
[2016-04-19 23:37:19,169] INFO:       [Feat@basic_nonlinear_201604170111]_[Learner@reg_rgf]_[Id@16]
[2016-04-19 23:37:19,170] INFO: Param
[2016-04-19 23:37:19,170] INFO:       max_leaf_forest: 620
[2016-04-19 23:37:19,170] INFO:       min_pop: 16
[2016-04-19 23:37:19,170] INFO:       num_iteration_opt: 16
[2016-04-19 23:37:19,170] INFO:       num_tree_search: 7
[2016-04-19 23:37:19,171] INFO:       opt_interval: 80
[2016-04-19 23:37:19,171] INFO:       opt_stepsize: 0.4
[2016-04-19 23:37:19,171] INFO:       reg_L2: 5.665245551877579
[2016-04-19 23:37:19,171] INFO:       reg_sL2: 0.002207503015841929
[2016-04-19 23:37:19,172] INFO: Result
[2016-04-19 23:37:19,172] INFO:       Run      RMSE        Shape
[2016-04-20 00:37:58,469] INFO:         1     0.49336    23167 x 827
[2016-04-20 01:40:28,326] INFO:         2    0.499807    21940 x 827
[2016-04-20 02:36:55,231] INFO:         3    0.495395    22182 x 827
[2016-04-20 03:35:47,984] INFO:         4    0.495825    21966 x 827
[2016-04-20 04:37:47,404] INFO:         5    0.494095    21961 x 827
[2016-04-20 04:37:47,754] INFO: RMSE
[2016-04-20 04:37:47,755] INFO:       Mean: 0.495697
[2016-04-20 04:37:47,755] INFO:       Std: 0.002237
[2016-04-20 04:37:47,755] INFO: Time
[2016-04-20 04:37:47,755] INFO:       300 mins
[2016-04-20 04:37:47,755] INFO: --------------------------------------------------
[2016-04-20 07:27:28,799] INFO: tpe_transform took 0.014604 seconds
[2016-04-20 07:27:28,799] INFO: TPE using 16/16 trials with best loss 0.456727
[2016-04-20 07:27:28,805] INFO: ==================================================
[2016-04-20 07:27:28,805] INFO: Task
[2016-04-20 07:27:28,805] INFO:       [Feat@basic_nonlinear_201604170111]_[Learner@reg_rgf]_[Id@17]
[2016-04-20 07:27:28,805] INFO: Param
[2016-04-20 07:27:28,806] INFO:       max_leaf_forest: 650
[2016-04-20 07:27:28,806] INFO:       min_pop: 7
[2016-04-20 07:27:28,806] INFO:       num_iteration_opt: 14
[2016-04-20 07:27:28,806] INFO:       num_tree_search: 8
[2016-04-20 07:27:28,806] INFO:       opt_interval: 130
[2016-04-20 07:27:28,806] INFO:       opt_stepsize: 0.9
[2016-04-20 07:27:28,807] INFO:       reg_L2: 0.2293874631704108
[2016-04-20 07:27:28,807] INFO:       reg_sL2: 0.03337111807165848
[2016-04-20 07:27:28,807] INFO: Result
[2016-04-20 07:27:28,807] INFO:       Run      RMSE        Shape
[2016-04-20 08:50:24,942] INFO:         1    0.454493    23167 x 827
[2016-04-20 10:03:31,045] INFO:         2     0.45565    21940 x 827
