[2016-05-02 00:18:09,430] INFO: tpe_transform took 0.004483 seconds
[2016-05-02 00:18:09,431] INFO: TPE using 0 trials
[2016-05-02 00:18:09,433] INFO: ==================================================
[2016-05-02 00:18:09,433] INFO: Task
[2016-05-02 00:18:09,433] INFO:       [Feat@basic_linear_201605010104]_[Learner@reg_xgb_linear]_[Id@1]
[2016-05-02 00:18:09,433] INFO: Param
[2016-05-02 00:18:09,433] INFO:       base_score: 2.381634
[2016-05-02 00:18:09,433] INFO:       booster: gblinear
[2016-05-02 00:18:09,433] INFO:       learning_rate: 0.006
[2016-05-02 00:18:09,434] INFO:       n_estimators: 140
[2016-05-02 00:18:09,434] INFO:       nthread: 14
[2016-05-02 00:18:09,434] INFO:       objective: reg:linear
[2016-05-02 00:18:09,434] INFO:       reg_alpha: 5.829030590490938e-07
[2016-05-02 00:18:09,434] INFO:       reg_lambda: 0.031060994872478098
[2016-05-02 00:18:09,434] INFO:       reg_lambda_bias: 0.5
[2016-05-02 00:18:09,434] INFO:       seed: 2016
[2016-05-02 00:18:09,434] INFO: Result
[2016-05-02 00:18:09,434] INFO:       Run      RMSE        Shape
[2016-05-02 00:18:26,643] INFO:         1    0.456679    23167 x 722
[2016-05-02 00:18:44,060] INFO:         2    0.458471    21940 x 722
[2016-05-02 00:19:03,831] INFO:         3    0.456618    22182 x 722
[2016-05-02 00:19:20,756] INFO:         4    0.458724    21966 x 722
[2016-05-02 00:19:37,424] INFO:         5    0.458035    21961 x 722
[2016-05-02 00:19:37,713] INFO: RMSE
[2016-05-02 00:19:37,713] INFO:       Mean: 0.457705
[2016-05-02 00:19:37,713] INFO:       Std: 0.000891
[2016-05-02 00:19:37,713] INFO: Time
[2016-05-02 00:19:37,713] INFO:       1 mins
[2016-05-02 00:19:37,713] INFO: --------------------------------------------------
[2016-05-02 00:20:31,121] INFO: tpe_transform took 0.004752 seconds
[2016-05-02 00:20:31,121] INFO: TPE using 1/1 trials with best loss 0.457705
[2016-05-02 00:20:31,123] INFO: ==================================================
[2016-05-02 00:20:31,123] INFO: Task
[2016-05-02 00:20:31,123] INFO:       [Feat@basic_linear_201605010104]_[Learner@reg_xgb_linear]_[Id@2]
[2016-05-02 00:20:31,123] INFO: Param
[2016-05-02 00:20:31,123] INFO:       base_score: 2.381634
[2016-05-02 00:20:31,123] INFO:       booster: gblinear
[2016-05-02 00:20:31,124] INFO:       learning_rate: 0.078
[2016-05-02 00:20:31,124] INFO:       n_estimators: 470
[2016-05-02 00:20:31,124] INFO:       nthread: 14
[2016-05-02 00:20:31,124] INFO:       objective: reg:linear
[2016-05-02 00:20:31,124] INFO:       reg_alpha: 2.033916773108929e-05
[2016-05-02 00:20:31,124] INFO:       reg_lambda: 0.013734372933683264
[2016-05-02 00:20:31,124] INFO:       reg_lambda_bias: 1.8
[2016-05-02 00:20:31,124] INFO:       seed: 2016
[2016-05-02 00:20:31,125] INFO: Result
[2016-05-02 00:20:31,125] INFO:       Run      RMSE        Shape
[2016-05-02 00:21:22,346] INFO:         1    0.447655    23167 x 722
[2016-05-02 00:22:11,458] INFO:         2    0.450199    21940 x 722
[2016-05-02 00:23:01,222] INFO:         3    0.447892    22182 x 722
[2016-05-02 00:23:49,843] INFO:         4    0.450222    21966 x 722
[2016-05-02 00:24:39,902] INFO:         5    0.449063    21961 x 722
[2016-05-02 00:24:40,198] INFO: RMSE
[2016-05-02 00:24:40,198] INFO:       Mean: 0.449006
[2016-05-02 00:24:40,198] INFO:       Std: 0.001093
[2016-05-02 00:24:40,198] INFO: Time
[2016-05-02 00:24:40,198] INFO:       4 mins
[2016-05-02 00:24:40,198] INFO: --------------------------------------------------
[2016-05-02 00:27:29,489] INFO: tpe_transform took 0.004773 seconds
[2016-05-02 00:27:29,489] INFO: TPE using 2/2 trials with best loss 0.449006
[2016-05-02 00:27:29,491] INFO: ==================================================
[2016-05-02 00:27:29,491] INFO: Task
[2016-05-02 00:27:29,491] INFO:       [Feat@basic_linear_201605010104]_[Learner@reg_xgb_linear]_[Id@3]
[2016-05-02 00:27:29,491] INFO: Param
[2016-05-02 00:27:29,492] INFO:       base_score: 2.381634
[2016-05-02 00:27:29,492] INFO:       booster: gblinear
[2016-05-02 00:27:29,492] INFO:       learning_rate: 0.01
[2016-05-02 00:27:29,492] INFO:       n_estimators: 980
[2016-05-02 00:27:29,492] INFO:       nthread: 14
[2016-05-02 00:27:29,492] INFO:       objective: reg:linear
[2016-05-02 00:27:29,492] INFO:       reg_alpha: 4.501651750566052e-06
[2016-05-02 00:27:29,493] INFO:       reg_lambda: 9.140582813759264e-05
[2016-05-02 00:27:29,493] INFO:       reg_lambda_bias: 2.4000000000000004
[2016-05-02 00:27:29,493] INFO:       seed: 2016
[2016-05-02 00:27:29,493] INFO: Result
[2016-05-02 00:27:29,493] INFO:       Run      RMSE        Shape
[2016-05-02 00:29:23,285] INFO:         1    0.448836    23167 x 722
[2016-05-02 00:31:07,962] INFO:         2    0.451437    21940 x 722
[2016-05-02 00:32:53,405] INFO:         3    0.449152    22182 x 722
[2016-05-02 00:34:37,097] INFO:         4    0.451422    21966 x 722
[2016-05-02 00:36:21,200] INFO:         5    0.450609    21961 x 722
[2016-05-02 00:36:21,488] INFO: RMSE
[2016-05-02 00:36:21,488] INFO:       Mean: 0.450291
[2016-05-02 00:36:21,488] INFO:       Std: 0.001105
[2016-05-02 00:36:21,488] INFO: Time
[2016-05-02 00:36:21,488] INFO:       8 mins
[2016-05-02 00:36:21,488] INFO: --------------------------------------------------
[2016-05-02 00:41:43,150] INFO: tpe_transform took 0.004818 seconds
[2016-05-02 00:41:43,150] INFO: TPE using 3/3 trials with best loss 0.449006
[2016-05-02 00:41:43,152] INFO: ==================================================
[2016-05-02 00:41:43,152] INFO: Task
[2016-05-02 00:41:43,152] INFO:       [Feat@basic_linear_201605010104]_[Learner@reg_xgb_linear]_[Id@4]
[2016-05-02 00:41:43,153] INFO: Param
[2016-05-02 00:41:43,153] INFO:       base_score: 2.381634
[2016-05-02 00:41:43,153] INFO:       booster: gblinear
[2016-05-02 00:41:43,153] INFO:       learning_rate: 0.052000000000000005
[2016-05-02 00:41:43,153] INFO:       n_estimators: 570
[2016-05-02 00:41:43,153] INFO:       nthread: 14
[2016-05-02 00:41:43,153] INFO:       objective: reg:linear
[2016-05-02 00:41:43,153] INFO:       reg_alpha: 1.0741830025346463e-06
[2016-05-02 00:41:43,154] INFO:       reg_lambda: 0.0006526083146279393
[2016-05-02 00:41:43,154] INFO:       reg_lambda_bias: 2.9000000000000004
[2016-05-02 00:41:43,154] INFO:       seed: 2016
[2016-05-02 00:41:43,154] INFO: Result
[2016-05-02 00:41:43,154] INFO:       Run      RMSE        Shape
[2016-05-02 00:42:44,105] INFO:         1    0.447709    23167 x 722
[2016-05-02 00:43:41,443] INFO:         2    0.450231    21940 x 722
[2016-05-02 00:44:39,467] INFO:         3    0.447987    22182 x 722
[2016-05-02 00:45:36,104] INFO:         4    0.450381    21966 x 722
[2016-05-02 00:46:31,149] INFO:         5    0.449198    21961 x 722
[2016-05-02 00:46:31,438] INFO: RMSE
[2016-05-02 00:46:31,438] INFO:       Mean: 0.449101
[2016-05-02 00:46:31,438] INFO:       Std: 0.001105
[2016-05-02 00:46:31,438] INFO: Time
[2016-05-02 00:46:31,438] INFO:       4 mins
[2016-05-02 00:46:31,438] INFO: --------------------------------------------------
[2016-05-02 00:49:33,078] INFO: tpe_transform took 0.004690 seconds
[2016-05-02 00:49:33,078] INFO: TPE using 4/4 trials with best loss 0.449006
[2016-05-02 00:49:33,080] INFO: ==================================================
[2016-05-02 00:49:33,080] INFO: Task
[2016-05-02 00:49:33,080] INFO:       [Feat@basic_linear_201605010104]_[Learner@reg_xgb_linear]_[Id@5]
[2016-05-02 00:49:33,080] INFO: Param
[2016-05-02 00:49:33,080] INFO:       base_score: 2.381634
[2016-05-02 00:49:33,080] INFO:       booster: gblinear
[2016-05-02 00:49:33,081] INFO:       learning_rate: 0.008
[2016-05-02 00:49:33,081] INFO:       n_estimators: 370
[2016-05-02 00:49:33,081] INFO:       nthread: 14
[2016-05-02 00:49:33,081] INFO:       objective: reg:linear
[2016-05-02 00:49:33,081] INFO:       reg_alpha: 0.4959158760644681
[2016-05-02 00:49:33,081] INFO:       reg_lambda: 0.0005305403538809686
[2016-05-02 00:49:33,081] INFO:       reg_lambda_bias: 1.1
[2016-05-02 00:49:33,081] INFO:       seed: 2016
[2016-05-02 00:49:33,082] INFO: Result
[2016-05-02 00:49:33,082] INFO:       Run      RMSE        Shape
[2016-05-02 00:50:11,653] INFO:         1    0.451759    23167 x 722
[2016-05-02 00:50:48,247] INFO:         2    0.454213    21940 x 722
[2016-05-02 00:51:24,754] INFO:         3    0.451949    22182 x 722
[2016-05-02 00:52:01,594] INFO:         4    0.454052    21966 x 722
[2016-05-02 00:52:38,949] INFO:         5    0.453814    21961 x 722
[2016-05-02 00:52:39,234] INFO: RMSE
[2016-05-02 00:52:39,235] INFO:       Mean: 0.453158
[2016-05-02 00:52:39,235] INFO:       Std: 0.001073
[2016-05-02 00:52:39,235] INFO: Time
[2016-05-02 00:52:39,235] INFO:       3 mins
[2016-05-02 00:52:39,235] INFO: --------------------------------------------------
[2016-05-02 00:54:39,297] INFO: tpe_transform took 0.004811 seconds
[2016-05-02 00:54:39,297] INFO: TPE using 5/5 trials with best loss 0.449006
[2016-05-02 00:54:39,299] INFO: ==================================================
[2016-05-02 00:54:39,299] INFO: Task
[2016-05-02 00:54:39,299] INFO:       [Feat@basic_linear_201605010104]_[Learner@reg_xgb_linear]_[Id@6]
[2016-05-02 00:54:39,300] INFO: Param
[2016-05-02 00:54:39,300] INFO:       base_score: 2.381634
[2016-05-02 00:54:39,300] INFO:       booster: gblinear
[2016-05-02 00:54:39,300] INFO:       learning_rate: 0.002
[2016-05-02 00:54:39,300] INFO:       n_estimators: 530
[2016-05-02 00:54:39,300] INFO:       nthread: 14
[2016-05-02 00:54:39,300] INFO:       objective: reg:linear
[2016-05-02 00:54:39,300] INFO:       reg_alpha: 1.153416698420904e-08
[2016-05-02 00:54:39,301] INFO:       reg_lambda: 8.40750226165906
[2016-05-02 00:54:39,301] INFO:       reg_lambda_bias: 0.9
[2016-05-02 00:54:39,301] INFO:       seed: 2016
[2016-05-02 00:54:39,301] INFO: Result
[2016-05-02 00:54:39,301] INFO:       Run      RMSE        Shape
[2016-05-02 00:55:34,372] INFO:         1     0.45566    23167 x 722
[2016-05-02 00:56:25,044] INFO:         2     0.45765    21940 x 722
[2016-05-02 00:57:16,903] INFO:         3    0.455706    22182 x 722
[2016-05-02 00:58:09,351] INFO:         4    0.457798    21966 x 722
[2016-05-02 00:59:00,338] INFO:         5    0.457243    21961 x 722
[2016-05-02 00:59:00,625] INFO: RMSE
[2016-05-02 00:59:00,625] INFO:       Mean: 0.456811
[2016-05-02 00:59:00,625] INFO:       Std: 0.000939
[2016-05-02 00:59:00,626] INFO: Time
[2016-05-02 00:59:00,626] INFO:       4 mins
[2016-05-02 00:59:00,626] INFO: --------------------------------------------------
[2016-05-02 01:01:55,864] INFO: tpe_transform took 0.004693 seconds
[2016-05-02 01:01:55,864] INFO: TPE using 6/6 trials with best loss 0.449006
[2016-05-02 01:01:55,866] INFO: ==================================================
[2016-05-02 01:01:55,866] INFO: Task
[2016-05-02 01:01:55,866] INFO:       [Feat@basic_linear_201605010104]_[Learner@reg_xgb_linear]_[Id@7]
[2016-05-02 01:01:55,866] INFO: Param
[2016-05-02 01:01:55,866] INFO:       base_score: 2.381634
[2016-05-02 01:01:55,866] INFO:       booster: gblinear
[2016-05-02 01:01:55,867] INFO:       learning_rate: 0.022
[2016-05-02 01:01:55,867] INFO:       n_estimators: 990
[2016-05-02 01:01:55,867] INFO:       nthread: 14
[2016-05-02 01:01:55,867] INFO:       objective: reg:linear
[2016-05-02 01:01:55,867] INFO:       reg_alpha: 0.0006919726641000996
[2016-05-02 01:01:55,867] INFO:       reg_lambda: 0.006041642686869802
[2016-05-02 01:01:55,867] INFO:       reg_lambda_bias: 1.3
[2016-05-02 01:01:55,867] INFO:       seed: 2016
[2016-05-02 01:01:55,868] INFO: Result
[2016-05-02 01:01:55,868] INFO:       Run      RMSE        Shape
[2016-05-02 01:03:43,286] INFO:         1    0.447875    23167 x 722
[2016-05-02 01:05:27,435] INFO:         2    0.450378    21940 x 722
[2016-05-02 01:07:14,818] INFO:         3    0.448144    22182 x 722
[2016-05-02 01:08:55,026] INFO:         4    0.450506    21966 x 722
[2016-05-02 01:10:36,864] INFO:         5     0.44935    21961 x 722
[2016-05-02 01:10:37,171] INFO: RMSE
[2016-05-02 01:10:37,172] INFO:       Mean: 0.449251
[2016-05-02 01:10:37,172] INFO:       Std: 0.001093
[2016-05-02 01:10:37,172] INFO: Time
[2016-05-02 01:10:37,172] INFO:       8 mins
[2016-05-02 01:10:37,172] INFO: --------------------------------------------------
[2016-05-02 01:15:57,580] INFO: tpe_transform took 0.004681 seconds
[2016-05-02 01:15:57,581] INFO: TPE using 7/7 trials with best loss 0.449006
[2016-05-02 01:15:57,582] INFO: ==================================================
[2016-05-02 01:15:57,583] INFO: Task
[2016-05-02 01:15:57,583] INFO:       [Feat@basic_linear_201605010104]_[Learner@reg_xgb_linear]_[Id@8]
[2016-05-02 01:15:57,583] INFO: Param
[2016-05-02 01:15:57,583] INFO:       base_score: 2.381634
[2016-05-02 01:15:57,583] INFO:       booster: gblinear
[2016-05-02 01:15:57,583] INFO:       learning_rate: 0.006
[2016-05-02 01:15:57,583] INFO:       n_estimators: 820
[2016-05-02 01:15:57,583] INFO:       nthread: 14
[2016-05-02 01:15:57,584] INFO:       objective: reg:linear
[2016-05-02 01:15:57,584] INFO:       reg_alpha: 2.310432541304358e-06
[2016-05-02 01:15:57,584] INFO:       reg_lambda: 9.182674827927666e-09
[2016-05-02 01:15:57,584] INFO:       reg_lambda_bias: 0.5
[2016-05-02 01:15:57,584] INFO:       seed: 2016
[2016-05-02 01:15:57,584] INFO: Result
[2016-05-02 01:15:57,584] INFO:       Run      RMSE        Shape
[2016-05-02 01:17:20,893] INFO:         1    0.450288    23167 x 722
[2016-05-02 01:18:40,338] INFO:         2    0.452884    21940 x 722
[2016-05-02 01:20:01,633] INFO:         3    0.450537    22182 x 722
[2016-05-02 01:21:23,109] INFO:         4    0.452724    21966 x 722
[2016-05-02 01:22:45,852] INFO:         5    0.452299    21961 x 722
[2016-05-02 01:22:46,145] INFO: RMSE
[2016-05-02 01:22:46,145] INFO:       Mean: 0.451746
[2016-05-02 01:22:46,145] INFO:       Std: 0.001109
[2016-05-02 01:22:46,145] INFO: Time
[2016-05-02 01:22:46,145] INFO:       6 mins
[2016-05-02 01:22:46,145] INFO: --------------------------------------------------
[2016-05-02 01:27:08,010] INFO: tpe_transform took 0.004858 seconds
[2016-05-02 01:27:08,010] INFO: TPE using 8/8 trials with best loss 0.449006
[2016-05-02 01:27:08,012] INFO: ==================================================
[2016-05-02 01:27:08,012] INFO: Task
[2016-05-02 01:27:08,012] INFO:       [Feat@basic_linear_201605010104]_[Learner@reg_xgb_linear]_[Id@9]
[2016-05-02 01:27:08,012] INFO: Param
[2016-05-02 01:27:08,012] INFO:       base_score: 2.381634
[2016-05-02 01:27:08,012] INFO:       booster: gblinear
[2016-05-02 01:27:08,013] INFO:       learning_rate: 0.1
[2016-05-02 01:27:08,013] INFO:       n_estimators: 860
[2016-05-02 01:27:08,013] INFO:       nthread: 14
[2016-05-02 01:27:08,013] INFO:       objective: reg:linear
[2016-05-02 01:27:08,013] INFO:       reg_alpha: 2.358091135383828e-06
[2016-05-02 01:27:08,013] INFO:       reg_lambda: 0.36582137404077475
[2016-05-02 01:27:08,013] INFO:       reg_lambda_bias: 0.2
[2016-05-02 01:27:08,013] INFO:       seed: 2016
[2016-05-02 01:27:08,014] INFO: Result
[2016-05-02 01:27:08,014] INFO:       Run      RMSE        Shape
[2016-05-02 01:28:38,785] INFO:         1     0.44731    23167 x 722
[2016-05-02 01:30:02,854] INFO:         2    0.449851    21940 x 722
[2016-05-02 01:31:29,897] INFO:         3    0.447298    22182 x 722
[2016-05-02 01:32:56,098] INFO:         4    0.449747    21966 x 722
[2016-05-02 01:34:24,411] INFO:         5    0.448926    21961 x 722
[2016-05-02 01:34:24,697] INFO: RMSE
[2016-05-02 01:34:24,697] INFO:       Mean: 0.448627
[2016-05-02 01:34:24,697] INFO:       Std: 0.001126
[2016-05-02 01:34:24,697] INFO: Time
[2016-05-02 01:34:24,697] INFO:       7 mins
[2016-05-02 01:34:24,697] INFO: --------------------------------------------------
[2016-05-02 01:38:52,797] INFO: tpe_transform took 0.004830 seconds
[2016-05-02 01:38:52,797] INFO: TPE using 9/9 trials with best loss 0.448627
[2016-05-02 01:38:52,799] INFO: ==================================================
[2016-05-02 01:38:52,799] INFO: Task
[2016-05-02 01:38:52,799] INFO:       [Feat@basic_linear_201605010104]_[Learner@reg_xgb_linear]_[Id@10]
[2016-05-02 01:38:52,799] INFO: Param
[2016-05-02 01:38:52,799] INFO:       base_score: 2.381634
[2016-05-02 01:38:52,799] INFO:       booster: gblinear
[2016-05-02 01:38:52,800] INFO:       learning_rate: 0.022
[2016-05-02 01:38:52,800] INFO:       n_estimators: 560
[2016-05-02 01:38:52,800] INFO:       nthread: 14
[2016-05-02 01:38:52,800] INFO:       objective: reg:linear
[2016-05-02 01:38:52,800] INFO:       reg_alpha: 4.1664386905622455e-09
[2016-05-02 01:38:52,800] INFO:       reg_lambda: 1.0957002948293145e-10
[2016-05-02 01:38:52,800] INFO:       reg_lambda_bias: 0.6000000000000001
[2016-05-02 01:38:52,800] INFO:       seed: 2016
[2016-05-02 01:38:52,801] INFO: Result
[2016-05-02 01:38:52,801] INFO:       Run      RMSE        Shape
[2016-05-02 01:39:54,235] INFO:         1    0.448505    23167 x 722
[2016-05-02 01:40:51,750] INFO:         2    0.451032    21940 x 722
[2016-05-02 01:41:48,010] INFO:         3    0.448866    22182 x 722
[2016-05-02 01:42:44,162] INFO:         4    0.451155    21966 x 722
[2016-05-02 01:43:40,212] INFO:         5    0.450213    21961 x 722
[2016-05-02 01:43:40,499] INFO: RMSE
[2016-05-02 01:43:40,499] INFO:       Mean: 0.449954
[2016-05-02 01:43:40,499] INFO:       Std: 0.001091
[2016-05-02 01:43:40,500] INFO: Time
[2016-05-02 01:43:40,500] INFO:       4 mins
[2016-05-02 01:43:40,500] INFO: --------------------------------------------------
[2016-05-02 01:46:38,665] INFO: tpe_transform took 0.004852 seconds
[2016-05-02 01:46:38,665] INFO: TPE using 10/10 trials with best loss 0.448627
[2016-05-02 01:46:38,667] INFO: ==================================================
[2016-05-02 01:46:38,667] INFO: Task
[2016-05-02 01:46:38,668] INFO:       [Feat@basic_linear_201605010104]_[Learner@reg_xgb_linear]_[Id@11]
[2016-05-02 01:46:38,668] INFO: Param
[2016-05-02 01:46:38,668] INFO:       base_score: 2.381634
[2016-05-02 01:46:38,668] INFO:       booster: gblinear
[2016-05-02 01:46:38,668] INFO:       learning_rate: 0.004
[2016-05-02 01:46:38,668] INFO:       n_estimators: 290
[2016-05-02 01:46:38,668] INFO:       nthread: 14
[2016-05-02 01:46:38,668] INFO:       objective: reg:linear
[2016-05-02 01:46:38,669] INFO:       reg_alpha: 3.171706352756437
[2016-05-02 01:46:38,669] INFO:       reg_lambda: 0.0001005351546858347
[2016-05-02 01:46:38,669] INFO:       reg_lambda_bias: 2.0
[2016-05-02 01:46:38,669] INFO:       seed: 2016
[2016-05-02 01:46:38,669] INFO: Result
[2016-05-02 01:46:38,669] INFO:       Run      RMSE        Shape
[2016-05-02 01:47:10,408] INFO:         1    0.455493    23167 x 722
[2016-05-02 01:47:41,342] INFO:         2    0.457529    21940 x 722
[2016-05-02 01:48:13,023] INFO:         3    0.455599    22182 x 722
[2016-05-02 01:48:44,168] INFO:         4    0.457636    21966 x 722
[2016-05-02 01:49:13,708] INFO:         5    0.457167    21961 x 722
[2016-05-02 01:49:13,997] INFO: RMSE
[2016-05-02 01:49:13,997] INFO:       Mean: 0.456685
[2016-05-02 01:49:13,997] INFO:       Std: 0.000943
[2016-05-02 01:49:13,998] INFO: Time
[2016-05-02 01:49:13,998] INFO:       2 mins
[2016-05-02 01:49:13,998] INFO: --------------------------------------------------
[2016-05-02 01:50:55,103] INFO: tpe_transform took 0.004699 seconds
[2016-05-02 01:50:55,103] INFO: TPE using 11/11 trials with best loss 0.448627
[2016-05-02 01:50:55,105] INFO: ==================================================
[2016-05-02 01:50:55,105] INFO: Task
[2016-05-02 01:50:55,105] INFO:       [Feat@basic_linear_201605010104]_[Learner@reg_xgb_linear]_[Id@12]
[2016-05-02 01:50:55,106] INFO: Param
[2016-05-02 01:50:55,106] INFO:       base_score: 2.381634
[2016-05-02 01:50:55,106] INFO:       booster: gblinear
[2016-05-02 01:50:55,106] INFO:       learning_rate: 0.006
[2016-05-02 01:50:55,106] INFO:       n_estimators: 650
[2016-05-02 01:50:55,106] INFO:       nthread: 14
[2016-05-02 01:50:55,106] INFO:       objective: reg:linear
[2016-05-02 01:50:55,106] INFO:       reg_alpha: 0.00910324097740164
[2016-05-02 01:50:55,106] INFO:       reg_lambda: 0.3758118898822348
[2016-05-02 01:50:55,107] INFO:       reg_lambda_bias: 2.7
[2016-05-02 01:50:55,107] INFO:       seed: 2016
[2016-05-02 01:50:55,107] INFO: Result
[2016-05-02 01:50:55,107] INFO:       Run      RMSE        Shape
[2016-05-02 01:52:04,665] INFO:         1    0.450906    23167 x 722
[2016-05-02 01:53:10,957] INFO:         2    0.453463    21940 x 722
[2016-05-02 01:54:17,479] INFO:         3    0.451136    22182 x 722
[2016-05-02 01:55:23,833] INFO:         4     0.45329    21966 x 722
[2016-05-02 01:56:31,888] INFO:         5    0.452968    21961 x 722
[2016-05-02 01:56:32,177] INFO: RMSE
[2016-05-02 01:56:32,178] INFO:       Mean: 0.452353
[2016-05-02 01:56:32,178] INFO:       Std: 0.001101
[2016-05-02 01:56:32,178] INFO: Time
[2016-05-02 01:56:32,178] INFO:       5 mins
[2016-05-02 01:56:32,178] INFO: --------------------------------------------------
[2016-05-02 02:00:16,620] INFO: tpe_transform took 0.004826 seconds
[2016-05-02 02:00:16,620] INFO: TPE using 12/12 trials with best loss 0.448627
[2016-05-02 02:00:16,622] INFO: ==================================================
[2016-05-02 02:00:16,623] INFO: Task
[2016-05-02 02:00:16,623] INFO:       [Feat@basic_linear_201605010104]_[Learner@reg_xgb_linear]_[Id@13]
[2016-05-02 02:00:16,623] INFO: Param
[2016-05-02 02:00:16,623] INFO:       base_score: 2.381634
[2016-05-02 02:00:16,623] INFO:       booster: gblinear
[2016-05-02 02:00:16,623] INFO:       learning_rate: 0.094
[2016-05-02 02:00:16,623] INFO:       n_estimators: 890
[2016-05-02 02:00:16,623] INFO:       nthread: 14
[2016-05-02 02:00:16,624] INFO:       objective: reg:linear
[2016-05-02 02:00:16,624] INFO:       reg_alpha: 8.264301747323987e-10
[2016-05-02 02:00:16,624] INFO:       reg_lambda: 3.810459409133017e-07
[2016-05-02 02:00:16,624] INFO:       reg_lambda_bias: 2.0
[2016-05-02 02:00:16,624] INFO:       seed: 2016
[2016-05-02 02:00:16,624] INFO: Result
[2016-05-02 02:00:16,624] INFO:       Run      RMSE        Shape
[2016-05-02 02:01:51,433] INFO:         1    0.447322    23167 x 722
[2016-05-02 02:03:22,099] INFO:         2    0.449977    21940 x 722
[2016-05-02 02:04:53,564] INFO:         3    0.447379    22182 x 722
[2016-05-02 02:06:24,668] INFO:         4    0.449901    21966 x 722
[2016-05-02 02:07:56,305] INFO:         5    0.449001    21961 x 722
[2016-05-02 02:07:56,592] INFO: RMSE
[2016-05-02 02:07:56,592] INFO:       Mean: 0.448716
[2016-05-02 02:07:56,592] INFO:       Std: 0.001167
[2016-05-02 02:07:56,592] INFO: Time
[2016-05-02 02:07:56,593] INFO:       7 mins
[2016-05-02 02:07:56,593] INFO: --------------------------------------------------
[2016-05-02 02:12:47,875] INFO: tpe_transform took 0.004674 seconds
[2016-05-02 02:12:47,875] INFO: TPE using 13/13 trials with best loss 0.448627
[2016-05-02 02:12:47,877] INFO: ==================================================
[2016-05-02 02:12:47,877] INFO: Task
[2016-05-02 02:12:47,877] INFO:       [Feat@basic_linear_201605010104]_[Learner@reg_xgb_linear]_[Id@14]
[2016-05-02 02:12:47,877] INFO: Param
[2016-05-02 02:12:47,877] INFO:       base_score: 2.381634
[2016-05-02 02:12:47,877] INFO:       booster: gblinear
[2016-05-02 02:12:47,878] INFO:       learning_rate: 0.004
[2016-05-02 02:12:47,878] INFO:       n_estimators: 490
[2016-05-02 02:12:47,878] INFO:       nthread: 14
[2016-05-02 02:12:47,878] INFO:       objective: reg:linear
[2016-05-02 02:12:47,878] INFO:       reg_alpha: 5.787651159768357e-08
[2016-05-02 02:12:47,878] INFO:       reg_lambda: 1.184784564085694e-08
[2016-05-02 02:12:47,878] INFO:       reg_lambda_bias: 2.0
[2016-05-02 02:12:47,878] INFO:       seed: 2016
[2016-05-02 02:12:47,879] INFO: Result
[2016-05-02 02:12:47,879] INFO:       Run      RMSE        Shape
[2016-05-02 02:13:39,031] INFO:         1    0.453059    23167 x 722
[2016-05-02 02:14:28,438] INFO:         2     0.45535    21940 x 722
[2016-05-02 02:15:17,523] INFO:         3    0.453198    22182 x 722
[2016-05-02 02:16:07,367] INFO:         4    0.455317    21966 x 722
[2016-05-02 02:16:58,068] INFO:         5    0.454954    21961 x 722
[2016-05-02 02:16:58,355] INFO: RMSE
[2016-05-02 02:16:58,356] INFO:       Mean: 0.454376
[2016-05-02 02:16:58,356] INFO:       Std: 0.001029
[2016-05-02 02:16:58,356] INFO: Time
[2016-05-02 02:16:58,356] INFO:       4 mins
[2016-05-02 02:16:58,356] INFO: --------------------------------------------------
[2016-05-02 02:19:41,665] INFO: tpe_transform took 0.004713 seconds
[2016-05-02 02:19:41,665] INFO: TPE using 14/14 trials with best loss 0.448627
[2016-05-02 02:19:41,667] INFO: ==================================================
[2016-05-02 02:19:41,667] INFO: Task
[2016-05-02 02:19:41,667] INFO:       [Feat@basic_linear_201605010104]_[Learner@reg_xgb_linear]_[Id@15]
[2016-05-02 02:19:41,668] INFO: Param
[2016-05-02 02:19:41,668] INFO:       base_score: 2.381634
[2016-05-02 02:19:41,668] INFO:       booster: gblinear
[2016-05-02 02:19:41,668] INFO:       learning_rate: 0.002
[2016-05-02 02:19:41,668] INFO:       n_estimators: 180
[2016-05-02 02:19:41,668] INFO:       nthread: 14
[2016-05-02 02:19:41,668] INFO:       objective: reg:linear
[2016-05-02 02:19:41,668] INFO:       reg_alpha: 2.3497600102372497e-09
[2016-05-02 02:19:41,669] INFO:       reg_lambda: 0.0006991899498482498
[2016-05-02 02:19:41,669] INFO:       reg_lambda_bias: 0.2
[2016-05-02 02:19:41,669] INFO:       seed: 2016
[2016-05-02 02:19:41,669] INFO: Result
[2016-05-02 02:19:41,669] INFO:       Run      RMSE        Shape
[2016-05-02 02:20:02,218] INFO:         1     0.46097    23167 x 722
[2016-05-02 02:20:24,194] INFO:         2    0.462543    21940 x 722
[2016-05-02 02:20:45,286] INFO:         3      0.4611    22182 x 722
[2016-05-02 02:21:07,313] INFO:         4    0.462957    21966 x 722
[2016-05-02 02:21:28,494] INFO:         5    0.462165    21961 x 722
[2016-05-02 02:21:28,783] INFO: RMSE
[2016-05-02 02:21:28,784] INFO:       Mean: 0.461947
[2016-05-02 02:21:28,784] INFO:       Std: 0.000787
[2016-05-02 02:21:28,784] INFO: Time
[2016-05-02 02:21:28,784] INFO:       1 mins
[2016-05-02 02:21:28,784] INFO: --------------------------------------------------
[2016-05-02 02:22:36,341] INFO: tpe_transform took 0.004837 seconds
[2016-05-02 02:22:36,341] INFO: TPE using 15/15 trials with best loss 0.448627
[2016-05-02 02:22:36,343] INFO: ==================================================
[2016-05-02 02:22:36,343] INFO: Task
[2016-05-02 02:22:36,343] INFO:       [Feat@basic_linear_201605010104]_[Learner@reg_xgb_linear]_[Id@16]
[2016-05-02 02:22:36,343] INFO: Param
[2016-05-02 02:22:36,344] INFO:       base_score: 2.381634
[2016-05-02 02:22:36,344] INFO:       booster: gblinear
[2016-05-02 02:22:36,344] INFO:       learning_rate: 0.074
[2016-05-02 02:22:36,344] INFO:       n_estimators: 1000
[2016-05-02 02:22:36,344] INFO:       nthread: 14
[2016-05-02 02:22:36,344] INFO:       objective: reg:linear
[2016-05-02 02:22:36,344] INFO:       reg_alpha: 2.6870630792283245e-09
[2016-05-02 02:22:36,344] INFO:       reg_lambda: 8.494512640778398
[2016-05-02 02:22:36,345] INFO:       reg_lambda_bias: 1.8
[2016-05-02 02:22:36,345] INFO:       seed: 2016
[2016-05-02 02:22:36,345] INFO: Result
[2016-05-02 02:22:36,345] INFO:       Run      RMSE        Shape
[2016-05-02 02:24:22,726] INFO:         1    0.447306    23167 x 722
[2016-05-02 02:26:04,839] INFO:         2    0.449529    21940 x 722
[2016-05-02 02:27:46,188] INFO:         3    0.447111    22182 x 722
[2016-05-02 02:29:29,735] INFO:         4      0.4496    21966 x 722
[2016-05-02 02:31:14,724] INFO:         5    0.448892    21961 x 722
[2016-05-02 02:31:15,010] INFO: RMSE
[2016-05-02 02:31:15,010] INFO:       Mean: 0.448487
[2016-05-02 02:31:15,010] INFO:       Std: 0.001075
[2016-05-02 02:31:15,010] INFO: Time
[2016-05-02 02:31:15,010] INFO:       8 mins
[2016-05-02 02:31:15,011] INFO: --------------------------------------------------
[2016-05-02 02:37:01,173] INFO: tpe_transform took 0.004933 seconds
[2016-05-02 02:37:01,173] INFO: TPE using 16/16 trials with best loss 0.448487
[2016-05-02 02:37:01,175] INFO: ==================================================
[2016-05-02 02:37:01,175] INFO: Task
[2016-05-02 02:37:01,176] INFO:       [Feat@basic_linear_201605010104]_[Learner@reg_xgb_linear]_[Id@17]
[2016-05-02 02:37:01,176] INFO: Param
[2016-05-02 02:37:01,176] INFO:       base_score: 2.381634
[2016-05-02 02:37:01,176] INFO:       booster: gblinear
[2016-05-02 02:37:01,176] INFO:       learning_rate: 0.032
[2016-05-02 02:37:01,176] INFO:       n_estimators: 250
[2016-05-02 02:37:01,176] INFO:       nthread: 14
[2016-05-02 02:37:01,176] INFO:       objective: reg:linear
[2016-05-02 02:37:01,177] INFO:       reg_alpha: 0.0002890349462242191
[2016-05-02 02:37:01,177] INFO:       reg_lambda: 0.0017164608289491217
[2016-05-02 02:37:01,177] INFO:       reg_lambda_bias: 0.7000000000000001
[2016-05-02 02:37:01,177] INFO:       seed: 2016
[2016-05-02 02:37:01,177] INFO: Result
[2016-05-02 02:37:01,177] INFO:       Run      RMSE        Shape
[2016-05-02 02:37:30,324] INFO:         1    0.449201    23167 x 722
[2016-05-02 02:37:57,854] INFO:         2     0.45182    21940 x 722
[2016-05-02 02:38:25,218] INFO:         3    0.449523    22182 x 722
[2016-05-02 02:38:52,118] INFO:         4    0.451794    21966 x 722
[2016-05-02 02:39:20,072] INFO:         5    0.451065    21961 x 722
[2016-05-02 02:39:20,358] INFO: RMSE
[2016-05-02 02:39:20,358] INFO:       Mean: 0.450681
[2016-05-02 02:39:20,358] INFO:       Std: 0.001115
[2016-05-02 02:39:20,358] INFO: Time
[2016-05-02 02:39:20,358] INFO:       2 mins
[2016-05-02 02:39:20,358] INFO: --------------------------------------------------
[2016-05-02 02:40:53,530] INFO: tpe_transform took 0.004835 seconds
[2016-05-02 02:40:53,530] INFO: TPE using 17/17 trials with best loss 0.448487
[2016-05-02 02:40:53,532] INFO: ==================================================
[2016-05-02 02:40:53,532] INFO: Task
[2016-05-02 02:40:53,532] INFO:       [Feat@basic_linear_201605010104]_[Learner@reg_xgb_linear]_[Id@18]
[2016-05-02 02:40:53,532] INFO: Param
[2016-05-02 02:40:53,533] INFO:       base_score: 2.381634
[2016-05-02 02:40:53,533] INFO:       booster: gblinear
[2016-05-02 02:40:53,533] INFO:       learning_rate: 0.006
[2016-05-02 02:40:53,533] INFO:       n_estimators: 500
[2016-05-02 02:40:53,533] INFO:       nthread: 14
[2016-05-02 02:40:53,533] INFO:       objective: reg:linear
[2016-05-02 02:40:53,533] INFO:       reg_alpha: 9.445342563681526e-09
[2016-05-02 02:40:53,533] INFO:       reg_lambda: 2.092218664729694
[2016-05-02 02:40:53,534] INFO:       reg_lambda_bias: 2.8000000000000003
[2016-05-02 02:40:53,534] INFO:       seed: 2016
[2016-05-02 02:40:53,534] INFO: Result
[2016-05-02 02:40:53,534] INFO:       Run      RMSE        Shape
[2016-05-02 02:41:48,006] INFO:         1    0.451651    23167 x 722
[2016-05-02 02:42:39,183] INFO:         2    0.454158    21940 x 722
[2016-05-02 02:43:32,018] INFO:         3    0.451875    22182 x 722
[2016-05-02 02:44:23,964] INFO:         4    0.453989    21966 x 722
[2016-05-02 02:45:13,269] INFO:         5    0.453748    21961 x 722
[2016-05-02 02:45:13,555] INFO: RMSE
[2016-05-02 02:45:13,555] INFO:       Mean: 0.453084
[2016-05-02 02:45:13,555] INFO:       Std: 0.001089
[2016-05-02 02:45:13,556] INFO: Time
[2016-05-02 02:45:13,556] INFO:       4 mins
[2016-05-02 02:45:13,556] INFO: --------------------------------------------------
[2016-05-02 02:48:03,403] INFO: tpe_transform took 0.004872 seconds
[2016-05-02 02:48:03,403] INFO: TPE using 18/18 trials with best loss 0.448487
[2016-05-02 02:48:03,405] INFO: ==================================================
[2016-05-02 02:48:03,405] INFO: Task
[2016-05-02 02:48:03,405] INFO:       [Feat@basic_linear_201605010104]_[Learner@reg_xgb_linear]_[Id@19]
[2016-05-02 02:48:03,405] INFO: Param
[2016-05-02 02:48:03,405] INFO:       base_score: 2.381634
[2016-05-02 02:48:03,406] INFO:       booster: gblinear
[2016-05-02 02:48:03,406] INFO:       learning_rate: 0.018000000000000002
[2016-05-02 02:48:03,406] INFO:       n_estimators: 750
[2016-05-02 02:48:03,406] INFO:       nthread: 14
[2016-05-02 02:48:03,406] INFO:       objective: reg:linear
[2016-05-02 02:48:03,406] INFO:       reg_alpha: 5.011893875087087e-07
[2016-05-02 02:48:03,406] INFO:       reg_lambda: 1.4797803013284532e-08
[2016-05-02 02:48:03,406] INFO:       reg_lambda_bias: 2.2
[2016-05-02 02:48:03,407] INFO:       seed: 2016
[2016-05-02 02:48:03,407] INFO: Result
[2016-05-02 02:48:03,407] INFO:       Run      RMSE        Shape
[2016-05-02 02:49:22,045] INFO:         1    0.448347    23167 x 722
[2016-05-02 02:50:39,276] INFO:         2    0.450891    21940 x 722
[2016-05-02 02:51:58,546] INFO:         3    0.448685    22182 x 722
[2016-05-02 02:53:16,507] INFO:         4    0.451003    21966 x 722
[2016-05-02 02:54:33,535] INFO:         5    0.450007    21961 x 722
[2016-05-02 02:54:33,817] INFO: RMSE
[2016-05-02 02:54:33,817] INFO:       Mean: 0.449787
[2016-05-02 02:54:33,817] INFO:       Std: 0.001098
[2016-05-02 02:54:33,817] INFO: Time
[2016-05-02 02:54:33,817] INFO:       6 mins
[2016-05-02 02:54:33,818] INFO: --------------------------------------------------
[2016-05-02 02:58:45,501] INFO: tpe_transform took 0.004700 seconds
[2016-05-02 02:58:45,501] INFO: TPE using 19/19 trials with best loss 0.448487
[2016-05-02 02:58:45,503] INFO: ==================================================
[2016-05-02 02:58:45,503] INFO: Task
[2016-05-02 02:58:45,503] INFO:       [Feat@basic_linear_201605010104]_[Learner@reg_xgb_linear]_[Id@20]
[2016-05-02 02:58:45,503] INFO: Param
[2016-05-02 02:58:45,503] INFO:       base_score: 2.381634
[2016-05-02 02:58:45,503] INFO:       booster: gblinear
[2016-05-02 02:58:45,504] INFO:       learning_rate: 0.082
[2016-05-02 02:58:45,504] INFO:       n_estimators: 840
[2016-05-02 02:58:45,504] INFO:       nthread: 14
[2016-05-02 02:58:45,504] INFO:       objective: reg:linear
[2016-05-02 02:58:45,504] INFO:       reg_alpha: 0.0713988472188022
[2016-05-02 02:58:45,504] INFO:       reg_lambda: 0.17246790020302669
[2016-05-02 02:58:45,504] INFO:       reg_lambda_bias: 2.5
[2016-05-02 02:58:45,504] INFO:       seed: 2016
[2016-05-02 02:58:45,505] INFO: Result
[2016-05-02 02:58:45,505] INFO:       Run      RMSE        Shape
[2016-05-02 03:00:16,507] INFO:         1    0.447399    23167 x 722
[2016-05-02 03:01:44,299] INFO:         2    0.449773    21940 x 722
[2016-05-02 03:03:11,911] INFO:         3     0.44731    22182 x 722
[2016-05-02 03:04:36,966] INFO:         4    0.449749    21966 x 722
[2016-05-02 03:06:01,854] INFO:         5    0.448922    21961 x 722
[2016-05-02 03:06:02,141] INFO: RMSE
[2016-05-02 03:06:02,141] INFO:       Mean: 0.448631
[2016-05-02 03:06:02,141] INFO:       Std: 0.001087
[2016-05-02 03:06:02,141] INFO: Time
[2016-05-02 03:06:02,141] INFO:       7 mins
[2016-05-02 03:06:02,141] INFO: --------------------------------------------------
[2016-05-02 03:10:30,471] INFO: tpe_transform took 0.004719 seconds
[2016-05-02 03:10:30,472] INFO: TPE using 20/20 trials with best loss 0.448487
[2016-05-02 03:10:30,488] INFO: ==================================================
[2016-05-02 03:10:30,489] INFO: Task
[2016-05-02 03:10:30,489] INFO:       [Feat@basic_linear_201605010104]_[Learner@reg_xgb_linear]_[Id@21]
[2016-05-02 03:10:30,489] INFO: Param
[2016-05-02 03:10:30,489] INFO:       base_score: 2.381634
[2016-05-02 03:10:30,489] INFO:       booster: gblinear
[2016-05-02 03:10:30,489] INFO:       learning_rate: 0.044
[2016-05-02 03:10:30,489] INFO:       n_estimators: 930
[2016-05-02 03:10:30,489] INFO:       nthread: 14
[2016-05-02 03:10:30,490] INFO:       objective: reg:linear
[2016-05-02 03:10:30,490] INFO:       reg_alpha: 3.5573866598544115e-10
[2016-05-02 03:10:30,490] INFO:       reg_lambda: 4.67651715808138
[2016-05-02 03:10:30,490] INFO:       reg_lambda_bias: 1.6
[2016-05-02 03:10:30,490] INFO:       seed: 2016
[2016-05-02 03:10:30,490] INFO: Result
[2016-05-02 03:10:30,490] INFO:       Run      RMSE        Shape
[2016-05-02 03:12:09,353] INFO:         1    0.447474    23167 x 722
[2016-05-02 03:13:46,259] INFO:         2    0.449765    21940 x 722
[2016-05-02 03:15:28,451] INFO:         3    0.447456    22182 x 722
[2016-05-02 03:17:02,529] INFO:         4    0.449883    21966 x 722
[2016-05-02 03:18:37,659] INFO:         5    0.448993    21961 x 722
[2016-05-02 03:18:37,941] INFO: RMSE
[2016-05-02 03:18:37,941] INFO:       Mean: 0.448714
[2016-05-02 03:18:37,942] INFO:       Std: 0.001065
[2016-05-02 03:18:37,942] INFO: Time
[2016-05-02 03:18:37,942] INFO:       8 mins
[2016-05-02 03:18:37,942] INFO: --------------------------------------------------
[2016-05-02 03:23:33,703] INFO: tpe_transform took 0.005052 seconds
[2016-05-02 03:23:33,703] INFO: TPE using 21/21 trials with best loss 0.448487
[2016-05-02 03:23:33,720] INFO: ==================================================
[2016-05-02 03:23:33,721] INFO: Task
[2016-05-02 03:23:33,721] INFO:       [Feat@basic_linear_201605010104]_[Learner@reg_xgb_linear]_[Id@22]
[2016-05-02 03:23:33,721] INFO: Param
[2016-05-02 03:23:33,721] INFO:       base_score: 2.381634
[2016-05-02 03:23:33,721] INFO:       booster: gblinear
[2016-05-02 03:23:33,721] INFO:       learning_rate: 0.06
[2016-05-02 03:23:33,721] INFO:       n_estimators: 740
[2016-05-02 03:23:33,721] INFO:       nthread: 14
[2016-05-02 03:23:33,722] INFO:       objective: reg:linear
[2016-05-02 03:23:33,722] INFO:       reg_alpha: 7.083933439150275e-08
[2016-05-02 03:23:33,722] INFO:       reg_lambda: 1.7266220037944337e-06
[2016-05-02 03:23:33,722] INFO:       reg_lambda_bias: 1.5
[2016-05-02 03:23:33,722] INFO:       seed: 2016
[2016-05-02 03:23:33,722] INFO: Result
[2016-05-02 03:23:33,722] INFO:       Run      RMSE        Shape
[2016-05-02 03:24:52,041] INFO:         1    0.447564    23167 x 722
[2016-05-02 03:26:07,557] INFO:         2    0.450068    21940 x 722
[2016-05-02 03:27:23,640] INFO:         3    0.447702    22182 x 722
[2016-05-02 03:28:37,002] INFO:         4     0.45006    21966 x 722
[2016-05-02 03:29:48,261] INFO:         5    0.449028    21961 x 722
[2016-05-02 03:29:48,547] INFO: RMSE
[2016-05-02 03:29:48,548] INFO:       Mean: 0.448885
[2016-05-02 03:29:48,548] INFO:       Std: 0.001090
[2016-05-02 03:29:48,548] INFO: Time
[2016-05-02 03:29:48,548] INFO:       6 mins
[2016-05-02 03:29:48,548] INFO: --------------------------------------------------
[2016-05-02 03:33:55,151] INFO: tpe_transform took 0.004880 seconds
[2016-05-02 03:33:55,151] INFO: TPE using 22/22 trials with best loss 0.448487
[2016-05-02 03:33:55,169] INFO: ==================================================
[2016-05-02 03:33:55,169] INFO: Task
[2016-05-02 03:33:55,169] INFO:       [Feat@basic_linear_201605010104]_[Learner@reg_xgb_linear]_[Id@23]
[2016-05-02 03:33:55,169] INFO: Param
[2016-05-02 03:33:55,169] INFO:       base_score: 2.381634
[2016-05-02 03:33:55,169] INFO:       booster: gblinear
[2016-05-02 03:33:55,169] INFO:       learning_rate: 0.038
[2016-05-02 03:33:55,169] INFO:       n_estimators: 700
[2016-05-02 03:33:55,170] INFO:       nthread: 14
[2016-05-02 03:33:55,170] INFO:       objective: reg:linear
[2016-05-02 03:33:55,170] INFO:       reg_alpha: 1.3247156364519595e-10
[2016-05-02 03:33:55,170] INFO:       reg_lambda: 0.47181772767866625
[2016-05-02 03:33:55,170] INFO:       reg_lambda_bias: 0.1
[2016-05-02 03:33:55,170] INFO:       seed: 2016
[2016-05-02 03:33:55,170] INFO: Result
[2016-05-02 03:33:55,170] INFO:       Run      RMSE        Shape
[2016-05-02 03:35:10,179] INFO:         1    0.447754    23167 x 722
[2016-05-02 03:36:21,935] INFO:         2    0.450204    21940 x 722
[2016-05-02 03:37:34,656] INFO:         3    0.447961    22182 x 722
[2016-05-02 03:38:47,083] INFO:         4    0.450318    21966 x 722
[2016-05-02 03:39:59,303] INFO:         5    0.449219    21961 x 722
[2016-05-02 03:39:59,589] INFO: RMSE
[2016-05-02 03:39:59,589] INFO:       Mean: 0.449091
[2016-05-02 03:39:59,589] INFO:       Std: 0.001079
[2016-05-02 03:39:59,589] INFO: Time
[2016-05-02 03:39:59,589] INFO:       6 mins
[2016-05-02 03:39:59,589] INFO: --------------------------------------------------
[2016-05-02 03:43:32,617] INFO: tpe_transform took 0.004831 seconds
[2016-05-02 03:43:32,617] INFO: TPE using 23/23 trials with best loss 0.448487
[2016-05-02 03:43:32,635] INFO: ==================================================
[2016-05-02 03:43:32,635] INFO: Task
[2016-05-02 03:43:32,635] INFO:       [Feat@basic_linear_201605010104]_[Learner@reg_xgb_linear]_[Id@24]
[2016-05-02 03:43:32,635] INFO: Param
[2016-05-02 03:43:32,635] INFO:       base_score: 2.381634
[2016-05-02 03:43:32,635] INFO:       booster: gblinear
[2016-05-02 03:43:32,636] INFO:       learning_rate: 0.096
[2016-05-02 03:43:32,636] INFO:       n_estimators: 990
[2016-05-02 03:43:32,636] INFO:       nthread: 14
[2016-05-02 03:43:32,636] INFO:       objective: reg:linear
[2016-05-02 03:43:32,636] INFO:       reg_alpha: 6.922775944862995e-05
[2016-05-02 03:43:32,636] INFO:       reg_lambda: 8.386528351430686
[2016-05-02 03:43:32,636] INFO:       reg_lambda_bias: 1.0
[2016-05-02 03:43:32,636] INFO:       seed: 2016
[2016-05-02 03:43:32,637] INFO: Result
[2016-05-02 03:43:32,637] INFO:       Run      RMSE        Shape
[2016-05-02 03:45:18,011] INFO:         1    0.447234    23167 x 722
[2016-05-02 03:46:59,547] INFO:         2    0.449453    21940 x 722
[2016-05-02 03:48:41,163] INFO:         3     0.44703    22182 x 722
[2016-05-02 03:50:30,453] INFO:         4    0.449551    21966 x 722
[2016-05-02 03:52:05,842] INFO:         5    0.448817    21961 x 722
[2016-05-02 03:52:06,133] INFO: RMSE
[2016-05-02 03:52:06,133] INFO:       Mean: 0.448417
[2016-05-02 03:52:06,133] INFO:       Std: 0.001081
[2016-05-02 03:52:06,134] INFO: Time
[2016-05-02 03:52:06,134] INFO:       8 mins
[2016-05-02 03:52:06,134] INFO: --------------------------------------------------
[2016-05-02 03:57:24,393] INFO: tpe_transform took 0.004835 seconds
[2016-05-02 03:57:24,393] INFO: TPE using 24/24 trials with best loss 0.448417
[2016-05-02 03:57:24,411] INFO: ==================================================
[2016-05-02 03:57:24,411] INFO: Task
[2016-05-02 03:57:24,411] INFO:       [Feat@basic_linear_201605010104]_[Learner@reg_xgb_linear]_[Id@25]
[2016-05-02 03:57:24,411] INFO: Param
[2016-05-02 03:57:24,411] INFO:       base_score: 2.381634
[2016-05-02 03:57:24,412] INFO:       booster: gblinear
[2016-05-02 03:57:24,412] INFO:       learning_rate: 0.066
[2016-05-02 03:57:24,412] INFO:       n_estimators: 980
[2016-05-02 03:57:24,412] INFO:       nthread: 14
[2016-05-02 03:57:24,412] INFO:       objective: reg:linear
[2016-05-02 03:57:24,412] INFO:       reg_alpha: 0.0014984443945897496
[2016-05-02 03:57:24,412] INFO:       reg_lambda: 8.199384512143897
[2016-05-02 03:57:24,412] INFO:       reg_lambda_bias: 1.2000000000000002
[2016-05-02 03:57:24,413] INFO:       seed: 2016
[2016-05-02 03:57:24,413] INFO: Result
[2016-05-02 03:57:24,413] INFO:       Run      RMSE        Shape
[2016-05-02 03:59:07,804] INFO:         1     0.44733    23167 x 722
[2016-05-02 04:00:46,978] INFO:         2    0.449619    21940 x 722
[2016-05-02 04:02:27,727] INFO:         3    0.447171    22182 x 722
[2016-05-02 04:04:06,413] INFO:         4    0.449694    21966 x 722
[2016-05-02 04:05:43,775] INFO:         5    0.448885    21961 x 722
[2016-05-02 04:05:44,069] INFO: RMSE
[2016-05-02 04:05:44,069] INFO:       Mean: 0.448540
[2016-05-02 04:05:44,069] INFO:       Std: 0.001091
[2016-05-02 04:05:44,069] INFO: Time
[2016-05-02 04:05:44,069] INFO:       8 mins
[2016-05-02 04:05:44,069] INFO: --------------------------------------------------
[2016-05-02 04:10:40,780] INFO: tpe_transform took 0.004858 seconds
[2016-05-02 04:10:40,780] INFO: TPE using 25/25 trials with best loss 0.448417
[2016-05-02 04:10:40,798] INFO: ==================================================
[2016-05-02 04:10:40,798] INFO: Task
[2016-05-02 04:10:40,798] INFO:       [Feat@basic_linear_201605010104]_[Learner@reg_xgb_linear]_[Id@26]
[2016-05-02 04:10:40,799] INFO: Param
[2016-05-02 04:10:40,799] INFO:       base_score: 2.381634
[2016-05-02 04:10:40,799] INFO:       booster: gblinear
[2016-05-02 04:10:40,799] INFO:       learning_rate: 0.03
[2016-05-02 04:10:40,799] INFO:       n_estimators: 920
[2016-05-02 04:10:40,799] INFO:       nthread: 14
[2016-05-02 04:10:40,799] INFO:       objective: reg:linear
[2016-05-02 04:10:40,799] INFO:       reg_alpha: 8.066589024520098e-05
[2016-05-02 04:10:40,800] INFO:       reg_lambda: 2.685977494312749e-06
[2016-05-02 04:10:40,800] INFO:       reg_lambda_bias: 1.7000000000000002
[2016-05-02 04:10:40,800] INFO:       seed: 2016
[2016-05-02 04:10:40,800] INFO: Result
[2016-05-02 04:10:40,800] INFO:       Run      RMSE        Shape
[2016-05-02 04:12:21,150] INFO:         1    0.447715    23167 x 722
[2016-05-02 04:13:57,170] INFO:         2     0.45023    21940 x 722
[2016-05-02 04:15:32,860] INFO:         3    0.448006    22182 x 722
[2016-05-02 04:17:08,473] INFO:         4    0.450357    21966 x 722
[2016-05-02 04:18:44,792] INFO:         5    0.449218    21961 x 722
[2016-05-02 04:18:45,079] INFO: RMSE
[2016-05-02 04:18:45,079] INFO:       Mean: 0.449105
[2016-05-02 04:18:45,079] INFO:       Std: 0.001094
[2016-05-02 04:18:45,079] INFO: Time
[2016-05-02 04:18:45,079] INFO:       8 mins
[2016-05-02 04:18:45,080] INFO: --------------------------------------------------
[2016-05-02 04:23:25,299] INFO: tpe_transform took 0.004835 seconds
[2016-05-02 04:23:25,300] INFO: TPE using 26/26 trials with best loss 0.448417
[2016-05-02 04:23:25,319] INFO: ==================================================
[2016-05-02 04:23:25,319] INFO: Task
[2016-05-02 04:23:25,319] INFO:       [Feat@basic_linear_201605010104]_[Learner@reg_xgb_linear]_[Id@27]
[2016-05-02 04:23:25,319] INFO: Param
[2016-05-02 04:23:25,319] INFO:       base_score: 2.381634
[2016-05-02 04:23:25,319] INFO:       booster: gblinear
[2016-05-02 04:23:25,319] INFO:       learning_rate: 0.012
[2016-05-02 04:23:25,319] INFO:       n_estimators: 620
[2016-05-02 04:23:25,320] INFO:       nthread: 14
[2016-05-02 04:23:25,320] INFO:       objective: reg:linear
[2016-05-02 04:23:25,320] INFO:       reg_alpha: 0.005570496394537808
[2016-05-02 04:23:25,320] INFO:       reg_lambda: 0.05167164613034656
[2016-05-02 04:23:25,320] INFO:       reg_lambda_bias: 0.9
[2016-05-02 04:23:25,320] INFO:       seed: 2016
[2016-05-02 04:23:25,320] INFO: Result
[2016-05-02 04:23:25,320] INFO:       Run      RMSE        Shape
[2016-05-02 04:24:30,935] INFO:         1    0.449341    23167 x 722
[2016-05-02 04:25:33,166] INFO:         2    0.451938    21940 x 722
[2016-05-02 04:26:35,535] INFO:         3    0.449651    22182 x 722
[2016-05-02 04:27:36,767] INFO:         4     0.45189    21966 x 722
[2016-05-02 04:28:40,380] INFO:         5    0.451239    21961 x 722
[2016-05-02 04:28:40,665] INFO: RMSE
[2016-05-02 04:28:40,665] INFO:       Mean: 0.450812
[2016-05-02 04:28:40,665] INFO:       Std: 0.001107
[2016-05-02 04:28:40,665] INFO: Time
[2016-05-02 04:28:40,665] INFO:       5 mins
[2016-05-02 04:28:40,666] INFO: --------------------------------------------------
[2016-05-02 04:31:51,272] INFO: tpe_transform took 0.004858 seconds
[2016-05-02 04:31:51,272] INFO: TPE using 27/27 trials with best loss 0.448417
[2016-05-02 04:31:51,291] INFO: ==================================================
[2016-05-02 04:31:51,291] INFO: Task
[2016-05-02 04:31:51,291] INFO:       [Feat@basic_linear_201605010104]_[Learner@reg_xgb_linear]_[Id@28]
[2016-05-02 04:31:51,291] INFO: Param
[2016-05-02 04:31:51,291] INFO:       base_score: 2.381634
[2016-05-02 04:31:51,291] INFO:       booster: gblinear
[2016-05-02 04:31:51,291] INFO:       learning_rate: 0.054
[2016-05-02 04:31:51,292] INFO:       n_estimators: 790
[2016-05-02 04:31:51,292] INFO:       nthread: 14
[2016-05-02 04:31:51,292] INFO:       objective: reg:linear
[2016-05-02 04:31:51,292] INFO:       reg_alpha: 3.1608847792822584e-05
[2016-05-02 04:31:51,292] INFO:       reg_lambda: 1.2565172635748088
[2016-05-02 04:31:51,292] INFO:       reg_lambda_bias: 1.4000000000000001
[2016-05-02 04:31:51,292] INFO:       seed: 2016
[2016-05-02 04:31:51,292] INFO: Result
[2016-05-02 04:31:51,293] INFO:       Run      RMSE        Shape
[2016-05-02 04:33:16,438] INFO:         1    0.447534    23167 x 722
[2016-05-02 04:34:39,780] INFO:         2    0.449901    21940 x 722
[2016-05-02 04:35:59,583] INFO:         3    0.447522    22182 x 722
[2016-05-02 04:37:17,820] INFO:         4    0.449963    21966 x 722
[2016-05-02 04:38:35,987] INFO:         5    0.448962    21961 x 722
[2016-05-02 04:38:36,274] INFO: RMSE
[2016-05-02 04:38:36,274] INFO:       Mean: 0.448776
[2016-05-02 04:38:36,274] INFO:       Std: 0.001079
[2016-05-02 04:38:36,274] INFO: Time
[2016-05-02 04:38:36,275] INFO:       6 mins
[2016-05-02 04:38:36,275] INFO: --------------------------------------------------
[2016-05-02 04:42:35,803] INFO: tpe_transform took 0.004879 seconds
[2016-05-02 04:42:35,804] INFO: TPE using 28/28 trials with best loss 0.448417
[2016-05-02 04:42:35,823] INFO: ==================================================
[2016-05-02 04:42:35,823] INFO: Task
[2016-05-02 04:42:35,823] INFO:       [Feat@basic_linear_201605010104]_[Learner@reg_xgb_linear]_[Id@29]
[2016-05-02 04:42:35,823] INFO: Param
[2016-05-02 04:42:35,824] INFO:       base_score: 2.381634
[2016-05-02 04:42:35,824] INFO:       booster: gblinear
[2016-05-02 04:42:35,824] INFO:       learning_rate: 0.098
[2016-05-02 04:42:35,824] INFO:       n_estimators: 980
[2016-05-02 04:42:35,824] INFO:       nthread: 14
[2016-05-02 04:42:35,824] INFO:       objective: reg:linear
[2016-05-02 04:42:35,824] INFO:       reg_alpha: 0.09083390698806774
[2016-05-02 04:42:35,824] INFO:       reg_lambda: 0.046601961914213154
[2016-05-02 04:42:35,825] INFO:       reg_lambda_bias: 1.1
[2016-05-02 04:42:35,825] INFO:       seed: 2016
[2016-05-02 04:42:35,825] INFO: Result
[2016-05-02 04:42:35,825] INFO:       Run      RMSE        Shape
[2016-05-02 04:44:19,369] INFO:         1    0.447305    23167 x 722
[2016-05-02 04:45:58,703] INFO:         2    0.449818    21940 x 722
[2016-05-02 04:47:37,844] INFO:         3    0.447225    22182 x 722
[2016-05-02 04:49:15,897] INFO:         4    0.449702    21966 x 722
[2016-05-02 04:50:54,659] INFO:         5    0.448878    21961 x 722
[2016-05-02 04:50:54,944] INFO: RMSE
[2016-05-02 04:50:54,945] INFO:       Mean: 0.448585
[2016-05-02 04:50:54,945] INFO:       Std: 0.001126
[2016-05-02 04:50:54,945] INFO: Time
[2016-05-02 04:50:54,945] INFO:       8 mins
[2016-05-02 04:50:54,945] INFO: --------------------------------------------------
[2016-05-02 04:55:59,295] INFO: tpe_transform took 0.004903 seconds
[2016-05-02 04:55:59,295] INFO: TPE using 29/29 trials with best loss 0.448417
[2016-05-02 04:55:59,315] INFO: ==================================================
[2016-05-02 04:55:59,315] INFO: Task
[2016-05-02 04:55:59,315] INFO:       [Feat@basic_linear_201605010104]_[Learner@reg_xgb_linear]_[Id@30]
[2016-05-02 04:55:59,315] INFO: Param
[2016-05-02 04:55:59,315] INFO:       base_score: 2.381634
[2016-05-02 04:55:59,315] INFO:       booster: gblinear
[2016-05-02 04:55:59,315] INFO:       learning_rate: 0.028
[2016-05-02 04:55:59,316] INFO:       n_estimators: 120
[2016-05-02 04:55:59,316] INFO:       nthread: 14
[2016-05-02 04:55:59,316] INFO:       objective: reg:linear
[2016-05-02 04:55:59,316] INFO:       reg_alpha: 6.448347459964793e-08
[2016-05-02 04:55:59,316] INFO:       reg_lambda: 0.09048888237593111
[2016-05-02 04:55:59,316] INFO:       reg_lambda_bias: 0.9
[2016-05-02 04:55:59,316] INFO:       seed: 2016
[2016-05-02 04:55:59,316] INFO: Result
[2016-05-02 04:55:59,317] INFO:       Run      RMSE        Shape
[2016-05-02 04:56:14,900] INFO:         1    0.451319    23167 x 722
[2016-05-02 04:56:29,658] INFO:         2    0.453836    21940 x 722
[2016-05-02 04:56:44,447] INFO:         3    0.451543    22182 x 722
[2016-05-02 04:56:59,112] INFO:         4    0.453682    21966 x 722
[2016-05-02 04:57:13,741] INFO:         5    0.453368    21961 x 722
[2016-05-02 04:57:14,024] INFO: RMSE
[2016-05-02 04:57:14,024] INFO:       Mean: 0.452750
[2016-05-02 04:57:14,024] INFO:       Std: 0.001090
[2016-05-02 04:57:14,024] INFO: Time
[2016-05-02 04:57:14,024] INFO:       1 mins
[2016-05-02 04:57:14,024] INFO: --------------------------------------------------
[2016-05-02 04:57:58,391] INFO: tpe_transform took 0.004846 seconds
[2016-05-02 04:57:58,391] INFO: TPE using 30/30 trials with best loss 0.448417
[2016-05-02 04:57:58,411] INFO: ==================================================
[2016-05-02 04:57:58,412] INFO: Task
[2016-05-02 04:57:58,412] INFO:       [Feat@basic_linear_201605010104]_[Learner@reg_xgb_linear]_[Id@31]
[2016-05-02 04:57:58,412] INFO: Param
[2016-05-02 04:57:58,412] INFO:       base_score: 2.381634
[2016-05-02 04:57:58,412] INFO:       booster: gblinear
[2016-05-02 04:57:58,412] INFO:       learning_rate: 0.07200000000000001
[2016-05-02 04:57:58,412] INFO:       n_estimators: 370
[2016-05-02 04:57:58,412] INFO:       nthread: 14
[2016-05-02 04:57:58,413] INFO:       objective: reg:linear
[2016-05-02 04:57:58,413] INFO:       reg_alpha: 2.0518173387158352e-05
[2016-05-02 04:57:58,413] INFO:       reg_lambda: 0.009429358867510191
[2016-05-02 04:57:58,413] INFO:       reg_lambda_bias: 1.8
[2016-05-02 04:57:58,413] INFO:       seed: 2016
[2016-05-02 04:57:58,413] INFO: Result
[2016-05-02 04:57:58,413] INFO:       Run      RMSE        Shape
[2016-05-02 04:58:39,797] INFO:         1    0.447779    23167 x 722
[2016-05-02 04:59:23,823] INFO:         2    0.450298    21940 x 722
[2016-05-02 05:00:03,933] INFO:         3    0.448068    22182 x 722
[2016-05-02 05:00:43,706] INFO:         4    0.450429    21966 x 722
[2016-05-02 05:01:23,454] INFO:         5    0.449247    21961 x 722
[2016-05-02 05:01:23,761] INFO: RMSE
[2016-05-02 05:01:23,761] INFO:       Mean: 0.449164
[2016-05-02 05:01:23,761] INFO:       Std: 0.001097
[2016-05-02 05:01:23,761] INFO: Time
[2016-05-02 05:01:23,761] INFO:       3 mins
[2016-05-02 05:01:23,761] INFO: --------------------------------------------------
[2016-05-02 05:03:16,464] INFO: tpe_transform took 0.004857 seconds
[2016-05-02 05:03:16,465] INFO: TPE using 31/31 trials with best loss 0.448417
[2016-05-02 05:03:16,485] INFO: ==================================================
[2016-05-02 05:03:16,485] INFO: Task
[2016-05-02 05:03:16,485] INFO:       [Feat@basic_linear_201605010104]_[Learner@reg_xgb_linear]_[Id@32]
[2016-05-02 05:03:16,485] INFO: Param
[2016-05-02 05:03:16,485] INFO:       base_score: 2.381634
[2016-05-02 05:03:16,486] INFO:       booster: gblinear
[2016-05-02 05:03:16,486] INFO:       learning_rate: 0.042
[2016-05-02 05:03:16,486] INFO:       n_estimators: 940
[2016-05-02 05:03:16,486] INFO:       nthread: 14
[2016-05-02 05:03:16,486] INFO:       objective: reg:linear
[2016-05-02 05:03:16,486] INFO:       reg_alpha: 0.0001209643366774099
[2016-05-02 05:03:16,486] INFO:       reg_lambda: 4.217975727317591e-10
[2016-05-02 05:03:16,486] INFO:       reg_lambda_bias: 0.4
[2016-05-02 05:03:16,487] INFO:       seed: 2016
[2016-05-02 05:03:16,487] INFO: Result
[2016-05-02 05:03:16,487] INFO:       Run      RMSE        Shape
[2016-05-02 05:04:57,442] INFO:         1    0.447533    23167 x 722
[2016-05-02 05:06:33,247] INFO:         2     0.45009    21940 x 722
[2016-05-02 05:08:12,246] INFO:         3     0.44772    22182 x 722
[2016-05-02 05:09:48,375] INFO:         4    0.450131    21966 x 722
[2016-05-02 05:11:27,476] INFO:         5    0.449012    21961 x 722
[2016-05-02 05:11:27,763] INFO: RMSE
[2016-05-02 05:11:27,763] INFO:       Mean: 0.448897
[2016-05-02 05:11:27,763] INFO:       Std: 0.001114
[2016-05-02 05:11:27,764] INFO: Time
[2016-05-02 05:11:27,764] INFO:       8 mins
[2016-05-02 05:11:27,764] INFO: --------------------------------------------------
[2016-05-02 05:16:24,203] INFO: tpe_transform took 0.004874 seconds
[2016-05-02 05:16:24,203] INFO: TPE using 32/32 trials with best loss 0.448417
[2016-05-02 05:16:24,224] INFO: ==================================================
[2016-05-02 05:16:24,224] INFO: Task
[2016-05-02 05:16:24,224] INFO:       [Feat@basic_linear_201605010104]_[Learner@reg_xgb_linear]_[Id@33]
[2016-05-02 05:16:24,224] INFO: Param
[2016-05-02 05:16:24,224] INFO:       base_score: 2.381634
[2016-05-02 05:16:24,225] INFO:       booster: gblinear
[2016-05-02 05:16:24,225] INFO:       learning_rate: 0.016
[2016-05-02 05:16:24,225] INFO:       n_estimators: 670
[2016-05-02 05:16:24,225] INFO:       nthread: 14
[2016-05-02 05:16:24,225] INFO:       objective: reg:linear
[2016-05-02 05:16:24,225] INFO:       reg_alpha: 4.627285328833458e-07
[2016-05-02 05:16:24,225] INFO:       reg_lambda: 2.384378003633792e-05
[2016-05-02 05:16:24,225] INFO:       reg_lambda_bias: 2.2
[2016-05-02 05:16:24,226] INFO:       seed: 2016
[2016-05-02 05:16:24,226] INFO: Result
[2016-05-02 05:16:24,226] INFO:       Run      RMSE        Shape
[2016-05-02 05:17:38,395] INFO:         1    0.448697    23167 x 722
[2016-05-02 05:18:48,561] INFO:         2    0.451251    21940 x 722
[2016-05-02 05:19:57,187] INFO:         3    0.449001    22182 x 722
[2016-05-02 05:21:07,689] INFO:         4    0.451286    21966 x 722
[2016-05-02 05:22:18,534] INFO:         5    0.450424    21961 x 722
[2016-05-02 05:22:18,822] INFO: RMSE
[2016-05-02 05:22:18,822] INFO:       Mean: 0.450132
[2016-05-02 05:22:18,822] INFO:       Std: 0.001096
[2016-05-02 05:22:18,822] INFO: Time
[2016-05-02 05:22:18,823] INFO:       5 mins
[2016-05-02 05:22:18,823] INFO: --------------------------------------------------
[2016-05-02 05:25:47,559] INFO: tpe_transform took 0.004731 seconds
[2016-05-02 05:25:47,559] INFO: TPE using 33/33 trials with best loss 0.448417
[2016-05-02 05:25:47,579] INFO: ==================================================
[2016-05-02 05:25:47,580] INFO: Task
[2016-05-02 05:25:47,580] INFO:       [Feat@basic_linear_201605010104]_[Learner@reg_xgb_linear]_[Id@34]
[2016-05-02 05:25:47,580] INFO: Param
[2016-05-02 05:25:47,580] INFO:       base_score: 2.381634
[2016-05-02 05:25:47,580] INFO:       booster: gblinear
[2016-05-02 05:25:47,580] INFO:       learning_rate: 0.08
[2016-05-02 05:25:47,580] INFO:       n_estimators: 780
[2016-05-02 05:25:47,580] INFO:       nthread: 14
[2016-05-02 05:25:47,581] INFO:       objective: reg:linear
[2016-05-02 05:25:47,581] INFO:       reg_alpha: 1.467475115461245e-05
[2016-05-02 05:25:47,581] INFO:       reg_lambda: 8.983556703751633
[2016-05-02 05:25:47,581] INFO:       reg_lambda_bias: 1.8
[2016-05-02 05:25:47,581] INFO:       seed: 2016
[2016-05-02 05:25:47,581] INFO: Result
[2016-05-02 05:25:47,581] INFO:       Run      RMSE        Shape
[2016-05-02 05:27:12,163] INFO:         1    0.447379    23167 x 722
[2016-05-02 05:28:32,435] INFO:         2    0.449659    21940 x 722
[2016-05-02 05:29:55,715] INFO:         3    0.447195    22182 x 722
[2016-05-02 05:31:22,429] INFO:         4     0.44971    21966 x 722
[2016-05-02 05:32:42,640] INFO:         5    0.448936    21961 x 722
[2016-05-02 05:32:42,931] INFO: RMSE
[2016-05-02 05:32:42,931] INFO:       Mean: 0.448576
[2016-05-02 05:32:42,931] INFO:       Std: 0.001089
[2016-05-02 05:32:42,931] INFO: Time
[2016-05-02 05:32:42,931] INFO:       6 mins
[2016-05-02 05:32:42,931] INFO: --------------------------------------------------
[2016-05-02 05:36:50,429] INFO: tpe_transform took 0.004677 seconds
[2016-05-02 05:36:50,429] INFO: TPE using 34/34 trials with best loss 0.448417
[2016-05-02 05:36:50,450] INFO: ==================================================
[2016-05-02 05:36:50,450] INFO: Task
[2016-05-02 05:36:50,450] INFO:       [Feat@basic_linear_201605010104]_[Learner@reg_xgb_linear]_[Id@35]
[2016-05-02 05:36:50,450] INFO: Param
[2016-05-02 05:36:50,451] INFO:       base_score: 2.381634
[2016-05-02 05:36:50,451] INFO:       booster: gblinear
[2016-05-02 05:36:50,451] INFO:       learning_rate: 0.05
[2016-05-02 05:36:50,451] INFO:       n_estimators: 430
[2016-05-02 05:36:50,451] INFO:       nthread: 14
[2016-05-02 05:36:50,451] INFO:       objective: reg:linear
[2016-05-02 05:36:50,451] INFO:       reg_alpha: 0.007384866341601356
[2016-05-02 05:36:50,451] INFO:       reg_lambda: 0.0032352092611188077
[2016-05-02 05:36:50,452] INFO:       reg_lambda_bias: 2.4000000000000004
[2016-05-02 05:36:50,452] INFO:       seed: 2016
[2016-05-02 05:36:50,452] INFO: Result
[2016-05-02 05:36:50,452] INFO:       Run      RMSE        Shape
[2016-05-02 05:37:36,898] INFO:         1    0.447943    23167 x 722
[2016-05-02 05:38:20,502] INFO:         2    0.450491    21940 x 722
[2016-05-02 05:39:03,604] INFO:         3    0.448312    22182 x 722
[2016-05-02 05:39:47,315] INFO:         4    0.450642    21966 x 722
[2016-05-02 05:40:33,221] INFO:         5    0.449432    21961 x 722
[2016-05-02 05:40:33,476] INFO: RMSE
[2016-05-02 05:40:33,476] INFO:       Mean: 0.449364
[2016-05-02 05:40:33,477] INFO:       Std: 0.001099
[2016-05-02 05:40:33,477] INFO: Time
[2016-05-02 05:40:33,477] INFO:       3 mins
[2016-05-02 05:40:33,477] INFO: --------------------------------------------------
[2016-05-02 05:43:02,498] INFO: tpe_transform took 0.004867 seconds
[2016-05-02 05:43:02,498] INFO: TPE using 35/35 trials with best loss 0.448417
[2016-05-02 05:43:02,520] INFO: ==================================================
[2016-05-02 05:43:02,520] INFO: Task
[2016-05-02 05:43:02,520] INFO:       [Feat@basic_linear_201605010104]_[Learner@reg_xgb_linear]_[Id@36]
[2016-05-02 05:43:02,520] INFO: Param
[2016-05-02 05:43:02,520] INFO:       base_score: 2.381634
[2016-05-02 05:43:02,520] INFO:       booster: gblinear
[2016-05-02 05:43:02,520] INFO:       learning_rate: 0.01
[2016-05-02 05:43:02,520] INFO:       n_estimators: 1000
[2016-05-02 05:43:02,521] INFO:       nthread: 14
[2016-05-02 05:43:02,521] INFO:       objective: reg:linear
[2016-05-02 05:43:02,521] INFO:       reg_alpha: 7.380408358570399e-06
[2016-05-02 05:43:02,521] INFO:       reg_lambda: 0.020538453075487094
[2016-05-02 05:43:02,521] INFO:       reg_lambda_bias: 1.1
[2016-05-02 05:43:02,521] INFO:       seed: 2016
[2016-05-02 05:43:02,521] INFO: Result
[2016-05-02 05:43:02,521] INFO:       Run      RMSE        Shape
[2016-05-02 05:44:51,176] INFO:         1    0.448798    23167 x 722
[2016-05-02 05:46:35,530] INFO:         2    0.451385    21940 x 722
[2016-05-02 05:48:20,933] INFO:         3    0.449112    22182 x 722
[2016-05-02 05:50:02,543] INFO:         4    0.451397    21966 x 722
[2016-05-02 05:51:46,679] INFO:         5    0.450583    21961 x 722
[2016-05-02 05:51:46,972] INFO: RMSE
[2016-05-02 05:51:46,972] INFO:       Mean: 0.450255
[2016-05-02 05:51:46,972] INFO:       Std: 0.001106
[2016-05-02 05:51:46,972] INFO: Time
[2016-05-02 05:51:46,972] INFO:       8 mins
[2016-05-02 05:51:46,972] INFO: --------------------------------------------------
[2016-05-02 05:56:51,940] INFO: tpe_transform took 0.004848 seconds
[2016-05-02 05:56:51,940] INFO: TPE using 36/36 trials with best loss 0.448417
[2016-05-02 05:56:51,962] INFO: ==================================================
[2016-05-02 05:56:51,962] INFO: Task
[2016-05-02 05:56:51,962] INFO:       [Feat@basic_linear_201605010104]_[Learner@reg_xgb_linear]_[Id@37]
[2016-05-02 05:56:51,962] INFO: Param
[2016-05-02 05:56:51,962] INFO:       base_score: 2.381634
[2016-05-02 05:56:51,962] INFO:       booster: gblinear
[2016-05-02 05:56:51,962] INFO:       learning_rate: 0.024
[2016-05-02 05:56:51,962] INFO:       n_estimators: 890
[2016-05-02 05:56:51,963] INFO:       nthread: 14
[2016-05-02 05:56:51,963] INFO:       objective: reg:linear
[2016-05-02 05:56:51,963] INFO:       reg_alpha: 6.363602055318069
[2016-05-02 05:56:51,963] INFO:       reg_lambda: 1.5702156857283516
[2016-05-02 05:56:51,963] INFO:       reg_lambda_bias: 0.8
[2016-05-02 05:56:51,963] INFO:       seed: 2016
[2016-05-02 05:56:51,963] INFO: Result
[2016-05-02 05:56:51,963] INFO:       Run      RMSE        Shape
[2016-05-02 05:58:27,380] INFO:         1    0.448677    23167 x 722
