[2016-04-23 10:48:20,891] INFO: tpe_transform took 0.000000 seconds
[2016-04-23 10:48:20,891] INFO: TPE using 0 trials
[2016-04-23 10:48:20,891] INFO: ==================================================
[2016-04-23 10:48:20,891] INFO: Task
[2016-04-23 10:48:20,891] INFO:       [Feat@basic_nonlinear_201604170111]_[Learner@reg_skl_adaboost]_[Id@1]
[2016-04-23 10:48:20,891] INFO: Param
[2016-04-23 10:48:20,891] INFO:       base_estimator: etr
[2016-04-23 10:48:20,891] INFO:       learning_rate: 0.048
[2016-04-23 10:48:20,891] INFO:       loss: square
[2016-04-23 10:48:20,891] INFO:       max_depth: 4
[2016-04-23 10:48:20,891] INFO:       max_features: 0.5
[2016-04-23 10:48:20,891] INFO:       n_estimators: 820
[2016-04-23 10:48:20,891] INFO:       random_state: 2016
[2016-04-23 10:48:20,891] INFO: Result
[2016-04-23 10:48:20,891] INFO:       Run      RMSE        Shape
[2016-04-23 11:08:45,394] INFO:         1    0.581972    23167 x 827
[2016-04-23 11:28:01,216] INFO:         2    0.585469    21940 x 827
[2016-04-23 11:34:09,516] INFO:         3    0.513441    22182 x 827
[2016-04-23 11:52:51,296] INFO:         4    0.592647    21966 x 827
[2016-04-23 12:11:43,841] INFO:         5    0.587991    21961 x 827
[2016-04-23 12:11:44,106] INFO: RMSE
[2016-04-23 12:11:44,106] INFO:       Mean: 0.572304
[2016-04-23 12:11:44,106] INFO:       Std: 0.029636
[2016-04-23 12:11:44,106] INFO: Time
[2016-04-23 12:11:44,106] INFO:       83 mins
[2016-04-23 12:11:44,122] INFO: --------------------------------------------------
[2016-04-23 13:44:44,522] INFO: tpe_transform took 0.015600 seconds
[2016-04-23 13:44:44,538] INFO: TPE using 1/1 trials with best loss 0.572304
[2016-04-23 13:44:44,554] INFO: ==================================================
[2016-04-23 13:44:44,554] INFO: Task
[2016-04-23 13:44:44,554] INFO:       [Feat@basic_nonlinear_201604170111]_[Learner@reg_skl_adaboost]_[Id@2]
[2016-04-23 13:44:44,554] INFO: Param
[2016-04-23 13:44:44,554] INFO:       base_estimator: dtr
[2016-04-23 13:44:44,554] INFO:       learning_rate: 0.018000000000000002
[2016-04-23 13:44:44,554] INFO:       loss: square
[2016-04-23 13:44:44,554] INFO:       max_depth: 1
[2016-04-23 13:44:44,554] INFO:       max_features: 0.75
[2016-04-23 13:44:44,554] INFO:       n_estimators: 230
[2016-04-23 13:44:44,554] INFO:       random_state: 2016
[2016-04-23 13:44:44,554] INFO: Result
[2016-04-23 13:44:44,554] INFO:       Run      RMSE        Shape
[2016-04-23 13:49:00,191] INFO:         1     0.49584    23167 x 827
[2016-04-23 13:52:59,089] INFO:         2    0.494936    21940 x 827
[2016-04-23 13:57:03,448] INFO:         3    0.497053    22182 x 827
[2016-04-23 14:01:03,547] INFO:         4    0.496178    21966 x 827
[2016-04-23 14:05:07,656] INFO:         5    0.498441    21961 x 827
[2016-04-23 14:05:07,968] INFO: RMSE
[2016-04-23 14:05:07,968] INFO:       Mean: 0.496490
[2016-04-23 14:05:07,968] INFO:       Std: 0.001188
[2016-04-23 14:05:07,968] INFO: Time
[2016-04-23 14:05:07,968] INFO:       20 mins
[2016-04-23 14:05:07,968] INFO: --------------------------------------------------
[2016-04-23 14:26:50,849] INFO: tpe_transform took 0.000000 seconds
[2016-04-23 14:26:50,849] INFO: TPE using 2/2 trials with best loss 0.496490
[2016-04-23 14:26:50,849] INFO: ==================================================
[2016-04-23 14:26:50,849] INFO: Task
[2016-04-23 14:26:50,849] INFO:       [Feat@basic_nonlinear_201604170111]_[Learner@reg_skl_adaboost]_[Id@3]
[2016-04-23 14:26:50,849] INFO: Param
[2016-04-23 14:26:50,849] INFO:       base_estimator: dtr
[2016-04-23 14:26:50,849] INFO:       learning_rate: 0.042
[2016-04-23 14:26:50,849] INFO:       loss: exponential
[2016-04-23 14:26:50,849] INFO:       max_depth: 3
[2016-04-23 14:26:50,849] INFO:       max_features: 0.55
[2016-04-23 14:26:50,849] INFO:       n_estimators: 450
[2016-04-23 14:26:50,849] INFO:       random_state: 2016
[2016-04-23 14:26:50,849] INFO: Result
[2016-04-23 14:26:50,849] INFO:       Run      RMSE        Shape
[2016-04-23 14:42:13,308] INFO:         1    0.478145    23167 x 827
[2016-04-23 14:56:34,631] INFO:         2    0.479471    21940 x 827
[2016-04-23 15:10:53,317] INFO:         3    0.479374    22182 x 827
[2016-04-23 15:25:00,272] INFO:         4     0.47936    21966 x 827
[2016-04-23 15:39:02,470] INFO:         5    0.480495    21961 x 827
[2016-04-23 15:39:02,735] INFO: RMSE
[2016-04-23 15:39:02,735] INFO:       Mean: 0.479369
[2016-04-23 15:39:02,735] INFO:       Std: 0.000745
[2016-04-23 15:39:02,735] INFO: Time
[2016-04-23 15:39:02,735] INFO:       72 mins
[2016-04-23 15:39:02,735] INFO: --------------------------------------------------
[2016-04-23 16:54:33,692] INFO: tpe_transform took 0.000000 seconds
[2016-04-23 16:54:33,692] INFO: TPE using 3/3 trials with best loss 0.479369
[2016-04-23 16:54:33,692] INFO: ==================================================
[2016-04-23 16:54:33,692] INFO: Task
[2016-04-23 16:54:33,692] INFO:       [Feat@basic_nonlinear_201604170111]_[Learner@reg_skl_adaboost]_[Id@4]
[2016-04-23 16:54:33,692] INFO: Param
[2016-04-23 16:54:33,692] INFO:       base_estimator: etr
[2016-04-23 16:54:33,692] INFO:       learning_rate: 0.038
[2016-04-23 16:54:33,692] INFO:       loss: linear
[2016-04-23 16:54:33,692] INFO:       max_depth: 3
[2016-04-23 16:54:33,692] INFO:       max_features: 0.25
[2016-04-23 16:54:33,692] INFO:       n_estimators: 990
[2016-04-23 16:54:33,692] INFO:       random_state: 2016
[2016-04-23 16:54:33,692] INFO: Result
[2016-04-23 16:54:33,692] INFO:       Run      RMSE        Shape
[2016-04-23 16:57:38,818] INFO:         1    0.480859    23167 x 827
[2016-04-23 17:00:29,606] INFO:         2    0.481737    21940 x 827
[2016-04-23 17:03:16,542] INFO:         3    0.481941    22182 x 827
[2016-04-23 17:05:57,830] INFO:         4    0.480923    21966 x 827
[2016-04-23 17:08:29,088] INFO:         5    0.482524    21961 x 827
[2016-04-23 17:08:29,369] INFO: RMSE
[2016-04-23 17:08:29,369] INFO:       Mean: 0.481597
[2016-04-23 17:08:29,369] INFO:       Std: 0.000632
[2016-04-23 17:08:29,369] INFO: Time
[2016-04-23 17:08:29,369] INFO:       13 mins
[2016-04-23 17:08:29,369] INFO: --------------------------------------------------
[2016-04-23 17:26:30,293] INFO: tpe_transform took 0.015600 seconds
[2016-04-23 17:26:30,293] INFO: TPE using 4/4 trials with best loss 0.479369
[2016-04-23 17:26:30,293] INFO: ==================================================
[2016-04-23 17:26:30,293] INFO: Task
[2016-04-23 17:26:30,293] INFO:       [Feat@basic_nonlinear_201604170111]_[Learner@reg_skl_adaboost]_[Id@5]
[2016-04-23 17:26:30,293] INFO: Param
[2016-04-23 17:26:30,293] INFO:       base_estimator: etr
[2016-04-23 17:26:30,293] INFO:       learning_rate: 0.006
[2016-04-23 17:26:30,293] INFO:       loss: linear
[2016-04-23 17:26:30,293] INFO:       max_depth: 5
[2016-04-23 17:26:30,293] INFO:       max_features: 0.65
[2016-04-23 17:26:30,293] INFO:       n_estimators: 970
[2016-04-23 17:26:30,293] INFO:       random_state: 2016
[2016-04-23 17:26:30,293] INFO: Result
[2016-04-23 17:26:30,293] INFO:       Run      RMSE        Shape
[2016-04-23 18:03:12,272] INFO:         1    0.465833    23167 x 827
[2016-04-23 18:37:39,737] INFO:         2    0.467517    21940 x 827
[2016-04-23 19:12:01,996] INFO:         3    0.467678    22182 x 827
[2016-04-23 19:46:35,544] INFO:         4    0.467393    21966 x 827
[2016-04-23 20:19:19,755] INFO:         5    0.468623    21961 x 827
[2016-04-23 20:19:20,031] INFO: RMSE
[2016-04-23 20:19:20,031] INFO:       Mean: 0.467409
[2016-04-23 20:19:20,031] INFO:       Std: 0.000899
[2016-04-23 20:19:20,031] INFO: Time
[2016-04-23 20:19:20,031] INFO:       172 mins
[2016-04-23 20:19:20,031] INFO: --------------------------------------------------
[2016-04-23 22:48:05,300] INFO: tpe_transform took 0.015600 seconds
[2016-04-23 22:48:05,300] INFO: TPE using 5/5 trials with best loss 0.467409
[2016-04-23 22:48:05,332] INFO: ==================================================
[2016-04-23 22:48:05,332] INFO: Task
[2016-04-23 22:48:05,332] INFO:       [Feat@basic_nonlinear_201604170111]_[Learner@reg_skl_adaboost]_[Id@6]
[2016-04-23 22:48:05,332] INFO: Param
[2016-04-23 22:48:05,332] INFO:       base_estimator: etr
[2016-04-23 22:48:05,332] INFO:       learning_rate: 0.004
[2016-04-23 22:48:05,332] INFO:       loss: exponential
[2016-04-23 22:48:05,332] INFO:       max_depth: 7
[2016-04-23 22:48:05,332] INFO:       max_features: 0.45
[2016-04-23 22:48:05,332] INFO:       n_estimators: 890
[2016-04-23 22:48:05,332] INFO:       random_state: 2016
[2016-04-23 22:48:05,332] INFO: Result
[2016-04-23 22:48:05,332] INFO:       Run      RMSE        Shape
[2016-04-23 23:16:20,680] INFO:         1    0.459977    23167 x 827
[2016-04-23 23:42:50,293] INFO:         2    0.461682    21940 x 827
[2016-04-24 00:10:23,309] INFO:         3    0.461365    22182 x 827
[2016-04-24 00:37:06,351] INFO:         4    0.461862    21966 x 827
[2016-04-24 01:03:30,673] INFO:         5    0.461956    21961 x 827
[2016-04-24 01:03:31,000] INFO: RMSE
[2016-04-24 01:03:31,000] INFO:       Mean: 0.461368
[2016-04-24 01:03:31,000] INFO:       Std: 0.000724
[2016-04-24 01:03:31,000] INFO: Time
[2016-04-24 01:03:31,000] INFO:       135 mins
[2016-04-24 01:03:31,000] INFO: --------------------------------------------------
[2016-04-24 03:13:57,916] INFO: tpe_transform took 0.031205 seconds
[2016-04-24 03:13:57,932] INFO: TPE using 6/6 trials with best loss 0.461368
[2016-04-24 03:13:57,947] INFO: ==================================================
[2016-04-24 03:13:57,947] INFO: Task
[2016-04-24 03:13:57,947] INFO:       [Feat@basic_nonlinear_201604170111]_[Learner@reg_skl_adaboost]_[Id@7]
[2016-04-24 03:13:57,947] INFO: Param
[2016-04-24 03:13:57,947] INFO:       base_estimator: etr
[2016-04-24 03:13:57,947] INFO:       learning_rate: 0.024
[2016-04-24 03:13:57,947] INFO:       loss: exponential
[2016-04-24 03:13:57,947] INFO:       max_depth: 2
[2016-04-24 03:13:57,947] INFO:       max_features: 0.8500000000000001
[2016-04-24 03:13:57,947] INFO:       n_estimators: 930
[2016-04-24 03:13:57,947] INFO:       random_state: 2016
[2016-04-24 03:13:57,947] INFO: Result
[2016-04-24 03:13:57,947] INFO:       Run      RMSE        Shape
[2016-04-24 03:32:56,616] INFO:         1    0.490606    23167 x 827
[2016-04-24 03:50:52,834] INFO:         2    0.491919    21940 x 827
[2016-04-24 04:09:04,756] INFO:         3    0.492158    22182 x 827
[2016-04-24 04:26:54,760] INFO:         4    0.493583    21966 x 827
[2016-04-24 04:45:11,117] INFO:         5    0.493751    21961 x 827
[2016-04-24 04:45:11,414] INFO: RMSE
[2016-04-24 04:45:11,414] INFO:       Mean: 0.492404
[2016-04-24 04:45:11,414] INFO:       Std: 0.001160
[2016-04-24 04:45:11,414] INFO: Time
[2016-04-24 04:45:11,414] INFO:       91 mins
[2016-04-24 04:45:11,414] INFO: --------------------------------------------------
[2016-04-24 06:18:02,028] INFO: tpe_transform took 0.015600 seconds
[2016-04-24 06:18:02,028] INFO: TPE using 7/7 trials with best loss 0.461368
[2016-04-24 06:18:02,028] INFO: ==================================================
[2016-04-24 06:18:02,028] INFO: Task
[2016-04-24 06:18:02,028] INFO:       [Feat@basic_nonlinear_201604170111]_[Learner@reg_skl_adaboost]_[Id@8]
[2016-04-24 06:18:02,028] INFO: Param
[2016-04-24 06:18:02,028] INFO:       base_estimator: etr
[2016-04-24 06:18:02,028] INFO:       learning_rate: 0.014
[2016-04-24 06:18:02,028] INFO:       loss: exponential
[2016-04-24 06:18:02,028] INFO:       max_depth: 9
[2016-04-24 06:18:02,028] INFO:       max_features: 0.7000000000000001
[2016-04-24 06:18:02,028] INFO:       n_estimators: 530
[2016-04-24 06:18:02,028] INFO:       random_state: 2016
[2016-04-24 06:18:02,028] INFO: Result
[2016-04-24 06:18:02,028] INFO:       Run      RMSE        Shape
[2016-04-24 06:47:47,095] INFO:         1    0.455441    23167 x 827
[2016-04-24 07:16:46,846] INFO:         2      0.4574    21940 x 827
[2016-04-24 07:45:38,479] INFO:         3    0.455842    22182 x 827
[2016-04-24 08:14:13,389] INFO:         4     0.45677    21966 x 827
[2016-04-24 08:42:28,716] INFO:         5    0.457439    21961 x 827
[2016-04-24 08:42:28,996] INFO: RMSE
[2016-04-24 08:42:28,996] INFO:       Mean: 0.456578
[2016-04-24 08:42:28,996] INFO:       Std: 0.000811
[2016-04-24 08:42:28,996] INFO: Time
[2016-04-24 08:42:28,996] INFO:       144 mins
[2016-04-24 08:42:28,996] INFO: --------------------------------------------------
[2016-04-24 10:56:21,110] INFO: tpe_transform took 0.015600 seconds
[2016-04-24 10:56:21,110] INFO: TPE using 8/8 trials with best loss 0.456578
[2016-04-24 10:56:21,110] INFO: ==================================================
[2016-04-24 10:56:21,110] INFO: Task
[2016-04-24 10:56:21,110] INFO:       [Feat@basic_nonlinear_201604170111]_[Learner@reg_skl_adaboost]_[Id@9]
[2016-04-24 10:56:21,110] INFO: Param
[2016-04-24 10:56:21,110] INFO:       base_estimator: dtr
[2016-04-24 10:56:21,110] INFO:       learning_rate: 0.014
[2016-04-24 10:56:21,110] INFO:       loss: square
[2016-04-24 10:56:21,110] INFO:       max_depth: 8
[2016-04-24 10:56:21,110] INFO:       max_features: 0.9500000000000001
[2016-04-24 10:56:21,110] INFO:       n_estimators: 120
[2016-04-24 10:56:21,110] INFO:       random_state: 2016
[2016-04-24 10:56:21,110] INFO: Result
[2016-04-24 10:56:21,110] INFO:       Run      RMSE        Shape
[2016-04-24 11:12:44,739] INFO:         1    0.454886    23167 x 827
[2016-04-24 11:27:46,388] INFO:         2    0.456861    21940 x 827
[2016-04-24 11:43:11,011] INFO:         3    0.454319    22182 x 827
[2016-04-24 11:58:18,378] INFO:         4    0.457562    21966 x 827
[2016-04-24 12:13:37,353] INFO:         5    0.458103    21961 x 827
[2016-04-24 12:13:37,603] INFO: RMSE
[2016-04-24 12:13:37,603] INFO:       Mean: 0.456346
[2016-04-24 12:13:37,603] INFO:       Std: 0.001488
[2016-04-24 12:13:37,618] INFO: Time
[2016-04-24 12:13:37,618] INFO:       77 mins
[2016-04-24 12:13:37,618] INFO: --------------------------------------------------
[2016-04-24 13:23:40,898] INFO: tpe_transform took 0.015600 seconds
[2016-04-24 13:23:40,898] INFO: TPE using 9/9 trials with best loss 0.456346
[2016-04-24 13:23:40,898] INFO: ==================================================
[2016-04-24 13:23:40,898] INFO: Task
[2016-04-24 13:23:40,898] INFO:       [Feat@basic_nonlinear_201604170111]_[Learner@reg_skl_adaboost]_[Id@10]
[2016-04-24 13:23:40,914] INFO: Param
[2016-04-24 13:23:40,914] INFO:       base_estimator: dtr
[2016-04-24 13:23:40,914] INFO:       learning_rate: 0.014
[2016-04-24 13:23:40,914] INFO:       loss: linear
[2016-04-24 13:23:40,914] INFO:       max_depth: 7
[2016-04-24 13:23:40,914] INFO:       max_features: 0.4
[2016-04-24 13:23:40,914] INFO:       n_estimators: 880
[2016-04-24 13:23:40,914] INFO:       random_state: 2016
[2016-04-24 13:23:40,914] INFO: Result
[2016-04-24 13:23:40,914] INFO:       Run      RMSE        Shape
[2016-04-24 14:08:38,271] INFO:         1    0.458961    23167 x 827
[2016-04-24 14:51:31,539] INFO:         2    0.459751    21940 x 827
[2016-04-24 15:34:50,276] INFO:         3    0.458955    22182 x 827
[2016-04-24 16:25:55,895] INFO:         4    0.459638    21966 x 827
[2016-04-24 17:18:19,264] INFO:         5    0.459938    21961 x 827
[2016-04-24 17:18:19,810] INFO: RMSE
[2016-04-24 17:18:19,810] INFO:       Mean: 0.459449
[2016-04-24 17:18:19,810] INFO:       Std: 0.000412
[2016-04-24 17:18:19,810] INFO: Time
[2016-04-24 17:18:19,810] INFO:       234 mins
[2016-04-24 17:18:19,810] INFO: --------------------------------------------------
[2016-04-24 21:36:07,335] INFO: tpe_transform took 0.015600 seconds
[2016-04-24 21:36:07,351] INFO: TPE using 10/10 trials with best loss 0.456346
[2016-04-24 21:36:07,366] INFO: ==================================================
[2016-04-24 21:36:07,366] INFO: Task
[2016-04-24 21:36:07,366] INFO:       [Feat@basic_nonlinear_201604170111]_[Learner@reg_skl_adaboost]_[Id@11]
[2016-04-24 21:36:07,366] INFO: Param
[2016-04-24 21:36:07,366] INFO:       base_estimator: etr
[2016-04-24 21:36:07,366] INFO:       learning_rate: 0.056
[2016-04-24 21:36:07,366] INFO:       loss: square
[2016-04-24 21:36:07,366] INFO:       max_depth: 8
[2016-04-24 21:36:07,366] INFO:       max_features: 0.45
[2016-04-24 21:36:07,366] INFO:       n_estimators: 580
[2016-04-24 21:36:07,366] INFO:       random_state: 2016
[2016-04-24 21:36:07,366] INFO: Result
[2016-04-24 21:36:07,366] INFO:       Run      RMSE        Shape
[2016-04-24 22:03:45,803] INFO:         1    0.475677    23167 x 827
