2016-03-13 12:28 INFO: tpe_transform took 0.005001 seconds
2016-03-13 12:28 INFO: TPE using 0 trials
2016-03-13 12:28 INFO: --------------------------------------------------
2016-03-13 12:28 INFO: Task
2016-03-13 12:28 INFO:       [Feat@basic20160313]_[Learner@reg_skl_gbm]_[Id@1]
2016-03-13 12:28 INFO: Param
2016-03-13 12:28 INFO:       learning_rate: 0.066
2016-03-13 12:28 INFO:       max_depth: 1
2016-03-13 12:28 INFO:       max_features: 0.75
2016-03-13 12:28 INFO:       min_samples_leaf: 8
2016-03-13 12:28 INFO:       n_estimators: 190
2016-03-13 12:28 INFO:       random_state: 2016
2016-03-13 12:28 INFO:       verbose: 0
2016-03-13 12:28 INFO: Result
2016-03-13 12:28 INFO:       Run      RMSE        Shape
2016-03-13 12:40 INFO:         1    0.466239    23167 x 894
2016-03-13 12:52 INFO:         2    0.468514    21940 x 894
2016-03-13 13:04 INFO:         3    0.466468    22182 x 894
2016-03-13 13:15 INFO:         4    0.467462    21966 x 894
2016-03-13 13:27 INFO:         5    0.468046    21961 x 894
2016-03-13 13:27 INFO: RMSE
2016-03-13 13:27 INFO:       Mean: 0.467346
2016-03-13 13:27 INFO:       Std: 0.000879
2016-03-13 13:27 INFO: Time
2016-03-13 13:27 INFO:       3541.268424510956
2016-03-13 13:27 INFO: --------------------------------------------------
2016-03-13 14:03 INFO: tpe_transform took 0.015600 seconds
2016-03-13 14:03 INFO: TPE using 1/1 trials with best loss 0.467346
2016-03-13 14:03 INFO: --------------------------------------------------
2016-03-13 14:03 INFO: Task
2016-03-13 14:03 INFO:       [Feat@basic20160313]_[Learner@reg_skl_gbm]_[Id@2]
2016-03-13 14:03 INFO: Param
2016-03-13 14:03 INFO:       learning_rate: 0.066
2016-03-13 14:03 INFO:       max_depth: 4
2016-03-13 14:03 INFO:       max_features: 0.9
2016-03-13 14:03 INFO:       min_samples_leaf: 4
2016-03-13 14:03 INFO:       n_estimators: 1000
2016-03-13 14:03 INFO:       random_state: 2016
2016-03-13 14:03 INFO:       verbose: 0
2016-03-13 14:03 INFO: Result
2016-03-13 14:03 INFO:       Run      RMSE        Shape
2016-03-13 15:36 INFO:         1    0.461631    23167 x 894
2016-03-13 16:59 INFO:         2    0.460886    21940 x 894
2016-03-13 18:31 INFO:         3    0.459729    22182 x 894
2016-03-13 19:59 INFO:         4    0.461686    21966 x 894
2016-03-13 21:22 INFO:         5    0.460473    21961 x 894
2016-03-13 21:22 INFO: RMSE
2016-03-13 21:22 INFO:       Mean: 0.460881
2016-03-13 21:22 INFO:       Std: 0.000735
2016-03-13 21:22 INFO: Time
2016-03-13 21:22 INFO:       26384.7676718235
2016-03-13 21:22 INFO: --------------------------------------------------
2016-03-14 00:42 INFO: tpe_transform took 0.015600 seconds
2016-03-14 00:42 INFO: TPE using 2/2 trials with best loss 0.460881
2016-03-14 00:42 INFO: --------------------------------------------------
2016-03-14 00:42 INFO: Task
2016-03-14 00:42 INFO:       [Feat@basic20160313]_[Learner@reg_skl_gbm]_[Id@3]
2016-03-14 00:42 INFO: Param
2016-03-14 00:42 INFO:       learning_rate: 0.006
2016-03-14 00:42 INFO:       max_depth: 9
2016-03-14 00:42 INFO:       max_features: 0.45
2016-03-14 00:42 INFO:       min_samples_leaf: 13
2016-03-14 00:42 INFO:       n_estimators: 300
2016-03-14 00:42 INFO:       random_state: 2016
2016-03-14 00:42 INFO:       verbose: 0
2016-03-14 00:42 INFO: Result
2016-03-14 00:42 INFO:       Run      RMSE        Shape
2016-03-14 01:19 INFO:         1    0.459497    23167 x 894
2016-03-14 01:52 INFO:         2    0.461536    21940 x 894
2016-03-14 02:25 INFO:         3    0.460437    22182 x 894
2016-03-14 02:58 INFO:         4    0.460435    21966 x 894
2016-03-14 03:23 INFO:         5    0.461687    21961 x 894
2016-03-14 03:23 INFO: RMSE
2016-03-14 03:23 INFO:       Mean: 0.460718
2016-03-14 03:23 INFO:       Std: 0.000807
2016-03-14 03:23 INFO: Time
2016-03-14 03:23 INFO:       9637.248873472214
2016-03-14 03:23 INFO: --------------------------------------------------
2016-03-14 05:28 INFO: tpe_transform took 0.000000 seconds
2016-03-14 05:28 INFO: TPE using 3/3 trials with best loss 0.460718
2016-03-14 05:28 INFO: --------------------------------------------------
2016-03-14 05:28 INFO: Task
2016-03-14 05:28 INFO:       [Feat@basic20160313]_[Learner@reg_skl_gbm]_[Id@4]
2016-03-14 05:28 INFO: Param
2016-03-14 05:28 INFO:       learning_rate: 0.014
2016-03-14 05:28 INFO:       max_depth: 6
2016-03-14 05:28 INFO:       max_features: 0.30000000000000004
2016-03-14 05:28 INFO:       min_samples_leaf: 10
2016-03-14 05:28 INFO:       n_estimators: 740
2016-03-14 05:28 INFO:       random_state: 2016
2016-03-14 05:28 INFO:       verbose: 0
2016-03-14 05:28 INFO: Result
2016-03-14 05:28 INFO:       Run      RMSE        Shape
2016-03-14 05:56 INFO:         1    0.454013    23167 x 894
2016-03-14 06:23 INFO:         2    0.455762    21940 x 894
2016-03-14 06:50 INFO:         3    0.453861    22182 x 894
2016-03-14 07:16 INFO:         4    0.454741    21966 x 894
2016-03-14 07:43 INFO:         5    0.455851    21961 x 894
2016-03-14 07:43 INFO: RMSE
2016-03-14 07:43 INFO:       Mean: 0.454846
2016-03-14 07:43 INFO:       Std: 0.000840
2016-03-14 07:43 INFO: Time
2016-03-14 07:43 INFO:       8076.682592391968
2016-03-14 07:43 INFO: --------------------------------------------------
2016-03-14 09:19 INFO: tpe_transform took 0.000000 seconds
2016-03-14 09:19 INFO: TPE using 4/4 trials with best loss 0.454846
2016-03-14 09:19 INFO: --------------------------------------------------
2016-03-14 09:19 INFO: Task
2016-03-14 09:19 INFO:       [Feat@basic20160313]_[Learner@reg_skl_gbm]_[Id@5]
2016-03-14 09:19 INFO: Param
2016-03-14 09:19 INFO:       learning_rate: 0.004
2016-03-14 09:19 INFO:       max_depth: 8
2016-03-14 09:19 INFO:       max_features: 0.4
2016-03-14 09:19 INFO:       min_samples_leaf: 10
2016-03-14 09:19 INFO:       n_estimators: 530
2016-03-14 09:19 INFO:       random_state: 2016
2016-03-14 09:19 INFO:       verbose: 0
2016-03-14 09:19 INFO: Result
2016-03-14 09:19 INFO:       Run      RMSE        Shape
2016-03-14 09:59 INFO:         1    0.457877    23167 x 894
2016-03-14 10:49 INFO:         2    0.460168    21940 x 894
2016-03-14 11:39 INFO:         3    0.458949    22182 x 894
2016-03-14 12:31 INFO:         4    0.459141    21966 x 894
2016-03-14 13:22 INFO:         5     0.46026    21961 x 894
2016-03-14 13:22 INFO: RMSE
2016-03-14 13:22 INFO:       Mean: 0.459279
2016-03-14 13:22 INFO:       Std: 0.000877
2016-03-14 13:22 INFO: Time
2016-03-14 13:22 INFO:       14607.278157711029
2016-03-14 13:22 INFO: --------------------------------------------------
2016-03-14 16:36 INFO: tpe_transform took 0.003000 seconds
2016-03-14 16:36 INFO: TPE using 5/5 trials with best loss 0.454846
2016-03-14 16:36 INFO: --------------------------------------------------
2016-03-14 16:36 INFO: Task
2016-03-14 16:36 INFO:       [Feat@basic20160313]_[Learner@reg_skl_gbm]_[Id@6]
2016-03-14 16:36 INFO: Param
2016-03-14 16:36 INFO:       learning_rate: 0.046
2016-03-14 16:36 INFO:       max_depth: 4
2016-03-14 16:36 INFO:       max_features: 0.9500000000000001
2016-03-14 16:36 INFO:       min_samples_leaf: 13
2016-03-14 16:36 INFO:       n_estimators: 530
2016-03-14 16:36 INFO:       random_state: 2016
2016-03-14 16:36 INFO:       verbose: 0
2016-03-14 16:36 INFO: Result
2016-03-14 16:36 INFO:       Run      RMSE        Shape
2016-03-14 17:20 INFO:         1    0.456731    23167 x 894
2016-03-14 17:58 INFO:         2    0.458022    21940 x 894
2016-03-14 18:37 INFO:         3    0.456369    22182 x 894
2016-03-14 19:20 INFO:         4    0.457878    21966 x 894
2016-03-14 19:58 INFO:         5    0.458091    21961 x 894
2016-03-14 19:58 INFO: RMSE
2016-03-14 19:58 INFO:       Mean: 0.457418
2016-03-14 19:58 INFO:       Std: 0.000721
2016-03-14 19:58 INFO: Time
2016-03-14 19:58 INFO:       12101.413599967957
2016-03-14 19:58 INFO: --------------------------------------------------
2016-03-14 22:04 INFO: tpe_transform took 0.015600 seconds
2016-03-14 22:04 INFO: TPE using 6/6 trials with best loss 0.454846
2016-03-14 22:04 INFO: --------------------------------------------------
2016-03-14 22:04 INFO: Task
2016-03-14 22:04 INFO:       [Feat@basic20160313]_[Learner@reg_skl_gbm]_[Id@7]
2016-03-14 22:04 INFO: Param
2016-03-14 22:04 INFO:       learning_rate: 0.01
2016-03-14 22:04 INFO:       max_depth: 10
2016-03-14 22:04 INFO:       max_features: 0.1
2016-03-14 22:04 INFO:       min_samples_leaf: 5
2016-03-14 22:04 INFO:       n_estimators: 980
2016-03-14 22:04 INFO:       random_state: 2016
2016-03-14 22:04 INFO:       verbose: 0
2016-03-14 22:04 INFO: Result
2016-03-14 22:04 INFO:       Run      RMSE        Shape
2016-03-14 23:07 INFO:         1    0.453295    23167 x 894
2016-03-15 00:29 INFO:         2    0.455865    21940 x 894
2016-03-15 01:25 INFO:         3    0.454012    22182 x 894
2016-03-15 02:20 INFO:         4    0.454371    21966 x 894
2016-03-15 03:07 INFO:         5    0.455793    21961 x 894
2016-03-15 03:07 INFO: RMSE
2016-03-15 03:07 INFO:       Mean: 0.454667
2016-03-15 03:07 INFO:       Std: 0.001010
2016-03-15 03:07 INFO: Time
2016-03-15 03:07 INFO:       18157.627194166183
2016-03-15 03:07 INFO: --------------------------------------------------
2016-03-15 07:10 INFO: tpe_transform took 0.000000 seconds
2016-03-15 07:10 INFO: TPE using 7/7 trials with best loss 0.454667
2016-03-15 07:10 INFO: --------------------------------------------------
2016-03-15 07:10 INFO: Task
2016-03-15 07:10 INFO:       [Feat@basic20160313]_[Learner@reg_skl_gbm]_[Id@8]
2016-03-15 07:10 INFO: Param
2016-03-15 07:10 INFO:       learning_rate: 0.002
2016-03-15 07:10 INFO:       max_depth: 7
2016-03-15 07:10 INFO:       max_features: 1.0
2016-03-15 07:10 INFO:       min_samples_leaf: 3
2016-03-15 07:10 INFO:       n_estimators: 130
2016-03-15 07:10 INFO:       random_state: 2016
2016-03-15 07:10 INFO:       verbose: 0
2016-03-15 07:10 INFO: Result
2016-03-15 07:10 INFO:       Run      RMSE        Shape
2016-03-15 07:37 INFO:         1    0.506852    23167 x 894
2016-03-15 08:00 INFO:         2    0.508157    21940 x 894
2016-03-15 08:23 INFO:         3    0.507944    22182 x 894
2016-03-15 08:51 INFO:         4    0.508151    21966 x 894
2016-03-15 09:20 INFO:         5    0.508099    21961 x 894
2016-03-15 09:20 INFO: RMSE
2016-03-15 09:20 INFO:       Mean: 0.507841
2016-03-15 09:20 INFO:       Std: 0.000500
2016-03-15 09:20 INFO: Time
2016-03-15 09:20 INFO:       7764.871774435043
2016-03-15 09:20 INFO: --------------------------------------------------
2016-03-15 10:40 INFO: tpe_transform took 0.000000 seconds
2016-03-15 10:40 INFO: TPE using 8/8 trials with best loss 0.454667
2016-03-15 10:40 INFO: --------------------------------------------------
2016-03-15 10:40 INFO: Task
2016-03-15 10:40 INFO:       [Feat@basic20160313]_[Learner@reg_skl_gbm]_[Id@9]
2016-03-15 10:40 INFO: Param
2016-03-15 10:40 INFO:       learning_rate: 0.002
2016-03-15 10:40 INFO:       max_depth: 2
2016-03-15 10:40 INFO:       max_features: 0.45
2016-03-15 10:40 INFO:       min_samples_leaf: 8
2016-03-15 10:40 INFO:       n_estimators: 350
2016-03-15 10:40 INFO:       random_state: 2016
2016-03-15 10:40 INFO:       verbose: 0
2016-03-15 10:40 INFO: Result
2016-03-15 10:40 INFO:       Run      RMSE        Shape
2016-03-15 10:56 INFO:         1    0.495159    23167 x 894
2016-03-15 11:09 INFO:         2    0.496663    21940 x 894
2016-03-15 11:22 INFO:         3    0.496054    22182 x 894
2016-03-15 11:34 INFO:         4    0.496652    21966 x 894
2016-03-15 11:53 INFO:         5    0.495916    21961 x 894
2016-03-15 11:53 INFO: RMSE
2016-03-15 11:53 INFO:       Mean: 0.496088
2016-03-15 11:53 INFO:       Std: 0.000555
2016-03-15 11:53 INFO: Time
2016-03-15 11:53 INFO:       4379.572073936462
2016-03-15 11:53 INFO: --------------------------------------------------
2016-03-15 12:38 INFO: tpe_transform took 0.031200 seconds
2016-03-15 12:38 INFO: TPE using 9/9 trials with best loss 0.454667
2016-03-15 12:38 INFO: --------------------------------------------------
2016-03-15 12:38 INFO: Task
2016-03-15 12:38 INFO:       [Feat@basic20160313]_[Learner@reg_skl_gbm]_[Id@10]
2016-03-15 12:38 INFO: Param
2016-03-15 12:38 INFO:       learning_rate: 0.038
2016-03-15 12:38 INFO:       max_depth: 10
2016-03-15 12:38 INFO:       max_features: 0.5
2016-03-15 12:38 INFO:       min_samples_leaf: 9
2016-03-15 12:38 INFO:       n_estimators: 670
2016-03-15 12:38 INFO:       random_state: 2016
2016-03-15 12:38 INFO:       verbose: 0
2016-03-15 12:38 INFO: Result
2016-03-15 12:38 INFO:       Run      RMSE        Shape
2016-03-15 14:06 INFO:         1    0.458136    23167 x 894
2016-03-15 15:27 INFO:         2    0.459925    21940 x 894
2016-03-15 16:46 INFO:         3    0.458783    22182 x 894
2016-03-15 18:11 INFO:         4    0.459147    21966 x 894
2016-03-15 19:46 INFO:         5    0.459442    21961 x 894
2016-03-15 19:46 INFO: RMSE
2016-03-15 19:46 INFO:       Mean: 0.459087
2016-03-15 19:46 INFO:       Std: 0.000605
2016-03-15 19:46 INFO: Time
2016-03-15 19:46 INFO:       25712.06041908264
2016-03-15 19:46 INFO: --------------------------------------------------
2016-03-16 01:25 INFO: tpe_transform took 0.000000 seconds
2016-03-16 01:25 INFO: TPE using 10/10 trials with best loss 0.454667
2016-03-16 01:25 INFO: --------------------------------------------------
2016-03-16 01:25 INFO: Task
2016-03-16 01:25 INFO:       [Feat@basic20160313]_[Learner@reg_skl_gbm]_[Id@11]
2016-03-16 01:25 INFO: Param
2016-03-16 01:25 INFO:       learning_rate: 0.004
2016-03-16 01:25 INFO:       max_depth: 7
2016-03-16 01:25 INFO:       max_features: 0.9500000000000001
2016-03-16 01:25 INFO:       min_samples_leaf: 5
2016-03-16 01:25 INFO:       n_estimators: 370
2016-03-16 01:25 INFO:       random_state: 2016
2016-03-16 01:25 INFO:       verbose: 0
2016-03-16 01:25 INFO: Result
2016-03-16 01:25 INFO:       Run      RMSE        Shape
2016-03-16 02:58 INFO:         1    0.464983    23167 x 894
2016-03-16 04:36 INFO:         2    0.467096    21940 x 894
2016-03-16 05:43 INFO:         3    0.466125    22182 x 894
2016-03-16 06:59 INFO:         4    0.466048    21966 x 894
2016-03-16 08:22 INFO:         5    0.467094    21961 x 894
2016-03-16 08:22 INFO: RMSE
2016-03-16 08:22 INFO:       Mean: 0.466269
2016-03-16 08:22 INFO:       Std: 0.000786
2016-03-16 08:22 INFO: Time
2016-03-16 08:22 INFO:       25016.710362434387
2016-03-16 08:22 INFO: --------------------------------------------------
2016-03-16 12:40 INFO: tpe_transform took 0.000000 seconds
2016-03-16 12:40 INFO: TPE using 11/11 trials with best loss 0.454667
2016-03-16 12:40 INFO: --------------------------------------------------
2016-03-16 12:40 INFO: Task
2016-03-16 12:40 INFO:       [Feat@basic20160313]_[Learner@reg_skl_gbm]_[Id@12]
2016-03-16 12:40 INFO: Param
2016-03-16 12:40 INFO:       learning_rate: 0.034
2016-03-16 12:40 INFO:       max_depth: 9
2016-03-16 12:40 INFO:       max_features: 0.25
2016-03-16 12:40 INFO:       min_samples_leaf: 9
2016-03-16 12:40 INFO:       n_estimators: 260
2016-03-16 12:40 INFO:       random_state: 2016
2016-03-16 12:40 INFO:       verbose: 0
2016-03-16 12:40 INFO: Result
2016-03-16 12:40 INFO:       Run      RMSE        Shape
2016-03-16 13:04 INFO:         1    0.455238    23167 x 894
2016-03-16 13:27 INFO:         2    0.457049    21940 x 894
2016-03-16 13:54 INFO:         3    0.455457    22182 x 894
2016-03-16 14:15 INFO:         4    0.456541    21966 x 894
2016-03-16 14:39 INFO:         5    0.457348    21961 x 894
2016-03-16 14:39 INFO: RMSE
2016-03-16 14:39 INFO:       Mean: 0.456327
2016-03-16 14:39 INFO:       Std: 0.000843
2016-03-16 14:39 INFO: Time
2016-03-16 14:39 INFO:       7162.86391544342
2016-03-16 14:39 INFO: --------------------------------------------------
2016-03-16 16:06 INFO: tpe_transform took 0.000000 seconds
2016-03-16 16:06 INFO: TPE using 12/12 trials with best loss 0.454667
2016-03-16 16:06 INFO: --------------------------------------------------
2016-03-16 16:06 INFO: Task
2016-03-16 16:06 INFO:       [Feat@basic20160313]_[Learner@reg_skl_gbm]_[Id@13]
2016-03-16 16:06 INFO: Param
2016-03-16 16:06 INFO:       learning_rate: 0.004
2016-03-16 16:06 INFO:       max_depth: 9
2016-03-16 16:06 INFO:       max_features: 0.30000000000000004
2016-03-16 16:06 INFO:       min_samples_leaf: 8
2016-03-16 16:06 INFO:       n_estimators: 870
2016-03-16 16:06 INFO:       random_state: 2016
2016-03-16 16:06 INFO:       verbose: 0
2016-03-16 16:06 INFO: Result
2016-03-16 16:06 INFO:       Run      RMSE        Shape
2016-03-16 18:02 INFO:         1    0.453662    23167 x 894
2016-03-16 19:54 INFO:         2    0.456258    21940 x 894
2016-03-16 21:28 INFO:         3    0.454694    22182 x 894
2016-03-16 22:57 INFO:         4    0.454963    21966 x 894
2016-03-17 00:22 INFO:         5     0.45635    21961 x 894
2016-03-17 00:22 INFO: RMSE
2016-03-17 00:22 INFO:       Mean: 0.455185
2016-03-17 00:22 INFO:       Std: 0.001012
2016-03-17 00:22 INFO: Time
2016-03-17 00:22 INFO:       29775.96473145485
2016-03-17 00:22 INFO: --------------------------------------------------
2016-03-17 06:05 INFO: tpe_transform took 0.000000 seconds
2016-03-17 06:05 INFO: TPE using 13/13 trials with best loss 0.454667
2016-03-17 06:05 INFO: --------------------------------------------------
2016-03-17 06:05 INFO: Task
2016-03-17 06:05 INFO:       [Feat@basic20160313]_[Learner@reg_skl_gbm]_[Id@14]
2016-03-17 06:05 INFO: Param
2016-03-17 06:05 INFO:       learning_rate: 0.018000000000000002
2016-03-17 06:05 INFO:       max_depth: 6
2016-03-17 06:05 INFO:       max_features: 0.4
2016-03-17 06:05 INFO:       min_samples_leaf: 12
2016-03-17 06:05 INFO:       n_estimators: 460
2016-03-17 06:05 INFO:       random_state: 2016
2016-03-17 06:05 INFO:       verbose: 0
2016-03-17 06:05 INFO: Result
2016-03-17 06:05 INFO:       Run      RMSE        Shape
2016-03-17 06:37 INFO:         1    0.454114    23167 x 894
2016-03-17 07:04 INFO:         2    0.456153    21940 x 894
2016-03-17 07:32 INFO:         3     0.45439    22182 x 894
2016-03-17 08:01 INFO:         4    0.455493    21966 x 894
2016-03-17 08:28 INFO:         5    0.456216    21961 x 894
2016-03-17 08:28 INFO: RMSE
2016-03-17 08:28 INFO:       Mean: 0.455273
2016-03-17 08:28 INFO:       Std: 0.000876
2016-03-17 08:28 INFO: Time
2016-03-17 08:28 INFO:       8592.737881183624
2016-03-17 08:28 INFO: --------------------------------------------------
2016-03-17 10:01 INFO: tpe_transform took 0.000000 seconds
2016-03-17 10:01 INFO: TPE using 14/14 trials with best loss 0.454667
2016-03-17 10:01 INFO: --------------------------------------------------
2016-03-17 10:01 INFO: Task
2016-03-17 10:01 INFO:       [Feat@basic20160313]_[Learner@reg_skl_gbm]_[Id@15]
2016-03-17 10:01 INFO: Param
2016-03-17 10:01 INFO:       learning_rate: 0.008
2016-03-17 10:01 INFO:       max_depth: 5
2016-03-17 10:01 INFO:       max_features: 0.15000000000000002
2016-03-17 10:01 INFO:       min_samples_leaf: 3
2016-03-17 10:01 INFO:       n_estimators: 420
2016-03-17 10:01 INFO:       random_state: 2016
2016-03-17 10:01 INFO:       verbose: 0
2016-03-17 10:01 INFO: Result
2016-03-17 10:01 INFO:       Run      RMSE        Shape
2016-03-17 10:16 INFO:         1    0.458546    23167 x 894
2016-03-17 10:33 INFO:         2    0.460787    21940 x 894
2016-03-17 10:47 INFO:         3    0.458961    22182 x 894
2016-03-17 11:02 INFO:         4    0.459579    21966 x 894
2016-03-17 11:16 INFO:         5    0.460566    21961 x 894
2016-03-17 11:16 INFO: RMSE
2016-03-17 11:16 INFO:       Mean: 0.459687
2016-03-17 11:16 INFO:       Std: 0.000874
2016-03-17 11:16 INFO: Time
2016-03-17 11:16 INFO:       4548.92675948143
2016-03-17 11:16 INFO: --------------------------------------------------
2016-03-17 12:10 INFO: tpe_transform took 0.000000 seconds
2016-03-17 12:10 INFO: TPE using 15/15 trials with best loss 0.454667
2016-03-17 12:10 INFO: --------------------------------------------------
2016-03-17 12:10 INFO: Task
2016-03-17 12:10 INFO:       [Feat@basic20160313]_[Learner@reg_skl_gbm]_[Id@16]
2016-03-17 12:10 INFO: Param
2016-03-17 12:10 INFO:       learning_rate: 0.008
2016-03-17 12:10 INFO:       max_depth: 7
2016-03-17 12:10 INFO:       max_features: 0.8500000000000001
2016-03-17 12:10 INFO:       min_samples_leaf: 3
2016-03-17 12:10 INFO:       n_estimators: 320
2016-03-17 12:10 INFO:       random_state: 2016
2016-03-17 12:10 INFO:       verbose: 0
2016-03-17 12:10 INFO: Result
2016-03-17 12:10 INFO:       Run      RMSE        Shape
2016-03-17 12:56 INFO:         1    0.457748    23167 x 894
2016-03-17 13:41 INFO:         2    0.460374    21940 x 894
2016-03-17 14:28 INFO:         3    0.458811    22182 x 894
2016-03-17 15:11 INFO:         4    0.459227    21966 x 894
2016-03-17 15:58 INFO:         5    0.460445    21961 x 894
2016-03-17 15:58 INFO: RMSE
2016-03-17 15:58 INFO:       Mean: 0.459321
2016-03-17 15:58 INFO:       Std: 0.001011
2016-03-17 15:58 INFO: Time
2016-03-17 15:58 INFO:       13701.755031108856
2016-03-17 15:58 INFO: --------------------------------------------------
2016-03-17 18:29 INFO: tpe_transform took 0.000000 seconds
2016-03-17 18:29 INFO: TPE using 16/16 trials with best loss 0.454667
2016-03-17 18:29 INFO: --------------------------------------------------
2016-03-17 18:29 INFO: Task
2016-03-17 18:29 INFO:       [Feat@basic20160313]_[Learner@reg_skl_gbm]_[Id@17]
2016-03-17 18:29 INFO: Param
2016-03-17 18:29 INFO:       learning_rate: 0.004
2016-03-17 18:29 INFO:       max_depth: 1
2016-03-17 18:29 INFO:       max_features: 0.7000000000000001
2016-03-17 18:29 INFO:       min_samples_leaf: 6
2016-03-17 18:29 INFO:       n_estimators: 520
2016-03-17 18:29 INFO:       random_state: 2016
2016-03-17 18:29 INFO:       verbose: 0
2016-03-17 18:29 INFO: Result
2016-03-17 18:29 INFO:       Run      RMSE        Shape
2016-03-17 18:46 INFO:         1    0.484338    23167 x 894
2016-03-17 19:03 INFO:         2    0.486065    21940 x 894
2016-03-17 19:20 INFO:         3    0.485128    22182 x 894
2016-03-17 19:37 INFO:         4    0.485762    21966 x 894
2016-03-17 19:53 INFO:         5    0.485494    21961 x 894
2016-03-17 19:53 INFO: RMSE
2016-03-17 19:53 INFO:       Mean: 0.485357
2016-03-17 19:53 INFO:       Std: 0.000596
2016-03-17 19:53 INFO: Time
2016-03-17 19:53 INFO:       5026.024617910385
2016-03-17 19:53 INFO: --------------------------------------------------
2016-03-17 20:45 INFO: tpe_transform took 0.000000 seconds
2016-03-17 20:45 INFO: TPE using 17/17 trials with best loss 0.454667
2016-03-17 20:45 INFO: --------------------------------------------------
2016-03-17 20:45 INFO: Task
2016-03-17 20:45 INFO:       [Feat@basic20160313]_[Learner@reg_skl_gbm]_[Id@18]
2016-03-17 20:45 INFO: Param
2016-03-17 20:45 INFO:       learning_rate: 0.038
2016-03-17 20:45 INFO:       max_depth: 5
2016-03-17 20:45 INFO:       max_features: 0.25
2016-03-17 20:45 INFO:       min_samples_leaf: 5
2016-03-17 20:45 INFO:       n_estimators: 260
2016-03-17 20:45 INFO:       random_state: 2016
2016-03-17 20:45 INFO:       verbose: 0
2016-03-17 20:45 INFO: Result
2016-03-17 20:45 INFO:       Run      RMSE        Shape
2016-03-17 20:57 INFO:         1    0.455314    23167 x 894
2016-03-17 21:07 INFO:         2    0.457117    21940 x 894
2016-03-17 21:18 INFO:         3    0.455464    22182 x 894
2016-03-17 21:28 INFO:         4    0.456126    21966 x 894
2016-03-17 21:38 INFO:         5    0.457214    21961 x 894
2016-03-17 21:38 INFO: RMSE
2016-03-17 21:38 INFO:       Mean: 0.456247
2016-03-17 21:38 INFO:       Std: 0.000799
2016-03-17 21:38 INFO: Time
2016-03-17 21:38 INFO:       3179.9754610061646
2016-03-17 21:38 INFO: --------------------------------------------------
2016-03-17 22:16 INFO: tpe_transform took 0.015600 seconds
2016-03-17 22:16 INFO: TPE using 18/18 trials with best loss 0.454667
2016-03-17 22:16 INFO: --------------------------------------------------
2016-03-17 22:16 INFO: Task
2016-03-17 22:16 INFO:       [Feat@basic20160313]_[Learner@reg_skl_gbm]_[Id@19]
2016-03-17 22:16 INFO: Param
2016-03-17 22:16 INFO:       learning_rate: 0.036000000000000004
2016-03-17 22:16 INFO:       max_depth: 9
2016-03-17 22:16 INFO:       max_features: 0.2
2016-03-17 22:16 INFO:       min_samples_leaf: 2
2016-03-17 22:16 INFO:       n_estimators: 690
2016-03-17 22:16 INFO:       random_state: 2016
2016-03-17 22:16 INFO:       verbose: 0
2016-03-17 22:16 INFO: Result
2016-03-17 22:16 INFO:       Run      RMSE        Shape
2016-03-17 22:59 INFO:         1    0.457013    23167 x 894
2016-03-17 23:41 INFO:         2    0.459382    21940 x 894
2016-03-18 00:21 INFO:         3    0.457995    22182 x 894
2016-03-18 01:01 INFO:         4    0.458293    21966 x 894
2016-03-18 01:42 INFO:         5    0.458904    21961 x 894
2016-03-18 01:42 INFO: RMSE
2016-03-18 01:42 INFO:       Mean: 0.458317
2016-03-18 01:42 INFO:       Std: 0.000810
2016-03-18 01:42 INFO: Time
2016-03-18 01:42 INFO:       12362.814048290253
2016-03-18 01:42 INFO: --------------------------------------------------
2016-03-18 04:18 INFO: tpe_transform took 0.000000 seconds
2016-03-18 04:18 INFO: TPE using 19/19 trials with best loss 0.454667
2016-03-18 04:18 INFO: --------------------------------------------------
2016-03-18 04:18 INFO: Task
2016-03-18 04:18 INFO:       [Feat@basic20160313]_[Learner@reg_skl_gbm]_[Id@20]
2016-03-18 04:18 INFO: Param
2016-03-18 04:18 INFO:       learning_rate: 0.004
2016-03-18 04:18 INFO:       max_depth: 5
2016-03-18 04:18 INFO:       max_features: 1.0
2016-03-18 04:18 INFO:       min_samples_leaf: 10
2016-03-18 04:18 INFO:       n_estimators: 1000
2016-03-18 04:18 INFO:       random_state: 2016
2016-03-18 04:18 INFO:       verbose: 0
2016-03-18 04:18 INFO: Result
2016-03-18 04:18 INFO:       Run      RMSE        Shape
2016-03-18 05:57 INFO:         1    0.457654    23167 x 894
2016-03-18 07:35 INFO:         2    0.459319    21940 x 894
2016-03-18 09:17 INFO:         3     0.45785    22182 x 894
2016-03-18 10:55 INFO:         4    0.458525    21966 x 894
2016-03-18 12:37 INFO:         5    0.459653    21961 x 894
2016-03-18 12:37 INFO: RMSE
2016-03-18 12:37 INFO:       Mean: 0.458600
2016-03-18 12:37 INFO:       Std: 0.000786
2016-03-18 12:37 INFO: Time
2016-03-18 12:37 INFO:       29972.90604043007
2016-03-18 12:37 INFO: --------------------------------------------------
2016-03-18 17:27 INFO: tpe_transform took 0.004000 seconds
2016-03-18 17:27 INFO: TPE using 20/20 trials with best loss 0.454667
2016-03-18 17:27 INFO: --------------------------------------------------
2016-03-18 17:27 INFO: Task
2016-03-18 17:27 INFO:       [Feat@basic20160313]_[Learner@reg_skl_gbm]_[Id@21]
2016-03-18 17:27 INFO: Param
2016-03-18 17:27 INFO:       learning_rate: 0.016
2016-03-18 17:27 INFO:       max_depth: 2
2016-03-18 17:27 INFO:       max_features: 0.1
2016-03-18 17:27 INFO:       min_samples_leaf: 6
2016-03-18 17:27 INFO:       n_estimators: 840
2016-03-18 17:27 INFO:       random_state: 2016
2016-03-18 17:27 INFO:       verbose: 0
2016-03-18 17:27 INFO: Result
2016-03-18 17:27 INFO:       Run      RMSE        Shape
2016-03-18 17:52 INFO:         1    0.460341    23167 x 894
2016-03-18 18:14 INFO:         2    0.462023    21940 x 894
2016-03-18 18:37 INFO:         3    0.460179    22182 x 894
2016-03-18 19:01 INFO:         4    0.461293    21966 x 894
2016-03-18 19:23 INFO:         5    0.462029    21961 x 894
2016-03-18 19:23 INFO: RMSE
2016-03-18 19:23 INFO:       Mean: 0.461173
2016-03-18 19:23 INFO:       Std: 0.000794
2016-03-18 19:23 INFO: Time
2016-03-18 19:23 INFO:       6995.354823112488
2016-03-18 19:23 INFO: --------------------------------------------------
2016-03-18 20:59 INFO: tpe_transform took 0.003000 seconds
2016-03-18 20:59 INFO: TPE using 21/21 trials with best loss 0.454667
2016-03-18 20:59 INFO: --------------------------------------------------
2016-03-18 20:59 INFO: Task
2016-03-18 20:59 INFO:       [Feat@basic20160313]_[Learner@reg_skl_gbm]_[Id@22]
2016-03-18 20:59 INFO: Param
2016-03-18 20:59 INFO:       learning_rate: 0.01
2016-03-18 20:59 INFO:       max_depth: 3
2016-03-18 20:59 INFO:       max_features: 0.1
2016-03-18 20:59 INFO:       min_samples_leaf: 11
2016-03-18 20:59 INFO:       n_estimators: 870
2016-03-18 20:59 INFO:       random_state: 2016
2016-03-18 20:59 INFO:       verbose: 0
2016-03-18 20:59 INFO: Result
2016-03-18 20:59 INFO:       Run      RMSE        Shape
2016-03-18 21:30 INFO:         1    0.458692    23167 x 894
2016-03-18 22:00 INFO:         2     0.46062    21940 x 894
2016-03-18 22:29 INFO:         3    0.458568    22182 x 894
2016-03-18 22:59 INFO:         4    0.459595    21966 x 894
2016-03-18 23:29 INFO:         5    0.460406    21961 x 894
2016-03-18 23:29 INFO: RMSE
2016-03-18 23:29 INFO:       Mean: 0.459576
2016-03-18 23:29 INFO:       Std: 0.000846
2016-03-18 23:29 INFO: Time
2016-03-18 23:29 INFO:       8994.625306844711
2016-03-18 23:29 INFO: --------------------------------------------------
2016-03-19 01:11 INFO: tpe_transform took 0.004000 seconds
2016-03-19 01:11 INFO: TPE using 22/22 trials with best loss 0.454667
2016-03-19 01:11 INFO: --------------------------------------------------
2016-03-19 01:11 INFO: Task
2016-03-19 01:11 INFO:       [Feat@basic20160313]_[Learner@reg_skl_gbm]_[Id@23]
2016-03-19 01:11 INFO: Param
2016-03-19 01:11 INFO:       learning_rate: 0.024
2016-03-19 01:11 INFO:       max_depth: 10
2016-03-19 01:11 INFO:       max_features: 0.65
2016-03-19 01:11 INFO:       min_samples_leaf: 6
2016-03-19 01:11 INFO:       n_estimators: 730
2016-03-19 01:11 INFO:       random_state: 2016
2016-03-19 01:11 INFO:       verbose: 0
2016-03-19 01:11 INFO: Result
2016-03-19 01:11 INFO:       Run      RMSE        Shape
2016-03-19 03:22 INFO:         1    0.456655    23167 x 894
2016-03-19 05:22 INFO:         2    0.458945    21940 x 894
2016-03-19 07:25 INFO:         3     0.45701    22182 x 894
2016-03-19 09:30 INFO:         4    0.458039    21966 x 894
2016-03-19 11:33 INFO:         5    0.458426    21961 x 894
2016-03-19 11:33 INFO: RMSE
2016-03-19 11:33 INFO:       Mean: 0.457815
2016-03-19 11:33 INFO:       Std: 0.000860
2016-03-19 11:33 INFO: Time
2016-03-19 11:33 INFO:       37355.26695227623
2016-03-19 11:33 INFO: --------------------------------------------------
