[2016-04-21 04:54:37,034] INFO: tpe_transform took 0.006031 seconds
[2016-04-21 04:54:37,035] INFO: TPE using 0 trials
[2016-04-21 04:54:37,037] INFO: ==================================================
[2016-04-21 04:54:37,037] INFO: Task
[2016-04-21 04:54:37,038] INFO:       [Feat@basic_nonlinear_201604210409]_[Learner@reg_rgf]_[Id@1]
[2016-04-21 04:54:37,038] INFO: Param
[2016-04-21 04:54:37,038] INFO:       max_leaf_forest: 280
[2016-04-21 04:54:37,038] INFO:       min_pop: 10
[2016-04-21 04:54:37,038] INFO:       num_iteration_opt: 6
[2016-04-21 04:54:37,038] INFO:       num_tree_search: 3
[2016-04-21 04:54:37,038] INFO:       opt_interval: 100
[2016-04-21 04:54:37,038] INFO:       opt_stepsize: 0.2
[2016-04-21 04:54:37,039] INFO:       reg_L2: 8.857998217248467
[2016-04-21 04:54:37,039] INFO:       reg_sL2: 0.03836408336748021
[2016-04-21 04:54:37,039] INFO: Result
[2016-04-21 04:54:37,039] INFO:       Run      RMSE        Shape
[2016-04-21 05:04:22,712] INFO:         1    0.490682    23167 x 1216
[2016-04-21 05:14:41,956] INFO:         2    0.493173    21940 x 1216
[2016-04-21 05:24:45,685] INFO:         3    0.492917    22182 x 1216
[2016-04-21 05:34:49,900] INFO:         4    0.493883    21966 x 1216
[2016-04-21 05:45:16,472] INFO:         5    0.493509    21961 x 1216
[2016-04-21 05:45:16,673] INFO: RMSE
[2016-04-21 05:45:16,673] INFO:       Mean: 0.492833
[2016-04-21 05:45:16,674] INFO:       Std: 0.001123
[2016-04-21 05:45:16,674] INFO: Time
[2016-04-21 05:45:16,674] INFO:       50 mins
[2016-04-21 05:45:16,674] INFO: --------------------------------------------------
[2016-04-21 06:13:18,321] INFO: tpe_transform took 0.006385 seconds
[2016-04-21 06:13:18,321] INFO: TPE using 1/1 trials with best loss 0.492833
[2016-04-21 06:13:18,324] INFO: ==================================================
[2016-04-21 06:13:18,324] INFO: Task
[2016-04-21 06:13:18,324] INFO:       [Feat@basic_nonlinear_201604210409]_[Learner@reg_rgf]_[Id@2]
[2016-04-21 06:13:18,324] INFO: Param
[2016-04-21 06:13:18,324] INFO:       max_leaf_forest: 140
[2016-04-21 06:13:18,324] INFO:       min_pop: 12
[2016-04-21 06:13:18,325] INFO:       num_iteration_opt: 13
[2016-04-21 06:13:18,325] INFO:       num_tree_search: 1
[2016-04-21 06:13:18,325] INFO:       opt_interval: 170
[2016-04-21 06:13:18,325] INFO:       opt_stepsize: 0.5
[2016-04-21 06:13:18,325] INFO:       reg_L2: 3.6805118409768895
[2016-04-21 06:13:18,325] INFO:       reg_sL2: 1.3199162200121165e-05
[2016-04-21 06:13:18,325] INFO: Result
[2016-04-21 06:13:18,325] INFO:       Run      RMSE        Shape
[2016-04-21 06:15:54,049] INFO:         1    0.490385    23167 x 1216
[2016-04-21 06:18:27,954] INFO:         2    0.492109    21940 x 1216
[2016-04-21 06:21:02,094] INFO:         3    0.495602    22182 x 1216
[2016-04-21 06:23:36,906] INFO:         4    0.495836    21966 x 1216
[2016-04-21 06:26:09,896] INFO:         5    0.501784    21961 x 1216
[2016-04-21 06:26:10,096] INFO: RMSE
[2016-04-21 06:26:10,096] INFO:       Mean: 0.495143
[2016-04-21 06:26:10,096] INFO:       Std: 0.003915
[2016-04-21 06:26:10,096] INFO: Time
[2016-04-21 06:26:10,097] INFO:       12 mins
[2016-04-21 06:26:10,097] INFO: --------------------------------------------------
[2016-04-21 06:35:15,899] INFO: tpe_transform took 0.006604 seconds
[2016-04-21 06:35:15,900] INFO: TPE using 2/2 trials with best loss 0.492833
[2016-04-21 06:35:15,902] INFO: ==================================================
[2016-04-21 06:35:15,902] INFO: Task
[2016-04-21 06:35:15,903] INFO:       [Feat@basic_nonlinear_201604210409]_[Learner@reg_rgf]_[Id@3]
[2016-04-21 06:35:15,903] INFO: Param
[2016-04-21 06:35:15,903] INFO:       max_leaf_forest: 300
[2016-04-21 06:35:15,903] INFO:       min_pop: 19
[2016-04-21 06:35:15,903] INFO:       num_iteration_opt: 19
[2016-04-21 06:35:15,903] INFO:       num_tree_search: 6
[2016-04-21 06:35:15,903] INFO:       opt_interval: 140
[2016-04-21 06:35:15,903] INFO:       opt_stepsize: 0.30000000000000004
[2016-04-21 06:35:15,904] INFO:       reg_L2: 0.14258591955654815
[2016-04-21 06:35:15,904] INFO:       reg_sL2: 9.502058168767778e-05
[2016-04-21 06:35:15,904] INFO: Result
[2016-04-21 06:35:15,904] INFO:       Run      RMSE        Shape
[2016-04-21 06:55:10,133] INFO:         1    0.456026    23167 x 1216
[2016-04-21 07:14:51,242] INFO:         2     0.45727    21940 x 1216
[2016-04-21 07:34:04,248] INFO:         3    0.455403    22182 x 1216
[2016-04-21 07:54:01,444] INFO:         4    0.457246    21966 x 1216
[2016-04-21 08:14:31,891] INFO:         5    0.456577    21961 x 1216
[2016-04-21 08:14:32,092] INFO: RMSE
[2016-04-21 08:14:32,092] INFO:       Mean: 0.456505
[2016-04-21 08:14:32,092] INFO:       Std: 0.000719
[2016-04-21 08:14:32,092] INFO: Time
[2016-04-21 08:14:32,092] INFO:       99 mins
[2016-04-21 08:14:32,092] INFO: --------------------------------------------------
[2016-04-21 09:26:14,917] INFO: tpe_transform took 0.006448 seconds
[2016-04-21 09:26:14,917] INFO: TPE using 3/3 trials with best loss 0.456505
[2016-04-21 09:26:14,920] INFO: ==================================================
[2016-04-21 09:26:14,920] INFO: Task
[2016-04-21 09:26:14,920] INFO:       [Feat@basic_nonlinear_201604210409]_[Learner@reg_rgf]_[Id@4]
[2016-04-21 09:26:14,920] INFO: Param
[2016-04-21 09:26:14,920] INFO:       max_leaf_forest: 600
[2016-04-21 09:26:14,921] INFO:       min_pop: 16
[2016-04-21 09:26:14,921] INFO:       num_iteration_opt: 18
[2016-04-21 09:26:14,921] INFO:       num_tree_search: 4
[2016-04-21 09:26:14,921] INFO:       opt_interval: 110
[2016-04-21 09:26:14,921] INFO:       opt_stepsize: 0.8
[2016-04-21 09:26:14,921] INFO:       reg_L2: 2.1712132205683394
[2016-04-21 09:26:14,921] INFO:       reg_sL2: 0.000477371599756673
[2016-04-21 09:26:14,921] INFO: Result
[2016-04-21 09:26:14,921] INFO:       Run      RMSE        Shape
[2016-04-21 09:52:56,011] INFO:         1    0.465441    23167 x 1216
[2016-04-21 10:18:58,098] INFO:         2     0.47108    21940 x 1216
[2016-04-21 10:44:42,614] INFO:         3    0.470633    22182 x 1216
[2016-04-21 11:11:22,789] INFO:         4     0.47179    21966 x 1216
[2016-04-21 11:37:32,318] INFO:         5    0.466972    21961 x 1216
[2016-04-21 11:37:32,519] INFO: RMSE
[2016-04-21 11:37:32,519] INFO:       Mean: 0.469183
[2016-04-21 11:37:32,519] INFO:       Std: 0.002505
[2016-04-21 11:37:32,519] INFO: Time
[2016-04-21 11:37:32,519] INFO:       131 mins
[2016-04-21 11:37:32,519] INFO: --------------------------------------------------
[2016-04-21 13:05:17,813] INFO: tpe_transform took 0.006486 seconds
[2016-04-21 13:05:17,813] INFO: TPE using 4/4 trials with best loss 0.456505
[2016-04-21 13:05:17,816] INFO: ==================================================
[2016-04-21 13:05:17,816] INFO: Task
[2016-04-21 13:05:17,816] INFO:       [Feat@basic_nonlinear_201604210409]_[Learner@reg_rgf]_[Id@5]
[2016-04-21 13:05:17,816] INFO: Param
[2016-04-21 13:05:17,816] INFO:       max_leaf_forest: 670
[2016-04-21 13:05:17,817] INFO:       min_pop: 8
[2016-04-21 13:05:17,817] INFO:       num_iteration_opt: 16
[2016-04-21 13:05:17,817] INFO:       num_tree_search: 6
[2016-04-21 13:05:17,817] INFO:       opt_interval: 160
[2016-04-21 13:05:17,817] INFO:       opt_stepsize: 0.4
[2016-04-21 13:05:17,817] INFO:       reg_L2: 3.6233688070454693
[2016-04-21 13:05:17,817] INFO:       reg_sL2: 0.006150686452951425
[2016-04-21 13:05:17,817] INFO: Result
[2016-04-21 13:05:17,817] INFO:       Run      RMSE        Shape
[2016-04-21 13:50:42,842] INFO:         1    0.478458    23167 x 1216
[2016-04-21 14:36:31,401] INFO:         2    0.489843    21940 x 1216
[2016-04-21 15:20:45,919] INFO:         3    0.486633    22182 x 1216
[2016-04-21 16:05:32,247] INFO:         4    0.483407    21966 x 1216
[2016-04-21 16:49:43,755] INFO:         5    0.484445    21961 x 1216
[2016-04-21 16:49:43,954] INFO: RMSE
[2016-04-21 16:49:43,954] INFO:       Mean: 0.484557
[2016-04-21 16:49:43,954] INFO:       Std: 0.003763
[2016-04-21 16:49:43,955] INFO: Time
[2016-04-21 16:49:43,955] INFO:       224 mins
[2016-04-21 16:49:43,955] INFO: --------------------------------------------------
[2016-04-21 19:23:30,825] INFO: tpe_transform took 0.006421 seconds
[2016-04-21 19:23:30,825] INFO: TPE using 5/5 trials with best loss 0.456505
[2016-04-21 19:23:30,828] INFO: ==================================================
[2016-04-21 19:23:30,828] INFO: Task
[2016-04-21 19:23:30,828] INFO:       [Feat@basic_nonlinear_201604210409]_[Learner@reg_rgf]_[Id@6]
[2016-04-21 19:23:30,828] INFO: Param
[2016-04-21 19:23:30,828] INFO:       max_leaf_forest: 930
[2016-04-21 19:23:30,828] INFO:       min_pop: 17
[2016-04-21 19:23:30,828] INFO:       num_iteration_opt: 11
[2016-04-21 19:23:30,828] INFO:       num_tree_search: 5
[2016-04-21 19:23:30,829] INFO:       opt_interval: 170
[2016-04-21 19:23:30,829] INFO:       opt_stepsize: 0.8
[2016-04-21 19:23:30,829] INFO:       reg_L2: 7.964104523373139
[2016-04-21 19:23:30,829] INFO:       reg_sL2: 0.0004503255233986138
[2016-04-21 19:23:30,829] INFO: Result
[2016-04-21 19:23:30,829] INFO:       Run      RMSE        Shape
[2016-04-21 20:16:20,559] INFO:         1    0.496477    23167 x 1216
[2016-04-21 21:06:27,883] INFO:         2    0.502891    21940 x 1216
[2016-04-21 21:56:21,986] INFO:         3     0.50377    22182 x 1216
[2016-04-21 22:46:13,811] INFO:         4    0.500683    21966 x 1216
[2016-04-21 23:36:08,631] INFO:         5    0.503982    21961 x 1216
[2016-04-21 23:36:08,832] INFO: RMSE
[2016-04-21 23:36:08,833] INFO:       Mean: 0.501561
[2016-04-21 23:36:08,833] INFO:       Std: 0.002797
[2016-04-21 23:36:08,833] INFO: Time
[2016-04-21 23:36:08,833] INFO:       252 mins
[2016-04-21 23:36:08,833] INFO: --------------------------------------------------
[2016-04-22 02:34:01,449] INFO: tpe_transform took 0.006459 seconds
[2016-04-22 02:34:01,449] INFO: TPE using 6/6 trials with best loss 0.456505
[2016-04-22 02:34:01,452] INFO: ==================================================
[2016-04-22 02:34:01,452] INFO: Task
[2016-04-22 02:34:01,452] INFO:       [Feat@basic_nonlinear_201604210409]_[Learner@reg_rgf]_[Id@7]
[2016-04-22 02:34:01,452] INFO: Param
[2016-04-22 02:34:01,452] INFO:       max_leaf_forest: 520
[2016-04-22 02:34:01,452] INFO:       min_pop: 8
[2016-04-22 02:34:01,452] INFO:       num_iteration_opt: 5
[2016-04-22 02:34:01,452] INFO:       num_tree_search: 8
[2016-04-22 02:34:01,453] INFO:       opt_interval: 150
[2016-04-22 02:34:01,453] INFO:       opt_stepsize: 0.4
[2016-04-22 02:34:01,453] INFO:       reg_L2: 1.9997325148195195
[2016-04-22 02:34:01,453] INFO:       reg_sL2: 0.0010128235619449345
[2016-04-22 02:34:01,453] INFO: Result
[2016-04-22 02:34:01,453] INFO:       Run      RMSE        Shape
[2016-04-22 03:22:57,053] INFO:         1    0.499084    23167 x 1216
[2016-04-22 04:06:53,854] INFO:         2    0.490954    21940 x 1216
[2016-04-22 04:52:00,605] INFO:         3    0.490948    22182 x 1216
[2016-04-22 05:37:25,159] INFO:         4    0.495464    21966 x 1216
[2016-04-22 06:22:19,000] INFO:         5    0.490028    21961 x 1216
[2016-04-22 06:22:19,205] INFO: RMSE
[2016-04-22 06:22:19,205] INFO:       Mean: 0.493295
[2016-04-22 06:22:19,205] INFO:       Std: 0.003461
[2016-04-22 06:22:19,205] INFO: Time
[2016-04-22 06:22:19,205] INFO:       228 mins
[2016-04-22 06:22:19,205] INFO: --------------------------------------------------
[2016-04-22 08:56:52,772] INFO: tpe_transform took 0.006443 seconds
[2016-04-22 08:56:52,772] INFO: TPE using 7/7 trials with best loss 0.456505
[2016-04-22 08:56:52,775] INFO: ==================================================
[2016-04-22 08:56:52,775] INFO: Task
[2016-04-22 08:56:52,775] INFO:       [Feat@basic_nonlinear_201604210409]_[Learner@reg_rgf]_[Id@8]
[2016-04-22 08:56:52,775] INFO: Param
[2016-04-22 08:56:52,775] INFO:       max_leaf_forest: 50
[2016-04-22 08:56:52,775] INFO:       min_pop: 2
[2016-04-22 08:56:52,775] INFO:       num_iteration_opt: 11
[2016-04-22 08:56:52,776] INFO:       num_tree_search: 2
[2016-04-22 08:56:52,776] INFO:       opt_interval: 80
[2016-04-22 08:56:52,776] INFO:       opt_stepsize: 0.7000000000000001
[2016-04-22 08:56:52,776] INFO:       reg_L2: 7.741710340304962
[2016-04-22 08:56:52,776] INFO:       reg_sL2: 4.666787883784778e-05
[2016-04-22 08:56:52,776] INFO: Result
[2016-04-22 08:56:52,776] INFO:       Run      RMSE        Shape
[2016-04-22 08:58:58,160] INFO:         1    0.512772    23167 x 1216
[2016-04-22 09:01:04,699] INFO:         2    0.514981    21940 x 1216
[2016-04-22 09:03:13,841] INFO:         3    0.517458    22182 x 1216
[2016-04-22 09:05:22,835] INFO:         4    0.519194    21966 x 1216
[2016-04-22 09:07:34,381] INFO:         5    0.517341    21961 x 1216
[2016-04-22 09:07:34,580] INFO: RMSE
[2016-04-22 09:07:34,580] INFO:       Mean: 0.516349
[2016-04-22 09:07:34,580] INFO:       Std: 0.002235
[2016-04-22 09:07:34,580] INFO: Time
[2016-04-22 09:07:34,580] INFO:       10 mins
[2016-04-22 09:07:34,581] INFO: --------------------------------------------------
[2016-04-22 09:14:37,228] INFO: tpe_transform took 0.006463 seconds
[2016-04-22 09:14:37,228] INFO: TPE using 8/8 trials with best loss 0.456505
[2016-04-22 09:14:37,230] INFO: ==================================================
[2016-04-22 09:14:37,231] INFO: Task
[2016-04-22 09:14:37,231] INFO:       [Feat@basic_nonlinear_201604210409]_[Learner@reg_rgf]_[Id@9]
[2016-04-22 09:14:37,231] INFO: Param
[2016-04-22 09:14:37,231] INFO:       max_leaf_forest: 240
[2016-04-22 09:14:37,231] INFO:       min_pop: 10
[2016-04-22 09:14:37,231] INFO:       num_iteration_opt: 6
[2016-04-22 09:14:37,231] INFO:       num_tree_search: 9
[2016-04-22 09:14:37,231] INFO:       opt_interval: 150
[2016-04-22 09:14:37,232] INFO:       opt_stepsize: 0.8
[2016-04-22 09:14:37,232] INFO:       reg_L2: 0.2681701569375701
[2016-04-22 09:14:37,232] INFO:       reg_sL2: 2.8755531220950944e-05
[2016-04-22 09:14:37,232] INFO: Result
[2016-04-22 09:14:37,232] INFO:       Run      RMSE        Shape
[2016-04-22 09:37:15,441] INFO:         1    0.464732    23167 x 1216
[2016-04-22 09:58:53,601] INFO:         2    0.467542    21940 x 1216
[2016-04-22 10:35:31,584] INFO:         3    0.463121    22182 x 1216
[2016-04-22 11:06:56,001] INFO:         4    0.462531    21966 x 1216
[2016-04-22 11:32:02,982] INFO:         5    0.464403    21961 x 1216
[2016-04-22 11:32:03,207] INFO: RMSE
[2016-04-22 11:32:03,207] INFO:       Mean: 0.464466
[2016-04-22 11:32:03,207] INFO:       Std: 0.001737
[2016-04-22 11:32:03,207] INFO: Time
[2016-04-22 11:32:03,207] INFO:       137 mins
[2016-04-22 11:32:03,208] INFO: --------------------------------------------------
[2016-04-22 12:40:50,092] INFO: tpe_transform took 0.006474 seconds
[2016-04-22 12:40:50,092] INFO: TPE using 9/9 trials with best loss 0.456505
[2016-04-22 12:40:50,095] INFO: ==================================================
[2016-04-22 12:40:50,095] INFO: Task
[2016-04-22 12:40:50,095] INFO:       [Feat@basic_nonlinear_201604210409]_[Learner@reg_rgf]_[Id@10]
[2016-04-22 12:40:50,095] INFO: Param
[2016-04-22 12:40:50,095] INFO:       max_leaf_forest: 700
[2016-04-22 12:40:50,095] INFO:       min_pop: 8
[2016-04-22 12:40:50,096] INFO:       num_iteration_opt: 19
[2016-04-22 12:40:50,096] INFO:       num_tree_search: 6
[2016-04-22 12:40:50,096] INFO:       opt_interval: 10
[2016-04-22 12:40:50,096] INFO:       opt_stepsize: 0.2
[2016-04-22 12:40:50,096] INFO:       reg_L2: 0.8306237710884455
[2016-04-22 12:40:50,096] INFO:       reg_sL2: 0.0024135830144125414
[2016-04-22 12:40:50,096] INFO: Result
[2016-04-22 12:40:50,096] INFO:       Run      RMSE        Shape
[2016-04-22 13:27:08,516] INFO:         1    0.455121    23167 x 1216
[2016-04-22 14:14:45,461] INFO:         2    0.466424    21940 x 1216
[2016-04-22 15:00:46,322] INFO:         3    0.460571    22182 x 1216
[2016-04-22 15:45:26,597] INFO:         4    0.457978    21966 x 1216
[2016-04-22 16:31:57,619] INFO:         5     0.45575    21961 x 1216
[2016-04-22 16:31:57,832] INFO: RMSE
[2016-04-22 16:31:57,832] INFO:       Mean: 0.459169
[2016-04-22 16:31:57,832] INFO:       Std: 0.004101
[2016-04-22 16:31:57,833] INFO: Time
[2016-04-22 16:31:57,833] INFO:       231 mins
[2016-04-22 16:31:57,833] INFO: --------------------------------------------------
[2016-04-22 18:55:15,536] INFO: tpe_transform took 0.006459 seconds
[2016-04-22 18:55:15,549] INFO: TPE using 10/10 trials with best loss 0.456505
[2016-04-22 18:55:15,552] INFO: ==================================================
[2016-04-22 18:55:15,552] INFO: Task
[2016-04-22 18:55:15,552] INFO:       [Feat@basic_nonlinear_201604210409]_[Learner@reg_rgf]_[Id@11]
[2016-04-22 18:55:15,552] INFO: Param
[2016-04-22 18:55:15,552] INFO:       max_leaf_forest: 600
[2016-04-22 18:55:15,552] INFO:       min_pop: 6
[2016-04-22 18:55:15,552] INFO:       num_iteration_opt: 15
[2016-04-22 18:55:15,552] INFO:       num_tree_search: 9
[2016-04-22 18:55:15,553] INFO:       opt_interval: 110
[2016-04-22 18:55:15,553] INFO:       opt_stepsize: 0.2
[2016-04-22 18:55:15,553] INFO:       reg_L2: 1.0890253450040361
[2016-04-22 18:55:15,553] INFO:       reg_sL2: 0.06312505759532692
[2016-04-22 18:55:15,553] INFO: Result
[2016-04-22 18:55:15,553] INFO:       Run      RMSE        Shape
[2016-04-22 19:49:50,674] INFO:         1    0.448597    23167 x 1216
[2016-04-22 20:43:37,828] INFO:         2    0.450181    21940 x 1216
[2016-04-22 21:38:50,280] INFO:         3    0.449125    22182 x 1216
[2016-04-22 22:31:37,929] INFO:         4     0.44945    21966 x 1216
[2016-04-22 23:24:43,784] INFO:         5    0.450121    21961 x 1216
[2016-04-22 23:24:43,987] INFO: RMSE
[2016-04-22 23:24:43,987] INFO:       Mean: 0.449495
[2016-04-22 23:24:43,987] INFO:       Std: 0.000601
[2016-04-22 23:24:43,987] INFO: Time
[2016-04-22 23:24:43,987] INFO:       269 mins
[2016-04-22 23:24:43,987] INFO: --------------------------------------------------
[2016-04-23 01:55:11,488] INFO: tpe_transform took 0.006458 seconds
[2016-04-23 01:55:11,488] INFO: TPE using 11/11 trials with best loss 0.449495
[2016-04-23 01:55:11,491] INFO: ==================================================
[2016-04-23 01:55:11,491] INFO: Task
[2016-04-23 01:55:11,491] INFO:       [Feat@basic_nonlinear_201604210409]_[Learner@reg_rgf]_[Id@12]
[2016-04-23 01:55:11,491] INFO: Param
[2016-04-23 01:55:11,491] INFO:       max_leaf_forest: 130
[2016-04-23 01:55:11,492] INFO:       min_pop: 7
[2016-04-23 01:55:11,492] INFO:       num_iteration_opt: 12
[2016-04-23 01:55:11,492] INFO:       num_tree_search: 9
[2016-04-23 01:55:11,492] INFO:       opt_interval: 50
[2016-04-23 01:55:11,492] INFO:       opt_stepsize: 0.2
[2016-04-23 01:55:11,492] INFO:       reg_L2: 0.33051927768523404
[2016-04-23 01:55:11,492] INFO:       reg_sL2: 0.0008109462745945417
[2016-04-23 01:55:11,492] INFO: Result
[2016-04-23 01:55:11,492] INFO:       Run      RMSE        Shape
[2016-04-23 02:06:24,910] INFO:         1    0.461065    23167 x 1216
[2016-04-23 02:17:15,064] INFO:         2    0.462447    21940 x 1216
[2016-04-23 02:27:52,065] INFO:         3    0.460202    22182 x 1216
[2016-04-23 02:38:14,629] INFO:         4    0.463565    21966 x 1216
[2016-04-23 02:49:10,974] INFO:         5    0.461358    21961 x 1216
[2016-04-23 02:49:11,173] INFO: RMSE
[2016-04-23 02:49:11,173] INFO:       Mean: 0.461727
[2016-04-23 02:49:11,173] INFO:       Std: 0.001166
[2016-04-23 02:49:11,173] INFO: Time
[2016-04-23 02:49:11,174] INFO:       53 mins
[2016-04-23 02:49:11,174] INFO: --------------------------------------------------
[2016-04-23 03:23:29,179] INFO: tpe_transform took 0.006713 seconds
[2016-04-23 03:23:29,179] INFO: TPE using 12/12 trials with best loss 0.449495
[2016-04-23 03:23:29,182] INFO: ==================================================
[2016-04-23 03:23:29,182] INFO: Task
[2016-04-23 03:23:29,182] INFO:       [Feat@basic_nonlinear_201604210409]_[Learner@reg_rgf]_[Id@13]
[2016-04-23 03:23:29,182] INFO: Param
[2016-04-23 03:23:29,182] INFO:       max_leaf_forest: 80
[2016-04-23 03:23:29,182] INFO:       min_pop: 8
[2016-04-23 03:23:29,182] INFO:       num_iteration_opt: 5
[2016-04-23 03:23:29,182] INFO:       num_tree_search: 6
[2016-04-23 03:23:29,183] INFO:       opt_interval: 100
[2016-04-23 03:23:29,183] INFO:       opt_stepsize: 0.1
[2016-04-23 03:23:29,183] INFO:       reg_L2: 0.38028442688204284
[2016-04-23 03:23:29,183] INFO:       reg_sL2: 0.06153721771360923
[2016-04-23 03:23:29,183] INFO: Result
[2016-04-23 03:23:29,183] INFO:       Run      RMSE        Shape
[2016-04-23 03:28:16,009] INFO:         1    0.471737    23167 x 1216
[2016-04-23 03:33:19,643] INFO:         2    0.472424    21940 x 1216
[2016-04-23 03:37:55,131] INFO:         3    0.473028    22182 x 1216
[2016-04-23 03:42:38,602] INFO:         4    0.470397    21966 x 1216
[2016-04-23 03:47:21,589] INFO:         5     0.47409    21961 x 1216
[2016-04-23 03:47:21,786] INFO: RMSE
[2016-04-23 03:47:21,786] INFO:       Mean: 0.472335
[2016-04-23 03:47:21,786] INFO:       Std: 0.001240
[2016-04-23 03:47:21,787] INFO: Time
[2016-04-23 03:47:21,787] INFO:       23 mins
[2016-04-23 03:47:21,787] INFO: --------------------------------------------------
[2016-04-23 04:01:23,997] INFO: tpe_transform took 0.006530 seconds
[2016-04-23 04:01:23,998] INFO: TPE using 13/13 trials with best loss 0.449495
[2016-04-23 04:01:24,000] INFO: ==================================================
[2016-04-23 04:01:24,000] INFO: Task
[2016-04-23 04:01:24,001] INFO:       [Feat@basic_nonlinear_201604210409]_[Learner@reg_rgf]_[Id@14]
[2016-04-23 04:01:24,001] INFO: Param
[2016-04-23 04:01:24,001] INFO:       max_leaf_forest: 740
[2016-04-23 04:01:24,001] INFO:       min_pop: 4
[2016-04-23 04:01:24,001] INFO:       num_iteration_opt: 9
[2016-04-23 04:01:24,001] INFO:       num_tree_search: 1
[2016-04-23 04:01:24,001] INFO:       opt_interval: 60
[2016-04-23 04:01:24,001] INFO:       opt_stepsize: 0.2
[2016-04-23 04:01:24,002] INFO:       reg_L2: 0.8204838583743895
[2016-04-23 04:01:24,002] INFO:       reg_sL2: 0.002049341712358342
[2016-04-23 04:01:24,002] INFO: Result
[2016-04-23 04:01:24,002] INFO:       Run      RMSE        Shape
[2016-04-23 04:10:19,593] INFO:         1    0.446474    23167 x 1216
[2016-04-23 04:19:02,881] INFO:         2    0.447891    21940 x 1216
[2016-04-23 04:27:46,223] INFO:         3    0.446006    22182 x 1216
[2016-04-23 04:36:26,071] INFO:         4    0.447369    21966 x 1216
[2016-04-23 04:45:08,749] INFO:         5    0.447324    21961 x 1216
[2016-04-23 04:45:08,947] INFO: RMSE
[2016-04-23 04:45:08,947] INFO:       Mean: 0.447013
[2016-04-23 04:45:08,947] INFO:       Std: 0.000678
[2016-04-23 04:45:08,947] INFO: Time
[2016-04-23 04:45:08,948] INFO:       43 mins
[2016-04-23 04:45:08,948] INFO: --------------------------------------------------
[2016-04-23 05:13:40,609] INFO: tpe_transform took 0.006604 seconds
[2016-04-23 05:13:40,610] INFO: TPE using 14/14 trials with best loss 0.447013
[2016-04-23 05:13:40,613] INFO: ==================================================
[2016-04-23 05:13:40,613] INFO: Task
[2016-04-23 05:13:40,613] INFO:       [Feat@basic_nonlinear_201604210409]_[Learner@reg_rgf]_[Id@15]
[2016-04-23 05:13:40,613] INFO: Param
[2016-04-23 05:13:40,613] INFO:       max_leaf_forest: 780
[2016-04-23 05:13:40,613] INFO:       min_pop: 3
[2016-04-23 05:13:40,613] INFO:       num_iteration_opt: 6
[2016-04-23 05:13:40,614] INFO:       num_tree_search: 9
[2016-04-23 05:13:40,614] INFO:       opt_interval: 90
[2016-04-23 05:13:40,614] INFO:       opt_stepsize: 0.5
[2016-04-23 05:13:40,614] INFO:       reg_L2: 0.12357035973929095
[2016-04-23 05:13:40,614] INFO:       reg_sL2: 0.002336569254142752
[2016-04-23 05:13:40,614] INFO: Result
[2016-04-23 05:13:40,614] INFO:       Run      RMSE        Shape
[2016-04-23 06:41:50,959] INFO:         1    0.451027    23167 x 1216
[2016-04-23 08:12:53,046] INFO:         2    0.460386    21940 x 1216
[2016-04-23 09:44:18,998] INFO:         3    0.456745    22182 x 1216
[2016-04-23 11:06:20,674] INFO:         4    0.450282    21966 x 1216
[2016-04-23 12:27:30,625] INFO:         5     0.45053    21961 x 1216
[2016-04-23 12:27:30,823] INFO: RMSE
[2016-04-23 12:27:30,823] INFO:       Mean: 0.453794
[2016-04-23 12:27:30,823] INFO:       Std: 0.004069
[2016-04-23 12:27:30,823] INFO: Time
[2016-04-23 12:27:30,823] INFO:       433 mins
[2016-04-23 12:27:30,823] INFO: --------------------------------------------------
[2016-04-23 16:54:13,887] INFO: tpe_transform took 0.006709 seconds
[2016-04-23 16:54:13,887] INFO: TPE using 15/15 trials with best loss 0.447013
[2016-04-23 16:54:13,890] INFO: ==================================================
[2016-04-23 16:54:13,890] INFO: Task
[2016-04-23 16:54:13,890] INFO:       [Feat@basic_nonlinear_201604210409]_[Learner@reg_rgf]_[Id@16]
[2016-04-23 16:54:13,890] INFO: Param
[2016-04-23 16:54:13,890] INFO:       max_leaf_forest: 570
[2016-04-23 16:54:13,890] INFO:       min_pop: 18
[2016-04-23 16:54:13,890] INFO:       num_iteration_opt: 16
[2016-04-23 16:54:13,890] INFO:       num_tree_search: 8
[2016-04-23 16:54:13,891] INFO:       opt_interval: 170
[2016-04-23 16:54:13,891] INFO:       opt_stepsize: 0.4
[2016-04-23 16:54:13,891] INFO:       reg_L2: 0.26707240867799575
[2016-04-23 16:54:13,891] INFO:       reg_sL2: 0.00016593042280380356
[2016-04-23 16:54:13,891] INFO: Result
[2016-04-23 16:54:13,891] INFO:       Run      RMSE        Shape
[2016-04-23 17:47:35,297] INFO:         1    0.462291    23167 x 1216
[2016-04-23 18:35:47,900] INFO:         2    0.461141    21940 x 1216
[2016-04-23 19:25:10,748] INFO:         3    0.461608    22182 x 1216
[2016-04-23 20:15:48,662] INFO:         4    0.461273    21966 x 1216
[2016-04-23 21:04:43,328] INFO:         5    0.465885    21961 x 1216
[2016-04-23 21:04:43,527] INFO: RMSE
[2016-04-23 21:04:43,527] INFO:       Mean: 0.462440
[2016-04-23 21:04:43,527] INFO:       Std: 0.001768
[2016-04-23 21:04:43,527] INFO: Time
[2016-04-23 21:04:43,527] INFO:       250 mins
[2016-04-23 21:04:43,528] INFO: --------------------------------------------------
[2016-04-23 23:37:06,570] INFO: tpe_transform took 0.006695 seconds
[2016-04-23 23:37:06,571] INFO: TPE using 16/16 trials with best loss 0.447013
[2016-04-23 23:37:06,573] INFO: ==================================================
[2016-04-23 23:37:06,573] INFO: Task
[2016-04-23 23:37:06,573] INFO:       [Feat@basic_nonlinear_201604210409]_[Learner@reg_rgf]_[Id@17]
[2016-04-23 23:37:06,574] INFO: Param
[2016-04-23 23:37:06,574] INFO:       max_leaf_forest: 910
[2016-04-23 23:37:06,574] INFO:       min_pop: 2
[2016-04-23 23:37:06,574] INFO:       num_iteration_opt: 8
[2016-04-23 23:37:06,574] INFO:       num_tree_search: 1
[2016-04-23 23:37:06,574] INFO:       opt_interval: 40
[2016-04-23 23:37:06,574] INFO:       opt_stepsize: 0.9
[2016-04-23 23:37:06,574] INFO:       reg_L2: 0.30682646959035004
[2016-04-23 23:37:06,575] INFO:       reg_sL2: 0.0014964271178721563
[2016-04-23 23:37:06,575] INFO: Result
[2016-04-23 23:37:06,575] INFO:       Run      RMSE        Shape
[2016-04-23 23:47:16,467] INFO:         1    0.444656    23167 x 1216
[2016-04-23 23:57:04,496] INFO:         2    0.444946    21940 x 1216
[2016-04-24 00:06:58,991] INFO:         3    0.443403    22182 x 1216
[2016-04-24 00:16:52,695] INFO:         4    0.444343    21966 x 1216
[2016-04-24 00:26:38,555] INFO:         5     0.44512    21961 x 1216
[2016-04-24 00:26:38,753] INFO: RMSE
[2016-04-24 00:26:38,754] INFO:       Mean: 0.444494
[2016-04-24 00:26:38,754] INFO:       Std: 0.000606
[2016-04-24 00:26:38,754] INFO: Time
[2016-04-24 00:26:38,754] INFO:       49 mins
[2016-04-24 00:26:38,754] INFO: --------------------------------------------------
[2016-04-24 00:59:26,018] INFO: tpe_transform took 0.006619 seconds
[2016-04-24 00:59:26,018] INFO: TPE using 17/17 trials with best loss 0.444494
[2016-04-24 00:59:26,021] INFO: ==================================================
[2016-04-24 00:59:26,021] INFO: Task
[2016-04-24 00:59:26,021] INFO:       [Feat@basic_nonlinear_201604210409]_[Learner@reg_rgf]_[Id@18]
[2016-04-24 00:59:26,021] INFO: Param
[2016-04-24 00:59:26,021] INFO:       max_leaf_forest: 250
[2016-04-24 00:59:26,022] INFO:       min_pop: 18
[2016-04-24 00:59:26,022] INFO:       num_iteration_opt: 16
[2016-04-24 00:59:26,022] INFO:       num_tree_search: 3
[2016-04-24 00:59:26,022] INFO:       opt_interval: 80
[2016-04-24 00:59:26,022] INFO:       opt_stepsize: 0.2
[2016-04-24 00:59:26,022] INFO:       reg_L2: 0.3256275337131247
[2016-04-24 00:59:26,022] INFO:       reg_sL2: 0.0006991919034728744
[2016-04-24 00:59:26,022] INFO: Result
[2016-04-24 00:59:26,023] INFO:       Run      RMSE        Shape
[2016-04-24 01:08:20,808] INFO:         1    0.450578    23167 x 1216
[2016-04-24 01:17:12,130] INFO:         2    0.453911    21940 x 1216
[2016-04-24 01:26:06,440] INFO:         3    0.452449    22182 x 1216
[2016-04-24 01:35:01,511] INFO:         4    0.454736    21966 x 1216
[2016-04-24 01:44:02,356] INFO:         5    0.453498    21961 x 1216
[2016-04-24 01:44:02,554] INFO: RMSE
[2016-04-24 01:44:02,554] INFO:       Mean: 0.453035
[2016-04-24 01:44:02,554] INFO:       Std: 0.001432
[2016-04-24 01:44:02,554] INFO: Time
[2016-04-24 01:44:02,554] INFO:       44 mins
[2016-04-24 01:44:02,554] INFO: --------------------------------------------------
[2016-04-24 02:10:42,867] INFO: tpe_transform took 0.006640 seconds
[2016-04-24 02:10:42,867] INFO: TPE using 18/18 trials with best loss 0.444494
[2016-04-24 02:10:42,870] INFO: ==================================================
[2016-04-24 02:10:42,870] INFO: Task
[2016-04-24 02:10:42,871] INFO:       [Feat@basic_nonlinear_201604210409]_[Learner@reg_rgf]_[Id@19]
[2016-04-24 02:10:42,871] INFO: Param
[2016-04-24 02:10:42,871] INFO:       max_leaf_forest: 490
[2016-04-24 02:10:42,871] INFO:       min_pop: 11
[2016-04-24 02:10:42,871] INFO:       num_iteration_opt: 20
[2016-04-24 02:10:42,871] INFO:       num_tree_search: 5
[2016-04-24 02:10:42,871] INFO:       opt_interval: 180
[2016-04-24 02:10:42,871] INFO:       opt_stepsize: 0.5
[2016-04-24 02:10:42,872] INFO:       reg_L2: 0.12011449685961195
[2016-04-24 02:10:42,872] INFO:       reg_sL2: 0.00046120693938100086
[2016-04-24 02:10:42,872] INFO: Result
[2016-04-24 02:10:42,872] INFO:       Run      RMSE        Shape
[2016-04-24 02:41:26,592] INFO:         1     0.45091    23167 x 1216
[2016-04-24 03:09:15,305] INFO:         2     0.45166    21940 x 1216
[2016-04-24 03:37:31,305] INFO:         3    0.450606    22182 x 1216
[2016-04-24 04:05:46,864] INFO:         4    0.452107    21966 x 1216
[2016-04-24 04:34:34,514] INFO:         5     0.45351    21961 x 1216
[2016-04-24 04:34:34,710] INFO: RMSE
[2016-04-24 04:34:34,710] INFO:       Mean: 0.451759
[2016-04-24 04:34:34,711] INFO:       Std: 0.001024
[2016-04-24 04:34:34,711] INFO: Time
[2016-04-24 04:34:34,711] INFO:       143 mins
[2016-04-24 04:34:34,711] INFO: --------------------------------------------------
[2016-04-24 06:02:02,328] INFO: tpe_transform took 0.006616 seconds
[2016-04-24 06:02:02,328] INFO: TPE using 19/19 trials with best loss 0.444494
[2016-04-24 06:02:02,331] INFO: ==================================================
[2016-04-24 06:02:02,331] INFO: Task
[2016-04-24 06:02:02,331] INFO:       [Feat@basic_nonlinear_201604210409]_[Learner@reg_rgf]_[Id@20]
[2016-04-24 06:02:02,331] INFO: Param
[2016-04-24 06:02:02,331] INFO:       max_leaf_forest: 980
[2016-04-24 06:02:02,331] INFO:       min_pop: 19
[2016-04-24 06:02:02,332] INFO:       num_iteration_opt: 19
[2016-04-24 06:02:02,332] INFO:       num_tree_search: 5
[2016-04-24 06:02:02,332] INFO:       opt_interval: 10
[2016-04-24 06:02:02,332] INFO:       opt_stepsize: 0.30000000000000004
[2016-04-24 06:02:02,332] INFO:       reg_L2: 2.5556061209774725
[2016-04-24 06:02:02,332] INFO:       reg_sL2: 0.00014799570679250353
[2016-04-24 06:02:02,332] INFO: Result
[2016-04-24 06:02:02,332] INFO:       Run      RMSE        Shape
[2016-04-24 06:54:49,343] INFO:         1    0.457992    23167 x 1216
[2016-04-24 07:45:52,441] INFO:         2    0.459475    21940 x 1216
[2016-04-24 08:38:28,752] INFO:         3    0.460344    22182 x 1216
[2016-04-24 09:28:41,653] INFO:         4    0.460517    21966 x 1216
[2016-04-24 10:18:22,205] INFO:         5    0.457521    21961 x 1216
[2016-04-24 10:18:22,402] INFO: RMSE
[2016-04-24 10:18:22,403] INFO:       Mean: 0.459170
[2016-04-24 10:18:22,403] INFO:       Std: 0.001216
[2016-04-24 10:18:22,403] INFO: Time
[2016-04-24 10:18:22,403] INFO:       256 mins
[2016-04-24 10:18:22,403] INFO: --------------------------------------------------
[2016-04-24 12:53:09,094] INFO: tpe_transform took 0.006704 seconds
[2016-04-24 12:53:09,095] INFO: TPE using 20/20 trials with best loss 0.444494
[2016-04-24 12:53:09,132] INFO: ==================================================
[2016-04-24 12:53:09,132] INFO: Task
[2016-04-24 12:53:09,132] INFO:       [Feat@basic_nonlinear_201604210409]_[Learner@reg_rgf]_[Id@21]
[2016-04-24 12:53:09,132] INFO: Param
[2016-04-24 12:53:09,132] INFO:       max_leaf_forest: 860
[2016-04-24 12:53:09,132] INFO:       min_pop: 4
[2016-04-24 12:53:09,132] INFO:       num_iteration_opt: 9
[2016-04-24 12:53:09,132] INFO:       num_tree_search: 1
[2016-04-24 12:53:09,133] INFO:       opt_interval: 50
[2016-04-24 12:53:09,133] INFO:       opt_stepsize: 1.0
[2016-04-24 12:53:09,133] INFO:       reg_L2: 0.6702618487618089
[2016-04-24 12:53:09,133] INFO:       reg_sL2: 0.014344101386927911
[2016-04-24 12:53:09,133] INFO: Result
[2016-04-24 12:53:09,133] INFO:       Run      RMSE        Shape
[2016-04-24 13:03:46,737] INFO:         1    0.443007    23167 x 1216
[2016-04-24 13:13:53,026] INFO:         2    0.444737    21940 x 1216
[2016-04-24 13:24:07,795] INFO:         3    0.442915    22182 x 1216
[2016-04-24 13:34:20,054] INFO:         4    0.444097    21966 x 1216
[2016-04-24 13:44:29,112] INFO:         5    0.444163    21961 x 1216
[2016-04-24 13:44:29,310] INFO: RMSE
[2016-04-24 13:44:29,310] INFO:       Mean: 0.443784
[2016-04-24 13:44:29,310] INFO:       Std: 0.000708
[2016-04-24 13:44:29,310] INFO: Time
[2016-04-24 13:44:29,311] INFO:       51 mins
[2016-04-24 13:44:29,311] INFO: --------------------------------------------------
[2016-04-24 14:17:49,554] INFO: tpe_transform took 0.006620 seconds
[2016-04-24 14:17:49,554] INFO: TPE using 21/21 trials with best loss 0.443784
[2016-04-24 14:17:49,578] INFO: ==================================================
[2016-04-24 14:17:49,578] INFO: Task
[2016-04-24 14:17:49,578] INFO:       [Feat@basic_nonlinear_201604210409]_[Learner@reg_rgf]_[Id@22]
[2016-04-24 14:17:49,578] INFO: Param
[2016-04-24 14:17:49,579] INFO:       max_leaf_forest: 870
[2016-04-24 14:17:49,579] INFO:       min_pop: 1
[2016-04-24 14:17:49,579] INFO:       num_iteration_opt: 9
[2016-04-24 14:17:49,579] INFO:       num_tree_search: 2
[2016-04-24 14:17:49,579] INFO:       opt_interval: 40
[2016-04-24 14:17:49,579] INFO:       opt_stepsize: 1.0
[2016-04-24 14:17:49,579] INFO:       reg_L2: 0.5151819796219319
[2016-04-24 14:17:49,579] INFO:       reg_sL2: 0.015361796658468483
[2016-04-24 14:17:49,580] INFO: Result
[2016-04-24 14:17:49,580] INFO:       Run      RMSE        Shape
[2016-04-24 14:41:22,411] INFO:         1    0.442822    23167 x 1216
[2016-04-24 15:04:30,210] INFO:         2    0.443972    21940 x 1216
[2016-04-24 15:27:43,255] INFO:         3     0.44213    22182 x 1216
[2016-04-24 15:50:28,872] INFO:         4    0.444683    21966 x 1216
[2016-04-24 16:12:59,150] INFO:         5     0.44393    21961 x 1216
[2016-04-24 16:12:59,350] INFO: RMSE
[2016-04-24 16:12:59,350] INFO:       Mean: 0.443508
[2016-04-24 16:12:59,350] INFO:       Std: 0.000910
[2016-04-24 16:12:59,350] INFO: Time
[2016-04-24 16:12:59,350] INFO:       115 mins
[2016-04-24 16:12:59,350] INFO: --------------------------------------------------
[2016-04-24 17:20:30,804] INFO: tpe_transform took 0.006486 seconds
[2016-04-24 17:20:30,805] INFO: TPE using 22/22 trials with best loss 0.443508
[2016-04-24 17:20:30,830] INFO: ==================================================
[2016-04-24 17:20:30,830] INFO: Task
[2016-04-24 17:20:30,830] INFO:       [Feat@basic_nonlinear_201604210409]_[Learner@reg_rgf]_[Id@23]
[2016-04-24 17:20:30,830] INFO: Param
[2016-04-24 17:20:30,830] INFO:       max_leaf_forest: 830
[2016-04-24 17:20:30,830] INFO:       min_pop: 5
[2016-04-24 17:20:30,830] INFO:       num_iteration_opt: 9
[2016-04-24 17:20:30,830] INFO:       num_tree_search: 2
[2016-04-24 17:20:30,831] INFO:       opt_interval: 30
[2016-04-24 17:20:30,831] INFO:       opt_stepsize: 1.0
[2016-04-24 17:20:30,831] INFO:       reg_L2: 0.5551852780328852
[2016-04-24 17:20:30,831] INFO:       reg_sL2: 0.02147123419347674
[2016-04-24 17:20:30,831] INFO: Result
[2016-04-24 17:20:30,831] INFO:       Run      RMSE        Shape
[2016-04-24 17:42:24,584] INFO:         1    0.442644    23167 x 1216
[2016-04-24 18:04:07,423] INFO:         2    0.443602    21940 x 1216
[2016-04-24 18:26:01,687] INFO:         3    0.442692    22182 x 1216
[2016-04-24 18:47:39,177] INFO:         4    0.443388    21966 x 1216
[2016-04-24 19:09:10,426] INFO:         5    0.443532    21961 x 1216
[2016-04-24 19:09:10,627] INFO: RMSE
[2016-04-24 19:09:10,627] INFO:       Mean: 0.443172
[2016-04-24 19:09:10,627] INFO:       Std: 0.000417
[2016-04-24 19:09:10,627] INFO: Time
[2016-04-24 19:09:10,627] INFO:       108 mins
[2016-04-24 19:09:10,628] INFO: --------------------------------------------------
[2016-04-24 20:12:10,469] INFO: tpe_transform took 0.006452 seconds
[2016-04-24 20:12:10,469] INFO: TPE using 23/23 trials with best loss 0.443172
[2016-04-24 20:12:10,494] INFO: ==================================================
[2016-04-24 20:12:10,495] INFO: Task
[2016-04-24 20:12:10,495] INFO:       [Feat@basic_nonlinear_201604210409]_[Learner@reg_rgf]_[Id@24]
[2016-04-24 20:12:10,495] INFO: Param
[2016-04-24 20:12:10,495] INFO:       max_leaf_forest: 820
[2016-04-24 20:12:10,495] INFO:       min_pop: 1
[2016-04-24 20:12:10,495] INFO:       num_iteration_opt: 8
[2016-04-24 20:12:10,495] INFO:       num_tree_search: 2
[2016-04-24 20:12:10,495] INFO:       opt_interval: 30
[2016-04-24 20:12:10,496] INFO:       opt_stepsize: 1.0
[2016-04-24 20:12:10,496] INFO:       reg_L2: 0.5385040901155475
[2016-04-24 20:12:10,496] INFO:       reg_sL2: 0.022307975104290948
[2016-04-24 20:12:10,496] INFO: Result
[2016-04-24 20:12:10,496] INFO:       Run      RMSE        Shape
[2016-04-24 20:34:18,946] INFO:         1    0.442583    23167 x 1216
[2016-04-24 20:55:55,482] INFO:         2    0.444137    21940 x 1216
[2016-04-24 21:17:17,985] INFO:         3    0.442392    22182 x 1216
[2016-04-24 21:38:23,649] INFO:         4    0.443402    21966 x 1216
[2016-04-24 21:59:44,390] INFO:         5    0.443654    21961 x 1216
[2016-04-24 21:59:44,591] INFO: RMSE
[2016-04-24 21:59:44,592] INFO:       Mean: 0.443234
[2016-04-24 21:59:44,592] INFO:       Std: 0.000656
[2016-04-24 21:59:44,592] INFO: Time
[2016-04-24 21:59:44,592] INFO:       107 mins
[2016-04-24 21:59:44,592] INFO: --------------------------------------------------
[2016-04-24 23:01:34,828] INFO: tpe_transform took 0.006566 seconds
[2016-04-24 23:01:34,828] INFO: TPE using 24/24 trials with best loss 0.443172
[2016-04-24 23:01:34,853] INFO: ==================================================
[2016-04-24 23:01:34,853] INFO: Task
[2016-04-24 23:01:34,854] INFO:       [Feat@basic_nonlinear_201604210409]_[Learner@reg_rgf]_[Id@25]
[2016-04-24 23:01:34,854] INFO: Param
[2016-04-24 23:01:34,854] INFO:       max_leaf_forest: 820
[2016-04-24 23:01:34,854] INFO:       min_pop: 14
[2016-04-24 23:01:34,854] INFO:       num_iteration_opt: 8
[2016-04-24 23:01:34,854] INFO:       num_tree_search: 3
[2016-04-24 23:01:34,854] INFO:       opt_interval: 20
[2016-04-24 23:01:34,854] INFO:       opt_stepsize: 0.9
[2016-04-24 23:01:34,854] INFO:       reg_L2: 1.4167555090408286
[2016-04-24 23:01:34,855] INFO:       reg_sL2: 0.021110778273388683
[2016-04-24 23:01:34,855] INFO: Result
[2016-04-24 23:01:34,855] INFO:       Run      RMSE        Shape
