[2016-04-20 20:10:50,953] INFO: tpe_transform took 0.009363 seconds
[2016-04-20 20:10:50,967] INFO: TPE using 0 trials
[2016-04-20 20:10:50,971] INFO: ==================================================
[2016-04-20 20:10:50,971] INFO: Task
[2016-04-20 20:10:50,971] INFO:       [Feat@basic_linear_201604172250]_[Learner@reg_keras_dnn]_[Id@1]
[2016-04-20 20:10:50,971] INFO: Param
[2016-04-20 20:10:50,971] INFO:       batch_norm: no
[2016-04-20 20:10:50,971] INFO:       batch_size: 48
[2016-04-20 20:10:50,972] INFO:       hidden_activation: relu
[2016-04-20 20:10:50,972] INFO:       hidden_dropout: 0.45
[2016-04-20 20:10:50,972] INFO:       hidden_layers: 5
[2016-04-20 20:10:50,972] INFO:       hidden_units: 32
[2016-04-20 20:10:50,972] INFO:       input_dropout: 0.1
[2016-04-20 20:10:50,972] INFO:       nb_epoch: 7
[2016-04-20 20:10:50,972] INFO:       optimizer: adadelta
[2016-04-20 20:10:50,973] INFO: Result
[2016-04-20 20:10:50,973] INFO:       Run      RMSE        Shape
[2016-04-20 20:12:19,280] INFO:         1    0.501635    23167 x 1365
[2016-04-20 20:12:56,773] INFO:         2    0.478512    21940 x 1365
[2016-04-20 20:13:34,049] INFO:         3    0.480346    22182 x 1365
[2016-04-20 20:14:10,929] INFO:         4    0.481869    21966 x 1365
[2016-04-20 20:14:48,016] INFO:         5     0.50538    21961 x 1365
[2016-04-20 20:14:48,338] INFO: RMSE
[2016-04-20 20:14:48,339] INFO:       Mean: 0.489548
[2016-04-20 20:14:48,339] INFO:       Std: 0.011508
[2016-04-20 20:14:48,339] INFO: Time
[2016-04-20 20:14:48,339] INFO:       3 mins
[2016-04-20 20:14:48,339] INFO: --------------------------------------------------
[2016-04-20 20:17:01,735] INFO: tpe_transform took 0.011606 seconds
[2016-04-20 20:17:01,735] INFO: TPE using 1/1 trials with best loss 0.489548
[2016-04-20 20:17:01,739] INFO: ==================================================
[2016-04-20 20:17:01,739] INFO: Task
[2016-04-20 20:17:01,739] INFO:       [Feat@basic_linear_201604172250]_[Learner@reg_keras_dnn]_[Id@2]
[2016-04-20 20:17:01,739] INFO: Param
[2016-04-20 20:17:01,739] INFO:       batch_norm: after_act
[2016-04-20 20:17:01,739] INFO:       batch_size: 80
[2016-04-20 20:17:01,739] INFO:       hidden_activation: prelu
[2016-04-20 20:17:01,740] INFO:       hidden_dropout: 0.15000000000000002
[2016-04-20 20:17:01,740] INFO:       hidden_layers: 1
[2016-04-20 20:17:01,740] INFO:       hidden_units: 96
[2016-04-20 20:17:01,740] INFO:       input_dropout: 0.1
[2016-04-20 20:17:01,740] INFO:       nb_epoch: 12
[2016-04-20 20:17:01,740] INFO:       optimizer: adadelta
[2016-04-20 20:17:01,740] INFO: Result
[2016-04-20 20:17:01,740] INFO:       Run      RMSE        Shape
[2016-04-20 20:18:53,910] INFO:         1    0.455864    23167 x 1365
[2016-04-20 20:20:05,002] INFO:         2    0.458227    21940 x 1365
[2016-04-20 20:21:16,352] INFO:         3     0.45942    22182 x 1365
[2016-04-20 20:22:24,967] INFO:         4    0.471026    21966 x 1365
[2016-04-20 20:23:34,226] INFO:         5    0.466695    21961 x 1365
[2016-04-20 20:23:34,586] INFO: RMSE
[2016-04-20 20:23:34,586] INFO:       Mean: 0.462246
[2016-04-20 20:23:34,586] INFO:       Std: 0.005688
[2016-04-20 20:23:34,587] INFO: Time
[2016-04-20 20:23:34,587] INFO:       6 mins
[2016-04-20 20:23:34,587] INFO: --------------------------------------------------
[2016-04-20 20:28:04,045] INFO: tpe_transform took 0.011492 seconds
[2016-04-20 20:28:04,045] INFO: TPE using 2/2 trials with best loss 0.462246
[2016-04-20 20:28:04,049] INFO: ==================================================
[2016-04-20 20:28:04,049] INFO: Task
[2016-04-20 20:28:04,049] INFO:       [Feat@basic_linear_201604172250]_[Learner@reg_keras_dnn]_[Id@3]
[2016-04-20 20:28:04,049] INFO: Param
[2016-04-20 20:28:04,049] INFO:       batch_norm: no
[2016-04-20 20:28:04,050] INFO:       batch_size: 48
[2016-04-20 20:28:04,050] INFO:       hidden_activation: prelu
[2016-04-20 20:28:04,050] INFO:       hidden_dropout: 0.0
[2016-04-20 20:28:04,050] INFO:       hidden_layers: 2
[2016-04-20 20:28:04,050] INFO:       hidden_units: 192
[2016-04-20 20:28:04,050] INFO:       input_dropout: 0.0
[2016-04-20 20:28:04,050] INFO:       nb_epoch: 2
[2016-04-20 20:28:04,051] INFO:       optimizer: adadelta
[2016-04-20 20:28:04,051] INFO: Result
[2016-04-20 20:28:04,051] INFO:       Run      RMSE        Shape
[2016-04-20 20:28:37,793] INFO:         1    0.476541    23167 x 1365
[2016-04-20 20:29:12,317] INFO:         2    0.532083    21940 x 1365
[2016-04-20 20:29:47,640] INFO:         3    0.566386    22182 x 1365
[2016-04-20 20:30:18,787] INFO:         4    0.529468    21966 x 1365
[2016-04-20 20:30:49,783] INFO:         5    0.588553    21961 x 1365
[2016-04-20 20:30:50,125] INFO: RMSE
[2016-04-20 20:30:50,126] INFO:       Mean: 0.538606
[2016-04-20 20:30:50,126] INFO:       Std: 0.038065
[2016-04-20 20:30:50,126] INFO: Time
[2016-04-20 20:30:50,126] INFO:       2 mins
[2016-04-20 20:30:50,126] INFO: --------------------------------------------------
[2016-04-20 20:32:25,659] INFO: tpe_transform took 0.009353 seconds
[2016-04-20 20:32:25,659] INFO: TPE using 3/3 trials with best loss 0.462246
[2016-04-20 20:32:25,662] INFO: ==================================================
[2016-04-20 20:32:25,662] INFO: Task
[2016-04-20 20:32:25,662] INFO:       [Feat@basic_linear_201604172250]_[Learner@reg_keras_dnn]_[Id@4]
[2016-04-20 20:32:25,662] INFO: Param
[2016-04-20 20:32:25,663] INFO:       batch_norm: after_act
[2016-04-20 20:32:25,663] INFO:       batch_size: 16
[2016-04-20 20:32:25,663] INFO:       hidden_activation: prelu
[2016-04-20 20:32:25,663] INFO:       hidden_dropout: 0.30000000000000004
[2016-04-20 20:32:25,663] INFO:       hidden_layers: 5
[2016-04-20 20:32:25,663] INFO:       hidden_units: 64
[2016-04-20 20:32:25,663] INFO:       input_dropout: 0.05
[2016-04-20 20:32:25,664] INFO:       nb_epoch: 15
[2016-04-20 20:32:25,664] INFO:       optimizer: rmsprop
[2016-04-20 20:32:25,664] INFO: Result
[2016-04-20 20:32:25,664] INFO:       Run      RMSE        Shape
[2016-04-20 20:37:16,355] INFO:         1    0.448082    23167 x 1365
[2016-04-20 20:41:16,018] INFO:         2    0.464177    21940 x 1365
[2016-04-20 20:45:02,408] INFO:         3    0.454173    22182 x 1365
[2016-04-20 20:49:02,948] INFO:         4    0.455327    21966 x 1365
[2016-04-20 20:52:57,377] INFO:         5    0.452106    21961 x 1365
[2016-04-20 20:52:57,717] INFO: RMSE
[2016-04-20 20:52:57,717] INFO:       Mean: 0.454773
[2016-04-20 20:52:57,718] INFO:       Std: 0.005310
[2016-04-20 20:52:57,718] INFO: Time
[2016-04-20 20:52:57,718] INFO:       20 mins
[2016-04-20 20:52:57,718] INFO: --------------------------------------------------
[2016-04-20 21:06:16,052] INFO: tpe_transform took 0.009779 seconds
[2016-04-20 21:06:16,052] INFO: TPE using 4/4 trials with best loss 0.454773
[2016-04-20 21:06:16,056] INFO: ==================================================
[2016-04-20 21:06:16,056] INFO: Task
[2016-04-20 21:06:16,056] INFO:       [Feat@basic_linear_201604172250]_[Learner@reg_keras_dnn]_[Id@5]
[2016-04-20 21:06:16,057] INFO: Param
[2016-04-20 21:06:16,057] INFO:       batch_norm: before_act
[2016-04-20 21:06:16,057] INFO:       batch_size: 48
[2016-04-20 21:06:16,057] INFO:       hidden_activation: relu
[2016-04-20 21:06:16,057] INFO:       hidden_dropout: 0.45
[2016-04-20 21:06:16,057] INFO:       hidden_layers: 1
[2016-04-20 21:06:16,058] INFO:       hidden_units: 192
[2016-04-20 21:06:16,058] INFO:       input_dropout: 0.15000000000000002
[2016-04-20 21:06:16,058] INFO:       nb_epoch: 2
[2016-04-20 21:06:16,058] INFO:       optimizer: adam
[2016-04-20 21:06:16,058] INFO: Result
[2016-04-20 21:06:16,058] INFO:       Run      RMSE        Shape
[2016-04-20 21:06:58,816] INFO:         1    0.462292    23167 x 1365
[2016-04-20 21:07:26,556] INFO:         2    0.472294    21940 x 1365
[2016-04-20 21:07:54,592] INFO:         3    0.465656    22182 x 1365
[2016-04-20 21:08:22,421] INFO:         4    0.466482    21966 x 1365
[2016-04-20 21:08:50,202] INFO:         5    0.470104    21961 x 1365
[2016-04-20 21:08:50,528] INFO: RMSE
[2016-04-20 21:08:50,528] INFO:       Mean: 0.467366
[2016-04-20 21:08:50,528] INFO:       Std: 0.003499
[2016-04-20 21:08:50,528] INFO: Time
[2016-04-20 21:08:50,529] INFO:       2 mins
[2016-04-20 21:08:50,529] INFO: --------------------------------------------------
[2016-04-20 21:10:19,418] INFO: tpe_transform took 0.009949 seconds
[2016-04-20 21:10:19,418] INFO: TPE using 5/5 trials with best loss 0.454773
[2016-04-20 21:10:19,422] INFO: ==================================================
[2016-04-20 21:10:19,422] INFO: Task
[2016-04-20 21:10:19,422] INFO:       [Feat@basic_linear_201604172250]_[Learner@reg_keras_dnn]_[Id@6]
[2016-04-20 21:10:19,422] INFO: Param
[2016-04-20 21:10:19,422] INFO:       batch_norm: after_act
[2016-04-20 21:10:19,423] INFO:       batch_size: 80
[2016-04-20 21:10:19,423] INFO:       hidden_activation: prelu
[2016-04-20 21:10:19,423] INFO:       hidden_dropout: 0.35000000000000003
[2016-04-20 21:10:19,423] INFO:       hidden_layers: 4
[2016-04-20 21:10:19,423] INFO:       hidden_units: 192
[2016-04-20 21:10:19,423] INFO:       input_dropout: 0.15000000000000002
[2016-04-20 21:10:19,423] INFO:       nb_epoch: 9
[2016-04-20 21:10:19,424] INFO:       optimizer: rmsprop
[2016-04-20 21:10:19,424] INFO: Result
[2016-04-20 21:10:19,424] INFO:       Run      RMSE        Shape
[2016-04-20 21:12:42,271] INFO:         1    0.473483    23167 x 1365
[2016-04-20 21:15:14,045] INFO:         2    0.465186    21940 x 1365
[2016-04-20 21:17:34,382] INFO:         3    0.455353    22182 x 1365
[2016-04-20 21:20:00,670] INFO:         4    0.453151    21966 x 1365
[2016-04-20 21:22:25,135] INFO:         5    0.452407    21961 x 1365
[2016-04-20 21:22:25,484] INFO: RMSE
[2016-04-20 21:22:25,484] INFO:       Mean: 0.459916
[2016-04-20 21:22:25,484] INFO:       Std: 0.008183
[2016-04-20 21:22:25,484] INFO: Time
[2016-04-20 21:22:25,484] INFO:       12 mins
[2016-04-20 21:22:25,485] INFO: --------------------------------------------------
[2016-04-20 21:30:45,090] INFO: tpe_transform took 0.009326 seconds
[2016-04-20 21:30:45,090] INFO: TPE using 6/6 trials with best loss 0.454773
[2016-04-20 21:30:45,094] INFO: ==================================================
[2016-04-20 21:30:45,094] INFO: Task
[2016-04-20 21:30:45,094] INFO:       [Feat@basic_linear_201604172250]_[Learner@reg_keras_dnn]_[Id@7]
[2016-04-20 21:30:45,094] INFO: Param
[2016-04-20 21:30:45,094] INFO:       batch_norm: no
[2016-04-20 21:30:45,094] INFO:       batch_size: 16
[2016-04-20 21:30:45,095] INFO:       hidden_activation: relu
[2016-04-20 21:30:45,095] INFO:       hidden_dropout: 0.05
[2016-04-20 21:30:45,095] INFO:       hidden_layers: 3
[2016-04-20 21:30:45,095] INFO:       hidden_units: 256
[2016-04-20 21:30:45,095] INFO:       input_dropout: 0.05
[2016-04-20 21:30:45,095] INFO:       nb_epoch: 19
[2016-04-20 21:30:45,095] INFO:       optimizer: adam
[2016-04-20 21:30:45,095] INFO: Result
[2016-04-20 21:30:45,096] INFO:       Run      RMSE        Shape
[2016-04-20 21:51:37,809] INFO:         1    0.465203    23167 x 1365
[2016-04-20 22:13:11,825] INFO:         2    0.474684    21940 x 1365
[2016-04-20 22:34:32,806] INFO:         3    0.477347    22182 x 1365
[2016-04-20 22:56:12,820] INFO:         4    0.477102    21966 x 1365
[2016-04-20 23:13:12,236] INFO:         5    0.464176    21961 x 1365
[2016-04-20 23:13:12,563] INFO: RMSE
[2016-04-20 23:13:12,564] INFO:       Mean: 0.471702
[2016-04-20 23:13:12,564] INFO:       Std: 0.005810
[2016-04-20 23:13:12,564] INFO: Time
[2016-04-20 23:13:12,564] INFO:       102 mins
[2016-04-20 23:13:12,564] INFO: --------------------------------------------------
[2016-04-21 00:26:39,006] INFO: tpe_transform took 0.009109 seconds
[2016-04-21 00:26:39,006] INFO: TPE using 7/7 trials with best loss 0.454773
[2016-04-21 00:26:39,009] INFO: ==================================================
[2016-04-21 00:26:39,009] INFO: Task
[2016-04-21 00:26:39,010] INFO:       [Feat@basic_linear_201604172250]_[Learner@reg_keras_dnn]_[Id@8]
[2016-04-21 00:26:39,010] INFO: Param
[2016-04-21 00:26:39,010] INFO:       batch_norm: no
[2016-04-21 00:26:39,010] INFO:       batch_size: 96
[2016-04-21 00:26:39,010] INFO:       hidden_activation: relu
[2016-04-21 00:26:39,010] INFO:       hidden_dropout: 0.05
[2016-04-21 00:26:39,010] INFO:       hidden_layers: 5
[2016-04-21 00:26:39,011] INFO:       hidden_units: 128
[2016-04-21 00:26:39,011] INFO:       input_dropout: 0.0
[2016-04-21 00:26:39,011] INFO:       nb_epoch: 3
[2016-04-21 00:26:39,011] INFO:       optimizer: adadelta
[2016-04-21 00:26:39,011] INFO: Result
[2016-04-21 00:26:39,011] INFO:       Run      RMSE        Shape
[2016-04-21 00:27:09,212] INFO:         1    0.475353    23167 x 1365
[2016-04-21 00:27:43,988] INFO:         2    0.490212    21940 x 1365
[2016-04-21 00:28:13,479] INFO:         3    0.553058    22182 x 1365
[2016-04-21 00:28:48,998] INFO:         4    0.466053    21966 x 1365
[2016-04-21 00:29:20,326] INFO:         5    0.463377    21961 x 1365
[2016-04-21 00:29:20,654] INFO: RMSE
[2016-04-21 00:29:20,654] INFO:       Mean: 0.489610
[2016-04-21 00:29:20,654] INFO:       Std: 0.033083
[2016-04-21 00:29:20,654] INFO: Time
[2016-04-21 00:29:20,655] INFO:       2 mins
[2016-04-21 00:29:20,655] INFO: --------------------------------------------------
[2016-04-21 00:30:48,058] INFO: tpe_transform took 0.010700 seconds
[2016-04-21 00:30:48,058] INFO: TPE using 8/8 trials with best loss 0.454773
[2016-04-21 00:30:48,062] INFO: ==================================================
[2016-04-21 00:30:48,062] INFO: Task
[2016-04-21 00:30:48,062] INFO:       [Feat@basic_linear_201604172250]_[Learner@reg_keras_dnn]_[Id@9]
[2016-04-21 00:30:48,062] INFO: Param
[2016-04-21 00:30:48,062] INFO:       batch_norm: before_act
[2016-04-21 00:30:48,062] INFO:       batch_size: 112
[2016-04-21 00:30:48,063] INFO:       hidden_activation: prelu
[2016-04-21 00:30:48,063] INFO:       hidden_dropout: 0.0
[2016-04-21 00:30:48,063] INFO:       hidden_layers: 1
[2016-04-21 00:30:48,063] INFO:       hidden_units: 192
[2016-04-21 00:30:48,063] INFO:       input_dropout: 0.1
[2016-04-21 00:30:48,063] INFO:       nb_epoch: 7
[2016-04-21 00:30:48,063] INFO:       optimizer: adam
[2016-04-21 00:30:48,064] INFO: Result
[2016-04-21 00:30:48,064] INFO:       Run      RMSE        Shape
[2016-04-21 00:31:42,918] INFO:         1     0.46755    23167 x 1365
[2016-04-21 00:32:26,830] INFO:         2    0.481078    21940 x 1365
[2016-04-21 00:33:15,699] INFO:         3    0.485512    22182 x 1365
[2016-04-21 00:33:59,636] INFO:         4    0.474846    21966 x 1365
[2016-04-21 00:34:43,824] INFO:         5    0.474082    21961 x 1365
[2016-04-21 00:34:44,147] INFO: RMSE
[2016-04-21 00:34:44,148] INFO:       Mean: 0.476614
[2016-04-21 00:34:44,148] INFO:       Std: 0.006177
[2016-04-21 00:34:44,148] INFO: Time
[2016-04-21 00:34:44,148] INFO:       3 mins
[2016-04-21 00:34:44,148] INFO: --------------------------------------------------
[2016-04-21 00:37:37,860] INFO: tpe_transform took 0.008844 seconds
[2016-04-21 00:37:37,860] INFO: TPE using 9/9 trials with best loss 0.454773
[2016-04-21 00:37:37,863] INFO: ==================================================
[2016-04-21 00:37:37,863] INFO: Task
[2016-04-21 00:37:37,864] INFO:       [Feat@basic_linear_201604172250]_[Learner@reg_keras_dnn]_[Id@10]
[2016-04-21 00:37:37,864] INFO: Param
[2016-04-21 00:37:37,864] INFO:       batch_norm: no
[2016-04-21 00:37:37,864] INFO:       batch_size: 32
[2016-04-21 00:37:37,864] INFO:       hidden_activation: relu
[2016-04-21 00:37:37,864] INFO:       hidden_dropout: 0.4
[2016-04-21 00:37:37,864] INFO:       hidden_layers: 4
[2016-04-21 00:37:37,865] INFO:       hidden_units: 192
[2016-04-21 00:37:37,865] INFO:       input_dropout: 0.1
[2016-04-21 00:37:37,865] INFO:       nb_epoch: 4
[2016-04-21 00:37:37,865] INFO:       optimizer: adam
[2016-04-21 00:37:37,865] INFO: Result
[2016-04-21 00:37:37,865] INFO:       Run      RMSE        Shape
[2016-04-21 00:38:53,766] INFO:         1    0.521989    23167 x 1365
[2016-04-21 00:40:08,750] INFO:         2    0.562758    21940 x 1365
[2016-04-21 00:41:23,027] INFO:         3    0.528635    22182 x 1365
[2016-04-21 00:42:34,341] INFO:         4    0.497509    21966 x 1365
[2016-04-21 00:43:45,904] INFO:         5    0.543151    21961 x 1365
[2016-04-21 00:43:46,256] INFO: RMSE
[2016-04-21 00:43:46,256] INFO:       Mean: 0.530808
[2016-04-21 00:43:46,256] INFO:       Std: 0.021746
[2016-04-21 00:43:46,256] INFO: Time
[2016-04-21 00:43:46,257] INFO:       6 mins
[2016-04-21 00:43:46,257] INFO: --------------------------------------------------
[2016-04-21 00:48:02,557] INFO: tpe_transform took 0.009310 seconds
[2016-04-21 00:48:02,557] INFO: TPE using 10/10 trials with best loss 0.454773
[2016-04-21 00:48:02,560] INFO: ==================================================
[2016-04-21 00:48:02,561] INFO: Task
[2016-04-21 00:48:02,561] INFO:       [Feat@basic_linear_201604172250]_[Learner@reg_keras_dnn]_[Id@11]
[2016-04-21 00:48:02,561] INFO: Param
[2016-04-21 00:48:02,561] INFO:       batch_norm: before_act
[2016-04-21 00:48:02,561] INFO:       batch_size: 32
[2016-04-21 00:48:02,561] INFO:       hidden_activation: relu
[2016-04-21 00:48:02,562] INFO:       hidden_dropout: 0.0
[2016-04-21 00:48:02,562] INFO:       hidden_layers: 4
[2016-04-21 00:48:02,562] INFO:       hidden_units: 256
[2016-04-21 00:48:02,562] INFO:       input_dropout: 0.15000000000000002
[2016-04-21 00:48:02,562] INFO:       nb_epoch: 20
[2016-04-21 00:48:02,562] INFO:       optimizer: adam
[2016-04-21 00:48:02,562] INFO: Result
[2016-04-21 00:48:02,563] INFO:       Run      RMSE        Shape
[2016-04-21 00:56:45,212] INFO:         1    0.477367    23167 x 1365
[2016-04-21 01:04:56,165] INFO:         2    0.481104    21940 x 1365
[2016-04-21 01:13:21,584] INFO:         3    0.475716    22182 x 1365
[2016-04-21 01:22:00,718] INFO:         4    0.486622    21966 x 1365
