[2016-05-01 02:16:33,900] INFO: tpe_transform took 0.009265 seconds
[2016-05-01 02:16:33,901] INFO: TPE using 0 trials
[2016-05-01 02:16:33,904] INFO: ==================================================
[2016-05-01 02:16:33,905] INFO: Task
[2016-05-01 02:16:33,905] INFO:       [Feat@basic_nonlinear_201605010058]_[Learner@reg_skl_gbm]_[Id@1]
[2016-05-01 02:16:33,905] INFO: Param
[2016-05-01 02:16:33,905] INFO:       learning_rate: 0.002
[2016-05-01 02:16:33,906] INFO:       max_depth: 4
[2016-05-01 02:16:33,906] INFO:       max_features: 0.55
[2016-05-01 02:16:33,906] INFO:       min_samples_leaf: 1
[2016-05-01 02:16:33,906] INFO:       n_estimators: 990
[2016-05-01 02:16:33,907] INFO:       random_state: 2016
[2016-05-01 02:16:33,907] INFO:       verbose: 0
[2016-05-01 02:16:33,907] INFO: Result
[2016-05-01 02:16:33,907] INFO:       Run      RMSE        Shape
[2016-05-01 03:55:18,018] INFO:         1    0.452484    23167 x 726
[2016-05-01 05:23:42,084] INFO:         2     0.45364    21940 x 726
[2016-05-01 06:50:24,247] INFO:         3    0.452617    22182 x 726
[2016-05-01 08:19:01,662] INFO:         4    0.453387    21966 x 726
[2016-05-01 09:52:15,306] INFO:         5    0.453765    21961 x 726
[2016-05-01 09:52:15,764] INFO: RMSE
[2016-05-01 09:52:15,764] INFO:       Mean: 0.453179
[2016-05-01 09:52:15,764] INFO:       Std: 0.000529
[2016-05-01 09:52:15,764] INFO: Time
[2016-05-01 09:52:15,764] INFO:       455 mins
[2016-05-01 09:52:15,765] INFO: --------------------------------------------------
[2016-05-01 14:28:18,909] INFO: tpe_transform took 0.008584 seconds
[2016-05-01 14:28:18,910] INFO: TPE using 1/1 trials with best loss 0.453179
[2016-05-01 14:28:18,913] INFO: ==================================================
[2016-05-01 14:28:18,913] INFO: Task
[2016-05-01 14:28:18,913] INFO:       [Feat@basic_nonlinear_201605010058]_[Learner@reg_skl_gbm]_[Id@2]
[2016-05-01 14:28:18,914] INFO: Param
[2016-05-01 14:28:18,914] INFO:       learning_rate: 0.034
[2016-05-01 14:28:18,914] INFO:       max_depth: 9
[2016-05-01 14:28:18,914] INFO:       max_features: 0.8500000000000001
[2016-05-01 14:28:18,914] INFO:       min_samples_leaf: 11
[2016-05-01 14:28:18,915] INFO:       n_estimators: 200
[2016-05-01 14:28:18,915] INFO:       random_state: 2016
[2016-05-01 14:28:18,915] INFO:       verbose: 0
[2016-05-01 14:28:18,915] INFO: Result
[2016-05-01 14:28:18,915] INFO:       Run      RMSE        Shape
[2016-05-01 15:41:36,106] INFO:         1    0.442676    23167 x 726
[2016-05-01 16:51:39,302] INFO:         2    0.445524    21940 x 726
[2016-05-01 17:57:33,868] INFO:         3    0.442897    22182 x 726
[2016-05-01 19:03:23,230] INFO:         4    0.443379    21966 x 726
[2016-05-01 20:03:51,011] INFO:         5    0.443433    21961 x 726
[2016-05-01 20:03:51,616] INFO: RMSE
[2016-05-01 20:03:51,617] INFO:       Mean: 0.443582
[2016-05-01 20:03:51,617] INFO:       Std: 0.001012
[2016-05-01 20:03:51,617] INFO: Time
[2016-05-01 20:03:51,617] INFO:       335 mins
[2016-05-01 20:03:51,618] INFO: --------------------------------------------------
[2016-05-02 01:03:01,007] INFO: tpe_transform took 0.010242 seconds
[2016-05-02 01:03:01,019] INFO: TPE using 2/2 trials with best loss 0.443582
[2016-05-02 01:03:01,023] INFO: ==================================================
[2016-05-02 01:03:01,023] INFO: Task
[2016-05-02 01:03:01,023] INFO:       [Feat@basic_nonlinear_201605010058]_[Learner@reg_skl_gbm]_[Id@3]
[2016-05-02 01:03:01,023] INFO: Param
[2016-05-02 01:03:01,023] INFO:       learning_rate: 0.004
[2016-05-02 01:03:01,024] INFO:       max_depth: 10
[2016-05-02 01:03:01,024] INFO:       max_features: 0.65
[2016-05-02 01:03:01,024] INFO:       min_samples_leaf: 3
[2016-05-02 01:03:01,024] INFO:       n_estimators: 940
[2016-05-02 01:03:01,024] INFO:       random_state: 2016
[2016-05-02 01:03:01,024] INFO:       verbose: 0
[2016-05-02 01:03:01,025] INFO: Result
[2016-05-02 01:03:01,025] INFO:       Run      RMSE        Shape
[2016-05-02 07:52:25,663] INFO:         1    0.440727    23167 x 726
[2016-05-02 12:14:21,236] INFO:         2    0.443748    21940 x 726
