[2016-05-01 22:31:27,030] INFO: tpe_transform took 0.001929 seconds
[2016-05-01 22:31:27,030] INFO: TPE using 0 trials
[2016-05-01 22:31:27,031] INFO: ==================================================
[2016-05-01 22:31:27,032] INFO: Task
[2016-05-01 22:31:27,032] INFO:       [Feat@basic_linear_201605010104]_[Learner@reg_skl_lasso]_[Id@1]
[2016-05-01 22:31:27,032] INFO: Param
[2016-05-01 22:31:27,032] INFO:       alpha: 2.7363529168315854e-05
[2016-05-01 22:31:27,032] INFO:       normalize: False
[2016-05-01 22:31:27,032] INFO:       random_state: 2016
[2016-05-01 22:31:27,032] INFO: Result
[2016-05-01 22:31:27,032] INFO:       Run      RMSE        Shape
[2016-05-01 22:32:29,207] INFO:         1    0.447184    23167 x 722
[2016-05-01 22:33:40,854] INFO:         2    0.449883    21940 x 722
[2016-05-01 22:34:46,616] INFO:         3    0.447722    22182 x 722
[2016-05-01 22:35:51,025] INFO:         4    0.450176    21966 x 722
[2016-05-01 22:37:26,861] INFO:         5    0.448871    21961 x 722
[2016-05-01 22:37:27,154] INFO: RMSE
[2016-05-01 22:37:27,155] INFO:       Mean: 0.448767
[2016-05-01 22:37:27,155] INFO:       Std: 0.001170
[2016-05-01 22:37:27,155] INFO: Time
[2016-05-01 22:37:27,155] INFO:       6 mins
[2016-05-01 22:37:27,155] INFO: --------------------------------------------------
[2016-05-01 22:41:00,676] INFO: tpe_transform took 0.002114 seconds
[2016-05-01 22:41:00,677] INFO: TPE using 1/1 trials with best loss 0.448767
[2016-05-01 22:41:00,678] INFO: ==================================================
[2016-05-01 22:41:00,678] INFO: Task
[2016-05-01 22:41:00,678] INFO:       [Feat@basic_linear_201605010104]_[Learner@reg_skl_lasso]_[Id@2]
[2016-05-01 22:41:00,678] INFO: Param
[2016-05-01 22:41:00,678] INFO:       alpha: 0.0035998924696262788
[2016-05-01 22:41:00,678] INFO:       normalize: True
[2016-05-01 22:41:00,678] INFO:       random_state: 2016
[2016-05-01 22:41:00,679] INFO: Result
[2016-05-01 22:41:00,679] INFO:       Run      RMSE        Shape
[2016-05-01 22:41:02,552] INFO:         1     0.53283    23167 x 722
[2016-05-01 22:41:04,674] INFO:         2    0.534377    21940 x 722
[2016-05-01 22:41:06,807] INFO:         3     0.53367    22182 x 722
[2016-05-01 22:41:08,950] INFO:         4    0.534505    21966 x 722
[2016-05-01 22:41:11,087] INFO:         5    0.533774    21961 x 722
[2016-05-01 22:41:11,375] INFO: RMSE
[2016-05-01 22:41:11,375] INFO:       Mean: 0.533831
[2016-05-01 22:41:11,376] INFO:       Std: 0.000597
[2016-05-01 22:41:11,376] INFO: Time
[2016-05-01 22:41:11,376] INFO:       10 secs
[2016-05-01 22:41:11,376] INFO: --------------------------------------------------
[2016-05-01 22:41:15,449] INFO: tpe_transform took 0.001970 seconds
[2016-05-01 22:41:15,449] INFO: TPE using 2/2 trials with best loss 0.448767
[2016-05-01 22:41:15,450] INFO: ==================================================
[2016-05-01 22:41:15,450] INFO: Task
[2016-05-01 22:41:15,450] INFO:       [Feat@basic_linear_201605010104]_[Learner@reg_skl_lasso]_[Id@3]
[2016-05-01 22:41:15,450] INFO: Param
[2016-05-01 22:41:15,450] INFO:       alpha: 0.00010443382581807613
[2016-05-01 22:41:15,451] INFO:       normalize: True
[2016-05-01 22:41:15,451] INFO:       random_state: 2016
[2016-05-01 22:41:15,451] INFO: Result
[2016-05-01 22:41:15,451] INFO:       Run      RMSE        Shape
[2016-05-01 22:41:19,742] INFO:         1    0.453222    23167 x 722
[2016-05-01 22:41:24,638] INFO:         2     0.45527    21940 x 722
[2016-05-01 22:41:30,802] INFO:         3    0.453824    22182 x 722
[2016-05-01 22:41:35,604] INFO:         4    0.454994    21966 x 722
[2016-05-01 22:41:46,053] INFO:         5    0.455281    21961 x 722
[2016-05-01 22:41:46,349] INFO: RMSE
[2016-05-01 22:41:46,350] INFO:       Mean: 0.454518
[2016-05-01 22:41:46,350] INFO:       Std: 0.000841
[2016-05-01 22:41:46,350] INFO: Time
[2016-05-01 22:41:46,350] INFO:       30 secs
[2016-05-01 22:41:46,350] INFO: --------------------------------------------------
[2016-05-01 22:42:10,717] INFO: tpe_transform took 0.002230 seconds
[2016-05-01 22:42:10,717] INFO: TPE using 3/3 trials with best loss 0.448767
[2016-05-01 22:42:10,718] INFO: ==================================================
[2016-05-01 22:42:10,718] INFO: Task
[2016-05-01 22:42:10,719] INFO:       [Feat@basic_linear_201605010104]_[Learner@reg_skl_lasso]_[Id@4]
[2016-05-01 22:42:10,719] INFO: Param
[2016-05-01 22:42:10,719] INFO:       alpha: 0.0020987805642317613
[2016-05-01 22:42:10,719] INFO:       normalize: True
[2016-05-01 22:42:10,719] INFO:       random_state: 2016
[2016-05-01 22:42:10,719] INFO: Result
[2016-05-01 22:42:10,719] INFO:       Run      RMSE        Shape
[2016-05-01 22:42:12,601] INFO:         1     0.53283    23167 x 722
[2016-05-01 22:42:14,718] INFO:         2    0.534377    21940 x 722
[2016-05-01 22:42:16,849] INFO:         3     0.53367    22182 x 722
[2016-05-01 22:42:18,987] INFO:         4    0.534505    21966 x 722
[2016-05-01 22:42:21,118] INFO:         5    0.533774    21961 x 722
[2016-05-01 22:42:21,404] INFO: RMSE
[2016-05-01 22:42:21,404] INFO:       Mean: 0.533831
[2016-05-01 22:42:21,404] INFO:       Std: 0.000597
[2016-05-01 22:42:21,405] INFO: Time
[2016-05-01 22:42:21,405] INFO:       10 secs
[2016-05-01 22:42:21,405] INFO: --------------------------------------------------
[2016-05-01 22:42:25,454] INFO: tpe_transform took 0.001982 seconds
[2016-05-01 22:42:25,454] INFO: TPE using 4/4 trials with best loss 0.448767
[2016-05-01 22:42:25,455] INFO: ==================================================
[2016-05-01 22:42:25,455] INFO: Task
[2016-05-01 22:42:25,455] INFO:       [Feat@basic_linear_201605010104]_[Learner@reg_skl_lasso]_[Id@5]
[2016-05-01 22:42:25,456] INFO: Param
[2016-05-01 22:42:25,456] INFO:       alpha: 0.001612914828201876
[2016-05-01 22:42:25,456] INFO:       normalize: True
[2016-05-01 22:42:25,456] INFO:       random_state: 2016
[2016-05-01 22:42:25,456] INFO: Result
[2016-05-01 22:42:25,456] INFO:       Run      RMSE        Shape
[2016-05-01 22:42:27,338] INFO:         1     0.53283    23167 x 722
[2016-05-01 22:42:29,460] INFO:         2    0.534377    21940 x 722
[2016-05-01 22:42:31,593] INFO:         3     0.53367    22182 x 722
[2016-05-01 22:42:33,737] INFO:         4    0.534505    21966 x 722
[2016-05-01 22:42:35,831] INFO:         5    0.533774    21961 x 722
[2016-05-01 22:42:36,075] INFO: RMSE
[2016-05-01 22:42:36,076] INFO:       Mean: 0.533831
[2016-05-01 22:42:36,076] INFO:       Std: 0.000597
[2016-05-01 22:42:36,076] INFO: Time
[2016-05-01 22:42:36,076] INFO:       10 secs
[2016-05-01 22:42:36,076] INFO: --------------------------------------------------
[2016-05-01 22:42:40,084] INFO: tpe_transform took 0.002250 seconds
[2016-05-01 22:42:40,084] INFO: TPE using 5/5 trials with best loss 0.448767
[2016-05-01 22:42:40,085] INFO: ==================================================
[2016-05-01 22:42:40,085] INFO: Task
[2016-05-01 22:42:40,085] INFO:       [Feat@basic_linear_201605010104]_[Learner@reg_skl_lasso]_[Id@6]
[2016-05-01 22:42:40,085] INFO: Param
[2016-05-01 22:42:40,086] INFO:       alpha: 0.00016933218236041926
[2016-05-01 22:42:40,086] INFO:       normalize: True
[2016-05-01 22:42:40,086] INFO:       random_state: 2016
[2016-05-01 22:42:40,086] INFO: Result
[2016-05-01 22:42:40,086] INFO:       Run      RMSE        Shape
[2016-05-01 22:42:44,209] INFO:         1    0.456573    23167 x 722
[2016-05-01 22:42:48,597] INFO:         2    0.458301    21940 x 722
[2016-05-01 22:42:54,055] INFO:         3    0.457194    22182 x 722
[2016-05-01 22:42:58,470] INFO:         4    0.457821    21966 x 722
[2016-05-01 22:43:08,223] INFO:         5    0.458328    21961 x 722
[2016-05-01 22:43:08,516] INFO: RMSE
[2016-05-01 22:43:08,516] INFO:       Mean: 0.457643
[2016-05-01 22:43:08,516] INFO:       Std: 0.000675
[2016-05-01 22:43:08,517] INFO: Time
[2016-05-01 22:43:08,517] INFO:       28 secs
[2016-05-01 22:43:08,517] INFO: --------------------------------------------------
[2016-05-01 22:43:21,241] INFO: tpe_transform took 0.002013 seconds
[2016-05-01 22:43:21,241] INFO: TPE using 6/6 trials with best loss 0.448767
[2016-05-01 22:43:21,242] INFO: ==================================================
[2016-05-01 22:43:21,243] INFO: Task
[2016-05-01 22:43:21,243] INFO:       [Feat@basic_linear_201605010104]_[Learner@reg_skl_lasso]_[Id@7]
[2016-05-01 22:43:21,243] INFO: Param
[2016-05-01 22:43:21,243] INFO:       alpha: 0.015456863127561756
[2016-05-01 22:43:21,243] INFO:       normalize: True
[2016-05-01 22:43:21,243] INFO:       random_state: 2016
[2016-05-01 22:43:21,243] INFO: Result
[2016-05-01 22:43:21,243] INFO:       Run      RMSE        Shape
[2016-05-01 22:43:23,125] INFO:         1     0.53283    23167 x 722
[2016-05-01 22:43:25,244] INFO:         2    0.534377    21940 x 722
[2016-05-01 22:43:27,378] INFO:         3     0.53367    22182 x 722
[2016-05-01 22:43:29,521] INFO:         4    0.534505    21966 x 722
[2016-05-01 22:43:31,649] INFO:         5    0.533774    21961 x 722
[2016-05-01 22:43:31,935] INFO: RMSE
[2016-05-01 22:43:31,935] INFO:       Mean: 0.533831
[2016-05-01 22:43:31,935] INFO:       Std: 0.000597
[2016-05-01 22:43:31,936] INFO: Time
[2016-05-01 22:43:31,936] INFO:       10 secs
[2016-05-01 22:43:31,936] INFO: --------------------------------------------------
[2016-05-01 22:43:36,001] INFO: tpe_transform took 0.002254 seconds
[2016-05-01 22:43:36,002] INFO: TPE using 7/7 trials with best loss 0.448767
[2016-05-01 22:43:36,003] INFO: ==================================================
[2016-05-01 22:43:36,003] INFO: Task
[2016-05-01 22:43:36,003] INFO:       [Feat@basic_linear_201605010104]_[Learner@reg_skl_lasso]_[Id@8]
[2016-05-01 22:43:36,003] INFO: Param
[2016-05-01 22:43:36,003] INFO:       alpha: 2.669796868656156e-05
[2016-05-01 22:43:36,003] INFO:       normalize: True
[2016-05-01 22:43:36,004] INFO:       random_state: 2016
[2016-05-01 22:43:36,004] INFO: Result
[2016-05-01 22:43:36,004] INFO:       Run      RMSE        Shape
[2016-05-01 22:44:03,690] INFO:         1    0.448807    23167 x 722
[2016-05-01 22:44:16,233] INFO:         2    0.450477    21940 x 722
[2016-05-01 22:44:34,273] INFO:         3    0.448485    22182 x 722
[2016-05-01 22:44:40,720] INFO:         4    0.450006    21966 x 722
[2016-05-01 22:44:52,190] INFO:         5    0.450121    21961 x 722
[2016-05-01 22:44:52,482] INFO: RMSE
[2016-05-01 22:44:52,482] INFO:       Mean: 0.449579
[2016-05-01 22:44:52,482] INFO:       Std: 0.000784
[2016-05-01 22:44:52,482] INFO: Time
[2016-05-01 22:44:52,482] INFO:       1 mins
[2016-05-01 22:44:52,483] INFO: --------------------------------------------------
[2016-05-01 22:45:32,298] INFO: tpe_transform took 0.002053 seconds
[2016-05-01 22:45:32,298] INFO: TPE using 8/8 trials with best loss 0.448767
[2016-05-01 22:45:32,299] INFO: ==================================================
[2016-05-01 22:45:32,300] INFO: Task
[2016-05-01 22:45:32,300] INFO:       [Feat@basic_linear_201605010104]_[Learner@reg_skl_lasso]_[Id@9]
[2016-05-01 22:45:32,300] INFO: Param
[2016-05-01 22:45:32,300] INFO:       alpha: 0.0708200011898487
[2016-05-01 22:45:32,300] INFO:       normalize: True
[2016-05-01 22:45:32,300] INFO:       random_state: 2016
[2016-05-01 22:45:32,300] INFO: Result
[2016-05-01 22:45:32,300] INFO:       Run      RMSE        Shape
[2016-05-01 22:45:34,230] INFO:         1     0.53283    23167 x 722
[2016-05-01 22:45:36,378] INFO:         2    0.534377    21940 x 722
[2016-05-01 22:45:38,539] INFO:         3     0.53367    22182 x 722
[2016-05-01 22:45:40,703] INFO:         4    0.534505    21966 x 722
[2016-05-01 22:45:42,867] INFO:         5    0.533774    21961 x 722
[2016-05-01 22:45:43,151] INFO: RMSE
[2016-05-01 22:45:43,152] INFO:       Mean: 0.533831
[2016-05-01 22:45:43,152] INFO:       Std: 0.000597
[2016-05-01 22:45:43,152] INFO: Time
[2016-05-01 22:45:43,152] INFO:       10 secs
[2016-05-01 22:45:43,152] INFO: --------------------------------------------------
[2016-05-01 22:45:47,243] INFO: tpe_transform took 0.002255 seconds
[2016-05-01 22:45:47,243] INFO: TPE using 9/9 trials with best loss 0.448767
[2016-05-01 22:45:47,244] INFO: ==================================================
[2016-05-01 22:45:47,244] INFO: Task
[2016-05-01 22:45:47,244] INFO:       [Feat@basic_linear_201605010104]_[Learner@reg_skl_lasso]_[Id@10]
[2016-05-01 22:45:47,244] INFO: Param
[2016-05-01 22:45:47,245] INFO:       alpha: 0.03198530471701978
[2016-05-01 22:45:47,245] INFO:       normalize: True
[2016-05-01 22:45:47,245] INFO:       random_state: 2016
[2016-05-01 22:45:47,245] INFO: Result
[2016-05-01 22:45:47,245] INFO:       Run      RMSE        Shape
[2016-05-01 22:45:49,159] INFO:         1     0.53283    23167 x 722
[2016-05-01 22:45:51,308] INFO:         2    0.534377    21940 x 722
[2016-05-01 22:45:53,472] INFO:         3     0.53367    22182 x 722
[2016-05-01 22:45:55,644] INFO:         4    0.534505    21966 x 722
[2016-05-01 22:45:57,816] INFO:         5    0.533774    21961 x 722
[2016-05-01 22:45:58,101] INFO: RMSE
[2016-05-01 22:45:58,102] INFO:       Mean: 0.533831
[2016-05-01 22:45:58,102] INFO:       Std: 0.000597
[2016-05-01 22:45:58,102] INFO: Time
[2016-05-01 22:45:58,102] INFO:       10 secs
[2016-05-01 22:45:58,102] INFO: --------------------------------------------------
[2016-05-01 22:46:02,215] INFO: tpe_transform took 0.001986 seconds
[2016-05-01 22:46:02,215] INFO: TPE using 10/10 trials with best loss 0.448767
[2016-05-01 22:46:02,216] INFO: ==================================================
[2016-05-01 22:46:02,217] INFO: Task
[2016-05-01 22:46:02,217] INFO:       [Feat@basic_linear_201605010104]_[Learner@reg_skl_lasso]_[Id@11]
[2016-05-01 22:46:02,217] INFO: Param
[2016-05-01 22:46:02,217] INFO:       alpha: 8.351088218508146e-05
[2016-05-01 22:46:02,217] INFO:       normalize: False
[2016-05-01 22:46:02,217] INFO:       random_state: 2016
[2016-05-01 22:46:02,217] INFO: Result
[2016-05-01 22:46:02,217] INFO:       Run      RMSE        Shape
[2016-05-01 22:46:56,577] INFO:         1    0.446835    23167 x 722
[2016-05-01 22:47:53,801] INFO:         2    0.449157    21940 x 722
[2016-05-01 22:48:47,200] INFO:         3    0.447332    22182 x 722
[2016-05-01 22:49:42,952] INFO:         4    0.449489    21966 x 722
[2016-05-01 22:50:42,544] INFO:         5    0.448635    21961 x 722
[2016-05-01 22:50:42,833] INFO: RMSE
[2016-05-01 22:50:42,833] INFO:       Mean: 0.448290
[2016-05-01 22:50:42,834] INFO:       Std: 0.001034
[2016-05-01 22:50:42,834] INFO: Time
[2016-05-01 22:50:42,834] INFO:       4 mins
[2016-05-01 22:50:42,834] INFO: --------------------------------------------------
[2016-05-01 22:53:19,011] INFO: tpe_transform took 0.002274 seconds
[2016-05-01 22:53:19,012] INFO: TPE using 11/11 trials with best loss 0.448290
[2016-05-01 22:53:19,013] INFO: ==================================================
[2016-05-01 22:53:19,013] INFO: Task
[2016-05-01 22:53:19,013] INFO:       [Feat@basic_linear_201605010104]_[Learner@reg_skl_lasso]_[Id@12]
[2016-05-01 22:53:19,013] INFO: Param
[2016-05-01 22:53:19,013] INFO:       alpha: 0.0055900254345313686
[2016-05-01 22:53:19,013] INFO:       normalize: True
[2016-05-01 22:53:19,014] INFO:       random_state: 2016
[2016-05-01 22:53:19,014] INFO: Result
[2016-05-01 22:53:19,014] INFO:       Run      RMSE        Shape
[2016-05-01 22:53:20,923] INFO:         1     0.53283    23167 x 722
[2016-05-01 22:53:23,075] INFO:         2    0.534377    21940 x 722
[2016-05-01 22:53:25,234] INFO:         3     0.53367    22182 x 722
[2016-05-01 22:53:27,402] INFO:         4    0.534505    21966 x 722
[2016-05-01 22:53:29,561] INFO:         5    0.533774    21961 x 722
[2016-05-01 22:53:29,846] INFO: RMSE
[2016-05-01 22:53:29,847] INFO:       Mean: 0.533831
[2016-05-01 22:53:29,847] INFO:       Std: 0.000597
[2016-05-01 22:53:29,847] INFO: Time
[2016-05-01 22:53:29,847] INFO:       10 secs
[2016-05-01 22:53:29,847] INFO: --------------------------------------------------
[2016-05-01 22:53:33,948] INFO: tpe_transform took 0.001971 seconds
[2016-05-01 22:53:33,948] INFO: TPE using 12/12 trials with best loss 0.448290
[2016-05-01 22:53:33,949] INFO: ==================================================
[2016-05-01 22:53:33,949] INFO: Task
[2016-05-01 22:53:33,950] INFO:       [Feat@basic_linear_201605010104]_[Learner@reg_skl_lasso]_[Id@13]
[2016-05-01 22:53:33,950] INFO: Param
[2016-05-01 22:53:33,950] INFO:       alpha: 0.00015242861402194456
[2016-05-01 22:53:33,950] INFO:       normalize: True
[2016-05-01 22:53:33,950] INFO:       random_state: 2016
[2016-05-01 22:53:33,950] INFO: Result
[2016-05-01 22:53:33,950] INFO:       Run      RMSE        Shape
[2016-05-01 22:53:38,597] INFO:         1    0.455779    23167 x 722
[2016-05-01 22:53:43,624] INFO:         2    0.457493    21940 x 722
[2016-05-01 22:53:50,046] INFO:         3    0.456374    22182 x 722
[2016-05-01 22:53:54,883] INFO:         4    0.457216    21966 x 722
[2016-05-01 22:54:06,070] INFO:         5    0.457592    21961 x 722
[2016-05-01 22:54:06,357] INFO: RMSE
[2016-05-01 22:54:06,357] INFO:       Mean: 0.456891
[2016-05-01 22:54:06,357] INFO:       Std: 0.000702
[2016-05-01 22:54:06,358] INFO: Time
[2016-05-01 22:54:06,358] INFO:       32 secs
[2016-05-01 22:54:06,358] INFO: --------------------------------------------------
[2016-05-01 22:54:21,298] INFO: tpe_transform took 0.002280 seconds
[2016-05-01 22:54:21,298] INFO: TPE using 13/13 trials with best loss 0.448290
[2016-05-01 22:54:21,299] INFO: ==================================================
[2016-05-01 22:54:21,300] INFO: Task
[2016-05-01 22:54:21,300] INFO:       [Feat@basic_linear_201605010104]_[Learner@reg_skl_lasso]_[Id@14]
[2016-05-01 22:54:21,300] INFO: Param
[2016-05-01 22:54:21,300] INFO:       alpha: 5.577412249022153e-05
[2016-05-01 22:54:21,300] INFO:       normalize: True
[2016-05-01 22:54:21,300] INFO:       random_state: 2016
[2016-05-01 22:54:21,300] INFO: Result
[2016-05-01 22:54:21,300] INFO:       Run      RMSE        Shape
[2016-05-01 22:54:26,060] INFO:         1    0.450899    23167 x 722
[2016-05-01 22:54:35,354] INFO:         2     0.45289    21940 x 722
[2016-05-01 22:54:43,960] INFO:         3    0.450644    22182 x 722
[2016-05-01 22:54:48,830] INFO:         4    0.452104    21966 x 722
[2016-05-01 22:55:00,410] INFO:         5    0.452467    21961 x 722
[2016-05-01 22:55:00,700] INFO: RMSE
[2016-05-01 22:55:00,700] INFO:       Mean: 0.451801
[2016-05-01 22:55:00,700] INFO:       Std: 0.000880
[2016-05-01 22:55:00,700] INFO: Time
[2016-05-01 22:55:00,700] INFO:       39 secs
[2016-05-01 22:55:00,701] INFO: --------------------------------------------------
[2016-05-01 22:55:35,797] INFO: tpe_transform took 0.001987 seconds
[2016-05-01 22:55:35,797] INFO: TPE using 14/14 trials with best loss 0.448290
[2016-05-01 22:55:35,798] INFO: ==================================================
[2016-05-01 22:55:35,799] INFO: Task
[2016-05-01 22:55:35,799] INFO:       [Feat@basic_linear_201605010104]_[Learner@reg_skl_lasso]_[Id@15]
[2016-05-01 22:55:35,799] INFO: Param
[2016-05-01 22:55:35,799] INFO:       alpha: 0.04560833625017485
[2016-05-01 22:55:35,799] INFO:       normalize: True
[2016-05-01 22:55:35,799] INFO:       random_state: 2016
[2016-05-01 22:55:35,799] INFO: Result
[2016-05-01 22:55:35,799] INFO:       Run      RMSE        Shape
[2016-05-01 22:55:37,731] INFO:         1     0.53283    23167 x 722
[2016-05-01 22:55:39,876] INFO:         2    0.534377    21940 x 722
[2016-05-01 22:55:42,047] INFO:         3     0.53367    22182 x 722
[2016-05-01 22:55:44,226] INFO:         4    0.534505    21966 x 722
[2016-05-01 22:55:46,398] INFO:         5    0.533774    21961 x 722
[2016-05-01 22:55:46,683] INFO: RMSE
[2016-05-01 22:55:46,683] INFO:       Mean: 0.533831
[2016-05-01 22:55:46,683] INFO:       Std: 0.000597
[2016-05-01 22:55:46,684] INFO: Time
[2016-05-01 22:55:46,684] INFO:       10 secs
[2016-05-01 22:55:46,684] INFO: --------------------------------------------------
[2016-05-01 22:55:50,822] INFO: tpe_transform took 0.002276 seconds
[2016-05-01 22:55:50,822] INFO: TPE using 15/15 trials with best loss 0.448290
[2016-05-01 22:55:50,823] INFO: ==================================================
[2016-05-01 22:55:50,823] INFO: Task
[2016-05-01 22:55:50,824] INFO:       [Feat@basic_linear_201605010104]_[Learner@reg_skl_lasso]_[Id@16]
[2016-05-01 22:55:50,824] INFO: Param
[2016-05-01 22:55:50,824] INFO:       alpha: 0.0005184160622592136
[2016-05-01 22:55:50,824] INFO:       normalize: True
[2016-05-01 22:55:50,824] INFO:       random_state: 2016
[2016-05-01 22:55:50,824] INFO: Result
[2016-05-01 22:55:50,824] INFO:       Run      RMSE        Shape
[2016-05-01 22:55:56,024] INFO:         1    0.475925    23167 x 722
[2016-05-01 22:56:05,926] INFO:         2    0.476094    21940 x 722
[2016-05-01 22:56:10,648] INFO:         3    0.475107    22182 x 722
[2016-05-01 22:56:14,054] INFO:         4    0.475669    21966 x 722
[2016-05-01 22:56:17,413] INFO:         5    0.475323    21961 x 722
[2016-05-01 22:56:17,704] INFO: RMSE
[2016-05-01 22:56:17,704] INFO:       Mean: 0.475624
[2016-05-01 22:56:17,704] INFO:       Std: 0.000367
[2016-05-01 22:56:17,705] INFO: Time
[2016-05-01 22:56:17,705] INFO:       26 secs
[2016-05-01 22:56:17,705] INFO: --------------------------------------------------
[2016-05-01 22:56:25,812] INFO: tpe_transform took 0.002001 seconds
[2016-05-01 22:56:25,812] INFO: TPE using 16/16 trials with best loss 0.448290
[2016-05-01 22:56:25,813] INFO: ==================================================
[2016-05-01 22:56:25,813] INFO: Task
[2016-05-01 22:56:25,814] INFO:       [Feat@basic_linear_201605010104]_[Learner@reg_skl_lasso]_[Id@17]
[2016-05-01 22:56:25,814] INFO: Param
[2016-05-01 22:56:25,814] INFO:       alpha: 0.0005181997943789474
[2016-05-01 22:56:25,814] INFO:       normalize: True
[2016-05-01 22:56:25,814] INFO:       random_state: 2016
[2016-05-01 22:56:25,814] INFO: Result
[2016-05-01 22:56:25,814] INFO:       Run      RMSE        Shape
[2016-05-01 22:56:31,527] INFO:         1    0.475912    23167 x 722
[2016-05-01 22:56:41,849] INFO:         2    0.476079    21940 x 722
[2016-05-01 22:56:46,268] INFO:         3    0.475095    22182 x 722
[2016-05-01 22:56:49,605] INFO:         4    0.475657    21966 x 722
[2016-05-01 22:56:52,956] INFO:         5    0.475309    21961 x 722
[2016-05-01 22:56:53,246] INFO: RMSE
[2016-05-01 22:56:53,247] INFO:       Mean: 0.475610
[2016-05-01 22:56:53,247] INFO:       Std: 0.000366
[2016-05-01 22:56:53,247] INFO: Time
[2016-05-01 22:56:53,247] INFO:       27 secs
[2016-05-01 22:56:53,247] INFO: --------------------------------------------------
[2016-05-01 22:57:01,635] INFO: tpe_transform took 0.002278 seconds
[2016-05-01 22:57:01,636] INFO: TPE using 17/17 trials with best loss 0.448290
[2016-05-01 22:57:01,637] INFO: ==================================================
[2016-05-01 22:57:01,637] INFO: Task
[2016-05-01 22:57:01,637] INFO:       [Feat@basic_linear_201605010104]_[Learner@reg_skl_lasso]_[Id@18]
[2016-05-01 22:57:01,637] INFO: Param
[2016-05-01 22:57:01,637] INFO:       alpha: 0.029798669318433467
[2016-05-01 22:57:01,637] INFO:       normalize: False
[2016-05-01 22:57:01,637] INFO:       random_state: 2016
[2016-05-01 22:57:01,637] INFO: Result
[2016-05-01 22:57:01,638] INFO:       Run      RMSE        Shape
[2016-05-01 22:57:15,307] INFO:         1    0.469292    23167 x 722
[2016-05-01 22:57:41,924] INFO:         2    0.471191    21940 x 722
[2016-05-01 22:57:55,134] INFO:         3    0.470341    22182 x 722
[2016-05-01 22:58:04,536] INFO:         4     0.47185    21966 x 722
[2016-05-01 22:58:19,991] INFO:         5    0.471963    21961 x 722
[2016-05-01 22:58:20,282] INFO: RMSE
[2016-05-01 22:58:20,282] INFO:       Mean: 0.470927
[2016-05-01 22:58:20,282] INFO:       Std: 0.001001
[2016-05-01 22:58:20,282] INFO: Time
[2016-05-01 22:58:20,282] INFO:       1 mins
[2016-05-01 22:58:20,282] INFO: --------------------------------------------------
[2016-05-01 22:59:48,170] INFO: tpe_transform took 0.002011 seconds
[2016-05-01 22:59:48,170] INFO: TPE using 18/18 trials with best loss 0.448290
[2016-05-01 22:59:48,171] INFO: ==================================================
[2016-05-01 22:59:48,171] INFO: Task
[2016-05-01 22:59:48,171] INFO:       [Feat@basic_linear_201605010104]_[Learner@reg_skl_lasso]_[Id@19]
[2016-05-01 22:59:48,171] INFO: Param
[2016-05-01 22:59:48,171] INFO:       alpha: 0.005958682947155711
[2016-05-01 22:59:48,172] INFO:       normalize: False
[2016-05-01 22:59:48,172] INFO:       random_state: 2016
[2016-05-01 22:59:48,172] INFO: Result
[2016-05-01 22:59:48,172] INFO:       Run      RMSE        Shape
[2016-05-01 23:00:00,528] INFO:         1    0.458518    23167 x 722
[2016-05-01 23:00:17,056] INFO:         2    0.459969    21940 x 722
[2016-05-01 23:00:39,540] INFO:         3    0.460102    22182 x 722
[2016-05-01 23:00:48,934] INFO:         4    0.461831    21966 x 722
[2016-05-01 23:00:59,744] INFO:         5    0.461505    21961 x 722
[2016-05-01 23:01:00,035] INFO: RMSE
[2016-05-01 23:01:00,035] INFO:       Mean: 0.460385
[2016-05-01 23:01:00,036] INFO:       Std: 0.001190
[2016-05-01 23:01:00,036] INFO: Time
[2016-05-01 23:01:00,036] INFO:       1 mins
[2016-05-01 23:01:00,036] INFO: --------------------------------------------------
[2016-05-01 23:01:30,004] INFO: tpe_transform took 0.002274 seconds
[2016-05-01 23:01:30,004] INFO: TPE using 19/19 trials with best loss 0.448290
[2016-05-01 23:01:30,005] INFO: ==================================================
[2016-05-01 23:01:30,006] INFO: Task
[2016-05-01 23:01:30,006] INFO:       [Feat@basic_linear_201605010104]_[Learner@reg_skl_lasso]_[Id@20]
[2016-05-01 23:01:30,006] INFO: Param
[2016-05-01 23:01:30,006] INFO:       alpha: 6.300359926187158e-05
[2016-05-01 23:01:30,006] INFO:       normalize: False
[2016-05-01 23:01:30,006] INFO:       random_state: 2016
[2016-05-01 23:01:30,006] INFO: Result
[2016-05-01 23:01:30,006] INFO:       Run      RMSE        Shape
[2016-05-01 23:02:18,856] INFO:         1    0.446821    23167 x 722
[2016-05-01 23:03:08,036] INFO:         2    0.449307    21940 x 722
[2016-05-01 23:04:20,117] INFO:         3    0.447386    22182 x 722
[2016-05-01 23:05:09,052] INFO:         4    0.449676    21966 x 722
[2016-05-01 23:05:56,245] INFO:         5     0.44862    21961 x 722
[2016-05-01 23:05:56,538] INFO: RMSE
[2016-05-01 23:05:56,538] INFO:       Mean: 0.448362
[2016-05-01 23:05:56,538] INFO:       Std: 0.001097
[2016-05-01 23:05:56,538] INFO: Time
[2016-05-01 23:05:56,538] INFO:       4 mins
[2016-05-01 23:05:56,538] INFO: --------------------------------------------------
[2016-05-01 23:08:20,861] INFO: tpe_transform took 0.001995 seconds
[2016-05-01 23:08:20,861] INFO: TPE using 20/20 trials with best loss 0.448290
[2016-05-01 23:08:20,866] INFO: ==================================================
[2016-05-01 23:08:20,866] INFO: Task
[2016-05-01 23:08:20,866] INFO:       [Feat@basic_linear_201605010104]_[Learner@reg_skl_lasso]_[Id@21]
[2016-05-01 23:08:20,866] INFO: Param
[2016-05-01 23:08:20,866] INFO:       alpha: 1.3279101365649125e-05
[2016-05-01 23:08:20,866] INFO:       normalize: False
[2016-05-01 23:08:20,867] INFO:       random_state: 2016
[2016-05-01 23:08:20,867] INFO: Result
[2016-05-01 23:08:20,867] INFO:       Run      RMSE        Shape
[2016-05-01 23:09:16,372] INFO:         1    0.447464    23167 x 722
[2016-05-01 23:10:09,323] INFO:         2    0.450373    21940 x 722
[2016-05-01 23:11:03,648] INFO:         3     0.44811    22182 x 722
[2016-05-01 23:11:56,024] INFO:         4     0.45056    21966 x 722
[2016-05-01 23:12:51,048] INFO:         5    0.449136    21961 x 722
[2016-05-01 23:12:51,337] INFO: RMSE
[2016-05-01 23:12:51,337] INFO:       Mean: 0.449129
[2016-05-01 23:12:51,337] INFO:       Std: 0.001217
[2016-05-01 23:12:51,337] INFO: Time
[2016-05-01 23:12:51,337] INFO:       4 mins
[2016-05-01 23:12:51,337] INFO: --------------------------------------------------
[2016-05-01 23:15:29,585] INFO: tpe_transform took 0.001989 seconds
[2016-05-01 23:15:29,586] INFO: TPE using 21/21 trials with best loss 0.448290
[2016-05-01 23:15:29,590] INFO: ==================================================
[2016-05-01 23:15:29,590] INFO: Task
[2016-05-01 23:15:29,590] INFO:       [Feat@basic_linear_201605010104]_[Learner@reg_skl_lasso]_[Id@22]
[2016-05-01 23:15:29,590] INFO: Param
[2016-05-01 23:15:29,590] INFO:       alpha: 1.0991887119536832e-05
[2016-05-01 23:15:29,591] INFO:       normalize: False
[2016-05-01 23:15:29,591] INFO:       random_state: 2016
[2016-05-01 23:15:29,591] INFO: Result
[2016-05-01 23:15:29,591] INFO:       Run      RMSE        Shape
[2016-05-01 23:16:25,671] INFO:         1    0.447516    23167 x 722
[2016-05-01 23:17:20,653] INFO:         2    0.450484    21940 x 722
[2016-05-01 23:18:15,505] INFO:         3    0.448203    22182 x 722
[2016-05-01 23:19:09,808] INFO:         4    0.450663    21966 x 722
[2016-05-01 23:20:02,856] INFO:         5    0.449227    21961 x 722
[2016-05-01 23:20:03,148] INFO: RMSE
[2016-05-01 23:20:03,148] INFO:       Mean: 0.449219
[2016-05-01 23:20:03,148] INFO:       Std: 0.001234
[2016-05-01 23:20:03,148] INFO: Time
[2016-05-01 23:20:03,148] INFO:       4 mins
[2016-05-01 23:20:03,148] INFO: --------------------------------------------------
[2016-05-01 23:22:43,400] INFO: tpe_transform took 0.001999 seconds
[2016-05-01 23:22:43,400] INFO: TPE using 22/22 trials with best loss 0.448290
[2016-05-01 23:22:43,404] INFO: ==================================================
[2016-05-01 23:22:43,405] INFO: Task
[2016-05-01 23:22:43,405] INFO:       [Feat@basic_linear_201605010104]_[Learner@reg_skl_lasso]_[Id@23]
[2016-05-01 23:22:43,405] INFO: Param
[2016-05-01 23:22:43,405] INFO:       alpha: 0.0005519366398179813
[2016-05-01 23:22:43,405] INFO:       normalize: False
[2016-05-01 23:22:43,405] INFO:       random_state: 2016
[2016-05-01 23:22:43,405] INFO: Result
[2016-05-01 23:22:43,405] INFO:       Run      RMSE        Shape
[2016-05-01 23:23:29,537] INFO:         1    0.448674    23167 x 722
[2016-05-01 23:24:21,261] INFO:         2    0.450523    21940 x 722
[2016-05-01 23:25:11,183] INFO:         3    0.448261    22182 x 722
[2016-05-01 23:26:03,114] INFO:         4    0.450462    21966 x 722
[2016-05-01 23:26:55,954] INFO:         5    0.450422    21961 x 722
[2016-05-01 23:26:56,245] INFO: RMSE
[2016-05-01 23:26:56,246] INFO:       Mean: 0.449668
[2016-05-01 23:26:56,246] INFO:       Std: 0.000990
[2016-05-01 23:26:56,246] INFO: Time
[2016-05-01 23:26:56,246] INFO:       4 mins
[2016-05-01 23:26:56,246] INFO: --------------------------------------------------
[2016-05-01 23:29:37,038] INFO: tpe_transform took 0.001998 seconds
[2016-05-01 23:29:37,038] INFO: TPE using 23/23 trials with best loss 0.448290
[2016-05-01 23:29:37,042] INFO: ==================================================
[2016-05-01 23:29:37,042] INFO: Task
[2016-05-01 23:29:37,042] INFO:       [Feat@basic_linear_201605010104]_[Learner@reg_skl_lasso]_[Id@24]
[2016-05-01 23:29:37,042] INFO: Param
[2016-05-01 23:29:37,043] INFO:       alpha: 7.796784446471534e-05
[2016-05-01 23:29:37,043] INFO:       normalize: False
[2016-05-01 23:29:37,043] INFO:       random_state: 2016
[2016-05-01 23:29:37,043] INFO: Result
[2016-05-01 23:29:37,043] INFO:       Run      RMSE        Shape
[2016-05-01 23:30:25,924] INFO:         1    0.446826    23167 x 722
[2016-05-01 23:31:14,527] INFO:         2    0.449181    21940 x 722
[2016-05-01 23:35:10,198] INFO:         3    0.447338    22182 x 722
[2016-05-01 23:36:31,335] INFO:         4    0.449529    21966 x 722
[2016-05-01 23:37:26,846] INFO:         5    0.448628    21961 x 722
[2016-05-01 23:37:27,136] INFO: RMSE
[2016-05-01 23:37:27,136] INFO:       Mean: 0.448301
[2016-05-01 23:37:27,136] INFO:       Std: 0.001048
[2016-05-01 23:37:27,136] INFO: Time
[2016-05-01 23:37:27,136] INFO:       7 mins
[2016-05-01 23:37:27,136] INFO: --------------------------------------------------
[2016-05-01 23:40:35,848] INFO: tpe_transform took 0.001992 seconds
[2016-05-01 23:40:35,848] INFO: TPE using 24/24 trials with best loss 0.448290
[2016-05-01 23:40:35,853] INFO: ==================================================
[2016-05-01 23:40:35,853] INFO: Task
[2016-05-01 23:40:35,853] INFO:       [Feat@basic_linear_201605010104]_[Learner@reg_skl_lasso]_[Id@25]
[2016-05-01 23:40:35,853] INFO: Param
[2016-05-01 23:40:35,853] INFO:       alpha: 0.00029915910057339224
[2016-05-01 23:40:35,853] INFO:       normalize: False
[2016-05-01 23:40:35,853] INFO:       random_state: 2016
[2016-05-01 23:40:35,853] INFO: Result
[2016-05-01 23:40:35,854] INFO:       Run      RMSE        Shape
[2016-05-01 23:41:44,246] INFO:         1    0.447946    23167 x 722
[2016-05-01 23:42:34,420] INFO:         2    0.449627    21940 x 722
[2016-05-01 23:43:25,257] INFO:         3    0.447692    22182 x 722
[2016-05-01 23:44:12,924] INFO:         4    0.449753    21966 x 722
[2016-05-01 23:45:06,079] INFO:         5    0.449436    21961 x 722
[2016-05-01 23:45:06,372] INFO: RMSE
[2016-05-01 23:45:06,372] INFO:       Mean: 0.448891
[2016-05-01 23:45:06,372] INFO:       Std: 0.000885
[2016-05-01 23:45:06,372] INFO: Time
[2016-05-01 23:45:06,372] INFO:       4 mins
[2016-05-01 23:45:06,372] INFO: --------------------------------------------------
[2016-05-01 23:47:54,812] INFO: tpe_transform took 0.001992 seconds
[2016-05-01 23:47:54,813] INFO: TPE using 25/25 trials with best loss 0.448290
[2016-05-01 23:47:54,817] INFO: ==================================================
[2016-05-01 23:47:54,817] INFO: Task
[2016-05-01 23:47:54,817] INFO:       [Feat@basic_linear_201605010104]_[Learner@reg_skl_lasso]_[Id@26]
[2016-05-01 23:47:54,817] INFO: Param
[2016-05-01 23:47:54,817] INFO:       alpha: 2.451020458052904e-05
[2016-05-01 23:47:54,818] INFO:       normalize: False
[2016-05-01 23:47:54,818] INFO:       random_state: 2016
[2016-05-01 23:47:54,818] INFO: Result
[2016-05-01 23:47:54,818] INFO:       Run      RMSE        Shape
[2016-05-01 23:48:48,079] INFO:         1    0.447237    23167 x 722
[2016-05-01 23:49:37,000] INFO:         2    0.449962    21940 x 722
[2016-05-01 23:50:26,606] INFO:         3    0.447774    22182 x 722
[2016-05-01 23:51:17,748] INFO:         4    0.450244    21966 x 722
[2016-05-01 23:52:06,923] INFO:         5    0.448911    21961 x 722
[2016-05-01 23:52:07,215] INFO: RMSE
[2016-05-01 23:52:07,216] INFO:       Mean: 0.448825
[2016-05-01 23:52:07,216] INFO:       Std: 0.001178
[2016-05-01 23:52:07,216] INFO: Time
[2016-05-01 23:52:07,216] INFO:       4 mins
[2016-05-01 23:52:07,216] INFO: --------------------------------------------------
[2016-05-01 23:54:37,150] INFO: tpe_transform took 0.001994 seconds
[2016-05-01 23:54:37,151] INFO: TPE using 26/26 trials with best loss 0.448290
[2016-05-01 23:54:37,155] INFO: ==================================================
[2016-05-01 23:54:37,155] INFO: Task
[2016-05-01 23:54:37,155] INFO:       [Feat@basic_linear_201605010104]_[Learner@reg_skl_lasso]_[Id@27]
[2016-05-01 23:54:37,155] INFO: Param
[2016-05-01 23:54:37,156] INFO:       alpha: 6.774660257725643e-05
[2016-05-01 23:54:37,156] INFO:       normalize: False
[2016-05-01 23:54:37,156] INFO:       random_state: 2016
[2016-05-01 23:54:37,156] INFO: Result
[2016-05-01 23:54:37,156] INFO:       Run      RMSE        Shape
[2016-05-01 23:55:24,896] INFO:         1    0.446812    23167 x 722
[2016-05-01 23:56:11,357] INFO:         2    0.449253    21940 x 722
[2016-05-01 23:56:59,296] INFO:         3    0.447359    22182 x 722
[2016-05-01 23:57:51,912] INFO:         4     0.44963    21966 x 722
[2016-05-01 23:58:54,976] INFO:         5    0.448617    21961 x 722
[2016-05-01 23:58:55,269] INFO: RMSE
[2016-05-01 23:58:55,269] INFO:       Mean: 0.448334
[2016-05-01 23:58:55,269] INFO:       Std: 0.001084
[2016-05-01 23:58:55,269] INFO: Time
[2016-05-01 23:58:55,269] INFO:       4 mins
[2016-05-01 23:58:55,269] INFO: --------------------------------------------------
[2016-05-02 00:01:17,893] INFO: tpe_transform took 0.002024 seconds
[2016-05-02 00:01:17,894] INFO: TPE using 27/27 trials with best loss 0.448290
[2016-05-02 00:01:17,898] INFO: ==================================================
[2016-05-02 00:01:17,898] INFO: Task
[2016-05-02 00:01:17,898] INFO:       [Feat@basic_linear_201605010104]_[Learner@reg_skl_lasso]_[Id@28]
[2016-05-02 00:01:17,899] INFO: Param
[2016-05-02 00:01:17,899] INFO:       alpha: 0.00025593846264373413
[2016-05-02 00:01:17,899] INFO:       normalize: False
[2016-05-02 00:01:17,899] INFO:       random_state: 2016
[2016-05-02 00:01:17,899] INFO: Result
[2016-05-02 00:01:17,899] INFO:       Run      RMSE        Shape
[2016-05-02 00:02:09,313] INFO:         1    0.447784    23167 x 722
[2016-05-02 00:03:00,507] INFO:         2     0.44949    21940 x 722
[2016-05-02 00:03:50,103] INFO:         3    0.447612    22182 x 722
[2016-05-02 00:04:39,263] INFO:         4    0.449687    21966 x 722
[2016-05-02 00:05:31,088] INFO:         5    0.449274    21961 x 722
[2016-05-02 00:05:31,381] INFO: RMSE
[2016-05-02 00:05:31,381] INFO:       Mean: 0.448769
[2016-05-02 00:05:31,381] INFO:       Std: 0.000886
[2016-05-02 00:05:31,382] INFO: Time
[2016-05-02 00:05:31,382] INFO:       4 mins
[2016-05-02 00:05:31,382] INFO: --------------------------------------------------
[2016-05-02 00:08:10,456] INFO: tpe_transform took 0.001988 seconds
[2016-05-02 00:08:10,456] INFO: TPE using 28/28 trials with best loss 0.448290
[2016-05-02 00:08:10,460] INFO: ==================================================
[2016-05-02 00:08:10,461] INFO: Task
[2016-05-02 00:08:10,461] INFO:       [Feat@basic_linear_201605010104]_[Learner@reg_skl_lasso]_[Id@29]
[2016-05-02 00:08:10,461] INFO: Param
[2016-05-02 00:08:10,461] INFO:       alpha: 1.7030219856696973e-05
[2016-05-02 00:08:10,461] INFO:       normalize: False
[2016-05-02 00:08:10,461] INFO:       random_state: 2016
[2016-05-02 00:08:10,461] INFO: Result
[2016-05-02 00:08:10,461] INFO:       Run      RMSE        Shape
[2016-05-02 00:09:36,375] INFO:         1    0.447378    23167 x 722
[2016-05-02 00:10:59,055] INFO:         2    0.450212    21940 x 722
[2016-05-02 00:12:13,713] INFO:         3    0.447975    22182 x 722
[2016-05-02 00:13:26,550] INFO:         4    0.450437    21966 x 722
[2016-05-02 00:14:30,555] INFO:         5    0.449054    21961 x 722
[2016-05-02 00:14:30,849] INFO: RMSE
[2016-05-02 00:14:30,849] INFO:       Mean: 0.449011
[2016-05-02 00:14:30,849] INFO:       Std: 0.001201
[2016-05-02 00:14:30,849] INFO: Time
[2016-05-02 00:14:30,849] INFO:       6 mins
[2016-05-02 00:14:30,849] INFO: --------------------------------------------------
[2016-05-02 00:17:49,051] INFO: tpe_transform took 0.001973 seconds
[2016-05-02 00:17:49,051] INFO: TPE using 29/29 trials with best loss 0.448290
[2016-05-02 00:17:49,055] INFO: ==================================================
[2016-05-02 00:17:49,056] INFO: Task
[2016-05-02 00:17:49,056] INFO:       [Feat@basic_linear_201605010104]_[Learner@reg_skl_lasso]_[Id@30]
[2016-05-02 00:17:49,056] INFO: Param
[2016-05-02 00:17:49,056] INFO:       alpha: 3.6532616701465e-05
[2016-05-02 00:17:49,056] INFO:       normalize: False
[2016-05-02 00:17:49,056] INFO:       random_state: 2016
[2016-05-02 00:17:49,056] INFO: Result
[2016-05-02 00:17:49,056] INFO:       Run      RMSE        Shape
[2016-05-02 00:19:00,246] INFO:         1     0.44705    23167 x 722
[2016-05-02 00:20:00,628] INFO:         2    0.449633    21940 x 722
[2016-05-02 00:21:03,493] INFO:         3    0.447602    22182 x 722
[2016-05-02 00:22:05,454] INFO:         4    0.450016    21966 x 722
[2016-05-02 00:23:10,894] INFO:         5    0.448774    21961 x 722
[2016-05-02 00:23:11,186] INFO: RMSE
[2016-05-02 00:23:11,186] INFO:       Mean: 0.448615
[2016-05-02 00:23:11,186] INFO:       Std: 0.001140
[2016-05-02 00:23:11,186] INFO: Time
[2016-05-02 00:23:11,186] INFO:       5 mins
[2016-05-02 00:23:11,186] INFO: --------------------------------------------------
[2016-05-02 00:26:02,467] INFO: tpe_transform took 0.002016 seconds
[2016-05-02 00:26:02,468] INFO: TPE using 30/30 trials with best loss 0.448290
[2016-05-02 00:26:02,472] INFO: ==================================================
[2016-05-02 00:26:02,472] INFO: Task
[2016-05-02 00:26:02,472] INFO:       [Feat@basic_linear_201605010104]_[Learner@reg_skl_lasso]_[Id@31]
[2016-05-02 00:26:02,472] INFO: Param
[2016-05-02 00:26:02,473] INFO:       alpha: 0.0009614162166095304
[2016-05-02 00:26:02,473] INFO:       normalize: False
[2016-05-02 00:26:02,473] INFO:       random_state: 2016
[2016-05-02 00:26:02,473] INFO: Result
[2016-05-02 00:26:02,473] INFO:       Run      RMSE        Shape
[2016-05-02 00:27:06,594] INFO:         1    0.449618    23167 x 722
[2016-05-02 00:28:15,515] INFO:         2    0.451802    21940 x 722
[2016-05-02 00:29:23,728] INFO:         3    0.449218    22182 x 722
[2016-05-02 00:30:38,515] INFO:         4    0.451287    21966 x 722
[2016-05-02 00:31:28,556] INFO:         5    0.451988    21961 x 722
[2016-05-02 00:31:28,849] INFO: RMSE
[2016-05-02 00:31:28,849] INFO:       Mean: 0.450783
[2016-05-02 00:31:28,849] INFO:       Std: 0.001145
[2016-05-02 00:31:28,849] INFO: Time
[2016-05-02 00:31:28,849] INFO:       5 mins
[2016-05-02 00:31:28,849] INFO: --------------------------------------------------
[2016-05-02 00:35:25,548] INFO: tpe_transform took 0.001948 seconds
[2016-05-02 00:35:25,549] INFO: TPE using 31/31 trials with best loss 0.448290
[2016-05-02 00:35:25,553] INFO: ==================================================
[2016-05-02 00:35:25,553] INFO: Task
[2016-05-02 00:35:25,553] INFO:       [Feat@basic_linear_201605010104]_[Learner@reg_skl_lasso]_[Id@32]
[2016-05-02 00:35:25,554] INFO: Param
[2016-05-02 00:35:25,554] INFO:       alpha: 0.00010272595775993504
[2016-05-02 00:35:25,554] INFO:       normalize: False
[2016-05-02 00:35:25,554] INFO:       random_state: 2016
[2016-05-02 00:35:25,554] INFO: Result
[2016-05-02 00:35:25,554] INFO:       Run      RMSE        Shape
[2016-05-02 00:36:46,563] INFO:         1    0.446898    23167 x 722
[2016-05-02 00:38:03,312] INFO:         2      0.4491    21940 x 722
[2016-05-02 00:39:33,601] INFO:         3    0.447331    22182 x 722
[2016-05-02 00:40:46,042] INFO:         4    0.449384    21966 x 722
[2016-05-02 00:42:07,045] INFO:         5    0.448687    21961 x 722
[2016-05-02 00:42:07,335] INFO: RMSE
[2016-05-02 00:42:07,335] INFO:       Mean: 0.448280
[2016-05-02 00:42:07,336] INFO:       Std: 0.000987
[2016-05-02 00:42:07,336] INFO: Time
[2016-05-02 00:42:07,336] INFO:       6 mins
[2016-05-02 00:42:07,336] INFO: --------------------------------------------------
[2016-05-02 00:46:27,503] INFO: tpe_transform took 0.001970 seconds
[2016-05-02 00:46:27,503] INFO: TPE using 32/32 trials with best loss 0.448280
[2016-05-02 00:46:27,508] INFO: ==================================================
[2016-05-02 00:46:27,508] INFO: Task
[2016-05-02 00:46:27,508] INFO:       [Feat@basic_linear_201605010104]_[Learner@reg_skl_lasso]_[Id@33]
[2016-05-02 00:46:27,508] INFO: Param
[2016-05-02 00:46:27,508] INFO:       alpha: 0.00012870643499490975
[2016-05-02 00:46:27,508] INFO:       normalize: False
[2016-05-02 00:46:27,509] INFO:       random_state: 2016
[2016-05-02 00:46:27,509] INFO: Result
[2016-05-02 00:46:27,509] INFO:       Run      RMSE        Shape
[2016-05-02 00:47:46,224] INFO:         1    0.447002    23167 x 722
[2016-05-02 00:48:56,447] INFO:         2    0.449115    21940 x 722
[2016-05-02 00:50:10,317] INFO:         3    0.447369    22182 x 722
[2016-05-02 00:51:17,236] INFO:         4    0.449333    21966 x 722
[2016-05-02 00:52:30,608] INFO:         5     0.44878    21961 x 722
[2016-05-02 00:52:30,898] INFO: RMSE
[2016-05-02 00:52:30,898] INFO:       Mean: 0.448320
[2016-05-02 00:52:30,898] INFO:       Std: 0.000950
[2016-05-02 00:52:30,898] INFO: Time
[2016-05-02 00:52:30,898] INFO:       6 mins
[2016-05-02 00:52:30,898] INFO: --------------------------------------------------
[2016-05-02 00:56:52,042] INFO: tpe_transform took 0.002033 seconds
[2016-05-02 00:56:52,042] INFO: TPE using 33/33 trials with best loss 0.448280
[2016-05-02 00:56:52,047] INFO: ==================================================
[2016-05-02 00:56:52,047] INFO: Task
[2016-05-02 00:56:52,047] INFO:       [Feat@basic_linear_201605010104]_[Learner@reg_skl_lasso]_[Id@34]
[2016-05-02 00:56:52,047] INFO: Param
[2016-05-02 00:56:52,047] INFO:       alpha: 0.0002711082034848088
[2016-05-02 00:56:52,047] INFO:       normalize: False
[2016-05-02 00:56:52,048] INFO:       random_state: 2016
[2016-05-02 00:56:52,048] INFO: Result
[2016-05-02 00:56:52,048] INFO:       Run      RMSE        Shape
[2016-05-02 00:58:24,926] INFO:         1    0.447835    23167 x 722
[2016-05-02 00:59:55,895] INFO:         2    0.449529    21940 x 722
[2016-05-02 01:01:14,519] INFO:         3    0.447639    22182 x 722
[2016-05-02 01:02:44,896] INFO:         4    0.449719    21966 x 722
[2016-05-02 01:04:23,098] INFO:         5    0.449328    21961 x 722
[2016-05-02 01:04:23,385] INFO: RMSE
[2016-05-02 01:04:23,385] INFO:       Mean: 0.448810
[2016-05-02 01:04:23,385] INFO:       Std: 0.000887
[2016-05-02 01:04:23,386] INFO: Time
[2016-05-02 01:04:23,386] INFO:       7 mins
[2016-05-02 01:04:23,386] INFO: --------------------------------------------------
[2016-05-02 01:09:16,525] INFO: tpe_transform took 0.001954 seconds
[2016-05-02 01:09:16,525] INFO: TPE using 34/34 trials with best loss 0.448280
[2016-05-02 01:09:16,529] INFO: ==================================================
[2016-05-02 01:09:16,530] INFO: Task
[2016-05-02 01:09:16,530] INFO:       [Feat@basic_linear_201605010104]_[Learner@reg_skl_lasso]_[Id@35]
[2016-05-02 01:09:16,530] INFO: Param
[2016-05-02 01:09:16,530] INFO:       alpha: 0.0010922649325767885
[2016-05-02 01:09:16,530] INFO:       normalize: False
[2016-05-02 01:09:16,530] INFO:       random_state: 2016
[2016-05-02 01:09:16,530] INFO: Result
[2016-05-02 01:09:16,531] INFO:       Run      RMSE        Shape
[2016-05-02 01:10:47,664] INFO:         1    0.449999    23167 x 722
[2016-05-02 01:12:11,911] INFO:         2    0.452105    21940 x 722
[2016-05-02 01:13:24,644] INFO:         3    0.449498    22182 x 722
[2016-05-02 01:14:41,879] INFO:         4    0.451587    21966 x 722
[2016-05-02 01:15:58,725] INFO:         5    0.452275    21961 x 722
[2016-05-02 01:15:59,019] INFO: RMSE
[2016-05-02 01:15:59,019] INFO:       Mean: 0.451093
[2016-05-02 01:15:59,019] INFO:       Std: 0.001132
[2016-05-02 01:15:59,020] INFO: Time
[2016-05-02 01:15:59,020] INFO:       6 mins
[2016-05-02 01:15:59,020] INFO: --------------------------------------------------
[2016-05-02 01:18:07,620] INFO: tpe_transform took 0.001945 seconds
[2016-05-02 01:18:07,620] INFO: TPE using 35/35 trials with best loss 0.448280
[2016-05-02 01:18:07,625] INFO: ==================================================
[2016-05-02 01:18:07,625] INFO: Task
[2016-05-02 01:18:07,625] INFO:       [Feat@basic_linear_201605010104]_[Learner@reg_skl_lasso]_[Id@36]
[2016-05-02 01:18:07,625] INFO: Param
[2016-05-02 01:18:07,625] INFO:       alpha: 3.8076914133526456e-05
[2016-05-02 01:18:07,625] INFO:       normalize: False
[2016-05-02 01:18:07,625] INFO:       random_state: 2016
[2016-05-02 01:18:07,626] INFO: Result
[2016-05-02 01:18:07,626] INFO:       Run      RMSE        Shape
[2016-05-02 01:19:30,754] INFO:         1    0.447027    23167 x 722
[2016-05-02 01:21:17,452] INFO:         2      0.4496    21940 x 722
[2016-05-02 01:22:33,282] INFO:         3    0.447579    22182 x 722
[2016-05-02 01:24:12,534] INFO:         4    0.449991    21966 x 722
[2016-05-02 01:25:30,219] INFO:         5    0.448772    21961 x 722
[2016-05-02 01:25:30,511] INFO: RMSE
[2016-05-02 01:25:30,511] INFO:       Mean: 0.448594
[2016-05-02 01:25:30,512] INFO:       Std: 0.001138
[2016-05-02 01:25:30,512] INFO: Time
[2016-05-02 01:25:30,512] INFO:       7 mins
[2016-05-02 01:25:30,512] INFO: --------------------------------------------------
[2016-05-02 01:29:46,007] INFO: tpe_transform took 0.001948 seconds
[2016-05-02 01:29:46,008] INFO: TPE using 36/36 trials with best loss 0.448280
[2016-05-02 01:29:46,012] INFO: ==================================================
[2016-05-02 01:29:46,013] INFO: Task
[2016-05-02 01:29:46,013] INFO:       [Feat@basic_linear_201605010104]_[Learner@reg_skl_lasso]_[Id@37]
[2016-05-02 01:29:46,013] INFO: Param
[2016-05-02 01:29:46,013] INFO:       alpha: 0.0025158762306052808
[2016-05-02 01:29:46,013] INFO:       normalize: False
[2016-05-02 01:29:46,013] INFO:       random_state: 2016
[2016-05-02 01:29:46,013] INFO: Result
[2016-05-02 01:29:46,013] INFO:       Run      RMSE        Shape
[2016-05-02 01:31:33,051] INFO:         1    0.452527    23167 x 722
[2016-05-02 01:32:04,874] INFO:         2    0.454456    21940 x 722
[2016-05-02 01:32:28,051] INFO:         3    0.452487    22182 x 722
[2016-05-02 01:32:55,307] INFO:         4    0.454493    21966 x 722
[2016-05-02 01:34:03,225] INFO:         5     0.45503    21961 x 722
[2016-05-02 01:34:03,523] INFO: RMSE
[2016-05-02 01:34:03,523] INFO:       Mean: 0.453799
[2016-05-02 01:34:03,523] INFO:       Std: 0.001074
[2016-05-02 01:34:03,523] INFO: Time
[2016-05-02 01:34:03,523] INFO:       4 mins
[2016-05-02 01:34:03,523] INFO: --------------------------------------------------
[2016-05-02 01:35:38,254] INFO: tpe_transform took 0.001991 seconds
[2016-05-02 01:35:38,254] INFO: TPE using 37/37 trials with best loss 0.448280
[2016-05-02 01:35:38,259] INFO: ==================================================
[2016-05-02 01:35:38,259] INFO: Task
[2016-05-02 01:35:38,259] INFO:       [Feat@basic_linear_201605010104]_[Learner@reg_skl_lasso]_[Id@38]
[2016-05-02 01:35:38,259] INFO: Param
[2016-05-02 01:35:38,259] INFO:       alpha: 1.954681961388271e-05
[2016-05-02 01:35:38,259] INFO:       normalize: False
[2016-05-02 01:35:38,259] INFO:       random_state: 2016
[2016-05-02 01:35:38,260] INFO: Result
[2016-05-02 01:35:38,260] INFO:       Run      RMSE        Shape
[2016-05-02 01:37:16,658] INFO:         1    0.447321    23167 x 722
[2016-05-02 01:39:15,527] INFO:         2    0.450119    21940 x 722
[2016-05-02 01:40:59,442] INFO:         3    0.447901    22182 x 722
[2016-05-02 01:42:25,611] INFO:         4    0.450366    21966 x 722
[2016-05-02 01:44:09,800] INFO:         5    0.449014    21961 x 722
[2016-05-02 01:44:10,093] INFO: RMSE
[2016-05-02 01:44:10,093] INFO:       Mean: 0.448944
[2016-05-02 01:44:10,093] INFO:       Std: 0.001194
[2016-05-02 01:44:10,094] INFO: Time
[2016-05-02 01:44:10,094] INFO:       8 mins
[2016-05-02 01:44:10,094] INFO: --------------------------------------------------
[2016-05-02 01:49:34,908] INFO: tpe_transform took 0.001956 seconds
[2016-05-02 01:49:34,908] INFO: TPE using 38/38 trials with best loss 0.448280
[2016-05-02 01:49:34,913] INFO: ==================================================
[2016-05-02 01:49:34,913] INFO: Task
[2016-05-02 01:49:34,913] INFO:       [Feat@basic_linear_201605010104]_[Learner@reg_skl_lasso]_[Id@39]
[2016-05-02 01:49:34,913] INFO: Param
[2016-05-02 01:49:34,913] INFO:       alpha: 0.0001188027164085516
[2016-05-02 01:49:34,913] INFO:       normalize: False
[2016-05-02 01:49:34,913] INFO:       random_state: 2016
[2016-05-02 01:49:34,914] INFO: Result
[2016-05-02 01:49:34,914] INFO:       Run      RMSE        Shape
[2016-05-02 01:51:06,220] INFO:         1    0.446961    23167 x 722
[2016-05-02 01:52:39,574] INFO:         2    0.449099    21940 x 722
[2016-05-02 01:53:47,308] INFO:         3    0.447347    22182 x 722
[2016-05-02 01:55:04,669] INFO:         4    0.449343    21966 x 722
[2016-05-02 01:56:29,102] INFO:         5    0.448749    21961 x 722
[2016-05-02 01:56:29,394] INFO: RMSE
[2016-05-02 01:56:29,394] INFO:       Mean: 0.448300
[2016-05-02 01:56:29,394] INFO:       Std: 0.000962
[2016-05-02 01:56:29,394] INFO: Time
[2016-05-02 01:56:29,395] INFO:       6 mins
[2016-05-02 01:56:29,395] INFO: --------------------------------------------------
[2016-05-02 02:00:40,263] INFO: tpe_transform took 0.001960 seconds
[2016-05-02 02:00:40,263] INFO: TPE using 39/39 trials with best loss 0.448280
[2016-05-02 02:00:40,268] INFO: ==================================================
[2016-05-02 02:00:40,268] INFO: Task
[2016-05-02 02:00:40,268] INFO:       [Feat@basic_linear_201605010104]_[Learner@reg_skl_lasso]_[Id@40]
[2016-05-02 02:00:40,268] INFO: Param
[2016-05-02 02:00:40,268] INFO:       alpha: 0.00019347456031831563
[2016-05-02 02:00:40,268] INFO:       normalize: False
[2016-05-02 02:00:40,268] INFO:       random_state: 2016
[2016-05-02 02:00:40,269] INFO: Result
[2016-05-02 02:00:40,269] INFO:       Run      RMSE        Shape
[2016-05-02 02:01:55,655] INFO:         1    0.447349    23167 x 722
[2016-05-02 02:03:16,846] INFO:         2    0.449354    21940 x 722
[2016-05-02 02:04:42,644] INFO:         3    0.447481    22182 x 722
[2016-05-02 02:06:07,578] INFO:         4    0.449429    21966 x 722
[2016-05-02 02:07:31,626] INFO:         5    0.449085    21961 x 722
[2016-05-02 02:07:31,939] INFO: RMSE
[2016-05-02 02:07:31,939] INFO:       Mean: 0.448539
[2016-05-02 02:07:31,939] INFO:       Std: 0.000926
[2016-05-02 02:07:31,939] INFO: Time
[2016-05-02 02:07:31,940] INFO:       6 mins
[2016-05-02 02:07:31,940] INFO: --------------------------------------------------
[2016-05-02 02:11:06,918] INFO: tpe_transform took 0.001961 seconds
[2016-05-02 02:11:06,918] INFO: TPE using 40/40 trials with best loss 0.448280
[2016-05-02 02:11:06,923] INFO: ==================================================
[2016-05-02 02:11:06,923] INFO: Task
[2016-05-02 02:11:06,923] INFO:       [Feat@basic_linear_201605010104]_[Learner@reg_skl_lasso]_[Id@41]
[2016-05-02 02:11:06,924] INFO: Param
[2016-05-02 02:11:06,924] INFO:       alpha: 4.041906401150995e-05
[2016-05-02 02:11:06,924] INFO:       normalize: False
[2016-05-02 02:11:06,924] INFO:       random_state: 2016
[2016-05-02 02:11:06,924] INFO: Result
[2016-05-02 02:11:06,924] INFO:       Run      RMSE        Shape
[2016-05-02 02:12:59,773] INFO:         1     0.44699    23167 x 722
[2016-05-02 02:14:24,276] INFO:         2    0.449557    21940 x 722
[2016-05-02 02:15:47,125] INFO:         3    0.447548    22182 x 722
[2016-05-02 02:17:07,157] INFO:         4    0.449963    21966 x 722
[2016-05-02 02:18:28,914] INFO:         5    0.448763    21961 x 722
[2016-05-02 02:18:29,214] INFO: RMSE
[2016-05-02 02:18:29,214] INFO:       Mean: 0.448564
[2016-05-02 02:18:29,215] INFO:       Std: 0.001139
[2016-05-02 02:18:29,215] INFO: Time
[2016-05-02 02:18:29,215] INFO:       7 mins
[2016-05-02 02:18:29,215] INFO: --------------------------------------------------
[2016-05-02 02:23:44,799] INFO: tpe_transform took 0.001946 seconds
[2016-05-02 02:23:44,800] INFO: TPE using 41/41 trials with best loss 0.448280
[2016-05-02 02:23:44,804] INFO: ==================================================
[2016-05-02 02:23:44,805] INFO: Task
[2016-05-02 02:23:44,805] INFO:       [Feat@basic_linear_201605010104]_[Learner@reg_skl_lasso]_[Id@42]
[2016-05-02 02:23:44,805] INFO: Param
[2016-05-02 02:23:44,805] INFO:       alpha: 1.021419757686207e-05
[2016-05-02 02:23:44,805] INFO:       normalize: False
[2016-05-02 02:23:44,805] INFO:       random_state: 2016
[2016-05-02 02:23:44,805] INFO: Result
[2016-05-02 02:23:44,805] INFO:       Run      RMSE        Shape
[2016-05-02 02:25:45,703] INFO:         1    0.447535    23167 x 722
[2016-05-02 02:27:34,305] INFO:         2    0.450531    21940 x 722
[2016-05-02 02:29:42,964] INFO:         3    0.448237    22182 x 722
[2016-05-02 02:31:34,935] INFO:         4    0.450702    21966 x 722
[2016-05-02 02:33:11,580] INFO:         5    0.449261    21961 x 722
[2016-05-02 02:33:11,873] INFO: RMSE
[2016-05-02 02:33:11,873] INFO:       Mean: 0.449253
[2016-05-02 02:33:11,873] INFO:       Std: 0.001242
[2016-05-02 02:33:11,873] INFO: Time
[2016-05-02 02:33:11,873] INFO:       9 mins
[2016-05-02 02:33:11,874] INFO: --------------------------------------------------
[2016-05-02 02:38:15,583] INFO: tpe_transform took 0.001932 seconds
[2016-05-02 02:38:15,583] INFO: TPE using 42/42 trials with best loss 0.448280
[2016-05-02 02:38:15,588] INFO: ==================================================
[2016-05-02 02:38:15,588] INFO: Task
[2016-05-02 02:38:15,588] INFO:       [Feat@basic_linear_201605010104]_[Learner@reg_skl_lasso]_[Id@43]
[2016-05-02 02:38:15,588] INFO: Param
[2016-05-02 02:38:15,588] INFO:       alpha: 0.0008749132323477801
[2016-05-02 02:38:15,589] INFO:       normalize: False
[2016-05-02 02:38:15,589] INFO:       random_state: 2016
[2016-05-02 02:38:15,589] INFO: Result
[2016-05-02 02:38:15,589] INFO:       Run      RMSE        Shape
[2016-05-02 02:39:36,075] INFO:         1    0.449353    23167 x 722
[2016-05-02 02:40:53,430] INFO:         2     0.45159    21940 x 722
[2016-05-02 02:42:09,196] INFO:         3    0.449052    22182 x 722
[2016-05-02 02:43:44,907] INFO:         4    0.451097    21966 x 722
[2016-05-02 02:45:20,028] INFO:         5    0.451773    21961 x 722
[2016-05-02 02:45:20,320] INFO: RMSE
[2016-05-02 02:45:20,321] INFO:       Mean: 0.450573
[2016-05-02 02:45:20,321] INFO:       Std: 0.001144
[2016-05-02 02:45:20,321] INFO: Time
[2016-05-02 02:45:20,321] INFO:       7 mins
[2016-05-02 02:45:20,321] INFO: --------------------------------------------------
[2016-05-02 02:49:05,433] INFO: tpe_transform took 0.001935 seconds
[2016-05-02 02:49:05,433] INFO: TPE using 43/43 trials with best loss 0.448280
[2016-05-02 02:49:05,438] INFO: ==================================================
[2016-05-02 02:49:05,438] INFO: Task
[2016-05-02 02:49:05,438] INFO:       [Feat@basic_linear_201605010104]_[Learner@reg_skl_lasso]_[Id@44]
[2016-05-02 02:49:05,438] INFO: Param
[2016-05-02 02:49:05,438] INFO:       alpha: 0.0050109617478708915
[2016-05-02 02:49:05,438] INFO:       normalize: False
[2016-05-02 02:49:05,439] INFO:       random_state: 2016
[2016-05-02 02:49:05,439] INFO: Result
[2016-05-02 02:49:05,439] INFO:       Run      RMSE        Shape
[2016-05-02 02:49:22,349] INFO:         1    0.456841    23167 x 722
[2016-05-02 02:50:31,876] INFO:         2    0.458437    21940 x 722
[2016-05-02 02:50:56,790] INFO:         3     0.45787    22182 x 722
[2016-05-02 02:51:12,856] INFO:         4     0.45978    21966 x 722
[2016-05-02 02:52:22,979] INFO:         5    0.459773    21961 x 722
[2016-05-02 02:52:23,269] INFO: RMSE
[2016-05-02 02:52:23,269] INFO:       Mean: 0.458540
[2016-05-02 02:52:23,269] INFO:       Std: 0.001132
[2016-05-02 02:52:23,270] INFO: Time
[2016-05-02 02:52:23,270] INFO:       3 mins
[2016-05-02 02:52:23,270] INFO: --------------------------------------------------
[2016-05-02 02:56:52,154] INFO: tpe_transform took 0.001963 seconds
[2016-05-02 02:56:52,155] INFO: TPE using 44/44 trials with best loss 0.448280
[2016-05-02 02:56:52,160] INFO: ==================================================
[2016-05-02 02:56:52,160] INFO: Task
[2016-05-02 02:56:52,160] INFO:       [Feat@basic_linear_201605010104]_[Learner@reg_skl_lasso]_[Id@45]
[2016-05-02 02:56:52,160] INFO: Param
[2016-05-02 02:56:52,160] INFO:       alpha: 0.0003946721050026819
[2016-05-02 02:56:52,160] INFO:       normalize: True
[2016-05-02 02:56:52,160] INFO:       random_state: 2016
[2016-05-02 02:56:52,161] INFO: Result
[2016-05-02 02:56:52,161] INFO:       Run      RMSE        Shape
[2016-05-02 02:56:56,238] INFO:         1    0.468044    23167 x 722
[2016-05-02 02:57:03,013] INFO:         2    0.468356    21940 x 722
[2016-05-02 02:57:07,362] INFO:         3    0.467586    22182 x 722
[2016-05-02 02:57:11,119] INFO:         4    0.468087    21966 x 722
[2016-05-02 02:57:20,539] INFO:         5    0.467847    21961 x 722
[2016-05-02 02:57:20,872] INFO: RMSE
[2016-05-02 02:57:20,872] INFO:       Mean: 0.467984
[2016-05-02 02:57:20,872] INFO:       Std: 0.000257
[2016-05-02 02:57:20,873] INFO: Time
[2016-05-02 02:57:20,873] INFO:       28 secs
[2016-05-02 02:57:20,873] INFO: --------------------------------------------------
[2016-05-02 02:57:33,921] INFO: tpe_transform took 0.001952 seconds
[2016-05-02 02:57:33,921] INFO: TPE using 45/45 trials with best loss 0.448280
[2016-05-02 02:57:33,926] INFO: ==================================================
[2016-05-02 02:57:33,926] INFO: Task
[2016-05-02 02:57:33,926] INFO:       [Feat@basic_linear_201605010104]_[Learner@reg_skl_lasso]_[Id@46]
[2016-05-02 02:57:33,926] INFO: Param
[2016-05-02 02:57:33,926] INFO:       alpha: 8.980608159507301e-05
[2016-05-02 02:57:33,926] INFO:       normalize: False
[2016-05-02 02:57:33,927] INFO:       random_state: 2016
[2016-05-02 02:57:33,927] INFO: Result
[2016-05-02 02:57:33,927] INFO:       Run      RMSE        Shape
[2016-05-02 02:59:05,086] INFO:         1    0.446844    23167 x 722
[2016-05-02 03:00:18,819] INFO:         2    0.449131    21940 x 722
[2016-05-02 03:01:40,730] INFO:         3    0.447327    22182 x 722
[2016-05-02 03:02:52,758] INFO:         4    0.449458    21966 x 722
[2016-05-02 03:04:16,333] INFO:         5    0.448643    21961 x 722
[2016-05-02 03:04:16,624] INFO: RMSE
[2016-05-02 03:04:16,624] INFO:       Mean: 0.448281
[2016-05-02 03:04:16,624] INFO:       Std: 0.001021
[2016-05-02 03:04:16,624] INFO: Time
[2016-05-02 03:04:16,625] INFO:       6 mins
[2016-05-02 03:04:16,625] INFO: --------------------------------------------------
[2016-05-02 03:07:53,797] INFO: tpe_transform took 0.002260 seconds
[2016-05-02 03:07:53,797] INFO: TPE using 46/46 trials with best loss 0.448280
[2016-05-02 03:07:53,802] INFO: ==================================================
[2016-05-02 03:07:53,802] INFO: Task
[2016-05-02 03:07:53,803] INFO:       [Feat@basic_linear_201605010104]_[Learner@reg_skl_lasso]_[Id@47]
[2016-05-02 03:07:53,803] INFO: Param
[2016-05-02 03:07:53,803] INFO:       alpha: 0.0023573381570711734
[2016-05-02 03:07:53,803] INFO:       normalize: False
[2016-05-02 03:07:53,803] INFO:       random_state: 2016
[2016-05-02 03:07:53,803] INFO: Result
[2016-05-02 03:07:53,803] INFO:       Run      RMSE        Shape
[2016-05-02 03:09:08,006] INFO:         1    0.452258    23167 x 722
[2016-05-02 03:10:01,165] INFO:         2    0.454209    21940 x 722
[2016-05-02 03:10:28,670] INFO:         3    0.452124    22182 x 722
[2016-05-02 03:11:28,664] INFO:         4    0.454196    21966 x 722
[2016-05-02 03:12:58,918] INFO:         5    0.454782    21961 x 722
[2016-05-02 03:12:59,214] INFO: RMSE
[2016-05-02 03:12:59,214] INFO:       Mean: 0.453514
[2016-05-02 03:12:59,214] INFO:       Std: 0.001102
[2016-05-02 03:12:59,214] INFO: Time
[2016-05-02 03:12:59,215] INFO:       5 mins
[2016-05-02 03:12:59,215] INFO: --------------------------------------------------
[2016-05-02 03:14:15,153] INFO: tpe_transform took 0.001955 seconds
[2016-05-02 03:14:15,154] INFO: TPE using 47/47 trials with best loss 0.448280
[2016-05-02 03:14:15,158] INFO: ==================================================
[2016-05-02 03:14:15,159] INFO: Task
[2016-05-02 03:14:15,159] INFO:       [Feat@basic_linear_201605010104]_[Learner@reg_skl_lasso]_[Id@48]
[2016-05-02 03:14:15,159] INFO: Param
[2016-05-02 03:14:15,159] INFO:       alpha: 0.01293258958247063
[2016-05-02 03:14:15,159] INFO:       normalize: True
[2016-05-02 03:14:15,159] INFO:       random_state: 2016
[2016-05-02 03:14:15,159] INFO: Result
[2016-05-02 03:14:15,160] INFO:       Run      RMSE        Shape
[2016-05-02 03:14:17,180] INFO:         1     0.53283    23167 x 722
[2016-05-02 03:14:19,423] INFO:         2    0.534377    21940 x 722
[2016-05-02 03:14:21,654] INFO:         3     0.53367    22182 x 722
[2016-05-02 03:14:23,950] INFO:         4    0.534505    21966 x 722
[2016-05-02 03:14:26,190] INFO:         5    0.533774    21961 x 722
[2016-05-02 03:14:26,476] INFO: RMSE
[2016-05-02 03:14:26,476] INFO:       Mean: 0.533831
[2016-05-02 03:14:26,477] INFO:       Std: 0.000597
[2016-05-02 03:14:26,477] INFO: Time
[2016-05-02 03:14:26,477] INFO:       11 secs
[2016-05-02 03:14:26,477] INFO: --------------------------------------------------
[2016-05-02 03:14:30,797] INFO: tpe_transform took 0.001968 seconds
[2016-05-02 03:14:30,798] INFO: TPE using 48/48 trials with best loss 0.448280
[2016-05-02 03:14:30,803] INFO: ==================================================
[2016-05-02 03:14:30,803] INFO: Task
[2016-05-02 03:14:30,803] INFO:       [Feat@basic_linear_201605010104]_[Learner@reg_skl_lasso]_[Id@49]
[2016-05-02 03:14:30,803] INFO: Param
[2016-05-02 03:14:30,803] INFO:       alpha: 0.0001879051826159233
[2016-05-02 03:14:30,803] INFO:       normalize: False
[2016-05-02 03:14:30,803] INFO:       random_state: 2016
[2016-05-02 03:14:30,804] INFO: Result
[2016-05-02 03:14:30,804] INFO:       Run      RMSE        Shape
[2016-05-02 03:15:57,584] INFO:         1    0.447313    23167 x 722
[2016-05-02 03:17:14,666] INFO:         2    0.449332    21940 x 722
[2016-05-02 03:18:50,686] INFO:         3    0.447464    22182 x 722
[2016-05-02 03:20:13,967] INFO:         4    0.449411    21966 x 722
[2016-05-02 03:21:58,968] INFO:         5    0.449073    21961 x 722
[2016-05-02 03:21:59,262] INFO: RMSE
[2016-05-02 03:21:59,262] INFO:       Mean: 0.448519
[2016-05-02 03:21:59,262] INFO:       Std: 0.000931
[2016-05-02 03:21:59,262] INFO: Time
[2016-05-02 03:21:59,262] INFO:       7 mins
[2016-05-02 03:21:59,262] INFO: --------------------------------------------------
[2016-05-02 03:26:51,642] INFO: tpe_transform took 0.001964 seconds
[2016-05-02 03:26:51,643] INFO: TPE using 49/49 trials with best loss 0.448280
[2016-05-02 03:26:51,648] INFO: ==================================================
[2016-05-02 03:26:51,648] INFO: Task
[2016-05-02 03:26:51,648] INFO:       [Feat@basic_linear_201605010104]_[Learner@reg_skl_lasso]_[Id@50]
[2016-05-02 03:26:51,648] INFO: Param
[2016-05-02 03:26:51,648] INFO:       alpha: 0.0013370569152050512
[2016-05-02 03:26:51,648] INFO:       normalize: True
[2016-05-02 03:26:51,648] INFO:       random_state: 2016
[2016-05-02 03:26:51,648] INFO: Result
[2016-05-02 03:26:51,649] INFO:       Run      RMSE        Shape
[2016-05-02 03:26:54,669] INFO:         1    0.529337    23167 x 722
[2016-05-02 03:26:57,174] INFO:         2    0.529295    21940 x 722
[2016-05-02 03:26:59,986] INFO:         3    0.531183    22182 x 722
[2016-05-02 03:27:04,107] INFO:         4    0.530778    21966 x 722
[2016-05-02 03:27:06,860] INFO:         5     0.52791    21961 x 722
[2016-05-02 03:27:07,155] INFO: RMSE
[2016-05-02 03:27:07,155] INFO:       Mean: 0.529701
[2016-05-02 03:27:07,155] INFO:       Std: 0.001172
[2016-05-02 03:27:07,155] INFO: Time
[2016-05-02 03:27:07,155] INFO:       15 secs
[2016-05-02 03:27:07,156] INFO: --------------------------------------------------
[2016-05-02 03:27:11,454] INFO: tpe_transform took 0.001943 seconds
[2016-05-02 03:27:11,454] INFO: TPE using 50/50 trials with best loss 0.448280
[2016-05-02 03:27:11,459] INFO: ==================================================
[2016-05-02 03:27:11,459] INFO: Task
[2016-05-02 03:27:11,459] INFO:       [Feat@basic_linear_201605010104]_[Learner@reg_skl_lasso]_[Id@51]
[2016-05-02 03:27:11,460] INFO: Param
[2016-05-02 03:27:11,460] INFO:       alpha: 0.00010221527818475451
[2016-05-02 03:27:11,460] INFO:       normalize: False
[2016-05-02 03:27:11,460] INFO:       random_state: 2016
[2016-05-02 03:27:11,460] INFO: Result
[2016-05-02 03:27:11,460] INFO:       Run      RMSE        Shape
[2016-05-02 03:28:27,165] INFO:         1    0.446895    23167 x 722
[2016-05-02 03:29:43,319] INFO:         2    0.449101    21940 x 722
[2016-05-02 03:30:50,519] INFO:         3    0.447331    22182 x 722
[2016-05-02 03:32:19,145] INFO:         4    0.449386    21966 x 722
[2016-05-02 03:33:36,601] INFO:         5    0.448685    21961 x 722
[2016-05-02 03:33:36,899] INFO: RMSE
[2016-05-02 03:33:36,899] INFO:       Mean: 0.448279
[2016-05-02 03:33:36,899] INFO:       Std: 0.000988
[2016-05-02 03:33:36,899] INFO: Time
[2016-05-02 03:33:36,899] INFO:       6 mins
[2016-05-02 03:33:36,899] INFO: --------------------------------------------------
[2016-05-02 03:37:24,906] INFO: tpe_transform took 0.002088 seconds
[2016-05-02 03:37:24,907] INFO: TPE using 51/51 trials with best loss 0.448279
[2016-05-02 03:37:24,912] INFO: ==================================================
[2016-05-02 03:37:24,912] INFO: Task
[2016-05-02 03:37:24,912] INFO:       [Feat@basic_linear_201605010104]_[Learner@reg_skl_lasso]_[Id@52]
[2016-05-02 03:37:24,912] INFO: Param
[2016-05-02 03:37:24,912] INFO:       alpha: 4.818129962514231e-05
[2016-05-02 03:37:24,913] INFO:       normalize: True
[2016-05-02 03:37:24,913] INFO:       random_state: 2016
[2016-05-02 03:37:24,913] INFO: Result
[2016-05-02 03:37:24,913] INFO:       Run      RMSE        Shape
[2016-05-02 03:37:38,234] INFO:         1    0.450391    23167 x 722
[2016-05-02 03:37:48,700] INFO:         2    0.452339    21940 x 722
[2016-05-02 03:38:00,084] INFO:         3    0.450059    22182 x 722
[2016-05-02 03:38:05,844] INFO:         4    0.451539    21966 x 722
[2016-05-02 03:38:21,687] INFO:         5    0.451846    21961 x 722
[2016-05-02 03:38:21,980] INFO: RMSE
[2016-05-02 03:38:21,980] INFO:       Mean: 0.451235
[2016-05-02 03:38:21,980] INFO:       Std: 0.000869
[2016-05-02 03:38:21,980] INFO: Time
[2016-05-02 03:38:21,980] INFO:       57 secs
[2016-05-02 03:38:21,980] INFO: --------------------------------------------------
[2016-05-02 03:39:14,403] INFO: tpe_transform took 0.001956 seconds
[2016-05-02 03:39:14,403] INFO: TPE using 52/52 trials with best loss 0.448279
[2016-05-02 03:39:14,408] INFO: ==================================================
[2016-05-02 03:39:14,408] INFO: Task
[2016-05-02 03:39:14,409] INFO:       [Feat@basic_linear_201605010104]_[Learner@reg_skl_lasso]_[Id@53]
[2016-05-02 03:39:14,409] INFO: Param
[2016-05-02 03:39:14,409] INFO:       alpha: 0.0006350159124930303
[2016-05-02 03:39:14,409] INFO:       normalize: False
[2016-05-02 03:39:14,409] INFO:       random_state: 2016
[2016-05-02 03:39:14,409] INFO: Result
[2016-05-02 03:39:14,409] INFO:       Run      RMSE        Shape
[2016-05-02 03:40:30,472] INFO:         1    0.448813    23167 x 722
[2016-05-02 03:41:49,591] INFO:         2    0.450823    21940 x 722
[2016-05-02 03:43:06,226] INFO:         3    0.448455    22182 x 722
[2016-05-02 03:44:42,784] INFO:         4    0.450651    21966 x 722
[2016-05-02 03:46:21,911] INFO:         5    0.450821    21961 x 722
[2016-05-02 03:46:22,200] INFO: RMSE
[2016-05-02 03:46:22,201] INFO:       Mean: 0.449913
[2016-05-02 03:46:22,201] INFO:       Std: 0.001052
[2016-05-02 03:46:22,201] INFO: Time
[2016-05-02 03:46:22,201] INFO:       7 mins
[2016-05-02 03:46:22,201] INFO: --------------------------------------------------
[2016-05-02 03:50:41,970] INFO: tpe_transform took 0.001957 seconds
[2016-05-02 03:50:41,970] INFO: TPE using 53/53 trials with best loss 0.448279
[2016-05-02 03:50:41,975] INFO: ==================================================
[2016-05-02 03:50:41,975] INFO: Task
[2016-05-02 03:50:41,976] INFO:       [Feat@basic_linear_201605010104]_[Learner@reg_skl_lasso]_[Id@54]
[2016-05-02 03:50:41,976] INFO: Param
[2016-05-02 03:50:41,976] INFO:       alpha: 0.012469518100862033
[2016-05-02 03:50:41,976] INFO:       normalize: False
[2016-05-02 03:50:41,976] INFO:       random_state: 2016
[2016-05-02 03:50:41,976] INFO: Result
[2016-05-02 03:50:41,976] INFO:       Run      RMSE        Shape
[2016-05-02 03:51:03,064] INFO:         1      0.4646    23167 x 722
[2016-05-02 03:51:24,897] INFO:         2    0.466849    21940 x 722
[2016-05-02 03:51:42,657] INFO:         3    0.466327    22182 x 722
[2016-05-02 03:51:56,398] INFO:         4    0.467501    21966 x 722
[2016-05-02 03:53:01,147] INFO:         5      0.4679    21961 x 722
[2016-05-02 03:53:01,442] INFO: RMSE
[2016-05-02 03:53:01,442] INFO:       Mean: 0.466635
[2016-05-02 03:53:01,442] INFO:       Std: 0.001152
[2016-05-02 03:53:01,443] INFO: Time
[2016-05-02 03:53:01,443] INFO:       2 mins
[2016-05-02 03:53:01,443] INFO: --------------------------------------------------
[2016-05-02 03:53:32,487] INFO: tpe_transform took 0.001944 seconds
[2016-05-02 03:53:32,487] INFO: TPE using 54/54 trials with best loss 0.448279
[2016-05-02 03:53:32,492] INFO: ==================================================
[2016-05-02 03:53:32,492] INFO: Task
[2016-05-02 03:53:32,492] INFO:       [Feat@basic_linear_201605010104]_[Learner@reg_skl_lasso]_[Id@55]
[2016-05-02 03:53:32,492] INFO: Param
[2016-05-02 03:53:32,493] INFO:       alpha: 0.0003748249631912558
[2016-05-02 03:53:32,493] INFO:       normalize: True
[2016-05-02 03:53:32,493] INFO:       random_state: 2016
[2016-05-02 03:53:32,493] INFO: Result
[2016-05-02 03:53:32,493] INFO:       Run      RMSE        Shape
[2016-05-02 03:53:36,791] INFO:         1    0.466869    23167 x 722
[2016-05-02 03:53:49,524] INFO:         2    0.467276    21940 x 722
[2016-05-02 03:53:54,062] INFO:         3    0.466498    22182 x 722
[2016-05-02 03:53:57,920] INFO:         4    0.466991    21966 x 722
[2016-05-02 03:54:10,887] INFO:         5    0.466834    21961 x 722
[2016-05-02 03:54:11,182] INFO: RMSE
[2016-05-02 03:54:11,182] INFO:       Mean: 0.466894
[2016-05-02 03:54:11,182] INFO:       Std: 0.000252
[2016-05-02 03:54:11,182] INFO: Time
[2016-05-02 03:54:11,182] INFO:       38 secs
[2016-05-02 03:54:11,182] INFO: --------------------------------------------------
[2016-05-02 03:54:25,275] INFO: tpe_transform took 0.001961 seconds
[2016-05-02 03:54:25,275] INFO: TPE using 55/55 trials with best loss 0.448279
[2016-05-02 03:54:25,280] INFO: ==================================================
[2016-05-02 03:54:25,280] INFO: Task
[2016-05-02 03:54:25,281] INFO:       [Feat@basic_linear_201605010104]_[Learner@reg_skl_lasso]_[Id@56]
[2016-05-02 03:54:25,281] INFO: Param
[2016-05-02 03:54:25,281] INFO:       alpha: 2.8257234455216706e-05
[2016-05-02 03:54:25,281] INFO:       normalize: False
[2016-05-02 03:54:25,281] INFO:       random_state: 2016
[2016-05-02 03:54:25,281] INFO: Result
[2016-05-02 03:54:25,281] INFO:       Run      RMSE        Shape
[2016-05-02 03:55:57,525] INFO:         1    0.447166    23167 x 722
[2016-05-02 03:57:45,027] INFO:         2    0.449859    21940 x 722
[2016-05-02 03:59:09,586] INFO:         3    0.447709    22182 x 722
[2016-05-02 04:00:46,441] INFO:         4    0.450154    21966 x 722
[2016-05-02 04:02:15,410] INFO:         5    0.448862    21961 x 722
[2016-05-02 04:02:15,703] INFO: RMSE
[2016-05-02 04:02:15,703] INFO:       Mean: 0.448750
[2016-05-02 04:02:15,703] INFO:       Std: 0.001167
[2016-05-02 04:02:15,703] INFO: Time
[2016-05-02 04:02:15,703] INFO:       7 mins
[2016-05-02 04:02:15,703] INFO: --------------------------------------------------
[2016-05-02 04:06:59,518] INFO: tpe_transform took 0.001956 seconds
[2016-05-02 04:06:59,518] INFO: TPE using 56/56 trials with best loss 0.448279
[2016-05-02 04:06:59,523] INFO: ==================================================
[2016-05-02 04:06:59,523] INFO: Task
[2016-05-02 04:06:59,523] INFO:       [Feat@basic_linear_201605010104]_[Learner@reg_skl_lasso]_[Id@57]
[2016-05-02 04:06:59,523] INFO: Param
[2016-05-02 04:06:59,524] INFO:       alpha: 0.0017712865212103535
[2016-05-02 04:06:59,524] INFO:       normalize: False
[2016-05-02 04:06:59,524] INFO:       random_state: 2016
[2016-05-02 04:06:59,524] INFO: Result
[2016-05-02 04:06:59,524] INFO:       Run      RMSE        Shape
[2016-05-02 04:07:58,650] INFO:         1    0.451293    23167 x 722
[2016-05-02 04:09:11,760] INFO:         2    0.453325    21940 x 722
[2016-05-02 04:09:56,046] INFO:         3    0.450924    22182 x 722
[2016-05-02 04:10:58,101] INFO:         4    0.452955    21966 x 722
[2016-05-02 04:12:15,224] INFO:         5    0.453722    21961 x 722
[2016-05-02 04:12:15,517] INFO: RMSE
[2016-05-02 04:12:15,517] INFO:       Mean: 0.452444
[2016-05-02 04:12:15,517] INFO:       Std: 0.001123
[2016-05-02 04:12:15,517] INFO: Time
[2016-05-02 04:12:15,517] INFO:       5 mins
[2016-05-02 04:12:15,518] INFO: --------------------------------------------------
[2016-05-02 04:14:29,817] INFO: tpe_transform took 0.001958 seconds
[2016-05-02 04:14:29,817] INFO: TPE using 57/57 trials with best loss 0.448279
[2016-05-02 04:14:29,822] INFO: ==================================================
[2016-05-02 04:14:29,822] INFO: Task
[2016-05-02 04:14:29,823] INFO:       [Feat@basic_linear_201605010104]_[Learner@reg_skl_lasso]_[Id@58]
[2016-05-02 04:14:29,823] INFO: Param
[2016-05-02 04:14:29,823] INFO:       alpha: 1.4563458964040444e-05
[2016-05-02 04:14:29,823] INFO:       normalize: True
[2016-05-02 04:14:29,823] INFO:       random_state: 2016
[2016-05-02 04:14:29,823] INFO: Result
[2016-05-02 04:14:29,823] INFO:       Run      RMSE        Shape
[2016-05-02 04:15:13,369] INFO:         1    0.447809    23167 x 722
[2016-05-02 04:16:07,040] INFO:         2    0.449307    21940 x 722
[2016-05-02 04:17:12,604] INFO:         3    0.447365    22182 x 722
[2016-05-02 04:18:05,957] INFO:         4    0.449041    21966 x 722
[2016-05-02 04:18:31,515] INFO:         5    0.449091    21961 x 722
[2016-05-02 04:18:31,809] INFO: RMSE
[2016-05-02 04:18:31,809] INFO:       Mean: 0.448522
[2016-05-02 04:18:31,809] INFO:       Std: 0.000782
[2016-05-02 04:18:31,809] INFO: Time
[2016-05-02 04:18:31,809] INFO:       4 mins
[2016-05-02 04:18:31,809] INFO: --------------------------------------------------
[2016-05-02 04:19:31,684] INFO: tpe_transform took 0.001952 seconds
[2016-05-02 04:19:31,685] INFO: TPE using 58/58 trials with best loss 0.448279
[2016-05-02 04:19:31,690] INFO: ==================================================
[2016-05-02 04:19:31,690] INFO: Task
[2016-05-02 04:19:31,690] INFO:       [Feat@basic_linear_201605010104]_[Learner@reg_skl_lasso]_[Id@59]
[2016-05-02 04:19:31,690] INFO: Param
[2016-05-02 04:19:31,690] INFO:       alpha: 9.749554880276914e-05
[2016-05-02 04:19:31,690] INFO:       normalize: False
[2016-05-02 04:19:31,690] INFO:       random_state: 2016
[2016-05-02 04:19:31,691] INFO: Result
[2016-05-02 04:19:31,691] INFO:       Run      RMSE        Shape
[2016-05-02 04:20:37,227] INFO:         1    0.446872    23167 x 722
[2016-05-02 04:21:40,308] INFO:         2    0.449111    21940 x 722
[2016-05-02 04:22:50,257] INFO:         3    0.447331    22182 x 722
[2016-05-02 04:24:05,016] INFO:         4    0.449409    21966 x 722
[2016-05-02 04:25:29,123] INFO:         5    0.448666    21961 x 722
[2016-05-02 04:25:29,415] INFO: RMSE
[2016-05-02 04:25:29,416] INFO:       Mean: 0.448278
[2016-05-02 04:25:29,416] INFO:       Std: 0.001000
[2016-05-02 04:25:29,416] INFO: Time
[2016-05-02 04:25:29,416] INFO:       5 mins
[2016-05-02 04:25:29,416] INFO: --------------------------------------------------
[2016-05-02 04:29:35,701] INFO: tpe_transform took 0.001974 seconds
[2016-05-02 04:29:35,701] INFO: TPE using 59/59 trials with best loss 0.448278
[2016-05-02 04:29:35,706] INFO: ==================================================
[2016-05-02 04:29:35,706] INFO: Task
[2016-05-02 04:29:35,706] INFO:       [Feat@basic_linear_201605010104]_[Learner@reg_skl_lasso]_[Id@60]
[2016-05-02 04:29:35,707] INFO: Param
[2016-05-02 04:29:35,707] INFO:       alpha: 0.003633351637426137
[2016-05-02 04:29:35,707] INFO:       normalize: False
[2016-05-02 04:29:35,707] INFO:       random_state: 2016
[2016-05-02 04:29:35,707] INFO: Result
[2016-05-02 04:29:35,707] INFO:       Run      RMSE        Shape
[2016-05-02 04:30:54,404] INFO:         1    0.454478    23167 x 722
[2016-05-02 04:31:57,524] INFO:         2    0.456246    21940 x 722
[2016-05-02 04:32:20,958] INFO:         3    0.454783    22182 x 722
[2016-05-02 04:32:42,489] INFO:         4    0.456884    21966 x 722
[2016-05-02 04:34:17,693] INFO:         5    0.457149    21961 x 722
[2016-05-02 04:34:17,985] INFO: RMSE
[2016-05-02 04:34:17,986] INFO:       Mean: 0.455908
[2016-05-02 04:34:17,986] INFO:       Std: 0.001088
[2016-05-02 04:34:17,986] INFO: Time
[2016-05-02 04:34:17,986] INFO:       4 mins
[2016-05-02 04:34:17,986] INFO: --------------------------------------------------
[2016-05-02 04:38:01,707] INFO: tpe_transform took 0.001942 seconds
[2016-05-02 04:38:01,707] INFO: TPE using 60/60 trials with best loss 0.448278
[2016-05-02 04:38:01,712] INFO: ==================================================
[2016-05-02 04:38:01,712] INFO: Task
[2016-05-02 04:38:01,712] INFO:       [Feat@basic_linear_201605010104]_[Learner@reg_skl_lasso]_[Id@61]
[2016-05-02 04:38:01,712] INFO: Param
[2016-05-02 04:38:01,713] INFO:       alpha: 0.0007045747098662341
[2016-05-02 04:38:01,713] INFO:       normalize: False
[2016-05-02 04:38:01,713] INFO:       random_state: 2016
[2016-05-02 04:38:01,713] INFO: Result
[2016-05-02 04:38:01,713] INFO:       Run      RMSE        Shape
[2016-05-02 04:39:27,191] INFO:         1     0.44894    23167 x 722
[2016-05-02 04:40:52,696] INFO:         2    0.451085    21940 x 722
[2016-05-02 04:41:57,574] INFO:         3    0.448646    22182 x 722
[2016-05-02 04:43:20,574] INFO:         4    0.450781    21966 x 722
[2016-05-02 04:44:50,097] INFO:         5     0.45115    21961 x 722
[2016-05-02 04:44:50,390] INFO: RMSE
[2016-05-02 04:44:50,390] INFO:       Mean: 0.450121
[2016-05-02 04:44:50,390] INFO:       Std: 0.001095
[2016-05-02 04:44:50,390] INFO: Time
[2016-05-02 04:44:50,391] INFO:       6 mins
[2016-05-02 04:44:50,391] INFO: --------------------------------------------------
[2016-05-02 04:48:43,459] INFO: tpe_transform took 0.001952 seconds
[2016-05-02 04:48:43,460] INFO: TPE using 61/61 trials with best loss 0.448278
[2016-05-02 04:48:43,465] INFO: ==================================================
[2016-05-02 04:48:43,465] INFO: Task
[2016-05-02 04:48:43,465] INFO:       [Feat@basic_linear_201605010104]_[Learner@reg_skl_lasso]_[Id@62]
[2016-05-02 04:48:43,465] INFO: Param
[2016-05-02 04:48:43,465] INFO:       alpha: 2.2366942037167066e-05
[2016-05-02 04:48:43,465] INFO:       normalize: True
[2016-05-02 04:48:43,466] INFO:       random_state: 2016
[2016-05-02 04:48:43,466] INFO: Result
[2016-05-02 04:48:43,466] INFO:       Run      RMSE        Shape
[2016-05-02 04:49:32,437] INFO:         1    0.448455    23167 x 722
[2016-05-02 04:49:52,805] INFO:         2    0.450053    21940 x 722
[2016-05-02 04:50:27,034] INFO:         3    0.448072    22182 x 722
[2016-05-02 04:50:34,055] INFO:         4    0.449731    21966 x 722
[2016-05-02 04:50:52,000] INFO:         5    0.449735    21961 x 722
[2016-05-02 04:50:52,293] INFO: RMSE
[2016-05-02 04:50:52,294] INFO:       Mean: 0.449209
[2016-05-02 04:50:52,294] INFO:       Std: 0.000790
[2016-05-02 04:50:52,294] INFO: Time
[2016-05-02 04:50:52,294] INFO:       2 mins
[2016-05-02 04:50:52,294] INFO: --------------------------------------------------
[2016-05-02 04:51:42,765] INFO: tpe_transform took 0.001971 seconds
[2016-05-02 04:51:42,766] INFO: TPE using 62/62 trials with best loss 0.448278
[2016-05-02 04:51:42,771] INFO: ==================================================
[2016-05-02 04:51:42,771] INFO: Task
[2016-05-02 04:51:42,771] INFO:       [Feat@basic_linear_201605010104]_[Learner@reg_skl_lasso]_[Id@63]
[2016-05-02 04:51:42,771] INFO: Param
[2016-05-02 04:51:42,771] INFO:       alpha: 0.07066287726617976
[2016-05-02 04:51:42,772] INFO:       normalize: False
[2016-05-02 04:51:42,772] INFO:       random_state: 2016
[2016-05-02 04:51:42,772] INFO: Result
[2016-05-02 04:51:42,772] INFO:       Run      RMSE        Shape
[2016-05-02 04:51:49,735] INFO:         1    0.472224    23167 x 722
[2016-05-02 04:52:02,686] INFO:         2     0.47399    21940 x 722
[2016-05-02 04:52:12,558] INFO:         3    0.473423    22182 x 722
[2016-05-02 04:52:20,905] INFO:         4    0.475128    21966 x 722
[2016-05-02 04:52:31,019] INFO:         5    0.474822    21961 x 722
[2016-05-02 04:52:31,312] INFO: RMSE
[2016-05-02 04:52:31,312] INFO:       Mean: 0.473917
[2016-05-02 04:52:31,313] INFO:       Std: 0.001039
[2016-05-02 04:52:31,313] INFO: Time
[2016-05-02 04:52:31,313] INFO:       48 secs
[2016-05-02 04:52:31,313] INFO: --------------------------------------------------
[2016-05-02 04:54:14,856] INFO: tpe_transform took 0.001934 seconds
[2016-05-02 04:54:14,857] INFO: TPE using 63/63 trials with best loss 0.448278
[2016-05-02 04:54:14,862] INFO: ==================================================
[2016-05-02 04:54:14,862] INFO: Task
[2016-05-02 04:54:14,862] INFO:       [Feat@basic_linear_201605010104]_[Learner@reg_skl_lasso]_[Id@64]
[2016-05-02 04:54:14,862] INFO: Param
[2016-05-02 04:54:14,862] INFO:       alpha: 5.805825274158719e-05
[2016-05-02 04:54:14,862] INFO:       normalize: False
[2016-05-02 04:54:14,863] INFO:       random_state: 2016
[2016-05-02 04:54:14,863] INFO: Result
[2016-05-02 04:54:14,863] INFO:       Run      RMSE        Shape
[2016-05-02 04:55:25,331] INFO:         1    0.446842    23167 x 722
[2016-05-02 04:56:39,729] INFO:         2    0.449346    21940 x 722
[2016-05-02 04:57:46,580] INFO:         3    0.447415    22182 x 722
[2016-05-02 04:59:01,375] INFO:         4     0.44973    21966 x 722
[2016-05-02 05:00:29,984] INFO:         5    0.448637    21961 x 722
[2016-05-02 05:00:30,272] INFO: RMSE
[2016-05-02 05:00:30,272] INFO:       Mean: 0.448394
[2016-05-02 05:00:30,273] INFO:       Std: 0.001106
[2016-05-02 05:00:30,273] INFO: Time
[2016-05-02 05:00:30,273] INFO:       6 mins
[2016-05-02 05:00:30,273] INFO: --------------------------------------------------
[2016-05-02 05:03:57,906] INFO: tpe_transform took 0.001974 seconds
[2016-05-02 05:03:57,906] INFO: TPE using 64/64 trials with best loss 0.448278
[2016-05-02 05:03:57,911] INFO: ==================================================
[2016-05-02 05:03:57,911] INFO: Task
[2016-05-02 05:03:57,911] INFO:       [Feat@basic_linear_201605010104]_[Learner@reg_skl_lasso]_[Id@65]
[2016-05-02 05:03:57,912] INFO: Param
[2016-05-02 05:03:57,912] INFO:       alpha: 2.976571920305506e-05
[2016-05-02 05:03:57,912] INFO:       normalize: False
[2016-05-02 05:03:57,912] INFO:       random_state: 2016
[2016-05-02 05:03:57,912] INFO: Result
[2016-05-02 05:03:57,912] INFO:       Run      RMSE        Shape
[2016-05-02 05:05:17,838] INFO:         1    0.447142    23167 x 722
[2016-05-02 05:06:46,745] INFO:         2    0.449811    21940 x 722
[2016-05-02 05:08:14,219] INFO:         3     0.44769    22182 x 722
[2016-05-02 05:09:33,007] INFO:         4    0.450119    21966 x 722
[2016-05-02 05:10:57,642] INFO:         5    0.448843    21961 x 722
[2016-05-02 05:10:57,936] INFO: RMSE
[2016-05-02 05:10:57,936] INFO:       Mean: 0.448721
[2016-05-02 05:10:57,936] INFO:       Std: 0.001159
[2016-05-02 05:10:57,936] INFO: Time
[2016-05-02 05:10:57,936] INFO:       7 mins
[2016-05-02 05:10:57,937] INFO: --------------------------------------------------
[2016-05-02 05:14:36,711] INFO: tpe_transform took 0.001938 seconds
[2016-05-02 05:14:36,712] INFO: TPE using 65/65 trials with best loss 0.448278
[2016-05-02 05:14:36,717] INFO: ==================================================
[2016-05-02 05:14:36,717] INFO: Task
[2016-05-02 05:14:36,717] INFO:       [Feat@basic_linear_201605010104]_[Learner@reg_skl_lasso]_[Id@66]
[2016-05-02 05:14:36,717] INFO: Param
[2016-05-02 05:14:36,717] INFO:       alpha: 0.0001476819723881469
[2016-05-02 05:14:36,717] INFO:       normalize: False
[2016-05-02 05:14:36,718] INFO:       random_state: 2016
[2016-05-02 05:14:36,718] INFO: Result
[2016-05-02 05:14:36,718] INFO:       Run      RMSE        Shape
[2016-05-02 05:16:22,889] INFO:         1    0.447082    23167 x 722
[2016-05-02 05:17:41,437] INFO:         2    0.449163    21940 x 722
[2016-05-02 05:18:56,649] INFO:         3    0.447393    22182 x 722
[2016-05-02 05:20:08,720] INFO:         4     0.44933    21966 x 722
[2016-05-02 05:21:51,871] INFO:         5    0.448848    21961 x 722
[2016-05-02 05:21:52,173] INFO: RMSE
[2016-05-02 05:21:52,173] INFO:       Mean: 0.448363
[2016-05-02 05:21:52,173] INFO:       Std: 0.000937
[2016-05-02 05:21:52,173] INFO: Time
[2016-05-02 05:21:52,173] INFO:       7 mins
[2016-05-02 05:21:52,173] INFO: --------------------------------------------------
[2016-05-02 05:25:17,021] INFO: tpe_transform took 0.001965 seconds
[2016-05-02 05:25:17,021] INFO: TPE using 66/66 trials with best loss 0.448278
[2016-05-02 05:25:17,026] INFO: ==================================================
[2016-05-02 05:25:17,026] INFO: Task
[2016-05-02 05:25:17,026] INFO:       [Feat@basic_linear_201605010104]_[Learner@reg_skl_lasso]_[Id@67]
[2016-05-02 05:25:17,027] INFO: Param
[2016-05-02 05:25:17,027] INFO:       alpha: 0.00010680705560625867
[2016-05-02 05:25:17,027] INFO:       normalize: False
[2016-05-02 05:25:17,027] INFO:       random_state: 2016
[2016-05-02 05:25:17,027] INFO: Result
[2016-05-02 05:25:17,027] INFO:       Run      RMSE        Shape
[2016-05-02 05:26:26,059] INFO:         1    0.446916    23167 x 722
[2016-05-02 05:27:34,748] INFO:         2    0.449096    21940 x 722
[2016-05-02 05:28:47,948] INFO:         3    0.447331    22182 x 722
[2016-05-02 05:30:06,621] INFO:         4    0.449371    21966 x 722
[2016-05-02 05:31:14,956] INFO:         5    0.448702    21961 x 722
[2016-05-02 05:31:15,244] INFO: RMSE
[2016-05-02 05:31:15,245] INFO:       Mean: 0.448283
[2016-05-02 05:31:15,245] INFO:       Std: 0.000979
[2016-05-02 05:31:15,245] INFO: Time
[2016-05-02 05:31:15,245] INFO:       5 mins
[2016-05-02 05:31:15,245] INFO: --------------------------------------------------
[2016-05-02 05:34:42,211] INFO: tpe_transform took 0.001955 seconds
[2016-05-02 05:34:42,211] INFO: TPE using 67/67 trials with best loss 0.448278
[2016-05-02 05:34:42,216] INFO: ==================================================
[2016-05-02 05:34:42,217] INFO: Task
[2016-05-02 05:34:42,217] INFO:       [Feat@basic_linear_201605010104]_[Learner@reg_skl_lasso]_[Id@68]
[2016-05-02 05:34:42,217] INFO: Param
[2016-05-02 05:34:42,217] INFO:       alpha: 0.0004178593057989171
[2016-05-02 05:34:42,217] INFO:       normalize: False
[2016-05-02 05:34:42,217] INFO:       random_state: 2016
[2016-05-02 05:34:42,217] INFO: Result
[2016-05-02 05:34:42,218] INFO:       Run      RMSE        Shape
[2016-05-02 05:36:07,688] INFO:         1    0.448368    23167 x 722
[2016-05-02 05:37:27,112] INFO:         2    0.450062    21940 x 722
[2016-05-02 05:38:41,575] INFO:         3    0.447918    22182 x 722
[2016-05-02 05:40:07,000] INFO:         4    0.449999    21966 x 722
[2016-05-02 05:41:16,410] INFO:         5    0.449841    21961 x 722
[2016-05-02 05:41:16,698] INFO: RMSE
[2016-05-02 05:41:16,699] INFO:       Mean: 0.449238
[2016-05-02 05:41:16,699] INFO:       Std: 0.000908
[2016-05-02 05:41:16,699] INFO: Time
[2016-05-02 05:41:16,699] INFO:       6 mins
[2016-05-02 05:41:16,699] INFO: --------------------------------------------------
[2016-05-02 05:45:14,970] INFO: tpe_transform took 0.001962 seconds
[2016-05-02 05:45:14,970] INFO: TPE using 68/68 trials with best loss 0.448278
[2016-05-02 05:45:14,975] INFO: ==================================================
[2016-05-02 05:45:14,975] INFO: Task
[2016-05-02 05:45:14,976] INFO:       [Feat@basic_linear_201605010104]_[Learner@reg_skl_lasso]_[Id@69]
[2016-05-02 05:45:14,976] INFO: Param
[2016-05-02 05:45:14,976] INFO:       alpha: 0.00025230283004654613
[2016-05-02 05:45:14,976] INFO:       normalize: False
[2016-05-02 05:45:14,976] INFO:       random_state: 2016
[2016-05-02 05:45:14,976] INFO: Result
[2016-05-02 05:45:14,976] INFO:       Run      RMSE        Shape
[2016-05-02 05:46:25,680] INFO:         1    0.447766    23167 x 722
[2016-05-02 05:47:48,903] INFO:         2    0.449482    21940 x 722
[2016-05-02 05:49:03,102] INFO:         3    0.447606    22182 x 722
[2016-05-02 05:50:17,057] INFO:         4     0.44967    21966 x 722
[2016-05-02 05:51:53,774] INFO:         5     0.44926    21961 x 722
[2016-05-02 05:51:54,074] INFO: RMSE
[2016-05-02 05:51:54,074] INFO:       Mean: 0.448757
[2016-05-02 05:51:54,075] INFO:       Std: 0.000885
[2016-05-02 05:51:54,075] INFO: Time
[2016-05-02 05:51:54,075] INFO:       6 mins
[2016-05-02 05:51:54,075] INFO: --------------------------------------------------
[2016-05-02 05:55:47,057] INFO: tpe_transform took 0.002061 seconds
[2016-05-02 05:55:47,057] INFO: TPE using 69/69 trials with best loss 0.448278
[2016-05-02 05:55:47,063] INFO: ==================================================
[2016-05-02 05:55:47,063] INFO: Task
[2016-05-02 05:55:47,063] INFO:       [Feat@basic_linear_201605010104]_[Learner@reg_skl_lasso]_[Id@70]
[2016-05-02 05:55:47,063] INFO: Param
[2016-05-02 05:55:47,063] INFO:       alpha: 8.454039096971668e-05
[2016-05-02 05:55:47,063] INFO:       normalize: False
[2016-05-02 05:55:47,064] INFO:       random_state: 2016
[2016-05-02 05:55:47,064] INFO: Result
[2016-05-02 05:55:47,064] INFO:       Run      RMSE        Shape
[2016-05-02 05:56:53,691] INFO:         1    0.446836    23167 x 722
[2016-05-02 05:57:49,947] INFO:         2    0.449152    21940 x 722
