[2016-04-21 04:34:50,145] INFO: tpe_transform took 0.004163 seconds
[2016-04-21 04:34:50,145] INFO: TPE using 0 trials
[2016-04-21 04:34:50,147] INFO: ==================================================
[2016-04-21 04:34:50,147] INFO: Task
[2016-04-21 04:34:50,147] INFO:       [Feat@basic_nonlinear_201604210409]_[Learner@reg_skl_gbm]_[Id@1]
[2016-04-21 04:34:50,148] INFO: Param
[2016-04-21 04:34:50,148] INFO:       learning_rate: 0.058
[2016-04-21 04:34:50,148] INFO:       max_depth: 3
[2016-04-21 04:34:50,148] INFO:       max_features: 0.75
[2016-04-21 04:34:50,148] INFO:       min_samples_leaf: 9
[2016-04-21 04:34:50,148] INFO:       n_estimators: 900
[2016-04-21 04:34:50,148] INFO:       random_state: 2016
[2016-04-21 04:34:50,148] INFO:       verbose: 0
[2016-04-21 04:34:50,148] INFO: Result
[2016-04-21 04:34:50,149] INFO:       Run      RMSE        Shape
[2016-04-21 05:46:59,257] INFO:         1    0.441507    23167 x 1157
[2016-04-21 06:53:19,168] INFO:         2    0.443427    21940 x 1157
[2016-04-21 08:00:17,538] INFO:         3    0.442601    22182 x 1157
[2016-04-21 09:06:52,346] INFO:         4    0.443101    21966 x 1157
[2016-04-21 10:13:03,804] INFO:         5    0.443629    21961 x 1157
[2016-04-21 10:13:04,048] INFO: RMSE
[2016-04-21 10:13:04,048] INFO:       Mean: 0.442853
[2016-04-21 10:13:04,048] INFO:       Std: 0.000757
[2016-04-21 10:13:04,049] INFO: Time
[2016-04-21 10:13:04,049] INFO:       338 mins
[2016-04-21 10:13:04,049] INFO: --------------------------------------------------
[2016-04-21 13:18:59,511] INFO: tpe_transform took 0.004285 seconds
[2016-04-21 13:18:59,511] INFO: TPE using 1/1 trials with best loss 0.442853
[2016-04-21 13:18:59,513] INFO: ==================================================
[2016-04-21 13:18:59,513] INFO: Task
[2016-04-21 13:18:59,514] INFO:       [Feat@basic_nonlinear_201604210409]_[Learner@reg_skl_gbm]_[Id@2]
[2016-04-21 13:18:59,514] INFO: Param
[2016-04-21 13:18:59,514] INFO:       learning_rate: 0.032
[2016-04-21 13:18:59,514] INFO:       max_depth: 1
[2016-04-21 13:18:59,514] INFO:       max_features: 0.30000000000000004
[2016-04-21 13:18:59,514] INFO:       min_samples_leaf: 13
[2016-04-21 13:18:59,514] INFO:       n_estimators: 890
[2016-04-21 13:18:59,514] INFO:       random_state: 2016
[2016-04-21 13:18:59,514] INFO:       verbose: 0
[2016-04-21 13:18:59,515] INFO: Result
[2016-04-21 13:18:59,515] INFO:       Run      RMSE        Shape
[2016-04-21 14:01:15,396] INFO:         1    0.449276    23167 x 1157
[2016-04-21 14:41:04,013] INFO:         2    0.450819    21940 x 1157
[2016-04-21 15:21:25,032] INFO:         3    0.449029    22182 x 1157
[2016-04-21 16:01:19,081] INFO:         4    0.449876    21966 x 1157
[2016-04-21 16:41:12,439] INFO:         5    0.450564    21961 x 1157
[2016-04-21 16:41:12,681] INFO: RMSE
[2016-04-21 16:41:12,681] INFO:       Mean: 0.449913
[2016-04-21 16:41:12,682] INFO:       Std: 0.000698
[2016-04-21 16:41:12,682] INFO: Time
[2016-04-21 16:41:12,682] INFO:       202 mins
[2016-04-21 16:41:12,682] INFO: --------------------------------------------------
[2016-04-21 18:46:21,570] INFO: tpe_transform took 0.004259 seconds
[2016-04-21 18:46:21,570] INFO: TPE using 2/2 trials with best loss 0.442853
[2016-04-21 18:46:21,572] INFO: ==================================================
[2016-04-21 18:46:21,572] INFO: Task
[2016-04-21 18:46:21,572] INFO:       [Feat@basic_nonlinear_201604210409]_[Learner@reg_skl_gbm]_[Id@3]
[2016-04-21 18:46:21,572] INFO: Param
[2016-04-21 18:46:21,572] INFO:       learning_rate: 0.03
[2016-04-21 18:46:21,572] INFO:       max_depth: 5
[2016-04-21 18:46:21,573] INFO:       max_features: 0.7000000000000001
[2016-04-21 18:46:21,573] INFO:       min_samples_leaf: 10
[2016-04-21 18:46:21,573] INFO:       n_estimators: 450
[2016-04-21 18:46:21,573] INFO:       random_state: 2016
[2016-04-21 18:46:21,573] INFO:       verbose: 0
[2016-04-21 18:46:21,573] INFO: Result
[2016-04-21 18:46:21,573] INFO:       Run      RMSE        Shape
[2016-04-21 19:36:08,611] INFO:         1    0.439736    23167 x 1157
[2016-04-21 20:22:21,157] INFO:         2    0.441909    21940 x 1157
[2016-04-21 21:09:00,161] INFO:         3     0.44051    22182 x 1157
[2016-04-21 21:55:39,393] INFO:         4     0.44114    21966 x 1157
[2016-04-21 22:41:42,837] INFO:         5    0.442226    21961 x 1157
[2016-04-21 22:41:43,080] INFO: RMSE
[2016-04-21 22:41:43,080] INFO:       Mean: 0.441104
[2016-04-21 22:41:43,080] INFO:       Std: 0.000909
[2016-04-21 22:41:43,081] INFO: Time
[2016-04-21 22:41:43,081] INFO:       235 mins
[2016-04-21 22:41:43,081] INFO: --------------------------------------------------
[2016-04-22 00:59:40,676] INFO: tpe_transform took 0.004283 seconds
[2016-04-22 00:59:40,677] INFO: TPE using 3/3 trials with best loss 0.441104
[2016-04-22 00:59:40,678] INFO: ==================================================
[2016-04-22 00:59:40,678] INFO: Task
[2016-04-22 00:59:40,679] INFO:       [Feat@basic_nonlinear_201604210409]_[Learner@reg_skl_gbm]_[Id@4]
[2016-04-22 00:59:40,679] INFO: Param
[2016-04-22 00:59:40,679] INFO:       learning_rate: 0.006
[2016-04-22 00:59:40,679] INFO:       max_depth: 2
[2016-04-22 00:59:40,679] INFO:       max_features: 0.7000000000000001
[2016-04-22 00:59:40,679] INFO:       min_samples_leaf: 13
[2016-04-22 00:59:40,679] INFO:       n_estimators: 950
[2016-04-22 00:59:40,679] INFO:       random_state: 2016
[2016-04-22 00:59:40,680] INFO:       verbose: 0
[2016-04-22 00:59:40,680] INFO: Result
[2016-04-22 00:59:40,680] INFO:       Run      RMSE        Shape
[2016-04-22 02:00:50,197] INFO:         1    0.449933    23167 x 1157
[2016-04-22 02:58:21,660] INFO:         2    0.450997    21940 x 1157
[2016-04-22 03:56:29,384] INFO:         3      0.4503    22182 x 1157
[2016-04-22 04:54:02,416] INFO:         4     0.45099    21966 x 1157
[2016-04-22 05:51:38,983] INFO:         5    0.451464    21961 x 1157
[2016-04-22 05:51:39,223] INFO: RMSE
[2016-04-22 05:51:39,223] INFO:       Mean: 0.450737
[2016-04-22 05:51:39,224] INFO:       Std: 0.000547
[2016-04-22 05:51:39,224] INFO: Time
[2016-04-22 05:51:39,224] INFO:       291 mins
[2016-04-22 05:51:39,224] INFO: --------------------------------------------------
[2016-04-22 08:38:05,044] INFO: tpe_transform took 0.004285 seconds
[2016-04-22 08:38:05,044] INFO: TPE using 4/4 trials with best loss 0.441104
[2016-04-22 08:38:05,046] INFO: ==================================================
[2016-04-22 08:38:05,046] INFO: Task
[2016-04-22 08:38:05,046] INFO:       [Feat@basic_nonlinear_201604210409]_[Learner@reg_skl_gbm]_[Id@5]
[2016-04-22 08:38:05,046] INFO: Param
[2016-04-22 08:38:05,046] INFO:       learning_rate: 0.062
[2016-04-22 08:38:05,047] INFO:       max_depth: 4
[2016-04-22 08:38:05,047] INFO:       max_features: 0.8500000000000001
[2016-04-22 08:38:05,047] INFO:       min_samples_leaf: 10
[2016-04-22 08:38:05,047] INFO:       n_estimators: 670
[2016-04-22 08:38:05,047] INFO:       random_state: 2016
[2016-04-22 08:38:05,047] INFO:       verbose: 0
[2016-04-22 08:38:05,047] INFO: Result
[2016-04-22 08:38:05,047] INFO:       Run      RMSE        Shape
[2016-04-22 09:45:03,647] INFO:         1     0.44177    23167 x 1157
[2016-04-22 11:08:38,264] INFO:         2    0.443572    21940 x 1157
[2016-04-22 12:17:36,498] INFO:         3      0.4431    22182 x 1157
[2016-04-22 13:20:57,720] INFO:         4    0.443415    21966 x 1157
[2016-04-22 14:23:56,560] INFO:         5    0.443975    21961 x 1157
[2016-04-22 14:23:56,805] INFO: RMSE
[2016-04-22 14:23:56,805] INFO:       Mean: 0.443166
[2016-04-22 14:23:56,805] INFO:       Std: 0.000753
[2016-04-22 14:23:56,805] INFO: Time
[2016-04-22 14:23:56,805] INFO:       345 mins
[2016-04-22 14:23:56,806] INFO: --------------------------------------------------
[2016-04-22 17:19:36,594] INFO: tpe_transform took 0.004323 seconds
[2016-04-22 17:19:36,594] INFO: TPE using 5/5 trials with best loss 0.441104
[2016-04-22 17:19:36,596] INFO: ==================================================
[2016-04-22 17:19:36,596] INFO: Task
[2016-04-22 17:19:36,596] INFO:       [Feat@basic_nonlinear_201604210409]_[Learner@reg_skl_gbm]_[Id@6]
[2016-04-22 17:19:36,596] INFO: Param
[2016-04-22 17:19:36,596] INFO:       learning_rate: 0.004
[2016-04-22 17:19:36,596] INFO:       max_depth: 5
[2016-04-22 17:19:36,596] INFO:       max_features: 0.4
[2016-04-22 17:19:36,597] INFO:       min_samples_leaf: 11
[2016-04-22 17:19:36,597] INFO:       n_estimators: 450
[2016-04-22 17:19:36,597] INFO:       random_state: 2016
[2016-04-22 17:19:36,597] INFO:       verbose: 0
[2016-04-22 17:19:36,597] INFO: Result
[2016-04-22 17:19:36,597] INFO:       Run      RMSE        Shape
[2016-04-22 17:59:07,053] INFO:         1    0.450908    23167 x 1157
[2016-04-22 18:36:17,518] INFO:         2    0.451897    21940 x 1157
[2016-04-22 19:13:51,921] INFO:         3    0.451055    22182 x 1157
[2016-04-22 19:51:07,769] INFO:         4    0.451774    21966 x 1157
[2016-04-22 20:28:25,580] INFO:         5     0.45195    21961 x 1157
[2016-04-22 20:28:25,824] INFO: RMSE
[2016-04-22 20:28:25,824] INFO:       Mean: 0.451517
[2016-04-22 20:28:25,824] INFO:       Std: 0.000443
[2016-04-22 20:28:25,825] INFO: Time
[2016-04-22 20:28:25,825] INFO:       188 mins
[2016-04-22 20:28:25,825] INFO: --------------------------------------------------
[2016-04-22 22:21:21,219] INFO: tpe_transform took 0.004321 seconds
[2016-04-22 22:21:21,219] INFO: TPE using 6/6 trials with best loss 0.441104
[2016-04-22 22:21:21,221] INFO: ==================================================
[2016-04-22 22:21:21,221] INFO: Task
[2016-04-22 22:21:21,221] INFO:       [Feat@basic_nonlinear_201604210409]_[Learner@reg_skl_gbm]_[Id@7]
[2016-04-22 22:21:21,221] INFO: Param
[2016-04-22 22:21:21,221] INFO:       learning_rate: 0.008
[2016-04-22 22:21:21,221] INFO:       max_depth: 7
[2016-04-22 22:21:21,222] INFO:       max_features: 1.0
[2016-04-22 22:21:21,222] INFO:       min_samples_leaf: 15
[2016-04-22 22:21:21,222] INFO:       n_estimators: 400
[2016-04-22 22:21:21,222] INFO:       random_state: 2016
[2016-04-22 22:21:21,222] INFO:       verbose: 0
[2016-04-22 22:21:21,222] INFO: Result
[2016-04-22 22:21:21,222] INFO:       Run      RMSE        Shape
[2016-04-23 00:01:49,646] INFO:         1    0.441733    23167 x 1157
[2016-04-23 01:35:46,672] INFO:         2    0.443714    21940 x 1157
[2016-04-23 03:10:15,664] INFO:         3    0.441794    22182 x 1157
[2016-04-23 04:44:04,427] INFO:         4    0.443527    21966 x 1157
[2016-04-23 06:17:15,747] INFO:         5    0.443579    21961 x 1157
[2016-04-23 06:17:15,992] INFO: RMSE
[2016-04-23 06:17:15,992] INFO:       Mean: 0.442870
[2016-04-23 06:17:15,992] INFO:       Std: 0.000905
[2016-04-23 06:17:15,992] INFO: Time
[2016-04-23 06:17:15,992] INFO:       475 mins
[2016-04-23 06:17:15,993] INFO: --------------------------------------------------
[2016-04-23 11:42:38,565] INFO: tpe_transform took 0.004350 seconds
[2016-04-23 11:42:38,566] INFO: TPE using 7/7 trials with best loss 0.441104
[2016-04-23 11:42:38,567] INFO: ==================================================
[2016-04-23 11:42:38,568] INFO: Task
[2016-04-23 11:42:38,568] INFO:       [Feat@basic_nonlinear_201604210409]_[Learner@reg_skl_gbm]_[Id@8]
[2016-04-23 11:42:38,568] INFO: Param
[2016-04-23 11:42:38,568] INFO:       learning_rate: 0.01
[2016-04-23 11:42:38,568] INFO:       max_depth: 4
[2016-04-23 11:42:38,568] INFO:       max_features: 0.6000000000000001
[2016-04-23 11:42:38,568] INFO:       min_samples_leaf: 10
[2016-04-23 11:42:38,568] INFO:       n_estimators: 740
[2016-04-23 11:42:38,569] INFO:       random_state: 2016
[2016-04-23 11:42:38,569] INFO:       verbose: 0
[2016-04-23 11:42:38,569] INFO: Result
[2016-04-23 11:42:38,569] INFO:       Run      RMSE        Shape
[2016-04-23 12:47:01,680] INFO:         1    0.441963    23167 x 1157
[2016-04-23 13:47:24,662] INFO:         2      0.4441    21940 x 1157
[2016-04-23 14:48:02,358] INFO:         3    0.442217    22182 x 1157
[2016-04-23 15:48:47,140] INFO:         4    0.443196    21966 x 1157
[2016-04-23 16:48:55,720] INFO:         5    0.444199    21961 x 1157
[2016-04-23 16:48:55,964] INFO: RMSE
[2016-04-23 16:48:55,965] INFO:       Mean: 0.443135
[2016-04-23 16:48:55,965] INFO:       Std: 0.000925
[2016-04-23 16:48:55,965] INFO: Time
[2016-04-23 16:48:55,965] INFO:       306 mins
[2016-04-23 16:48:55,965] INFO: --------------------------------------------------
[2016-04-23 19:46:21,217] INFO: tpe_transform took 0.004314 seconds
[2016-04-23 19:46:21,218] INFO: TPE using 8/8 trials with best loss 0.441104
[2016-04-23 19:46:21,220] INFO: ==================================================
[2016-04-23 19:46:21,220] INFO: Task
[2016-04-23 19:46:21,220] INFO:       [Feat@basic_nonlinear_201604210409]_[Learner@reg_skl_gbm]_[Id@9]
[2016-04-23 19:46:21,220] INFO: Param
[2016-04-23 19:46:21,220] INFO:       learning_rate: 0.034
[2016-04-23 19:46:21,220] INFO:       max_depth: 1
[2016-04-23 19:46:21,220] INFO:       max_features: 0.5
[2016-04-23 19:46:21,220] INFO:       min_samples_leaf: 15
[2016-04-23 19:46:21,221] INFO:       n_estimators: 970
[2016-04-23 19:46:21,221] INFO:       random_state: 2016
[2016-04-23 19:46:21,221] INFO:       verbose: 0
[2016-04-23 19:46:21,221] INFO: Result
[2016-04-23 19:46:21,221] INFO:       Run      RMSE        Shape
[2016-04-23 20:35:15,373] INFO:         1    0.448722    23167 x 1157
[2016-04-23 21:21:20,507] INFO:         2    0.450141    21940 x 1157
[2016-04-23 22:07:54,131] INFO:         3    0.448449    22182 x 1157
[2016-04-23 22:53:58,187] INFO:         4    0.449334    21966 x 1157
[2016-04-23 23:39:59,804] INFO:         5    0.450022    21961 x 1157
[2016-04-23 23:40:00,048] INFO: RMSE
[2016-04-23 23:40:00,048] INFO:       Mean: 0.449334
[2016-04-23 23:40:00,048] INFO:       Std: 0.000675
[2016-04-23 23:40:00,048] INFO: Time
[2016-04-23 23:40:00,048] INFO:       233 mins
[2016-04-23 23:40:00,048] INFO: --------------------------------------------------
[2016-04-24 02:01:01,761] INFO: tpe_transform took 0.004356 seconds
[2016-04-24 02:01:01,762] INFO: TPE using 9/9 trials with best loss 0.441104
[2016-04-24 02:01:01,763] INFO: ==================================================
[2016-04-24 02:01:01,763] INFO: Task
[2016-04-24 02:01:01,764] INFO:       [Feat@basic_nonlinear_201604210409]_[Learner@reg_skl_gbm]_[Id@10]
[2016-04-24 02:01:01,764] INFO: Param
[2016-04-24 02:01:01,764] INFO:       learning_rate: 0.002
[2016-04-24 02:01:01,764] INFO:       max_depth: 6
[2016-04-24 02:01:01,764] INFO:       max_features: 0.6000000000000001
[2016-04-24 02:01:01,764] INFO:       min_samples_leaf: 4
[2016-04-24 02:01:01,764] INFO:       n_estimators: 750
[2016-04-24 02:01:01,764] INFO:       random_state: 2016
[2016-04-24 02:01:01,765] INFO:       verbose: 0
[2016-04-24 02:01:01,765] INFO: Result
[2016-04-24 02:01:01,765] INFO:       Run      RMSE        Shape
[2016-04-24 03:44:45,956] INFO:         1    0.452223    23167 x 1157
[2016-04-24 05:22:09,833] INFO:         2    0.453297    21940 x 1157
[2016-04-24 07:00:49,398] INFO:         3    0.452442    22182 x 1157
[2016-04-24 08:38:32,963] INFO:         4    0.453055    21966 x 1157
[2016-04-24 10:16:04,527] INFO:         5    0.453229    21961 x 1157
[2016-04-24 10:16:04,770] INFO: RMSE
[2016-04-24 10:16:04,770] INFO:       Mean: 0.452849
[2016-04-24 10:16:04,770] INFO:       Std: 0.000435
[2016-04-24 10:16:04,770] INFO: Time
[2016-04-24 10:16:04,771] INFO:       495 mins
[2016-04-24 10:16:04,771] INFO: --------------------------------------------------
[2016-04-24 15:21:09,454] INFO: tpe_transform took 0.004316 seconds
[2016-04-24 15:21:09,454] INFO: TPE using 10/10 trials with best loss 0.441104
[2016-04-24 15:21:09,456] INFO: ==================================================
[2016-04-24 15:21:09,456] INFO: Task
[2016-04-24 15:21:09,456] INFO:       [Feat@basic_nonlinear_201604210409]_[Learner@reg_skl_gbm]_[Id@11]
[2016-04-24 15:21:09,456] INFO: Param
[2016-04-24 15:21:09,456] INFO:       learning_rate: 0.05
[2016-04-24 15:21:09,456] INFO:       max_depth: 1
[2016-04-24 15:21:09,456] INFO:       max_features: 0.4
[2016-04-24 15:21:09,457] INFO:       min_samples_leaf: 4
[2016-04-24 15:21:09,457] INFO:       n_estimators: 940
[2016-04-24 15:21:09,457] INFO:       random_state: 2016
[2016-04-24 15:21:09,457] INFO:       verbose: 0
[2016-04-24 15:21:09,457] INFO: Result
[2016-04-24 15:21:09,457] INFO:       Run      RMSE        Shape
[2016-04-24 16:07:36,970] INFO:         1    0.447825    23167 x 1157
[2016-04-24 16:51:32,543] INFO:         2    0.449333    21940 x 1157
[2016-04-24 17:35:55,392] INFO:         3     0.44773    22182 x 1157
[2016-04-24 18:19:27,700] INFO:         4    0.448258    21966 x 1157
[2016-04-24 19:02:57,141] INFO:         5    0.449174    21961 x 1157
[2016-04-24 19:02:57,385] INFO: RMSE
[2016-04-24 19:02:57,386] INFO:       Mean: 0.448464
[2016-04-24 19:02:57,386] INFO:       Std: 0.000671
[2016-04-24 19:02:57,386] INFO: Time
[2016-04-24 19:02:57,386] INFO:       221 mins
[2016-04-24 19:02:57,386] INFO: --------------------------------------------------
[2016-04-24 21:18:20,260] INFO: tpe_transform took 0.004335 seconds
[2016-04-24 21:18:20,260] INFO: TPE using 11/11 trials with best loss 0.441104
[2016-04-24 21:18:20,262] INFO: ==================================================
[2016-04-24 21:18:20,262] INFO: Task
[2016-04-24 21:18:20,263] INFO:       [Feat@basic_nonlinear_201604210409]_[Learner@reg_skl_gbm]_[Id@12]
[2016-04-24 21:18:20,263] INFO: Param
[2016-04-24 21:18:20,263] INFO:       learning_rate: 0.084
[2016-04-24 21:18:20,263] INFO:       max_depth: 8
[2016-04-24 21:18:20,263] INFO:       max_features: 0.1
[2016-04-24 21:18:20,263] INFO:       min_samples_leaf: 13
[2016-04-24 21:18:20,263] INFO:       n_estimators: 910
[2016-04-24 21:18:20,263] INFO:       random_state: 2016
[2016-04-24 21:18:20,264] INFO:       verbose: 0
[2016-04-24 21:18:20,264] INFO: Result
[2016-04-24 21:18:20,264] INFO:       Run      RMSE        Shape
[2016-04-24 22:40:39,444] INFO:         1    0.449408    23167 x 1157
