[2016-05-01 02:30:41,432] INFO: tpe_transform took 0.011037 seconds
[2016-05-01 02:30:41,432] INFO: TPE using 0 trials
[2016-05-01 02:30:41,453] INFO: ==================================================
[2016-05-01 02:30:41,453] INFO: Task
[2016-05-01 02:30:41,453] INFO:       [Feat@basic_nonlinear_201605010058]_[Learner@reg_rgf]_[Id@1]
[2016-05-01 02:30:41,453] INFO: Param
[2016-05-01 02:30:41,454] INFO:       max_leaf_forest: 530
[2016-05-01 02:30:41,454] INFO:       min_pop: 17
[2016-05-01 02:30:41,454] INFO:       num_iteration_opt: 9
[2016-05-01 02:30:41,454] INFO:       num_tree_search: 7
[2016-05-01 02:30:41,454] INFO:       opt_interval: 100
[2016-05-01 02:30:41,455] INFO:       opt_stepsize: 0.5
[2016-05-01 02:30:41,455] INFO:       reg_L2: 1.2551431337398096
[2016-05-01 02:30:41,455] INFO:       reg_sL2: 0.0031182485285531697
[2016-05-01 02:30:41,455] INFO: Result
[2016-05-01 02:30:41,456] INFO:       Run      RMSE        Shape
[2016-05-01 03:19:09,447] INFO:         1    0.468998    23167 x 726
[2016-05-01 04:02:53,545] INFO:         2    0.473582    21940 x 726
[2016-05-01 04:51:28,467] INFO:         3    0.469265    22182 x 726
[2016-05-01 05:34:56,669] INFO:         4    0.466894    21966 x 726
[2016-05-01 06:24:12,941] INFO:         5    0.469309    21961 x 726
[2016-05-01 06:24:13,332] INFO: RMSE
[2016-05-01 06:24:13,332] INFO:       Mean: 0.469610
[2016-05-01 06:24:13,332] INFO:       Std: 0.002179
[2016-05-01 06:24:13,332] INFO: Time
[2016-05-01 06:24:13,332] INFO:       233 mins
[2016-05-01 06:24:13,333] INFO: --------------------------------------------------
[2016-05-01 08:51:34,227] INFO: tpe_transform took 0.011653 seconds
[2016-05-01 08:51:34,227] INFO: TPE using 1/1 trials with best loss 0.469610
[2016-05-01 08:51:34,232] INFO: ==================================================
[2016-05-01 08:51:34,232] INFO: Task
[2016-05-01 08:51:34,233] INFO:       [Feat@basic_nonlinear_201605010058]_[Learner@reg_rgf]_[Id@2]
[2016-05-01 08:51:34,233] INFO: Param
[2016-05-01 08:51:34,233] INFO:       max_leaf_forest: 60
[2016-05-01 08:51:34,233] INFO:       min_pop: 13
[2016-05-01 08:51:34,233] INFO:       num_iteration_opt: 6
[2016-05-01 08:51:34,234] INFO:       num_tree_search: 1
[2016-05-01 08:51:34,234] INFO:       opt_interval: 150
[2016-05-01 08:51:34,234] INFO:       opt_stepsize: 0.2
[2016-05-01 08:51:34,234] INFO:       reg_L2: 0.4479582422859111
[2016-05-01 08:51:34,234] INFO:       reg_sL2: 0.029303132453084732
[2016-05-01 08:51:34,235] INFO: Result
[2016-05-01 08:51:34,235] INFO:       Run      RMSE        Shape
[2016-05-01 08:53:30,625] INFO:         1    0.460971    23167 x 726
[2016-05-01 08:55:21,231] INFO:         2    0.461733    21940 x 726
[2016-05-01 08:57:10,290] INFO:         3    0.460872    22182 x 726
[2016-05-01 08:58:57,524] INFO:         4    0.462781    21966 x 726
[2016-05-01 09:00:48,658] INFO:         5    0.464114    21961 x 726
[2016-05-01 09:00:49,026] INFO: RMSE
[2016-05-01 09:00:49,027] INFO:       Mean: 0.462094
[2016-05-01 09:00:49,027] INFO:       Std: 0.001220
[2016-05-01 09:00:49,027] INFO: Time
[2016-05-01 09:00:49,027] INFO:       9 mins
[2016-05-01 09:00:49,028] INFO: --------------------------------------------------
[2016-05-01 09:07:11,709] INFO: tpe_transform took 0.012028 seconds
[2016-05-01 09:07:11,709] INFO: TPE using 2/2 trials with best loss 0.462094
[2016-05-01 09:07:11,730] INFO: ==================================================
[2016-05-01 09:07:11,730] INFO: Task
[2016-05-01 09:07:11,730] INFO:       [Feat@basic_nonlinear_201605010058]_[Learner@reg_rgf]_[Id@3]
[2016-05-01 09:07:11,731] INFO: Param
[2016-05-01 09:07:11,731] INFO:       max_leaf_forest: 760
[2016-05-01 09:07:11,731] INFO:       min_pop: 14
[2016-05-01 09:07:11,731] INFO:       num_iteration_opt: 13
[2016-05-01 09:07:11,731] INFO:       num_tree_search: 9
[2016-05-01 09:07:11,732] INFO:       opt_interval: 40
[2016-05-01 09:07:11,732] INFO:       opt_stepsize: 0.9
[2016-05-01 09:07:11,732] INFO:       reg_L2: 5.995212549758294
[2016-05-01 09:07:11,732] INFO:       reg_sL2: 0.014299674094425863
[2016-05-01 09:07:11,732] INFO: Result
[2016-05-01 09:07:11,733] INFO:       Run      RMSE        Shape
[2016-05-01 10:22:06,537] INFO:         1    0.472275    23167 x 726
[2016-05-01 11:49:10,416] INFO:         2    0.487655    21940 x 726
[2016-05-01 13:07:01,284] INFO:         3    0.479253    22182 x 726
[2016-05-01 14:13:23,748] INFO:         4    0.478115    21966 x 726
[2016-05-01 15:17:06,396] INFO:         5    0.471724    21961 x 726
[2016-05-01 15:17:06,769] INFO: RMSE
[2016-05-01 15:17:06,769] INFO:       Mean: 0.477804
[2016-05-01 15:17:06,769] INFO:       Std: 0.005775
[2016-05-01 15:17:06,769] INFO: Time
[2016-05-01 15:17:06,769] INFO:       369 mins
[2016-05-01 15:17:06,770] INFO: --------------------------------------------------
[2016-05-01 18:57:53,843] INFO: tpe_transform took 0.011999 seconds
[2016-05-01 18:57:53,844] INFO: TPE using 3/3 trials with best loss 0.462094
[2016-05-01 18:57:53,848] INFO: ==================================================
[2016-05-01 18:57:53,849] INFO: Task
[2016-05-01 18:57:53,849] INFO:       [Feat@basic_nonlinear_201605010058]_[Learner@reg_rgf]_[Id@4]
[2016-05-01 18:57:53,849] INFO: Param
[2016-05-01 18:57:53,849] INFO:       max_leaf_forest: 830
[2016-05-01 18:57:53,850] INFO:       min_pop: 20
[2016-05-01 18:57:53,850] INFO:       num_iteration_opt: 17
[2016-05-01 18:57:53,850] INFO:       num_tree_search: 2
[2016-05-01 18:57:53,850] INFO:       opt_interval: 180
[2016-05-01 18:57:53,850] INFO:       opt_stepsize: 0.2
[2016-05-01 18:57:53,851] INFO:       reg_L2: 2.24459532774947
[2016-05-01 18:57:53,851] INFO:       reg_sL2: 0.004004877440096572
[2016-05-01 18:57:53,851] INFO: Result
[2016-05-01 18:57:53,851] INFO:       Run      RMSE        Shape
[2016-05-01 19:21:35,415] INFO:         1    0.458025    23167 x 726
[2016-05-01 19:46:32,115] INFO:         2    0.460809    21940 x 726
[2016-05-01 20:09:56,287] INFO:         3      0.4587    22182 x 726
[2016-05-01 20:35:01,201] INFO:         4    0.460686    21966 x 726
[2016-05-01 20:59:39,275] INFO:         5    0.460767    21961 x 726
[2016-05-01 20:59:39,640] INFO: RMSE
[2016-05-01 20:59:39,640] INFO:       Mean: 0.459797
[2016-05-01 20:59:39,640] INFO:       Std: 0.001192
[2016-05-01 20:59:39,640] INFO: Time
[2016-05-01 20:59:39,641] INFO:       121 mins
[2016-05-01 20:59:39,641] INFO: --------------------------------------------------
[2016-05-01 22:17:57,209] INFO: tpe_transform took 0.011844 seconds
[2016-05-01 22:17:57,210] INFO: TPE using 4/4 trials with best loss 0.459797
[2016-05-01 22:17:57,214] INFO: ==================================================
[2016-05-01 22:17:57,214] INFO: Task
[2016-05-01 22:17:57,215] INFO:       [Feat@basic_nonlinear_201605010058]_[Learner@reg_rgf]_[Id@5]
[2016-05-01 22:17:57,215] INFO: Param
[2016-05-01 22:17:57,215] INFO:       max_leaf_forest: 80
[2016-05-01 22:17:57,215] INFO:       min_pop: 14
[2016-05-01 22:17:57,215] INFO:       num_iteration_opt: 19
[2016-05-01 22:17:57,216] INFO:       num_tree_search: 2
[2016-05-01 22:17:57,216] INFO:       opt_interval: 140
[2016-05-01 22:17:57,216] INFO:       opt_stepsize: 0.7000000000000001
[2016-05-01 22:17:57,216] INFO:       reg_L2: 0.20304325011322014
[2016-05-01 22:17:57,216] INFO:       reg_sL2: 1.4178647059085456e-05
[2016-05-01 22:17:57,217] INFO: Result
[2016-05-01 22:17:57,217] INFO:       Run      RMSE        Shape
[2016-05-01 22:21:17,018] INFO:         1    0.456576    23167 x 726
[2016-05-01 22:24:31,979] INFO:         2    0.457506    21940 x 726
[2016-05-01 22:27:37,448] INFO:         3    0.455692    22182 x 726
[2016-05-01 22:30:33,498] INFO:         4     0.45876    21966 x 726
[2016-05-01 22:33:34,790] INFO:         5    0.457953    21961 x 726
[2016-05-01 22:33:35,159] INFO: RMSE
[2016-05-01 22:33:35,159] INFO:       Mean: 0.457297
[2016-05-01 22:33:35,159] INFO:       Std: 0.001069
[2016-05-01 22:33:35,159] INFO: Time
[2016-05-01 22:33:35,160] INFO:       15 mins
[2016-05-01 22:33:35,160] INFO: --------------------------------------------------
[2016-05-01 22:43:37,758] INFO: tpe_transform took 0.011695 seconds
[2016-05-01 22:43:37,759] INFO: TPE using 5/5 trials with best loss 0.457297
[2016-05-01 22:43:37,763] INFO: ==================================================
[2016-05-01 22:43:37,764] INFO: Task
[2016-05-01 22:43:37,764] INFO:       [Feat@basic_nonlinear_201605010058]_[Learner@reg_rgf]_[Id@6]
[2016-05-01 22:43:37,764] INFO: Param
[2016-05-01 22:43:37,764] INFO:       max_leaf_forest: 660
[2016-05-01 22:43:37,765] INFO:       min_pop: 10
[2016-05-01 22:43:37,765] INFO:       num_iteration_opt: 9
[2016-05-01 22:43:37,765] INFO:       num_tree_search: 3
[2016-05-01 22:43:37,765] INFO:       opt_interval: 50
[2016-05-01 22:43:37,765] INFO:       opt_stepsize: 0.2
[2016-05-01 22:43:37,766] INFO:       reg_L2: 6.497476812981939
[2016-05-01 22:43:37,766] INFO:       reg_sL2: 0.0008676234668480852
[2016-05-01 22:43:37,766] INFO: Result
[2016-05-01 22:43:37,766] INFO:       Run      RMSE        Shape
[2016-05-01 23:06:21,440] INFO:         1    0.465961    23167 x 726
[2016-05-01 23:28:41,722] INFO:         2    0.472727    21940 x 726
[2016-05-01 23:51:58,532] INFO:         3     0.47047    22182 x 726
[2016-05-02 00:14:51,597] INFO:         4    0.471698    21966 x 726
[2016-05-02 00:37:18,845] INFO:         5    0.468789    21961 x 726
[2016-05-02 00:37:19,257] INFO: RMSE
[2016-05-02 00:37:19,257] INFO:       Mean: 0.469929
[2016-05-02 00:37:19,257] INFO:       Std: 0.002379
[2016-05-02 00:37:19,258] INFO: Time
[2016-05-02 00:37:19,258] INFO:       113 mins
[2016-05-02 00:37:19,258] INFO: --------------------------------------------------
[2016-05-02 01:49:34,993] INFO: tpe_transform took 0.012004 seconds
[2016-05-02 01:49:34,993] INFO: TPE using 6/6 trials with best loss 0.457297
[2016-05-02 01:49:35,013] INFO: ==================================================
[2016-05-02 01:49:35,013] INFO: Task
[2016-05-02 01:49:35,014] INFO:       [Feat@basic_nonlinear_201605010058]_[Learner@reg_rgf]_[Id@7]
[2016-05-02 01:49:35,014] INFO: Param
[2016-05-02 01:49:35,014] INFO:       max_leaf_forest: 670
[2016-05-02 01:49:35,014] INFO:       min_pop: 2
[2016-05-02 01:49:35,014] INFO:       num_iteration_opt: 11
[2016-05-02 01:49:35,015] INFO:       num_tree_search: 5
[2016-05-02 01:49:35,015] INFO:       opt_interval: 190
[2016-05-02 01:49:35,015] INFO:       opt_stepsize: 0.2
[2016-05-02 01:49:35,015] INFO:       reg_L2: 1.9188702937859545
[2016-05-02 01:49:35,016] INFO:       reg_sL2: 2.5008131216735735e-05
[2016-05-02 01:49:35,016] INFO: Result
[2016-05-02 01:49:35,016] INFO:       Run      RMSE        Shape
[2016-05-02 02:30:18,352] INFO:         1    0.471397    23167 x 726
[2016-05-02 03:12:42,535] INFO:         2    0.480838    21940 x 726
[2016-05-02 03:51:47,274] INFO:         3    0.478894    22182 x 726
[2016-05-02 04:35:47,590] INFO:         4    0.482153    21966 x 726
[2016-05-02 05:17:39,170] INFO:         5    0.474786    21961 x 726
[2016-05-02 05:17:39,539] INFO: RMSE
[2016-05-02 05:17:39,540] INFO:       Mean: 0.477613
[2016-05-02 05:17:39,540] INFO:       Std: 0.003982
[2016-05-02 05:17:39,540] INFO: Time
[2016-05-02 05:17:39,540] INFO:       208 mins
[2016-05-02 05:17:39,541] INFO: --------------------------------------------------
[2016-05-02 07:00:29,112] INFO: tpe_transform took 0.006559 seconds
[2016-05-02 07:00:29,112] INFO: TPE using 7/7 trials with best loss 0.457297
[2016-05-02 07:00:29,115] INFO: ==================================================
[2016-05-02 07:00:29,115] INFO: Task
[2016-05-02 07:00:29,115] INFO:       [Feat@basic_nonlinear_201605010058]_[Learner@reg_rgf]_[Id@8]
[2016-05-02 07:00:29,115] INFO: Param
[2016-05-02 07:00:29,116] INFO:       max_leaf_forest: 200
[2016-05-02 07:00:29,116] INFO:       min_pop: 14
[2016-05-02 07:00:29,116] INFO:       num_iteration_opt: 13
[2016-05-02 07:00:29,116] INFO:       num_tree_search: 9
[2016-05-02 07:00:29,116] INFO:       opt_interval: 50
[2016-05-02 07:00:29,116] INFO:       opt_stepsize: 0.4
[2016-05-02 07:00:29,116] INFO:       reg_L2: 0.1540443127576876
[2016-05-02 07:00:29,116] INFO:       reg_sL2: 0.009874771426839648
[2016-05-02 07:00:29,117] INFO: Result
[2016-05-02 07:00:29,117] INFO:       Run      RMSE        Shape
[2016-05-02 07:13:20,213] INFO:         1    0.448947    23167 x 726
[2016-05-02 07:25:07,252] INFO:         2    0.450161    21940 x 726
[2016-05-02 07:41:05,981] INFO:         3    0.448353    22182 x 726
[2016-05-02 07:57:07,072] INFO:         4    0.450019    21966 x 726
[2016-05-02 08:11:10,048] INFO:         5    0.449745    21961 x 726
[2016-05-02 08:11:10,248] INFO: RMSE
[2016-05-02 08:11:10,248] INFO:       Mean: 0.449445
[2016-05-02 08:11:10,248] INFO:       Std: 0.000689
[2016-05-02 08:11:10,248] INFO: Time
[2016-05-02 08:11:10,248] INFO:       70 mins
[2016-05-02 08:11:10,248] INFO: --------------------------------------------------
[2016-05-02 08:55:11,477] INFO: tpe_transform took 0.006473 seconds
[2016-05-02 08:55:11,477] INFO: TPE using 8/8 trials with best loss 0.449445
[2016-05-02 08:55:11,480] INFO: ==================================================
[2016-05-02 08:55:11,480] INFO: Task
[2016-05-02 08:55:11,480] INFO:       [Feat@basic_nonlinear_201605010058]_[Learner@reg_rgf]_[Id@9]
[2016-05-02 08:55:11,480] INFO: Param
[2016-05-02 08:55:11,480] INFO:       max_leaf_forest: 820
[2016-05-02 08:55:11,480] INFO:       min_pop: 2
[2016-05-02 08:55:11,481] INFO:       num_iteration_opt: 19
[2016-05-02 08:55:11,481] INFO:       num_tree_search: 5
[2016-05-02 08:55:11,481] INFO:       opt_interval: 50
[2016-05-02 08:55:11,481] INFO:       opt_stepsize: 1.0
[2016-05-02 08:55:11,481] INFO:       reg_L2: 0.7753918432457645
[2016-05-02 08:55:11,481] INFO:       reg_sL2: 7.244979762619504e-05
[2016-05-02 08:55:11,481] INFO: Result
[2016-05-02 08:55:11,481] INFO:       Run      RMSE        Shape
[2016-05-02 09:32:40,443] INFO:         1    0.452445    23167 x 726
[2016-05-02 10:03:23,827] INFO:         2    0.456555    21940 x 726
[2016-05-02 10:42:03,743] INFO:         3    0.454384    22182 x 726
[2016-05-02 11:16:01,413] INFO:         4    0.453697    21966 x 726
[2016-05-02 11:53:14,332] INFO:         5    0.454005    21961 x 726
[2016-05-02 11:53:14,532] INFO: RMSE
[2016-05-02 11:53:14,532] INFO:       Mean: 0.454217
[2016-05-02 11:53:14,532] INFO:       Std: 0.001338
[2016-05-02 11:53:14,532] INFO: Time
[2016-05-02 11:53:14,533] INFO:       178 mins
[2016-05-02 11:53:14,533] INFO: --------------------------------------------------
[2016-05-02 13:43:47,188] INFO: tpe_transform took 0.006563 seconds
[2016-05-02 13:43:47,188] INFO: TPE using 9/9 trials with best loss 0.449445
[2016-05-02 13:43:47,191] INFO: ==================================================
[2016-05-02 13:43:47,191] INFO: Task
[2016-05-02 13:43:47,191] INFO:       [Feat@basic_nonlinear_201605010058]_[Learner@reg_rgf]_[Id@10]
[2016-05-02 13:43:47,191] INFO: Param
[2016-05-02 13:43:47,191] INFO:       max_leaf_forest: 440
[2016-05-02 13:43:47,191] INFO:       min_pop: 15
[2016-05-02 13:43:47,191] INFO:       num_iteration_opt: 15
[2016-05-02 13:43:47,192] INFO:       num_tree_search: 8
[2016-05-02 13:43:47,192] INFO:       opt_interval: 160
[2016-05-02 13:43:47,192] INFO:       opt_stepsize: 0.4
[2016-05-02 13:43:47,192] INFO:       reg_L2: 0.19726770469553095
[2016-05-02 13:43:47,192] INFO:       reg_sL2: 0.04147846270994504
[2016-05-02 13:43:47,192] INFO: Result
[2016-05-02 13:43:47,192] INFO:       Run      RMSE        Shape
[2016-05-02 14:11:38,359] INFO:         1    0.446197    23167 x 726
[2016-05-02 14:39:26,625] INFO:         2    0.447994    21940 x 726
[2016-05-02 15:11:10,330] INFO:         3    0.447062    22182 x 726
