[2016-04-23 10:49:10,923] INFO: tpe_transform took 0.000000 seconds
[2016-04-23 10:49:10,923] INFO: TPE using 0 trials
[2016-04-23 10:49:10,955] INFO: ==================================================
[2016-04-23 10:49:10,955] INFO: Task
[2016-04-23 10:49:10,955] INFO:       [Feat@basic_nonlinear_201604170111]_[Learner@reg_skl_rf]_[Id@1]
[2016-04-23 10:49:10,955] INFO: Param
[2016-04-23 10:49:10,955] INFO:       max_depth: 10
[2016-04-23 10:49:10,955] INFO:       max_features: 0.15000000000000002
[2016-04-23 10:49:10,970] INFO:       min_samples_leaf: 12
[2016-04-23 10:49:10,970] INFO:       min_samples_split: 9
[2016-04-23 10:49:10,970] INFO:       n_estimators: 940
[2016-04-23 10:49:10,970] INFO:       n_jobs: 2
[2016-04-23 10:49:10,970] INFO:       random_state: 2016
[2016-04-23 10:49:10,970] INFO:       verbose: 0
[2016-04-23 10:49:10,970] INFO: Result
[2016-04-23 10:49:10,970] INFO:       Run      RMSE        Shape
[2016-04-23 10:57:40,938] INFO:         1    0.452715    23167 x 768
[2016-04-23 11:05:42,349] INFO:         2    0.454056    21940 x 768
[2016-04-23 11:13:47,192] INFO:         3    0.453642    22182 x 768
[2016-04-23 11:21:42,510] INFO:         4    0.454181    21966 x 768
[2016-04-23 11:29:21,431] INFO:         5    0.454492    21961 x 768
[2016-04-23 11:29:21,680] INFO: RMSE
[2016-04-23 11:29:21,680] INFO:       Mean: 0.453817
[2016-04-23 11:29:21,680] INFO:       Std: 0.000615
[2016-04-23 11:29:21,680] INFO: Time
[2016-04-23 11:29:21,680] INFO:       40 mins
[2016-04-23 11:29:21,680] INFO: --------------------------------------------------
[2016-04-23 11:57:16,886] INFO: tpe_transform took 0.000000 seconds
[2016-04-23 11:57:16,886] INFO: TPE using 1/1 trials with best loss 0.453817
[2016-04-23 11:57:16,886] INFO: ==================================================
[2016-04-23 11:57:16,886] INFO: Task
[2016-04-23 11:57:16,886] INFO:       [Feat@basic_nonlinear_201604170111]_[Learner@reg_skl_rf]_[Id@2]
[2016-04-23 11:57:16,886] INFO: Param
[2016-04-23 11:57:16,886] INFO:       max_depth: 3
[2016-04-23 11:57:16,886] INFO:       max_features: 0.25
[2016-04-23 11:57:16,886] INFO:       min_samples_leaf: 12
[2016-04-23 11:57:16,886] INFO:       min_samples_split: 14
[2016-04-23 11:57:16,886] INFO:       n_estimators: 160
[2016-04-23 11:57:16,886] INFO:       n_jobs: 2
[2016-04-23 11:57:16,886] INFO:       random_state: 2016
[2016-04-23 11:57:16,886] INFO:       verbose: 0
[2016-04-23 11:57:16,886] INFO: Result
[2016-04-23 11:57:16,886] INFO:       Run      RMSE        Shape
[2016-04-23 11:58:10,816] INFO:         1    0.470784    23167 x 768
[2016-04-23 11:58:58,895] INFO:         2    0.472066    21940 x 768
[2016-04-23 11:59:47,567] INFO:         3    0.471769    22182 x 768
[2016-04-23 12:00:35,755] INFO:         4     0.47235    21966 x 768
[2016-04-23 12:01:24,490] INFO:         5     0.47282    21961 x 768
[2016-04-23 12:01:24,677] INFO: RMSE
[2016-04-23 12:01:24,677] INFO:       Mean: 0.471958
[2016-04-23 12:01:24,677] INFO:       Std: 0.000682
[2016-04-23 12:01:24,677] INFO: Time
[2016-04-23 12:01:24,677] INFO:       4 mins
[2016-04-23 12:01:24,677] INFO: --------------------------------------------------
[2016-04-23 12:03:54,125] INFO: tpe_transform took 0.000000 seconds
[2016-04-23 12:03:54,125] INFO: TPE using 2/2 trials with best loss 0.453817
[2016-04-23 12:03:54,125] INFO: ==================================================
[2016-04-23 12:03:54,125] INFO: Task
[2016-04-23 12:03:54,125] INFO:       [Feat@basic_nonlinear_201604170111]_[Learner@reg_skl_rf]_[Id@3]
[2016-04-23 12:03:54,125] INFO: Param
[2016-04-23 12:03:54,125] INFO:       max_depth: 6
[2016-04-23 12:03:54,125] INFO:       max_features: 0.8
[2016-04-23 12:03:54,125] INFO:       min_samples_leaf: 6
[2016-04-23 12:03:54,125] INFO:       min_samples_split: 9
[2016-04-23 12:03:54,125] INFO:       n_estimators: 310
[2016-04-23 12:03:54,125] INFO:       n_jobs: 2
[2016-04-23 12:03:54,125] INFO:       random_state: 2016
[2016-04-23 12:03:54,125] INFO:       verbose: 0
[2016-04-23 12:03:54,125] INFO: Result
[2016-04-23 12:03:54,125] INFO:       Run      RMSE        Shape
[2016-04-23 12:13:26,879] INFO:         1    0.458186    23167 x 768
[2016-04-23 12:22:28,105] INFO:         2    0.459871    21940 x 768
[2016-04-23 12:31:39,035] INFO:         3    0.458382    22182 x 768
[2016-04-23 12:40:54,894] INFO:         4    0.460292    21966 x 768
[2016-04-23 12:50:04,342] INFO:         5    0.460588    21961 x 768
[2016-04-23 12:50:04,622] INFO: RMSE
[2016-04-23 12:50:04,622] INFO:       Mean: 0.459464
[2016-04-23 12:50:04,622] INFO:       Std: 0.000992
[2016-04-23 12:50:04,622] INFO: Time
[2016-04-23 12:50:04,622] INFO:       46 mins
[2016-04-23 12:50:04,622] INFO: --------------------------------------------------
[2016-04-23 13:19:52,024] INFO: tpe_transform took 0.000000 seconds
[2016-04-23 13:19:52,024] INFO: TPE using 3/3 trials with best loss 0.453817
[2016-04-23 13:19:52,024] INFO: ==================================================
[2016-04-23 13:19:52,024] INFO: Task
[2016-04-23 13:19:52,024] INFO:       [Feat@basic_nonlinear_201604170111]_[Learner@reg_skl_rf]_[Id@4]
[2016-04-23 13:19:52,024] INFO: Param
[2016-04-23 13:19:52,024] INFO:       max_depth: 4
[2016-04-23 13:19:52,024] INFO:       max_features: 0.30000000000000004
[2016-04-23 13:19:52,024] INFO:       min_samples_leaf: 13
[2016-04-23 13:19:52,024] INFO:       min_samples_split: 10
[2016-04-23 13:19:52,024] INFO:       n_estimators: 510
[2016-04-23 13:19:52,024] INFO:       n_jobs: 2
[2016-04-23 13:19:52,024] INFO:       random_state: 2016
[2016-04-23 13:19:52,024] INFO:       verbose: 0
[2016-04-23 13:19:52,024] INFO: Result
[2016-04-23 13:19:52,024] INFO:       Run      RMSE        Shape
[2016-04-23 13:24:05,446] INFO:         1    0.465599    23167 x 768
[2016-04-23 13:28:00,397] INFO:         2    0.466729    21940 x 768
[2016-04-23 13:31:56,410] INFO:         3    0.465943    22182 x 768
[2016-04-23 13:35:57,055] INFO:         4    0.466839    21966 x 768
[2016-04-23 13:39:56,312] INFO:         5    0.467265    21961 x 768
[2016-04-23 13:39:56,546] INFO: RMSE
[2016-04-23 13:39:56,546] INFO:       Mean: 0.466475
[2016-04-23 13:39:56,546] INFO:       Std: 0.000612
[2016-04-23 13:39:56,546] INFO: Time
[2016-04-23 13:39:56,546] INFO:       20 mins
[2016-04-23 13:39:56,546] INFO: --------------------------------------------------
[2016-04-23 13:52:33,755] INFO: tpe_transform took 0.000000 seconds
[2016-04-23 13:52:33,755] INFO: TPE using 4/4 trials with best loss 0.453817
[2016-04-23 13:52:33,755] INFO: ==================================================
[2016-04-23 13:52:33,755] INFO: Task
[2016-04-23 13:52:33,755] INFO:       [Feat@basic_nonlinear_201604170111]_[Learner@reg_skl_rf]_[Id@5]
[2016-04-23 13:52:33,755] INFO: Param
[2016-04-23 13:52:33,755] INFO:       max_depth: 4
[2016-04-23 13:52:33,755] INFO:       max_features: 0.7000000000000001
[2016-04-23 13:52:33,755] INFO:       min_samples_leaf: 10
[2016-04-23 13:52:33,755] INFO:       min_samples_split: 4
[2016-04-23 13:52:33,755] INFO:       n_estimators: 550
[2016-04-23 13:52:33,755] INFO:       n_jobs: 2
[2016-04-23 13:52:33,755] INFO:       random_state: 2016
[2016-04-23 13:52:33,755] INFO:       verbose: 0
[2016-04-23 13:52:33,755] INFO: Result
[2016-04-23 13:52:33,755] INFO:       Run      RMSE        Shape
[2016-04-23 14:02:54,510] INFO:         1    0.465096    23167 x 768
[2016-04-23 14:12:46,795] INFO:         2    0.466589    21940 x 768
[2016-04-23 14:22:37,942] INFO:         3    0.465223    22182 x 768
[2016-04-23 14:32:12,240] INFO:         4    0.467154    21966 x 768
[2016-04-23 14:41:48,426] INFO:         5     0.46715    21961 x 768
[2016-04-23 14:41:48,722] INFO: RMSE
[2016-04-23 14:41:48,722] INFO:       Mean: 0.466242
[2016-04-23 14:41:48,722] INFO:       Std: 0.000909
[2016-04-23 14:41:48,722] INFO: Time
[2016-04-23 14:41:48,722] INFO:       49 mins
[2016-04-23 14:41:48,722] INFO: --------------------------------------------------
[2016-04-23 15:13:28,210] INFO: tpe_transform took 0.000000 seconds
[2016-04-23 15:13:28,210] INFO: TPE using 5/5 trials with best loss 0.453817
[2016-04-23 15:13:28,210] INFO: ==================================================
[2016-04-23 15:13:28,210] INFO: Task
[2016-04-23 15:13:28,210] INFO:       [Feat@basic_nonlinear_201604170111]_[Learner@reg_skl_rf]_[Id@6]
[2016-04-23 15:13:28,210] INFO: Param
[2016-04-23 15:13:28,210] INFO:       max_depth: 6
[2016-04-23 15:13:28,210] INFO:       max_features: 0.55
[2016-04-23 15:13:28,210] INFO:       min_samples_leaf: 7
[2016-04-23 15:13:28,210] INFO:       min_samples_split: 9
[2016-04-23 15:13:28,225] INFO:       n_estimators: 430
[2016-04-23 15:13:28,225] INFO:       n_jobs: 2
[2016-04-23 15:13:28,225] INFO:       random_state: 2016
[2016-04-23 15:13:28,225] INFO:       verbose: 0
[2016-04-23 15:13:28,225] INFO: Result
[2016-04-23 15:13:28,225] INFO:       Run      RMSE        Shape
[2016-04-23 15:22:23,446] INFO:         1    0.458226    23167 x 768
[2016-04-23 15:30:40,680] INFO:         2    0.459735    21940 x 768
[2016-04-23 15:39:02,516] INFO:         3    0.458545    22182 x 768
[2016-04-23 15:47:31,903] INFO:         4    0.459985    21966 x 768
[2016-04-23 15:56:10,120] INFO:         5    0.460248    21961 x 768
[2016-04-23 15:56:10,416] INFO: RMSE
[2016-04-23 15:56:10,416] INFO:       Mean: 0.459348
[2016-04-23 15:56:10,416] INFO:       Std: 0.000809
[2016-04-23 15:56:10,416] INFO: Time
[2016-04-23 15:56:10,416] INFO:       42 mins
[2016-04-23 15:56:10,416] INFO: --------------------------------------------------
[2016-04-23 16:24:55,277] INFO: tpe_transform took 0.015600 seconds
[2016-04-23 16:24:55,277] INFO: TPE using 6/6 trials with best loss 0.453817
[2016-04-23 16:24:55,277] INFO: ==================================================
[2016-04-23 16:24:55,277] INFO: Task
[2016-04-23 16:24:55,277] INFO:       [Feat@basic_nonlinear_201604170111]_[Learner@reg_skl_rf]_[Id@7]
[2016-04-23 16:24:55,277] INFO: Param
[2016-04-23 16:24:55,277] INFO:       max_depth: 6
[2016-04-23 16:24:55,277] INFO:       max_features: 0.25
[2016-04-23 16:24:55,277] INFO:       min_samples_leaf: 13
[2016-04-23 16:24:55,277] INFO:       min_samples_split: 4
[2016-04-23 16:24:55,277] INFO:       n_estimators: 280
[2016-04-23 16:24:55,277] INFO:       n_jobs: 2
[2016-04-23 16:24:55,277] INFO:       random_state: 2016
[2016-04-23 16:24:55,277] INFO:       verbose: 0
[2016-04-23 16:24:55,277] INFO: Result
[2016-04-23 16:24:55,277] INFO:       Run      RMSE        Shape
[2016-04-23 16:27:39,186] INFO:         1    0.458891    23167 x 768
[2016-04-23 16:30:11,692] INFO:         2    0.460167    21940 x 768
[2016-04-23 16:32:48,378] INFO:         3     0.45933    22182 x 768
[2016-04-23 16:35:21,024] INFO:         4    0.460102    21966 x 768
[2016-04-23 16:37:55,620] INFO:         5    0.460575    21961 x 768
[2016-04-23 16:37:55,901] INFO: RMSE
[2016-04-23 16:37:55,901] INFO:       Mean: 0.459813
[2016-04-23 16:37:55,901] INFO:       Std: 0.000612
[2016-04-23 16:37:55,901] INFO: Time
[2016-04-23 16:37:55,901] INFO:       13 mins
[2016-04-23 16:37:55,901] INFO: --------------------------------------------------
[2016-04-23 16:46:18,580] INFO: tpe_transform took 0.015600 seconds
[2016-04-23 16:46:18,580] INFO: TPE using 7/7 trials with best loss 0.453817
[2016-04-23 16:46:18,580] INFO: ==================================================
[2016-04-23 16:46:18,580] INFO: Task
[2016-04-23 16:46:18,580] INFO:       [Feat@basic_nonlinear_201604170111]_[Learner@reg_skl_rf]_[Id@8]
[2016-04-23 16:46:18,580] INFO: Param
[2016-04-23 16:46:18,580] INFO:       max_depth: 7
[2016-04-23 16:46:18,580] INFO:       max_features: 0.6000000000000001
[2016-04-23 16:46:18,580] INFO:       min_samples_leaf: 6
[2016-04-23 16:46:18,580] INFO:       min_samples_split: 8
[2016-04-23 16:46:18,580] INFO:       n_estimators: 400
[2016-04-23 16:46:18,580] INFO:       n_jobs: 2
[2016-04-23 16:46:18,580] INFO:       random_state: 2016
[2016-04-23 16:46:18,580] INFO:       verbose: 0
[2016-04-23 16:46:18,580] INFO: Result
[2016-04-23 16:46:18,580] INFO:       Run      RMSE        Shape
[2016-04-23 16:56:36,511] INFO:         1    0.455985    23167 x 768
[2016-04-23 17:06:23,680] INFO:         2    0.457553    21940 x 768
[2016-04-23 17:16:27,649] INFO:         3    0.456319    22182 x 768
[2016-04-23 17:26:35,831] INFO:         4    0.457745    21966 x 768
[2016-04-23 17:36:27,539] INFO:         5    0.458097    21961 x 768
[2016-04-23 17:36:27,866] INFO: RMSE
[2016-04-23 17:36:27,866] INFO:       Mean: 0.457140
[2016-04-23 17:36:27,866] INFO:       Std: 0.000832
[2016-04-23 17:36:27,866] INFO: Time
[2016-04-23 17:36:27,866] INFO:       50 mins
[2016-04-23 17:36:27,866] INFO: --------------------------------------------------
[2016-04-23 18:10:32,611] INFO: tpe_transform took 0.003000 seconds
[2016-04-23 18:10:32,611] INFO: TPE using 8/8 trials with best loss 0.453817
[2016-04-23 18:10:32,613] INFO: ==================================================
[2016-04-23 18:10:32,614] INFO: Task
[2016-04-23 18:10:32,614] INFO:       [Feat@basic_nonlinear_201604170111]_[Learner@reg_skl_rf]_[Id@9]
[2016-04-23 18:10:32,614] INFO: Param
[2016-04-23 18:10:32,614] INFO:       max_depth: 2
[2016-04-23 18:10:32,614] INFO:       max_features: 0.4
[2016-04-23 18:10:32,614] INFO:       min_samples_leaf: 9
[2016-04-23 18:10:32,614] INFO:       min_samples_split: 10
[2016-04-23 18:10:32,614] INFO:       n_estimators: 280
[2016-04-23 18:10:32,614] INFO:       n_jobs: 2
[2016-04-23 18:10:32,615] INFO:       random_state: 2016
[2016-04-23 18:10:32,615] INFO:       verbose: 0
[2016-04-23 18:10:32,615] INFO: Result
[2016-04-23 18:10:32,615] INFO:       Run      RMSE        Shape
[2016-04-23 18:12:13,365] INFO:         1    0.479111    23167 x 768
[2016-04-23 18:13:45,349] INFO:         2    0.480269    21940 x 768
[2016-04-23 18:15:21,291] INFO:         3    0.479935    22182 x 768
[2016-04-23 18:16:52,490] INFO:         4    0.481665    21966 x 768
[2016-04-23 18:18:33,810] INFO:         5    0.481076    21961 x 768
[2016-04-23 18:18:34,064] INFO: RMSE
[2016-04-23 18:18:34,064] INFO:       Mean: 0.480411
[2016-04-23 18:18:34,064] INFO:       Std: 0.000889
[2016-04-23 18:18:34,064] INFO: Time
[2016-04-23 18:18:34,065] INFO:       8 mins
[2016-04-23 18:18:34,065] INFO: --------------------------------------------------
[2016-04-23 18:23:17,608] INFO: tpe_transform took 0.004000 seconds
[2016-04-23 18:23:17,609] INFO: TPE using 9/9 trials with best loss 0.453817
[2016-04-23 18:23:17,611] INFO: ==================================================
[2016-04-23 18:23:17,612] INFO: Task
[2016-04-23 18:23:17,612] INFO:       [Feat@basic_nonlinear_201604170111]_[Learner@reg_skl_rf]_[Id@10]
[2016-04-23 18:23:17,612] INFO: Param
[2016-04-23 18:23:17,612] INFO:       max_depth: 1
[2016-04-23 18:23:17,612] INFO:       max_features: 0.7000000000000001
[2016-04-23 18:23:17,613] INFO:       min_samples_leaf: 10
[2016-04-23 18:23:17,613] INFO:       min_samples_split: 10
[2016-04-23 18:23:17,613] INFO:       n_estimators: 810
[2016-04-23 18:23:17,613] INFO:       n_jobs: 2
[2016-04-23 18:23:17,613] INFO:       random_state: 2016
[2016-04-23 18:23:17,613] INFO:       verbose: 0
[2016-04-23 18:23:17,613] INFO: Result
[2016-04-23 18:23:17,613] INFO:       Run      RMSE        Shape
[2016-04-23 18:27:24,691] INFO:         1     0.49534    23167 x 768
[2016-04-23 18:31:19,130] INFO:         2    0.496019    21940 x 768
[2016-04-23 18:35:12,733] INFO:         3    0.496229    22182 x 768
[2016-04-23 18:39:09,141] INFO:         4    0.496566    21966 x 768
[2016-04-23 18:43:00,123] INFO:         5    0.497063    21961 x 768
[2016-04-23 18:43:00,359] INFO: RMSE
[2016-04-23 18:43:00,359] INFO:       Mean: 0.496243
[2016-04-23 18:43:00,359] INFO:       Std: 0.000573
[2016-04-23 18:43:00,359] INFO: Time
[2016-04-23 18:43:00,360] INFO:       19 mins
[2016-04-23 18:43:00,360] INFO: --------------------------------------------------
[2016-04-23 18:54:53,005] INFO: tpe_transform took 0.003000 seconds
[2016-04-23 18:54:53,005] INFO: TPE using 10/10 trials with best loss 0.453817
[2016-04-23 18:54:53,007] INFO: ==================================================
[2016-04-23 18:54:53,007] INFO: Task
[2016-04-23 18:54:53,007] INFO:       [Feat@basic_nonlinear_201604170111]_[Learner@reg_skl_rf]_[Id@11]
[2016-04-23 18:54:53,007] INFO: Param
[2016-04-23 18:54:53,007] INFO:       max_depth: 9
[2016-04-23 18:54:53,007] INFO:       max_features: 0.25
[2016-04-23 18:54:53,007] INFO:       min_samples_leaf: 9
[2016-04-23 18:54:53,007] INFO:       min_samples_split: 12
[2016-04-23 18:54:53,007] INFO:       n_estimators: 430
[2016-04-23 18:54:53,007] INFO:       n_jobs: 2
[2016-04-23 18:54:53,007] INFO:       random_state: 2016
[2016-04-23 18:54:53,008] INFO:       verbose: 0
[2016-04-23 18:54:53,008] INFO: Result
[2016-04-23 18:54:53,008] INFO:       Run      RMSE        Shape
[2016-04-23 19:00:48,264] INFO:         1    0.453121    23167 x 768
[2016-04-23 19:06:23,044] INFO:         2    0.454603    21940 x 768
[2016-04-23 19:12:03,891] INFO:         3    0.454078    22182 x 768
[2016-04-23 19:17:43,394] INFO:         4    0.454528    21966 x 768
[2016-04-23 19:23:20,612] INFO:         5    0.454938    21961 x 768
[2016-04-23 19:23:20,876] INFO: RMSE
[2016-04-23 19:23:20,876] INFO:       Mean: 0.454254
[2016-04-23 19:23:20,876] INFO:       Std: 0.000629
[2016-04-23 19:23:20,876] INFO: Time
[2016-04-23 19:23:20,877] INFO:       28 mins
[2016-04-23 19:23:20,877] INFO: --------------------------------------------------
[2016-04-23 19:43:03,528] INFO: tpe_transform took 0.003000 seconds
[2016-04-23 19:43:03,528] INFO: TPE using 11/11 trials with best loss 0.453817
[2016-04-23 19:43:03,531] INFO: ==================================================
[2016-04-23 19:43:03,531] INFO: Task
[2016-04-23 19:43:03,532] INFO:       [Feat@basic_nonlinear_201604170111]_[Learner@reg_skl_rf]_[Id@12]
[2016-04-23 19:43:03,532] INFO: Param
[2016-04-23 19:43:03,532] INFO:       max_depth: 6
[2016-04-23 19:43:03,532] INFO:       max_features: 0.9500000000000001
[2016-04-23 19:43:03,533] INFO:       min_samples_leaf: 13
[2016-04-23 19:43:03,533] INFO:       min_samples_split: 6
[2016-04-23 19:43:03,533] INFO:       n_estimators: 160
[2016-04-23 19:43:03,534] INFO:       n_jobs: 2
[2016-04-23 19:43:03,534] INFO:       random_state: 2016
[2016-04-23 19:43:03,534] INFO:       verbose: 0
[2016-04-23 19:43:03,534] INFO: Result
[2016-04-23 19:43:03,534] INFO:       Run      RMSE        Shape
[2016-04-23 19:48:59,026] INFO:         1    0.458316    23167 x 768
[2016-04-23 19:54:28,138] INFO:         2    0.460411    21940 x 768
[2016-04-23 20:00:01,389] INFO:         3    0.458444    22182 x 768
[2016-04-23 20:05:30,842] INFO:         4    0.460682    21966 x 768
[2016-04-23 20:11:03,501] INFO:         5    0.461038    21961 x 768
[2016-04-23 20:11:03,785] INFO: RMSE
[2016-04-23 20:11:03,785] INFO:       Mean: 0.459778
[2016-04-23 20:11:03,786] INFO:       Std: 0.001159
[2016-04-23 20:11:03,786] INFO: Time
[2016-04-23 20:11:03,786] INFO:       28 mins
[2016-04-23 20:11:03,786] INFO: --------------------------------------------------
[2016-04-23 20:29:44,318] INFO: tpe_transform took 0.006000 seconds
[2016-04-23 20:29:44,318] INFO: TPE using 12/12 trials with best loss 0.453817
[2016-04-23 20:29:44,320] INFO: ==================================================
[2016-04-23 20:29:44,320] INFO: Task
[2016-04-23 20:29:44,320] INFO:       [Feat@basic_nonlinear_201604170111]_[Learner@reg_skl_rf]_[Id@13]
[2016-04-23 20:29:44,321] INFO: Param
[2016-04-23 20:29:44,321] INFO:       max_depth: 3
[2016-04-23 20:29:44,321] INFO:       max_features: 0.45
[2016-04-23 20:29:44,321] INFO:       min_samples_leaf: 9
[2016-04-23 20:29:44,321] INFO:       min_samples_split: 5
[2016-04-23 20:29:44,321] INFO:       n_estimators: 510
[2016-04-23 20:29:44,321] INFO:       n_jobs: 2
[2016-04-23 20:29:44,321] INFO:       random_state: 2016
[2016-04-23 20:29:44,322] INFO:       verbose: 0
[2016-04-23 20:29:44,322] INFO: Result
[2016-04-23 20:29:44,322] INFO:       Run      RMSE        Shape
[2016-04-23 20:34:42,747] INFO:         1    0.470528    23167 x 768
[2016-04-23 20:39:19,924] INFO:         2    0.471827    21940 x 768
[2016-04-23 20:43:54,385] INFO:         3    0.471199    22182 x 768
[2016-04-23 20:48:26,697] INFO:         4    0.472254    21966 x 768
[2016-04-23 20:52:55,465] INFO:         5    0.472254    21961 x 768
[2016-04-23 20:52:55,777] INFO: RMSE
[2016-04-23 20:52:55,777] INFO:       Mean: 0.471612
[2016-04-23 20:52:55,777] INFO:       Std: 0.000666
[2016-04-23 20:52:55,777] INFO: Time
[2016-04-23 20:52:55,777] INFO:       23 mins
[2016-04-23 20:52:55,777] INFO: --------------------------------------------------
[2016-04-23 21:06:48,181] INFO: tpe_transform took 0.000000 seconds
[2016-04-23 21:06:48,181] INFO: TPE using 13/13 trials with best loss 0.453817
[2016-04-23 21:06:48,181] INFO: ==================================================
[2016-04-23 21:06:48,181] INFO: Task
[2016-04-23 21:06:48,181] INFO:       [Feat@basic_nonlinear_201604170111]_[Learner@reg_skl_rf]_[Id@14]
[2016-04-23 21:06:48,181] INFO: Param
[2016-04-23 21:06:48,181] INFO:       max_depth: 3
[2016-04-23 21:06:48,181] INFO:       max_features: 0.4
[2016-04-23 21:06:48,181] INFO:       min_samples_leaf: 4
[2016-04-23 21:06:48,181] INFO:       min_samples_split: 11
[2016-04-23 21:06:48,181] INFO:       n_estimators: 170
[2016-04-23 21:06:48,181] INFO:       n_jobs: 2
[2016-04-23 21:06:48,181] INFO:       random_state: 2016
[2016-04-23 21:06:48,181] INFO:       verbose: 0
[2016-04-23 21:06:48,181] INFO: Result
[2016-04-23 21:06:48,181] INFO:       Run      RMSE        Shape
[2016-04-23 21:08:16,175] INFO:         1    0.470607    23167 x 768
[2016-04-23 21:09:37,420] INFO:         2    0.471849    21940 x 768
[2016-04-23 21:11:00,176] INFO:         3     0.47135    22182 x 768
[2016-04-23 21:12:21,474] INFO:         4    0.472148    21966 x 768
[2016-04-23 21:13:42,098] INFO:         5    0.472187    21961 x 768
[2016-04-23 21:13:42,332] INFO: RMSE
[2016-04-23 21:13:42,332] INFO:       Mean: 0.471628
[2016-04-23 21:13:42,332] INFO:       Std: 0.000592
[2016-04-23 21:13:42,332] INFO: Time
[2016-04-23 21:13:42,332] INFO:       6 mins
[2016-04-23 21:13:42,332] INFO: --------------------------------------------------
[2016-04-23 21:17:55,867] INFO: tpe_transform took 0.000000 seconds
[2016-04-23 21:17:55,867] INFO: TPE using 14/14 trials with best loss 0.453817
[2016-04-23 21:17:55,867] INFO: ==================================================
[2016-04-23 21:17:55,867] INFO: Task
[2016-04-23 21:17:55,867] INFO:       [Feat@basic_nonlinear_201604170111]_[Learner@reg_skl_rf]_[Id@15]
[2016-04-23 21:17:55,867] INFO: Param
[2016-04-23 21:17:55,867] INFO:       max_depth: 2
[2016-04-23 21:17:55,867] INFO:       max_features: 0.4
[2016-04-23 21:17:55,867] INFO:       min_samples_leaf: 12
[2016-04-23 21:17:55,867] INFO:       min_samples_split: 10
[2016-04-23 21:17:55,867] INFO:       n_estimators: 590
[2016-04-23 21:17:55,867] INFO:       n_jobs: 2
[2016-04-23 21:17:55,867] INFO:       random_state: 2016
[2016-04-23 21:17:55,867] INFO:       verbose: 0
[2016-04-23 21:17:55,867] INFO: Result
[2016-04-23 21:17:55,867] INFO:       Run      RMSE        Shape
[2016-04-23 21:21:17,219] INFO:         1    0.479061    23167 x 768
[2016-04-23 21:24:19,460] INFO:         2    0.480056    21940 x 768
[2016-04-23 21:27:29,742] INFO:         3    0.479862    22182 x 768
[2016-04-23 21:30:34,253] INFO:         4    0.481563    21966 x 768
[2016-04-23 21:33:36,523] INFO:         5    0.481047    21961 x 768
[2016-04-23 21:33:36,820] INFO: RMSE
[2016-04-23 21:33:36,820] INFO:       Mean: 0.480318
[2016-04-23 21:33:36,820] INFO:       Std: 0.000888
[2016-04-23 21:33:36,820] INFO: Time
[2016-04-23 21:33:36,820] INFO:       15 mins
[2016-04-23 21:33:36,820] INFO: --------------------------------------------------
[2016-04-23 21:43:07,221] INFO: tpe_transform took 0.000000 seconds
[2016-04-23 21:43:07,237] INFO: TPE using 15/15 trials with best loss 0.453817
[2016-04-23 21:43:07,237] INFO: ==================================================
[2016-04-23 21:43:07,237] INFO: Task
[2016-04-23 21:43:07,237] INFO:       [Feat@basic_nonlinear_201604170111]_[Learner@reg_skl_rf]_[Id@16]
[2016-04-23 21:43:07,237] INFO: Param
[2016-04-23 21:43:07,237] INFO:       max_depth: 9
[2016-04-23 21:43:07,237] INFO:       max_features: 0.6000000000000001
[2016-04-23 21:43:07,237] INFO:       min_samples_leaf: 13
[2016-04-23 21:43:07,237] INFO:       min_samples_split: 11
[2016-04-23 21:43:07,237] INFO:       n_estimators: 610
[2016-04-23 21:43:07,237] INFO:       n_jobs: 2
[2016-04-23 21:43:07,237] INFO:       random_state: 2016
[2016-04-23 21:43:07,237] INFO:       verbose: 0
[2016-04-23 21:43:07,237] INFO: Result
[2016-04-23 21:43:07,237] INFO:       Run      RMSE        Shape
[2016-04-23 22:01:51,598] INFO:         1    0.452732    23167 x 768
[2016-04-23 22:19:33,648] INFO:         2    0.454319    21940 x 768
[2016-04-23 22:37:26,185] INFO:         3     0.45315    22182 x 768
[2016-04-23 22:55:11,570] INFO:         4    0.454447    21966 x 768
[2016-04-23 23:12:47,052] INFO:         5    0.454824    21961 x 768
[2016-04-23 23:12:47,302] INFO: RMSE
[2016-04-23 23:12:47,302] INFO:       Mean: 0.453894
[2016-04-23 23:12:47,302] INFO:       Std: 0.000807
[2016-04-23 23:12:47,302] INFO: Time
[2016-04-23 23:12:47,302] INFO:       89 mins
[2016-04-23 23:12:47,302] INFO: --------------------------------------------------
[2016-04-24 00:15:37,981] INFO: tpe_transform took 0.000000 seconds
[2016-04-24 00:15:37,981] INFO: TPE using 16/16 trials with best loss 0.453817
[2016-04-24 00:15:37,981] INFO: ==================================================
[2016-04-24 00:15:37,981] INFO: Task
[2016-04-24 00:15:37,981] INFO:       [Feat@basic_nonlinear_201604170111]_[Learner@reg_skl_rf]_[Id@17]
[2016-04-24 00:15:37,981] INFO: Param
[2016-04-24 00:15:37,981] INFO:       max_depth: 8
[2016-04-24 00:15:37,981] INFO:       max_features: 0.5
[2016-04-24 00:15:37,981] INFO:       min_samples_leaf: 9
[2016-04-24 00:15:37,981] INFO:       min_samples_split: 15
[2016-04-24 00:15:37,981] INFO:       n_estimators: 730
[2016-04-24 00:15:37,981] INFO:       n_jobs: 2
[2016-04-24 00:15:37,981] INFO:       random_state: 2016
[2016-04-24 00:15:37,981] INFO:       verbose: 0
[2016-04-24 00:15:37,981] INFO: Result
[2016-04-24 00:15:37,981] INFO:       Run      RMSE        Shape
[2016-04-24 00:33:12,055] INFO:         1    0.454139    23167 x 768
[2016-04-24 00:49:14,365] INFO:         2     0.45551    21940 x 768
[2016-04-24 01:05:40,217] INFO:         3     0.45454    22182 x 768
[2016-04-24 01:22:11,902] INFO:         4    0.455705    21966 x 768
[2016-04-24 01:38:53,857] INFO:         5    0.456159    21961 x 768
[2016-04-24 01:38:54,076] INFO: RMSE
[2016-04-24 01:38:54,076] INFO:       Mean: 0.455211
[2016-04-24 01:38:54,076] INFO:       Std: 0.000752
[2016-04-24 01:38:54,076] INFO: Time
[2016-04-24 01:38:54,076] INFO:       83 mins
[2016-04-24 01:38:54,076] INFO: --------------------------------------------------
[2016-04-24 02:35:27,890] INFO: tpe_transform took 0.015600 seconds
[2016-04-24 02:35:27,890] INFO: TPE using 17/17 trials with best loss 0.453817
[2016-04-24 02:35:27,890] INFO: ==================================================
[2016-04-24 02:35:27,890] INFO: Task
[2016-04-24 02:35:27,890] INFO:       [Feat@basic_nonlinear_201604170111]_[Learner@reg_skl_rf]_[Id@18]
[2016-04-24 02:35:27,890] INFO: Param
[2016-04-24 02:35:27,890] INFO:       max_depth: 10
[2016-04-24 02:35:27,890] INFO:       max_features: 0.7000000000000001
[2016-04-24 02:35:27,890] INFO:       min_samples_leaf: 10
[2016-04-24 02:35:27,890] INFO:       min_samples_split: 4
[2016-04-24 02:35:27,890] INFO:       n_estimators: 790
[2016-04-24 02:35:27,890] INFO:       n_jobs: 2
[2016-04-24 02:35:27,890] INFO:       random_state: 2016
[2016-04-24 02:35:27,890] INFO:       verbose: 0
[2016-04-24 02:35:27,890] INFO: Result
[2016-04-24 02:35:27,890] INFO:       Run      RMSE        Shape
[2016-04-24 03:06:10,654] INFO:         1    0.451784    23167 x 768
[2016-04-24 03:35:02,078] INFO:         2    0.453374    21940 x 768
[2016-04-24 04:04:19,890] INFO:         3    0.452337    22182 x 768
[2016-04-24 04:33:17,410] INFO:         4    0.453656    21966 x 768
[2016-04-24 05:02:12,796] INFO:         5    0.453966    21961 x 768
[2016-04-24 05:02:13,139] INFO: RMSE
[2016-04-24 05:02:13,139] INFO:       Mean: 0.453023
[2016-04-24 05:02:13,139] INFO:       Std: 0.000827
[2016-04-24 05:02:13,139] INFO: Time
[2016-04-24 05:02:13,139] INFO:       146 mins
[2016-04-24 05:02:13,139] INFO: --------------------------------------------------
[2016-04-24 06:46:50,832] INFO: tpe_transform took 0.000000 seconds
[2016-04-24 06:46:50,832] INFO: TPE using 18/18 trials with best loss 0.453023
[2016-04-24 06:46:50,832] INFO: ==================================================
[2016-04-24 06:46:50,832] INFO: Task
[2016-04-24 06:46:50,832] INFO:       [Feat@basic_nonlinear_201604170111]_[Learner@reg_skl_rf]_[Id@19]
[2016-04-24 06:46:50,832] INFO: Param
[2016-04-24 06:46:50,832] INFO:       max_depth: 7
[2016-04-24 06:46:50,832] INFO:       max_features: 0.5
[2016-04-24 06:46:50,832] INFO:       min_samples_leaf: 7
[2016-04-24 06:46:50,832] INFO:       min_samples_split: 14
[2016-04-24 06:46:50,832] INFO:       n_estimators: 920
[2016-04-24 06:46:50,832] INFO:       n_jobs: 2
[2016-04-24 06:46:50,832] INFO:       random_state: 2016
[2016-04-24 06:46:50,832] INFO:       verbose: 0
[2016-04-24 06:46:50,832] INFO: Result
[2016-04-24 06:46:50,832] INFO:       Run      RMSE        Shape
[2016-04-24 07:07:02,075] INFO:         1    0.455877    23167 x 768
[2016-04-24 07:25:59,160] INFO:         2    0.457426    21940 x 768
[2016-04-24 07:45:01,411] INFO:         3     0.45621    22182 x 768
[2016-04-24 08:03:59,592] INFO:         4    0.457514    21966 x 768
[2016-04-24 08:23:04,869] INFO:         5     0.45787    21961 x 768
[2016-04-24 08:23:05,071] INFO: RMSE
[2016-04-24 08:23:05,071] INFO:       Mean: 0.456979
[2016-04-24 08:23:05,071] INFO:       Std: 0.000785
[2016-04-24 08:23:05,071] INFO: Time
[2016-04-24 08:23:05,071] INFO:       96 mins
[2016-04-24 08:23:05,071] INFO: --------------------------------------------------
[2016-04-24 09:26:53,605] INFO: tpe_transform took 0.000000 seconds
[2016-04-24 09:26:53,621] INFO: TPE using 19/19 trials with best loss 0.453023
[2016-04-24 09:26:53,621] INFO: ==================================================
[2016-04-24 09:26:53,621] INFO: Task
[2016-04-24 09:26:53,621] INFO:       [Feat@basic_nonlinear_201604170111]_[Learner@reg_skl_rf]_[Id@20]
[2016-04-24 09:26:53,621] INFO: Param
[2016-04-24 09:26:53,621] INFO:       max_depth: 5
[2016-04-24 09:26:53,621] INFO:       max_features: 0.75
[2016-04-24 09:26:53,621] INFO:       min_samples_leaf: 5
[2016-04-24 09:26:53,621] INFO:       min_samples_split: 13
[2016-04-24 09:26:53,621] INFO:       n_estimators: 790
[2016-04-24 09:26:53,621] INFO:       n_jobs: 2
[2016-04-24 09:26:53,621] INFO:       random_state: 2016
[2016-04-24 09:26:53,621] INFO:       verbose: 0
[2016-04-24 09:26:53,621] INFO: Result
[2016-04-24 09:26:53,621] INFO:       Run      RMSE        Shape
[2016-04-24 09:46:28,896] INFO:         1     0.46128    23167 x 768
[2016-04-24 10:04:43,485] INFO:         2    0.462951    21940 x 768
[2016-04-24 10:23:20,660] INFO:         3    0.461237    22182 x 768
[2016-04-24 10:41:46,205] INFO:         4    0.463249    21966 x 768
[2016-04-24 10:59:55,280] INFO:         5    0.463464    21961 x 768
[2016-04-24 10:59:55,545] INFO: RMSE
[2016-04-24 10:59:55,545] INFO:       Mean: 0.462436
[2016-04-24 10:59:55,545] INFO:       Std: 0.000975
[2016-04-24 10:59:55,545] INFO: Time
[2016-04-24 10:59:55,545] INFO:       93 mins
[2016-04-24 10:59:55,545] INFO: --------------------------------------------------
[2016-04-24 11:58:25,664] INFO: tpe_transform took 0.000000 seconds
[2016-04-24 11:58:25,664] INFO: TPE using 20/20 trials with best loss 0.453023
[2016-04-24 11:58:25,680] INFO: ==================================================
[2016-04-24 11:58:25,680] INFO: Task
[2016-04-24 11:58:25,680] INFO:       [Feat@basic_nonlinear_201604170111]_[Learner@reg_skl_rf]_[Id@21]
[2016-04-24 11:58:25,680] INFO: Param
[2016-04-24 11:58:25,680] INFO:       max_depth: 10
[2016-04-24 11:58:25,680] INFO:       max_features: 0.1
[2016-04-24 11:58:25,680] INFO:       min_samples_leaf: 15
[2016-04-24 11:58:25,680] INFO:       min_samples_split: 6
[2016-04-24 11:58:25,680] INFO:       n_estimators: 940
[2016-04-24 11:58:25,680] INFO:       n_jobs: 2
[2016-04-24 11:58:25,680] INFO:       random_state: 2016
[2016-04-24 11:58:25,680] INFO:       verbose: 0
[2016-04-24 11:58:25,680] INFO: Result
[2016-04-24 11:58:25,680] INFO:       Run      RMSE        Shape
[2016-04-24 12:03:45,162] INFO:         1    0.453526    23167 x 768
[2016-04-24 12:08:46,424] INFO:         2    0.454836    21940 x 768
[2016-04-24 12:13:45,763] INFO:         3    0.454333    22182 x 768
[2016-04-24 12:18:44,319] INFO:         4    0.454838    21966 x 768
[2016-04-24 12:23:41,733] INFO:         5    0.455062    21961 x 768
[2016-04-24 12:23:42,014] INFO: RMSE
[2016-04-24 12:23:42,014] INFO:       Mean: 0.454519
[2016-04-24 12:23:42,014] INFO:       Std: 0.000551
[2016-04-24 12:23:42,014] INFO: Time
[2016-04-24 12:23:42,014] INFO:       25 mins
[2016-04-24 12:23:42,014] INFO: --------------------------------------------------
[2016-04-24 12:41:41,614] INFO: tpe_transform took 0.015600 seconds
[2016-04-24 12:41:41,614] INFO: TPE using 21/21 trials with best loss 0.453023
[2016-04-24 12:41:41,614] INFO: ==================================================
[2016-04-24 12:41:41,614] INFO: Task
[2016-04-24 12:41:41,614] INFO:       [Feat@basic_nonlinear_201604170111]_[Learner@reg_skl_rf]_[Id@22]
[2016-04-24 12:41:41,614] INFO: Param
[2016-04-24 12:41:41,614] INFO:       max_depth: 10
[2016-04-24 12:41:41,614] INFO:       max_features: 0.9
[2016-04-24 12:41:41,630] INFO:       min_samples_leaf: 2
[2016-04-24 12:41:41,630] INFO:       min_samples_split: 2
[2016-04-24 12:41:41,630] INFO:       n_estimators: 990
[2016-04-24 12:41:41,630] INFO:       n_jobs: 2
[2016-04-24 12:41:41,630] INFO:       random_state: 2016
[2016-04-24 12:41:41,630] INFO:       verbose: 0
[2016-04-24 12:41:41,630] INFO: Result
[2016-04-24 12:41:41,630] INFO:       Run      RMSE        Shape
[2016-04-24 13:31:32,499] INFO:         1    0.452304    23167 x 768
[2016-04-24 14:18:32,859] INFO:         2     0.45396    21940 x 768
[2016-04-24 15:07:04,660] INFO:         3     0.45281    22182 x 768
[2016-04-24 15:58:41,374] INFO:         4    0.454456    21966 x 768
[2016-04-24 16:54:53,828] INFO:         5    0.454947    21961 x 768
[2016-04-24 16:54:54,187] INFO: RMSE
[2016-04-24 16:54:54,187] INFO:       Mean: 0.453695
[2016-04-24 16:54:54,187] INFO:       Std: 0.000993
[2016-04-24 16:54:54,187] INFO: Time
[2016-04-24 16:54:54,187] INFO:       253 mins
[2016-04-24 16:54:54,187] INFO: --------------------------------------------------
[2016-04-24 20:07:53,568] INFO: tpe_transform took 0.031200 seconds
[2016-04-24 20:07:53,568] INFO: TPE using 22/22 trials with best loss 0.453023
[2016-04-24 20:07:53,584] INFO: ==================================================
[2016-04-24 20:07:53,584] INFO: Task
[2016-04-24 20:07:53,584] INFO:       [Feat@basic_nonlinear_201604170111]_[Learner@reg_skl_rf]_[Id@23]
[2016-04-24 20:07:53,584] INFO: Param
[2016-04-24 20:07:53,584] INFO:       max_depth: 9
[2016-04-24 20:07:53,584] INFO:       max_features: 1.0
[2016-04-24 20:07:53,584] INFO:       min_samples_leaf: 3
[2016-04-24 20:07:53,584] INFO:       min_samples_split: 1
[2016-04-24 20:07:53,584] INFO:       n_estimators: 680
[2016-04-24 20:07:53,584] INFO:       n_jobs: 2
[2016-04-24 20:07:53,584] INFO:       random_state: 2016
[2016-04-24 20:07:53,584] INFO:       verbose: 0
[2016-04-24 20:07:53,584] INFO: Result
[2016-04-24 20:07:53,584] INFO:       Run      RMSE        Shape
[2016-04-24 20:49:47,274] INFO:         1     0.45342    23167 x 768
[2016-04-24 21:29:39,745] INFO:         2    0.455322    21940 x 768
[2016-04-24 22:09:17,782] INFO:         3     0.45369    22182 x 768
[2016-04-24 22:47:58,771] INFO:         4    0.455731    21966 x 768
