[2016-04-17 22:18:03,462] INFO: tpe_transform took 0.004216 seconds
[2016-04-17 22:18:03,462] INFO: TPE using 0 trials
[2016-04-17 22:18:03,464] INFO: ==================================================
[2016-04-17 22:18:03,464] INFO: Task
[2016-04-17 22:18:03,465] INFO:       [Feat@basic_nonlinear_201604170111]_[Learner@reg_skl_gbm]_[Id@1]
[2016-04-17 22:18:03,465] INFO: Param
[2016-04-17 22:18:03,465] INFO:       learning_rate: 0.03
[2016-04-17 22:18:03,465] INFO:       max_depth: 5
[2016-04-17 22:18:03,465] INFO:       max_features: 0.15000000000000002
[2016-04-17 22:18:03,465] INFO:       min_samples_leaf: 12
[2016-04-17 22:18:03,465] INFO:       n_estimators: 440
[2016-04-17 22:18:03,465] INFO:       random_state: 2016
[2016-04-17 22:18:03,466] INFO:       verbose: 0
[2016-04-17 22:18:03,466] INFO: Result
[2016-04-17 22:18:03,466] INFO:       Run      RMSE        Shape
[2016-04-17 22:40:10,562] INFO:         1    0.447889    23167 x 827
[2016-04-17 23:04:05,237] INFO:         2    0.448929    21940 x 827
[2016-04-17 23:30:54,624] INFO:         3    0.448428    22182 x 827
[2016-04-17 23:57:11,185] INFO:         4    0.449175    21966 x 827
[2016-04-18 00:22:51,137] INFO:         5    0.449476    21961 x 827
[2016-04-18 00:22:51,552] INFO: RMSE
[2016-04-18 00:22:51,552] INFO:       Mean: 0.448779
[2016-04-18 00:22:51,552] INFO:       Std: 0.000562
[2016-04-18 00:22:51,552] INFO: Time
[2016-04-18 00:22:51,552] INFO:       124 mins
[2016-04-18 00:22:51,553] INFO: --------------------------------------------------
[2016-04-18 01:37:48,971] INFO: tpe_transform took 0.007619 seconds
[2016-04-18 01:37:48,972] INFO: TPE using 1/1 trials with best loss 0.448779
[2016-04-18 01:37:48,975] INFO: ==================================================
[2016-04-18 01:37:48,975] INFO: Task
[2016-04-18 01:37:48,975] INFO:       [Feat@basic_nonlinear_201604170111]_[Learner@reg_skl_gbm]_[Id@2]
[2016-04-18 01:37:48,975] INFO: Param
[2016-04-18 01:37:48,976] INFO:       learning_rate: 0.054
[2016-04-18 01:37:48,976] INFO:       max_depth: 8
[2016-04-18 01:37:48,976] INFO:       max_features: 0.2
[2016-04-18 01:37:48,976] INFO:       min_samples_leaf: 2
[2016-04-18 01:37:48,976] INFO:       n_estimators: 430
[2016-04-18 01:37:48,976] INFO:       random_state: 2016
[2016-04-18 01:37:48,977] INFO:       verbose: 0
[2016-04-18 01:37:48,977] INFO: Result
[2016-04-18 01:37:48,977] INFO:       Run      RMSE        Shape
[2016-04-18 02:11:52,220] INFO:         1    0.452624    23167 x 827
[2016-04-18 02:36:57,923] INFO:         2    0.452287    21940 x 827
[2016-04-18 03:01:57,133] INFO:         3    0.453836    22182 x 827
[2016-04-18 03:27:11,744] INFO:         4    0.452397    21966 x 827
[2016-04-18 03:51:00,615] INFO:         5    0.452916    21961 x 827
[2016-04-18 03:51:00,859] INFO: RMSE
[2016-04-18 03:51:00,860] INFO:       Mean: 0.452812
[2016-04-18 03:51:00,860] INFO:       Std: 0.000555
[2016-04-18 03:51:00,860] INFO: Time
[2016-04-18 03:51:00,860] INFO:       133 mins
[2016-04-18 03:51:00,860] INFO: --------------------------------------------------
[2016-04-18 05:20:52,308] INFO: tpe_transform took 0.004325 seconds
[2016-04-18 05:20:52,308] INFO: TPE using 2/2 trials with best loss 0.448779
[2016-04-18 05:20:52,310] INFO: ==================================================
[2016-04-18 05:20:52,310] INFO: Task
[2016-04-18 05:20:52,311] INFO:       [Feat@basic_nonlinear_201604170111]_[Learner@reg_skl_gbm]_[Id@3]
[2016-04-18 05:20:52,311] INFO: Param
[2016-04-18 05:20:52,311] INFO:       learning_rate: 0.044
[2016-04-18 05:20:52,311] INFO:       max_depth: 4
[2016-04-18 05:20:52,311] INFO:       max_features: 0.6000000000000001
[2016-04-18 05:20:52,311] INFO:       min_samples_leaf: 13
[2016-04-18 05:20:52,311] INFO:       n_estimators: 890
[2016-04-18 05:20:52,311] INFO:       random_state: 2016
[2016-04-18 05:20:52,311] INFO:       verbose: 0
[2016-04-18 05:20:52,312] INFO: Result
[2016-04-18 05:20:52,312] INFO:       Run      RMSE        Shape
[2016-04-18 06:13:19,572] INFO:         1     0.44994    23167 x 827
[2016-04-18 07:02:30,748] INFO:         2    0.450182    21940 x 827
[2016-04-18 07:52:09,401] INFO:         3    0.449841    22182 x 827
[2016-04-18 08:41:26,704] INFO:         4     0.45066    21966 x 827
[2016-04-18 09:29:51,418] INFO:         5    0.450907    21961 x 827
[2016-04-18 09:29:51,663] INFO: RMSE
[2016-04-18 09:29:51,664] INFO:       Mean: 0.450306
[2016-04-18 09:29:51,664] INFO:       Std: 0.000413
[2016-04-18 09:29:51,664] INFO: Time
[2016-04-18 09:29:51,664] INFO:       248 mins
[2016-04-18 09:29:51,664] INFO: --------------------------------------------------
[2016-04-18 11:44:07,460] INFO: tpe_transform took 0.004387 seconds
[2016-04-18 11:44:07,461] INFO: TPE using 3/3 trials with best loss 0.448779
[2016-04-18 11:44:07,463] INFO: ==================================================
[2016-04-18 11:44:07,463] INFO: Task
[2016-04-18 11:44:07,463] INFO:       [Feat@basic_nonlinear_201604170111]_[Learner@reg_skl_gbm]_[Id@4]
[2016-04-18 11:44:07,463] INFO: Param
[2016-04-18 11:44:07,463] INFO:       learning_rate: 0.01
[2016-04-18 11:44:07,463] INFO:       max_depth: 7
[2016-04-18 11:44:07,463] INFO:       max_features: 0.65
[2016-04-18 11:44:07,463] INFO:       min_samples_leaf: 12
[2016-04-18 11:44:07,464] INFO:       n_estimators: 390
[2016-04-18 11:44:07,464] INFO:       random_state: 2016
[2016-04-18 11:44:07,464] INFO:       verbose: 0
[2016-04-18 11:44:07,464] INFO: Result
[2016-04-18 11:44:07,464] INFO:       Run      RMSE        Shape
[2016-04-18 12:29:02,937] INFO:         1    0.448979    23167 x 827
[2016-04-18 13:12:17,949] INFO:         2    0.449926    21940 x 827
[2016-04-18 14:00:15,226] INFO:         3    0.449264    22182 x 827
[2016-04-18 14:47:28,123] INFO:         4     0.44973    21966 x 827
[2016-04-18 15:30:42,761] INFO:         5    0.450216    21961 x 827
[2016-04-18 15:30:43,006] INFO: RMSE
[2016-04-18 15:30:43,006] INFO:       Mean: 0.449623
[2016-04-18 15:30:43,006] INFO:       Std: 0.000447
[2016-04-18 15:30:43,006] INFO: Time
[2016-04-18 15:30:43,006] INFO:       226 mins
[2016-04-18 15:30:43,006] INFO: --------------------------------------------------
[2016-04-18 18:09:19,309] INFO: tpe_transform took 0.004291 seconds
[2016-04-18 18:09:19,309] INFO: TPE using 4/4 trials with best loss 0.448779
[2016-04-18 18:09:19,311] INFO: ==================================================
[2016-04-18 18:09:19,311] INFO: Task
[2016-04-18 18:09:19,311] INFO:       [Feat@basic_nonlinear_201604170111]_[Learner@reg_skl_gbm]_[Id@5]
[2016-04-18 18:09:19,311] INFO: Param
[2016-04-18 18:09:19,311] INFO:       learning_rate: 0.044
[2016-04-18 18:09:19,311] INFO:       max_depth: 8
[2016-04-18 18:09:19,312] INFO:       max_features: 0.9
[2016-04-18 18:09:19,312] INFO:       min_samples_leaf: 6
[2016-04-18 18:09:19,312] INFO:       n_estimators: 750
[2016-04-18 18:09:19,312] INFO:       random_state: 2016
[2016-04-18 18:09:19,312] INFO:       verbose: 0
[2016-04-18 18:09:19,312] INFO: Result
[2016-04-18 18:09:19,312] INFO:       Run      RMSE        Shape
[2016-04-18 20:27:03,316] INFO:         1    0.453767    23167 x 827
[2016-04-18 23:35:34,597] INFO:         2    0.452851    21940 x 827
[2016-04-19 02:47:35,432] INFO:         3    0.454417    22182 x 827
[2016-04-19 04:49:49,191] INFO:         4    0.454238    21966 x 827
[2016-04-19 06:44:16,504] INFO:         5    0.454692    21961 x 827
[2016-04-19 06:44:16,748] INFO: RMSE
[2016-04-19 06:44:16,748] INFO:       Mean: 0.453993
[2016-04-19 06:44:16,748] INFO:       Std: 0.000645
[2016-04-19 06:44:16,748] INFO: Time
[2016-04-19 06:44:16,749] INFO:       754 mins
[2016-04-19 06:44:16,749] INFO: --------------------------------------------------
[2016-04-19 13:35:55,406] INFO: tpe_transform took 0.004257 seconds
[2016-04-19 13:35:55,406] INFO: TPE using 5/5 trials with best loss 0.448779
[2016-04-19 13:35:55,408] INFO: ==================================================
[2016-04-19 13:35:55,408] INFO: Task
[2016-04-19 13:35:55,408] INFO:       [Feat@basic_nonlinear_201604170111]_[Learner@reg_skl_gbm]_[Id@6]
[2016-04-19 13:35:55,408] INFO: Param
[2016-04-19 13:35:55,408] INFO:       learning_rate: 0.006
[2016-04-19 13:35:55,408] INFO:       max_depth: 4
[2016-04-19 13:35:55,408] INFO:       max_features: 0.6000000000000001
[2016-04-19 13:35:55,409] INFO:       min_samples_leaf: 11
[2016-04-19 13:35:55,409] INFO:       n_estimators: 930
[2016-04-19 13:35:55,409] INFO:       random_state: 2016
[2016-04-19 13:35:55,409] INFO:       verbose: 0
[2016-04-19 13:35:55,409] INFO: Result
[2016-04-19 13:35:55,409] INFO:       Run      RMSE        Shape
[2016-04-19 14:36:21,770] INFO:         1    0.452608    23167 x 827
[2016-04-19 15:31:46,269] INFO:         2    0.453084    21940 x 827
[2016-04-19 16:27:14,793] INFO:         3    0.452236    22182 x 827
[2016-04-19 17:20:45,651] INFO:         4    0.453091    21966 x 827
[2016-04-19 18:15:36,329] INFO:         5    0.454082    21961 x 827
[2016-04-19 18:15:36,574] INFO: RMSE
[2016-04-19 18:15:36,575] INFO:       Mean: 0.453020
[2016-04-19 18:15:36,575] INFO:       Std: 0.000620
[2016-04-19 18:15:36,575] INFO: Time
[2016-04-19 18:15:36,575] INFO:       279 mins
[2016-04-19 18:15:36,575] INFO: --------------------------------------------------
[2016-04-19 20:54:31,285] INFO: tpe_transform took 0.004261 seconds
[2016-04-19 20:54:31,286] INFO: TPE using 6/6 trials with best loss 0.448779
[2016-04-19 20:54:31,288] INFO: ==================================================
[2016-04-19 20:54:31,288] INFO: Task
[2016-04-19 20:54:31,288] INFO:       [Feat@basic_nonlinear_201604170111]_[Learner@reg_skl_gbm]_[Id@7]
[2016-04-19 20:54:31,288] INFO: Param
[2016-04-19 20:54:31,288] INFO:       learning_rate: 0.052000000000000005
[2016-04-19 20:54:31,288] INFO:       max_depth: 3
[2016-04-19 20:54:31,288] INFO:       max_features: 0.8
[2016-04-19 20:54:31,288] INFO:       min_samples_leaf: 12
[2016-04-19 20:54:31,289] INFO:       n_estimators: 480
[2016-04-19 20:54:31,289] INFO:       random_state: 2016
[2016-04-19 20:54:31,289] INFO:       verbose: 0
[2016-04-19 20:54:31,289] INFO: Result
[2016-04-19 20:54:31,289] INFO:       Run      RMSE        Shape
[2016-04-19 21:22:53,610] INFO:         1    0.450908    23167 x 827
[2016-04-19 21:49:22,917] INFO:         2    0.451506    21940 x 827
[2016-04-19 22:15:00,763] INFO:         3    0.450466    22182 x 827
[2016-04-19 22:41:31,688] INFO:         4    0.451601    21966 x 827
[2016-04-19 23:07:56,015] INFO:         5    0.452572    21961 x 827
[2016-04-19 23:07:56,258] INFO: RMSE
[2016-04-19 23:07:56,258] INFO:       Mean: 0.451410
[2016-04-19 23:07:56,259] INFO:       Std: 0.000713
[2016-04-19 23:07:56,259] INFO: Time
[2016-04-19 23:07:56,259] INFO:       133 mins
[2016-04-19 23:07:56,259] INFO: --------------------------------------------------
[2016-04-20 00:19:33,439] INFO: tpe_transform took 0.004395 seconds
[2016-04-20 00:19:33,439] INFO: TPE using 7/7 trials with best loss 0.448779
[2016-04-20 00:19:33,441] INFO: ==================================================
[2016-04-20 00:19:33,441] INFO: Task
[2016-04-20 00:19:33,441] INFO:       [Feat@basic_nonlinear_201604170111]_[Learner@reg_skl_gbm]_[Id@8]
[2016-04-20 00:19:33,441] INFO: Param
[2016-04-20 00:19:33,441] INFO:       learning_rate: 0.008
[2016-04-20 00:19:33,441] INFO:       max_depth: 5
[2016-04-20 00:19:33,442] INFO:       max_features: 0.4
[2016-04-20 00:19:33,442] INFO:       min_samples_leaf: 4
[2016-04-20 00:19:33,442] INFO:       n_estimators: 840
[2016-04-20 00:19:33,442] INFO:       random_state: 2016
[2016-04-20 00:19:33,442] INFO:       verbose: 0
[2016-04-20 00:19:33,442] INFO: Result
[2016-04-20 00:19:33,442] INFO:       Run      RMSE        Shape
[2016-04-20 01:09:46,491] INFO:         1    0.449891    23167 x 827
[2016-04-20 01:53:27,717] INFO:         2    0.450329    21940 x 827
[2016-04-20 02:37:23,519] INFO:         3    0.449588    22182 x 827
[2016-04-20 03:21:03,032] INFO:         4    0.450098    21966 x 827
[2016-04-20 04:05:34,633] INFO:         5    0.451045    21961 x 827
[2016-04-20 04:05:34,878] INFO: RMSE
[2016-04-20 04:05:34,878] INFO:       Mean: 0.450190
[2016-04-20 04:05:34,878] INFO:       Std: 0.000492
[2016-04-20 04:05:34,878] INFO: Time
[2016-04-20 04:05:34,879] INFO:       226 mins
[2016-04-20 04:05:34,879] INFO: --------------------------------------------------
[2016-04-20 06:21:25,993] INFO: tpe_transform took 0.004391 seconds
[2016-04-20 06:21:25,994] INFO: TPE using 8/8 trials with best loss 0.448779
[2016-04-20 06:21:25,996] INFO: ==================================================
[2016-04-20 06:21:25,996] INFO: Task
[2016-04-20 06:21:25,996] INFO:       [Feat@basic_nonlinear_201604170111]_[Learner@reg_skl_gbm]_[Id@9]
[2016-04-20 06:21:25,996] INFO: Param
[2016-04-20 06:21:25,996] INFO:       learning_rate: 0.016
[2016-04-20 06:21:25,996] INFO:       max_depth: 6
[2016-04-20 06:21:25,996] INFO:       max_features: 0.45
[2016-04-20 06:21:25,996] INFO:       min_samples_leaf: 10
[2016-04-20 06:21:25,997] INFO:       n_estimators: 550
[2016-04-20 06:21:25,997] INFO:       random_state: 2016
[2016-04-20 06:21:25,997] INFO:       verbose: 0
[2016-04-20 06:21:25,997] INFO: Result
[2016-04-20 06:21:25,997] INFO:       Run      RMSE        Shape
[2016-04-20 06:58:40,434] INFO:         1    0.447967    23167 x 827
[2016-04-20 07:33:22,293] INFO:         2    0.448704    21940 x 827
[2016-04-20 08:08:49,424] INFO:         3    0.448023    22182 x 827
[2016-04-20 08:45:29,965] INFO:         4    0.448468    21966 x 827
[2016-04-20 09:24:09,200] INFO:         5    0.449312    21961 x 827
[2016-04-20 09:24:09,443] INFO: RMSE
[2016-04-20 09:24:09,443] INFO:       Mean: 0.448495
[2016-04-20 09:24:09,443] INFO:       Std: 0.000493
[2016-04-20 09:24:09,443] INFO: Time
[2016-04-20 09:24:09,444] INFO:       182 mins
[2016-04-20 09:24:09,444] INFO: --------------------------------------------------
[2016-04-20 11:25:01,549] INFO: tpe_transform took 0.004536 seconds
[2016-04-20 11:25:01,549] INFO: TPE using 9/9 trials with best loss 0.448495
[2016-04-20 11:25:01,551] INFO: ==================================================
[2016-04-20 11:25:01,551] INFO: Task
[2016-04-20 11:25:01,551] INFO:       [Feat@basic_nonlinear_201604170111]_[Learner@reg_skl_gbm]_[Id@10]
[2016-04-20 11:25:01,551] INFO: Param
[2016-04-20 11:25:01,552] INFO:       learning_rate: 0.03
[2016-04-20 11:25:01,552] INFO:       max_depth: 6
[2016-04-20 11:25:01,552] INFO:       max_features: 0.75
[2016-04-20 11:25:01,552] INFO:       min_samples_leaf: 7
[2016-04-20 11:25:01,552] INFO:       n_estimators: 210
[2016-04-20 11:25:01,552] INFO:       random_state: 2016
[2016-04-20 11:25:01,552] INFO:       verbose: 0
[2016-04-20 11:25:01,552] INFO: Result
[2016-04-20 11:25:01,553] INFO:       Run      RMSE        Shape
[2016-04-20 11:45:29,940] INFO:         1    0.449959    23167 x 827
[2016-04-20 12:04:34,711] INFO:         2    0.450139    21940 x 827
[2016-04-20 12:23:41,367] INFO:         3    0.449431    22182 x 827
[2016-04-20 12:42:49,774] INFO:         4    0.449879    21966 x 827
[2016-04-20 13:01:48,394] INFO:         5    0.450986    21961 x 827
[2016-04-20 13:01:48,638] INFO: RMSE
[2016-04-20 13:01:48,638] INFO:       Mean: 0.450079
[2016-04-20 13:01:48,638] INFO:       Std: 0.000510
[2016-04-20 13:01:48,638] INFO: Time
[2016-04-20 13:01:48,638] INFO:       96 mins
[2016-04-20 13:01:48,638] INFO: --------------------------------------------------
[2016-04-20 14:04:33,117] INFO: tpe_transform took 0.004567 seconds
[2016-04-20 14:04:33,118] INFO: TPE using 10/10 trials with best loss 0.448495
[2016-04-20 14:04:33,119] INFO: ==================================================
[2016-04-20 14:04:33,120] INFO: Task
[2016-04-20 14:04:33,120] INFO:       [Feat@basic_nonlinear_201604170111]_[Learner@reg_skl_gbm]_[Id@11]
[2016-04-20 14:04:33,120] INFO: Param
[2016-04-20 14:04:33,120] INFO:       learning_rate: 0.01
[2016-04-20 14:04:33,120] INFO:       max_depth: 1
[2016-04-20 14:04:33,120] INFO:       max_features: 0.5
[2016-04-20 14:04:33,120] INFO:       min_samples_leaf: 3
[2016-04-20 14:04:33,120] INFO:       n_estimators: 440
[2016-04-20 14:04:33,121] INFO:       random_state: 2016
[2016-04-20 14:04:33,121] INFO:       verbose: 0
[2016-04-20 14:04:33,121] INFO: Result
[2016-04-20 14:04:33,121] INFO:       Run      RMSE        Shape
[2016-04-20 14:18:53,169] INFO:         1    0.468734    23167 x 827
[2016-04-20 14:32:25,390] INFO:         2    0.469693    21940 x 827
[2016-04-20 14:46:05,843] INFO:         3    0.468894    22182 x 827
[2016-04-20 14:59:39,208] INFO:         4    0.469602    21966 x 827
[2016-04-20 15:13:12,451] INFO:         5    0.469691    21961 x 827
[2016-04-20 15:13:12,697] INFO: RMSE
[2016-04-20 15:13:12,697] INFO:       Mean: 0.469323
[2016-04-20 15:13:12,697] INFO:       Std: 0.000420
[2016-04-20 15:13:12,697] INFO: Time
[2016-04-20 15:13:12,698] INFO:       68 mins
[2016-04-20 15:13:12,698] INFO: --------------------------------------------------
[2016-04-20 15:54:50,179] INFO: tpe_transform took 0.004370 seconds
[2016-04-20 15:54:50,180] INFO: TPE using 11/11 trials with best loss 0.448495
[2016-04-20 15:54:50,181] INFO: ==================================================
[2016-04-20 15:54:50,182] INFO: Task
[2016-04-20 15:54:50,182] INFO:       [Feat@basic_nonlinear_201604170111]_[Learner@reg_skl_gbm]_[Id@12]
[2016-04-20 15:54:50,182] INFO: Param
[2016-04-20 15:54:50,182] INFO:       learning_rate: 0.004
[2016-04-20 15:54:50,182] INFO:       max_depth: 7
[2016-04-20 15:54:50,182] INFO:       max_features: 0.75
[2016-04-20 15:54:50,182] INFO:       min_samples_leaf: 4
[2016-04-20 15:54:50,182] INFO:       n_estimators: 230
[2016-04-20 15:54:50,183] INFO:       random_state: 2016
[2016-04-20 15:54:50,183] INFO:       verbose: 0
[2016-04-20 15:54:50,183] INFO: Result
[2016-04-20 15:54:50,183] INFO:       Run      RMSE        Shape
[2016-04-20 16:31:32,296] INFO:         1    0.469779    23167 x 827
[2016-04-20 17:05:50,803] INFO:         2    0.470824    21940 x 827
[2016-04-20 17:40:32,899] INFO:         3    0.470607    22182 x 827
[2016-04-20 18:14:48,219] INFO:         4    0.470924    21966 x 827
[2016-04-20 18:45:13,015] INFO:         5    0.470835    21961 x 827
[2016-04-20 18:45:13,259] INFO: RMSE
[2016-04-20 18:45:13,260] INFO:       Mean: 0.470594
[2016-04-20 18:45:13,260] INFO:       Std: 0.000421
[2016-04-20 18:45:13,260] INFO: Time
[2016-04-20 18:45:13,260] INFO:       170 mins
[2016-04-20 18:45:13,260] INFO: --------------------------------------------------
[2016-04-20 20:31:10,468] INFO: tpe_transform took 0.004478 seconds
[2016-04-20 20:31:10,469] INFO: TPE using 12/12 trials with best loss 0.448495
[2016-04-20 20:31:10,470] INFO: ==================================================
[2016-04-20 20:31:10,471] INFO: Task
[2016-04-20 20:31:10,471] INFO:       [Feat@basic_nonlinear_201604170111]_[Learner@reg_skl_gbm]_[Id@13]
[2016-04-20 20:31:10,471] INFO: Param
[2016-04-20 20:31:10,471] INFO:       learning_rate: 0.094
[2016-04-20 20:31:10,471] INFO:       max_depth: 9
[2016-04-20 20:31:10,471] INFO:       max_features: 0.75
[2016-04-20 20:31:10,471] INFO:       min_samples_leaf: 12
[2016-04-20 20:31:10,471] INFO:       n_estimators: 170
[2016-04-20 20:31:10,472] INFO:       random_state: 2016
[2016-04-20 20:31:10,472] INFO:       verbose: 0
[2016-04-20 20:31:10,472] INFO: Result
[2016-04-20 20:31:10,472] INFO:       Run      RMSE        Shape
[2016-04-20 20:57:28,573] INFO:         1    0.455465    23167 x 827
[2016-04-20 21:23:29,672] INFO:         2    0.456392    21940 x 827
[2016-04-20 21:47:12,771] INFO:         3    0.456794    22182 x 827
[2016-04-20 22:10:42,305] INFO:         4    0.456022    21966 x 827
[2016-04-20 22:35:40,712] INFO:         5    0.456428    21961 x 827
[2016-04-20 22:35:40,956] INFO: RMSE
[2016-04-20 22:35:40,956] INFO:       Mean: 0.456220
[2016-04-20 22:35:40,956] INFO:       Std: 0.000450
[2016-04-20 22:35:40,956] INFO: Time
[2016-04-20 22:35:40,957] INFO:       124 mins
[2016-04-20 22:35:40,957] INFO: --------------------------------------------------
[2016-04-21 00:30:25,655] INFO: tpe_transform took 0.004380 seconds
[2016-04-21 00:30:25,655] INFO: TPE using 13/13 trials with best loss 0.448495
[2016-04-21 00:30:25,657] INFO: ==================================================
[2016-04-21 00:30:25,657] INFO: Task
[2016-04-21 00:30:25,657] INFO:       [Feat@basic_nonlinear_201604170111]_[Learner@reg_skl_gbm]_[Id@14]
[2016-04-21 00:30:25,657] INFO: Param
[2016-04-21 00:30:25,657] INFO:       learning_rate: 0.006
[2016-04-21 00:30:25,658] INFO:       max_depth: 2
[2016-04-21 00:30:25,658] INFO:       max_features: 0.4
[2016-04-21 00:30:25,658] INFO:       min_samples_leaf: 12
[2016-04-21 00:30:25,658] INFO:       n_estimators: 430
[2016-04-21 00:30:25,658] INFO:       random_state: 2016
[2016-04-21 00:30:25,658] INFO:       verbose: 0
[2016-04-21 00:30:25,658] INFO: Result
[2016-04-21 00:30:25,658] INFO:       Run      RMSE        Shape
[2016-04-21 00:47:02,713] INFO:         1    0.466116    23167 x 827
[2016-04-21 01:02:45,285] INFO:         2    0.467106    21940 x 827
[2016-04-21 01:18:37,306] INFO:         3    0.466643    22182 x 827
[2016-04-21 01:34:19,884] INFO:         4    0.467343    21966 x 827
[2016-04-21 01:50:02,426] INFO:         5    0.467535    21961 x 827
[2016-04-21 01:50:02,669] INFO: RMSE
[2016-04-21 01:50:02,670] INFO:       Mean: 0.466948
[2016-04-21 01:50:02,670] INFO:       Std: 0.000512
[2016-04-21 01:50:02,670] INFO: Time
[2016-04-21 01:50:02,670] INFO:       79 mins
[2016-04-21 01:50:02,670] INFO: --------------------------------------------------
[2016-04-21 02:36:35,915] INFO: tpe_transform took 0.004270 seconds
[2016-04-21 02:36:35,915] INFO: TPE using 14/14 trials with best loss 0.448495
[2016-04-21 02:36:35,917] INFO: ==================================================
[2016-04-21 02:36:35,917] INFO: Task
[2016-04-21 02:36:35,917] INFO:       [Feat@basic_nonlinear_201604170111]_[Learner@reg_skl_gbm]_[Id@15]
[2016-04-21 02:36:35,917] INFO: Param
[2016-04-21 02:36:35,918] INFO:       learning_rate: 0.008
[2016-04-21 02:36:35,918] INFO:       max_depth: 7
[2016-04-21 02:36:35,918] INFO:       max_features: 0.5
[2016-04-21 02:36:35,918] INFO:       min_samples_leaf: 13
[2016-04-21 02:36:35,918] INFO:       n_estimators: 160
[2016-04-21 02:36:35,918] INFO:       random_state: 2016
[2016-04-21 02:36:35,918] INFO:       verbose: 0
[2016-04-21 02:36:35,918] INFO: Result
[2016-04-21 02:36:35,919] INFO:       Run      RMSE        Shape
[2016-04-21 02:54:55,884] INFO:         1    0.461239    23167 x 827
[2016-04-21 03:12:11,934] INFO:         2    0.462358    21940 x 827
[2016-04-21 03:29:35,933] INFO:         3    0.461908    22182 x 827
[2016-04-21 03:46:34,804] INFO:         4    0.462357    21966 x 827
[2016-04-21 04:03:16,161] INFO:         5    0.462434    21961 x 827
[2016-04-21 04:03:16,406] INFO: RMSE
[2016-04-21 04:03:16,407] INFO:       Mean: 0.462059
[2016-04-21 04:03:16,407] INFO:       Std: 0.000450
[2016-04-21 04:03:16,407] INFO: Time
[2016-04-21 04:03:16,407] INFO:       86 mins
[2016-04-21 04:03:16,407] INFO: --------------------------------------------------
[2016-04-21 05:00:54,351] INFO: tpe_transform took 0.004488 seconds
[2016-04-21 05:00:54,351] INFO: TPE using 15/15 trials with best loss 0.448495
[2016-04-21 05:00:54,353] INFO: ==================================================
[2016-04-21 05:00:54,353] INFO: Task
[2016-04-21 05:00:54,354] INFO:       [Feat@basic_nonlinear_201604170111]_[Learner@reg_skl_gbm]_[Id@16]
[2016-04-21 05:00:54,354] INFO: Param
[2016-04-21 05:00:54,354] INFO:       learning_rate: 0.06
[2016-04-21 05:00:54,354] INFO:       max_depth: 4
[2016-04-21 05:00:54,354] INFO:       max_features: 0.25
[2016-04-21 05:00:54,354] INFO:       min_samples_leaf: 3
[2016-04-21 05:00:54,354] INFO:       n_estimators: 570
[2016-04-21 05:00:54,354] INFO:       random_state: 2016
[2016-04-21 05:00:54,355] INFO:       verbose: 0
[2016-04-21 05:00:54,355] INFO: Result
[2016-04-21 05:00:54,355] INFO:       Run      RMSE        Shape
[2016-04-21 05:23:21,626] INFO:         1    0.450328    23167 x 827
[2016-04-21 05:44:33,918] INFO:         2    0.450253    21940 x 827
[2016-04-21 06:05:55,996] INFO:         3    0.449544    22182 x 827
[2016-04-21 06:27:09,071] INFO:         4    0.450547    21966 x 827
[2016-04-21 06:48:19,404] INFO:         5    0.450576    21961 x 827
[2016-04-21 06:48:19,649] INFO: RMSE
[2016-04-21 06:48:19,663] INFO:       Mean: 0.450250
[2016-04-21 06:48:19,663] INFO:       Std: 0.000374
[2016-04-21 06:48:19,664] INFO: Time
[2016-04-21 06:48:19,664] INFO:       107 mins
[2016-04-21 06:48:19,664] INFO: --------------------------------------------------
[2016-04-21 07:53:09,714] INFO: tpe_transform took 0.004478 seconds
[2016-04-21 07:53:09,714] INFO: TPE using 16/16 trials with best loss 0.448495
[2016-04-21 07:53:09,716] INFO: ==================================================
[2016-04-21 07:53:09,716] INFO: Task
[2016-04-21 07:53:09,716] INFO:       [Feat@basic_nonlinear_201604170111]_[Learner@reg_skl_gbm]_[Id@17]
[2016-04-21 07:53:09,716] INFO: Param
[2016-04-21 07:53:09,717] INFO:       learning_rate: 0.01
[2016-04-21 07:53:09,717] INFO:       max_depth: 3
[2016-04-21 07:53:09,717] INFO:       max_features: 0.45
[2016-04-21 07:53:09,717] INFO:       min_samples_leaf: 9
[2016-04-21 07:53:09,717] INFO:       n_estimators: 650
[2016-04-21 07:53:09,717] INFO:       random_state: 2016
[2016-04-21 07:53:09,717] INFO:       verbose: 0
[2016-04-21 07:53:09,717] INFO: Result
[2016-04-21 07:53:09,717] INFO:       Run      RMSE        Shape
[2016-04-21 08:21:04,751] INFO:         1    0.454509    23167 x 827
[2016-04-21 08:47:23,012] INFO:         2    0.455248    21940 x 827
[2016-04-21 09:13:57,631] INFO:         3    0.454178    22182 x 827
[2016-04-21 09:40:13,153] INFO:         4    0.455212    21966 x 827
[2016-04-21 10:06:27,024] INFO:         5    0.456172    21961 x 827
[2016-04-21 10:06:27,268] INFO: RMSE
[2016-04-21 10:06:27,268] INFO:       Mean: 0.455064
[2016-04-21 10:06:27,268] INFO:       Std: 0.000689
[2016-04-21 10:06:27,268] INFO: Time
[2016-04-21 10:06:27,268] INFO:       133 mins
[2016-04-21 10:06:27,268] INFO: --------------------------------------------------
[2016-04-21 11:24:53,833] INFO: tpe_transform took 0.004363 seconds
[2016-04-21 11:24:53,834] INFO: TPE using 17/17 trials with best loss 0.448495
[2016-04-21 11:24:53,836] INFO: ==================================================
[2016-04-21 11:24:53,836] INFO: Task
[2016-04-21 11:24:53,836] INFO:       [Feat@basic_nonlinear_201604170111]_[Learner@reg_skl_gbm]_[Id@18]
[2016-04-21 11:24:53,836] INFO: Param
[2016-04-21 11:24:53,836] INFO:       learning_rate: 0.002
[2016-04-21 11:24:53,836] INFO:       max_depth: 3
[2016-04-21 11:24:53,836] INFO:       max_features: 0.55
[2016-04-21 11:24:53,836] INFO:       min_samples_leaf: 10
[2016-04-21 11:24:53,837] INFO:       n_estimators: 120
[2016-04-21 11:24:53,837] INFO:       random_state: 2016
[2016-04-21 11:24:53,837] INFO:       verbose: 0
[2016-04-21 11:24:53,837] INFO: Result
[2016-04-21 11:24:53,837] INFO:       Run      RMSE        Shape
[2016-04-21 11:30:31,127] INFO:         1    0.511586    23167 x 827
[2016-04-21 11:35:49,416] INFO:         2    0.513129    21940 x 827
[2016-04-21 11:41:10,427] INFO:         3    0.512624    22182 x 827
[2016-04-21 11:46:28,417] INFO:         4    0.513143    21966 x 827
[2016-04-21 11:51:47,241] INFO:         5    0.512274    21961 x 827
[2016-04-21 11:51:47,484] INFO: RMSE
[2016-04-21 11:51:47,484] INFO:       Mean: 0.512551
[2016-04-21 11:51:47,484] INFO:       Std: 0.000583
[2016-04-21 11:51:47,485] INFO: Time
[2016-04-21 11:51:47,485] INFO:       26 mins
[2016-04-21 11:51:47,485] INFO: --------------------------------------------------
[2016-04-21 12:07:48,458] INFO: tpe_transform took 0.004455 seconds
[2016-04-21 12:07:48,458] INFO: TPE using 18/18 trials with best loss 0.448495
[2016-04-21 12:07:48,460] INFO: ==================================================
[2016-04-21 12:07:48,460] INFO: Task
[2016-04-21 12:07:48,460] INFO:       [Feat@basic_nonlinear_201604170111]_[Learner@reg_skl_gbm]_[Id@19]
[2016-04-21 12:07:48,460] INFO: Param
[2016-04-21 12:07:48,460] INFO:       learning_rate: 0.028
[2016-04-21 12:07:48,461] INFO:       max_depth: 3
[2016-04-21 12:07:48,461] INFO:       max_features: 0.65
[2016-04-21 12:07:48,461] INFO:       min_samples_leaf: 1
[2016-04-21 12:07:48,461] INFO:       n_estimators: 800
[2016-04-21 12:07:48,461] INFO:       random_state: 2016
[2016-04-21 12:07:48,461] INFO:       verbose: 0
[2016-04-21 12:07:48,461] INFO: Result
[2016-04-21 12:07:48,461] INFO:       Run      RMSE        Shape
[2016-04-21 12:46:43,577] INFO:         1    0.450849    23167 x 827
[2016-04-21 13:23:12,611] INFO:         2    0.451794    21940 x 827
[2016-04-21 14:00:07,635] INFO:         3    0.451031    22182 x 827
[2016-04-21 14:36:36,904] INFO:         4    0.451954    21966 x 827
[2016-04-21 15:12:56,898] INFO:         5    0.453125    21961 x 827
[2016-04-21 15:12:57,142] INFO: RMSE
[2016-04-21 15:12:57,143] INFO:       Mean: 0.451751
[2016-04-21 15:12:57,143] INFO:       Std: 0.000808
[2016-04-21 15:12:57,143] INFO: Time
[2016-04-21 15:12:57,143] INFO:       185 mins
[2016-04-21 15:12:57,143] INFO: --------------------------------------------------
[2016-04-21 16:58:24,451] INFO: tpe_transform took 0.004328 seconds
[2016-04-21 16:58:24,451] INFO: TPE using 19/19 trials with best loss 0.448495
[2016-04-21 16:58:24,453] INFO: ==================================================
[2016-04-21 16:58:24,453] INFO: Task
[2016-04-21 16:58:24,454] INFO:       [Feat@basic_nonlinear_201604170111]_[Learner@reg_skl_gbm]_[Id@20]
[2016-04-21 16:58:24,454] INFO: Param
[2016-04-21 16:58:24,454] INFO:       learning_rate: 0.006
[2016-04-21 16:58:24,454] INFO:       max_depth: 4
[2016-04-21 16:58:24,454] INFO:       max_features: 0.6000000000000001
[2016-04-21 16:58:24,454] INFO:       min_samples_leaf: 2
[2016-04-21 16:58:24,454] INFO:       n_estimators: 570
[2016-04-21 16:58:24,454] INFO:       random_state: 2016
[2016-04-21 16:58:24,455] INFO:       verbose: 0
[2016-04-21 16:58:24,455] INFO: Result
[2016-04-21 16:58:24,455] INFO:       Run      RMSE        Shape
[2016-04-21 17:31:47,203] INFO:         1    0.455248    23167 x 827
[2016-04-21 18:03:14,145] INFO:         2    0.455964    21940 x 827
[2016-04-21 18:34:57,604] INFO:         3    0.455115    22182 x 827
[2016-04-21 19:06:21,608] INFO:         4    0.455859    21966 x 827
[2016-04-21 19:37:47,921] INFO:         5    0.456555    21961 x 827
[2016-04-21 19:37:48,166] INFO: RMSE
[2016-04-21 19:37:48,167] INFO:       Mean: 0.455748
[2016-04-21 19:37:48,167] INFO:       Std: 0.000522
[2016-04-21 19:37:48,167] INFO: Time
[2016-04-21 19:37:48,167] INFO:       159 mins
[2016-04-21 19:37:48,167] INFO: --------------------------------------------------
[2016-04-21 21:10:29,424] INFO: tpe_transform took 0.004366 seconds
[2016-04-21 21:10:29,425] INFO: TPE using 20/20 trials with best loss 0.448495
[2016-04-21 21:10:29,443] INFO: ==================================================
[2016-04-21 21:10:29,443] INFO: Task
[2016-04-21 21:10:29,443] INFO:       [Feat@basic_nonlinear_201604170111]_[Learner@reg_skl_gbm]_[Id@21]
[2016-04-21 21:10:29,443] INFO: Param
[2016-04-21 21:10:29,443] INFO:       learning_rate: 0.018000000000000002
[2016-04-21 21:10:29,443] INFO:       max_depth: 6
[2016-04-21 21:10:29,443] INFO:       max_features: 0.1
[2016-04-21 21:10:29,444] INFO:       min_samples_leaf: 15
[2016-04-21 21:10:29,444] INFO:       n_estimators: 310
[2016-04-21 21:10:29,444] INFO:       random_state: 2016
[2016-04-21 21:10:29,444] INFO:       verbose: 0
[2016-04-21 21:10:29,444] INFO: Result
[2016-04-21 21:10:29,444] INFO:       Run      RMSE        Shape
[2016-04-21 21:22:16,687] INFO:         1    0.449038    23167 x 827
[2016-04-21 21:33:20,940] INFO:         2     0.44917    21940 x 827
[2016-04-21 21:44:32,349] INFO:         3     0.44874    22182 x 827
[2016-04-21 21:55:37,024] INFO:         4    0.449462    21966 x 827
[2016-04-21 22:06:40,101] INFO:         5    0.449763    21961 x 827
[2016-04-21 22:06:40,344] INFO: RMSE
[2016-04-21 22:06:40,345] INFO:       Mean: 0.449234
[2016-04-21 22:06:40,345] INFO:       Std: 0.000352
[2016-04-21 22:06:40,345] INFO: Time
[2016-04-21 22:06:40,345] INFO:       56 mins
[2016-04-21 22:06:40,345] INFO: --------------------------------------------------
[2016-04-21 22:42:42,864] INFO: tpe_transform took 0.004402 seconds
[2016-04-21 22:42:42,865] INFO: TPE using 21/21 trials with best loss 0.448495
[2016-04-21 22:42:42,883] INFO: ==================================================
[2016-04-21 22:42:42,883] INFO: Task
[2016-04-21 22:42:42,884] INFO:       [Feat@basic_nonlinear_201604170111]_[Learner@reg_skl_gbm]_[Id@22]
[2016-04-21 22:42:42,884] INFO: Param
[2016-04-21 22:42:42,884] INFO:       learning_rate: 0.016
[2016-04-21 22:42:42,884] INFO:       max_depth: 5
[2016-04-21 22:42:42,884] INFO:       max_features: 0.30000000000000004
[2016-04-21 22:42:42,884] INFO:       min_samples_leaf: 8
[2016-04-21 22:42:42,884] INFO:       n_estimators: 680
[2016-04-21 22:42:42,884] INFO:       random_state: 2016
[2016-04-21 22:42:42,885] INFO:       verbose: 0
[2016-04-21 22:42:42,885] INFO: Result
[2016-04-21 22:42:42,885] INFO:       Run      RMSE        Shape
[2016-04-21 23:15:10,223] INFO:         1    0.448877    23167 x 827
[2016-04-21 23:45:43,355] INFO:         2    0.449038    21940 x 827
[2016-04-22 00:16:23,300] INFO:         3    0.448561    22182 x 827
[2016-04-22 00:46:59,548] INFO:         4    0.449467    21966 x 827
[2016-04-22 01:17:13,140] INFO:         5    0.449982    21961 x 827
[2016-04-22 01:17:13,384] INFO: RMSE
[2016-04-22 01:17:13,384] INFO:       Mean: 0.449185
[2016-04-22 01:17:13,384] INFO:       Std: 0.000494
[2016-04-22 01:17:13,384] INFO: Time
[2016-04-22 01:17:13,384] INFO:       154 mins
[2016-04-22 01:17:13,384] INFO: --------------------------------------------------
[2016-04-22 02:55:25,212] INFO: tpe_transform took 0.004369 seconds
[2016-04-22 02:55:25,212] INFO: TPE using 22/22 trials with best loss 0.448495
[2016-04-22 02:55:25,231] INFO: ==================================================
[2016-04-22 02:55:25,231] INFO: Task
[2016-04-22 02:55:25,231] INFO:       [Feat@basic_nonlinear_201604170111]_[Learner@reg_skl_gbm]_[Id@23]
[2016-04-22 02:55:25,231] INFO: Param
[2016-04-22 02:55:25,231] INFO:       learning_rate: 0.024
[2016-04-22 02:55:25,232] INFO:       max_depth: 10
[2016-04-22 02:55:25,232] INFO:       max_features: 0.15000000000000002
[2016-04-22 02:55:25,232] INFO:       min_samples_leaf: 15
[2016-04-22 02:55:25,232] INFO:       n_estimators: 330
[2016-04-22 02:55:25,232] INFO:       random_state: 2016
[2016-04-22 02:55:25,232] INFO:       verbose: 0
[2016-04-22 02:55:25,232] INFO: Result
[2016-04-22 02:55:25,232] INFO:       Run      RMSE        Shape
[2016-04-22 03:16:32,856] INFO:         1     0.44772    23167 x 827
[2016-04-22 03:36:09,289] INFO:         2     0.44879    21940 x 827
[2016-04-22 03:55:57,706] INFO:         3    0.448865    22182 x 827
[2016-04-22 04:15:39,888] INFO:         4    0.449169    21966 x 827
[2016-04-22 04:35:09,655] INFO:         5    0.448834    21961 x 827
[2016-04-22 04:35:09,922] INFO: RMSE
[2016-04-22 04:35:09,923] INFO:       Mean: 0.448676
[2016-04-22 04:35:09,923] INFO:       Std: 0.000496
[2016-04-22 04:35:09,923] INFO: Time
[2016-04-22 04:35:09,923] INFO:       99 mins
[2016-04-22 04:35:09,923] INFO: --------------------------------------------------
[2016-04-22 05:59:16,255] INFO: tpe_transform took 0.004361 seconds
[2016-04-22 05:59:16,256] INFO: TPE using 23/23 trials with best loss 0.448495
[2016-04-22 05:59:16,276] INFO: ==================================================
[2016-04-22 05:59:16,276] INFO: Task
[2016-04-22 05:59:16,276] INFO:       [Feat@basic_nonlinear_201604170111]_[Learner@reg_skl_gbm]_[Id@24]
[2016-04-22 05:59:16,276] INFO: Param
[2016-04-22 05:59:16,276] INFO:       learning_rate: 0.02
[2016-04-22 05:59:16,276] INFO:       max_depth: 10
[2016-04-22 05:59:16,276] INFO:       max_features: 0.30000000000000004
[2016-04-22 05:59:16,276] INFO:       min_samples_leaf: 15
[2016-04-22 05:59:16,277] INFO:       n_estimators: 320
[2016-04-22 05:59:16,277] INFO:       random_state: 2016
[2016-04-22 05:59:16,277] INFO:       verbose: 0
[2016-04-22 05:59:16,277] INFO: Result
[2016-04-22 05:59:16,277] INFO:       Run      RMSE        Shape
[2016-04-22 06:31:46,508] INFO:         1    0.448057    23167 x 827
[2016-04-22 07:01:56,387] INFO:         2    0.448842    21940 x 827
[2016-04-22 07:32:24,048] INFO:         3    0.448786    22182 x 827
[2016-04-22 08:02:29,948] INFO:         4    0.448973    21966 x 827
[2016-04-22 08:32:39,292] INFO:         5    0.448641    21961 x 827
[2016-04-22 08:32:39,536] INFO: RMSE
[2016-04-22 08:32:39,536] INFO:       Mean: 0.448660
[2016-04-22 08:32:39,537] INFO:       Std: 0.000320
[2016-04-22 08:32:39,537] INFO: Time
[2016-04-22 08:32:39,537] INFO:       153 mins
[2016-04-22 08:32:39,537] INFO: --------------------------------------------------
[2016-04-22 11:18:07,228] INFO: tpe_transform took 0.004445 seconds
[2016-04-22 11:18:07,242] INFO: TPE using 24/24 trials with best loss 0.448495
[2016-04-22 11:18:07,294] INFO: ==================================================
[2016-04-22 11:18:07,294] INFO: Task
[2016-04-22 11:18:07,294] INFO:       [Feat@basic_nonlinear_201604170111]_[Learner@reg_skl_gbm]_[Id@25]
[2016-04-22 11:18:07,295] INFO: Param
[2016-04-22 11:18:07,295] INFO:       learning_rate: 0.02
[2016-04-22 11:18:07,295] INFO:       max_depth: 10
[2016-04-22 11:18:07,295] INFO:       max_features: 0.30000000000000004
[2016-04-22 11:18:07,295] INFO:       min_samples_leaf: 14
[2016-04-22 11:18:07,295] INFO:       n_estimators: 280
[2016-04-22 11:18:07,295] INFO:       random_state: 2016
[2016-04-22 11:18:07,295] INFO:       verbose: 0
[2016-04-22 11:18:07,296] INFO: Result
[2016-04-22 11:18:07,296] INFO:       Run      RMSE        Shape
[2016-04-22 11:48:05,113] INFO:         1    0.447623    23167 x 827
[2016-04-22 12:15:35,577] INFO:         2    0.448718    21940 x 827
[2016-04-22 12:43:22,484] INFO:         3    0.449034    22182 x 827
[2016-04-22 13:10:40,724] INFO:         4     0.44916    21966 x 827
[2016-04-22 13:38:02,523] INFO:         5    0.448912    21961 x 827
[2016-04-22 13:38:02,780] INFO: RMSE
[2016-04-22 13:38:02,780] INFO:       Mean: 0.448689
[2016-04-22 13:38:02,780] INFO:       Std: 0.000553
[2016-04-22 13:38:02,780] INFO: Time
[2016-04-22 13:38:02,780] INFO:       139 mins
[2016-04-22 13:38:02,780] INFO: --------------------------------------------------
[2016-04-22 15:48:20,340] INFO: tpe_transform took 0.004383 seconds
[2016-04-22 15:48:20,340] INFO: TPE using 25/25 trials with best loss 0.448495
[2016-04-22 15:48:20,361] INFO: ==================================================
[2016-04-22 15:48:20,361] INFO: Task
[2016-04-22 15:48:20,361] INFO:       [Feat@basic_nonlinear_201604170111]_[Learner@reg_skl_gbm]_[Id@26]
[2016-04-22 15:48:20,361] INFO: Param
[2016-04-22 15:48:20,361] INFO:       learning_rate: 0.002
[2016-04-22 15:48:20,361] INFO:       max_depth: 9
[2016-04-22 15:48:20,361] INFO:       max_features: 0.35000000000000003
[2016-04-22 15:48:20,362] INFO:       min_samples_leaf: 10
[2016-04-22 15:48:20,362] INFO:       n_estimators: 520
[2016-04-22 15:48:20,362] INFO:       random_state: 2016
[2016-04-22 15:48:20,362] INFO:       verbose: 0
[2016-04-22 15:48:20,362] INFO: Result
[2016-04-22 15:48:20,362] INFO:       Run      RMSE        Shape
[2016-04-22 16:52:23,201] INFO:         1    0.463609    23167 x 827
[2016-04-22 17:52:15,973] INFO:         2    0.464593    21940 x 827
[2016-04-22 18:53:28,005] INFO:         3     0.46466    22182 x 827
[2016-04-22 19:54:12,375] INFO:         4    0.464837    21966 x 827
[2016-04-22 20:55:43,140] INFO:         5    0.464834    21961 x 827
[2016-04-22 20:55:43,382] INFO: RMSE
[2016-04-22 20:55:43,382] INFO:       Mean: 0.464507
[2016-04-22 20:55:43,382] INFO:       Std: 0.000459
[2016-04-22 20:55:43,382] INFO: Time
[2016-04-22 20:55:43,382] INFO:       307 mins
[2016-04-22 20:55:43,382] INFO: --------------------------------------------------
[2016-04-23 01:13:30,714] INFO: tpe_transform took 0.004355 seconds
[2016-04-23 01:13:30,715] INFO: TPE using 26/26 trials with best loss 0.448495
[2016-04-23 01:13:30,735] INFO: ==================================================
[2016-04-23 01:13:30,735] INFO: Task
[2016-04-23 01:13:30,735] INFO:       [Feat@basic_nonlinear_201604170111]_[Learner@reg_skl_gbm]_[Id@27]
[2016-04-23 01:13:30,736] INFO: Param
[2016-04-23 01:13:30,736] INFO:       learning_rate: 0.014
[2016-04-23 01:13:30,739] INFO:       max_depth: 9
[2016-04-23 01:13:30,739] INFO:       max_features: 1.0
[2016-04-23 01:13:30,739] INFO:       min_samples_leaf: 6
[2016-04-23 01:13:30,740] INFO:       n_estimators: 640
[2016-04-23 01:13:30,740] INFO:       random_state: 2016
[2016-04-23 01:13:30,740] INFO:       verbose: 0
[2016-04-23 01:13:30,740] INFO: Result
[2016-04-23 01:13:30,740] INFO:       Run      RMSE        Shape
[2016-04-23 03:44:10,387] INFO:         1    0.450714    23167 x 827
[2016-04-23 05:57:39,645] INFO:         2    0.451058    21940 x 827
[2016-04-23 08:10:28,509] INFO:         3    0.451206    22182 x 827
[2016-04-23 10:22:35,412] INFO:         4    0.451922    21966 x 827
[2016-04-23 12:35:37,160] INFO:         5    0.452111    21961 x 827
[2016-04-23 12:35:37,406] INFO: RMSE
[2016-04-23 12:35:37,406] INFO:       Mean: 0.451402
[2016-04-23 12:35:37,406] INFO:       Std: 0.000530
[2016-04-23 12:35:37,406] INFO: Time
[2016-04-23 12:35:37,406] INFO:       682 mins
[2016-04-23 12:35:37,406] INFO: --------------------------------------------------
[2016-04-23 22:01:48,544] INFO: tpe_transform took 0.004267 seconds
[2016-04-23 22:01:48,544] INFO: TPE using 27/27 trials with best loss 0.448495
[2016-04-23 22:01:48,565] INFO: ==================================================
[2016-04-23 22:01:48,565] INFO: Task
[2016-04-23 22:01:48,565] INFO:       [Feat@basic_nonlinear_201604170111]_[Learner@reg_skl_gbm]_[Id@28]
[2016-04-23 22:01:48,565] INFO: Param
[2016-04-23 22:01:48,565] INFO:       learning_rate: 0.096
[2016-04-23 22:01:48,565] INFO:       max_depth: 8
[2016-04-23 22:01:48,566] INFO:       max_features: 0.25
[2016-04-23 22:01:48,566] INFO:       min_samples_leaf: 14
[2016-04-23 22:01:48,566] INFO:       n_estimators: 380
[2016-04-23 22:01:48,566] INFO:       random_state: 2016
[2016-04-23 22:01:48,566] INFO:       verbose: 0
[2016-04-23 22:01:48,566] INFO: Result
[2016-04-23 22:01:48,566] INFO:       Run      RMSE        Shape
[2016-04-23 22:24:27,534] INFO:         1    0.455805    23167 x 827
[2016-04-23 22:45:43,270] INFO:         2    0.457251    21940 x 827
[2016-04-23 23:07:08,036] INFO:         3    0.457804    22182 x 827
[2016-04-23 23:28:29,395] INFO:         4    0.457794    21966 x 827
[2016-04-23 23:49:35,610] INFO:         5     0.45791    21961 x 827
[2016-04-23 23:49:35,854] INFO: RMSE
[2016-04-23 23:49:35,855] INFO:       Mean: 0.457313
[2016-04-23 23:49:35,855] INFO:       Std: 0.000788
[2016-04-23 23:49:35,855] INFO: Time
[2016-04-23 23:49:35,855] INFO:       107 mins
[2016-04-23 23:49:35,855] INFO: --------------------------------------------------
[2016-04-24 01:02:06,040] INFO: tpe_transform took 0.004517 seconds
[2016-04-24 01:02:06,041] INFO: TPE using 28/28 trials with best loss 0.448495
[2016-04-24 01:02:06,063] INFO: ==================================================
[2016-04-24 01:02:06,063] INFO: Task
[2016-04-24 01:02:06,063] INFO:       [Feat@basic_nonlinear_201604170111]_[Learner@reg_skl_gbm]_[Id@29]
[2016-04-24 01:02:06,063] INFO: Param
[2016-04-24 01:02:06,063] INFO:       learning_rate: 0.036000000000000004
[2016-04-24 01:02:06,064] INFO:       max_depth: 10
[2016-04-24 01:02:06,064] INFO:       max_features: 0.1
[2016-04-24 01:02:06,064] INFO:       min_samples_leaf: 10
[2016-04-24 01:02:06,064] INFO:       n_estimators: 720
[2016-04-24 01:02:06,064] INFO:       random_state: 2016
[2016-04-24 01:02:06,064] INFO:       verbose: 0
[2016-04-24 01:02:06,064] INFO: Result
[2016-04-24 01:02:06,064] INFO:       Run      RMSE        Shape
[2016-04-24 01:37:23,893] INFO:         1    0.451113    23167 x 827
[2016-04-24 02:11:01,173] INFO:         2    0.451499    21940 x 827
[2016-04-24 02:44:48,968] INFO:         3    0.452754    22182 x 827
[2016-04-24 03:18:04,544] INFO:         4    0.452618    21966 x 827
[2016-04-24 03:51:32,795] INFO:         5     0.45236    21961 x 827
[2016-04-24 03:51:33,043] INFO: RMSE
[2016-04-24 03:51:33,043] INFO:       Mean: 0.452069
[2016-04-24 03:51:33,043] INFO:       Std: 0.000647
[2016-04-24 03:51:33,043] INFO: Time
[2016-04-24 03:51:33,043] INFO:       169 mins
[2016-04-24 03:51:33,043] INFO: --------------------------------------------------
[2016-04-24 05:56:46,506] INFO: tpe_transform took 0.004278 seconds
[2016-04-24 05:56:46,507] INFO: TPE using 29/29 trials with best loss 0.448495
[2016-04-24 05:56:46,529] INFO: ==================================================
[2016-04-24 05:56:46,529] INFO: Task
[2016-04-24 05:56:46,529] INFO:       [Feat@basic_nonlinear_201604170111]_[Learner@reg_skl_gbm]_[Id@30]
[2016-04-24 05:56:46,529] INFO: Param
[2016-04-24 05:56:46,529] INFO:       learning_rate: 0.014
[2016-04-24 05:56:46,529] INFO:       max_depth: 1
[2016-04-24 05:56:46,530] INFO:       max_features: 0.35000000000000003
[2016-04-24 05:56:46,530] INFO:       min_samples_leaf: 8
[2016-04-24 05:56:46,530] INFO:       n_estimators: 510
[2016-04-24 05:56:46,530] INFO:       random_state: 2016
[2016-04-24 05:56:46,530] INFO:       verbose: 0
[2016-04-24 05:56:46,530] INFO: Result
[2016-04-24 05:56:46,530] INFO:       Run      RMSE        Shape
[2016-04-24 06:12:40,218] INFO:         1    0.463816    23167 x 827
[2016-04-24 06:27:41,517] INFO:         2    0.464875    21940 x 827
[2016-04-24 06:42:51,978] INFO:         3    0.463889    22182 x 827
[2016-04-24 06:57:53,989] INFO:         4     0.46477    21966 x 827
[2016-04-24 07:12:55,298] INFO:         5    0.465176    21961 x 827
[2016-04-24 07:12:55,543] INFO: RMSE
[2016-04-24 07:12:55,543] INFO:       Mean: 0.464505
[2016-04-24 07:12:55,543] INFO:       Std: 0.000550
[2016-04-24 07:12:55,544] INFO: Time
[2016-04-24 07:12:55,544] INFO:       76 mins
[2016-04-24 07:12:55,544] INFO: --------------------------------------------------
[2016-04-24 07:59:55,094] INFO: tpe_transform took 0.004310 seconds
[2016-04-24 07:59:55,094] INFO: TPE using 30/30 trials with best loss 0.448495
[2016-04-24 07:59:55,117] INFO: ==================================================
[2016-04-24 07:59:55,117] INFO: Task
[2016-04-24 07:59:55,117] INFO:       [Feat@basic_nonlinear_201604170111]_[Learner@reg_skl_gbm]_[Id@31]
[2016-04-24 07:59:55,117] INFO: Param
[2016-04-24 07:59:55,118] INFO:       learning_rate: 0.068
[2016-04-24 07:59:55,118] INFO:       max_depth: 6
[2016-04-24 07:59:55,118] INFO:       max_features: 0.15000000000000002
[2016-04-24 07:59:55,118] INFO:       min_samples_leaf: 14
[2016-04-24 07:59:55,118] INFO:       n_estimators: 620
[2016-04-24 07:59:55,118] INFO:       random_state: 2016
[2016-04-24 07:59:55,118] INFO:       verbose: 0
[2016-04-24 07:59:55,118] INFO: Result
[2016-04-24 07:59:55,119] INFO:       Run      RMSE        Shape
[2016-04-24 08:24:45,418] INFO:         1    0.451967    23167 x 827
[2016-04-24 08:48:13,884] INFO:         2    0.451499    21940 x 827
[2016-04-24 09:11:50,970] INFO:         3    0.452099    22182 x 827
[2016-04-24 09:35:19,062] INFO:         4    0.452327    21966 x 827
[2016-04-24 09:58:45,778] INFO:         5    0.452675    21961 x 827
[2016-04-24 09:58:46,024] INFO: RMSE
[2016-04-24 09:58:46,025] INFO:       Mean: 0.452113
[2016-04-24 09:58:46,025] INFO:       Std: 0.000390
[2016-04-24 09:58:46,025] INFO: Time
[2016-04-24 09:58:46,025] INFO:       118 mins
[2016-04-24 09:58:46,025] INFO: --------------------------------------------------
[2016-04-24 11:13:02,465] INFO: tpe_transform took 0.004287 seconds
[2016-04-24 11:13:02,465] INFO: TPE using 31/31 trials with best loss 0.448495
[2016-04-24 11:13:02,488] INFO: ==================================================
[2016-04-24 11:13:02,488] INFO: Task
[2016-04-24 11:13:02,488] INFO:       [Feat@basic_nonlinear_201604170111]_[Learner@reg_skl_gbm]_[Id@32]
[2016-04-24 11:13:02,488] INFO: Param
[2016-04-24 11:13:02,488] INFO:       learning_rate: 0.004
[2016-04-24 11:13:02,488] INFO:       max_depth: 8
[2016-04-24 11:13:02,488] INFO:       max_features: 0.2
[2016-04-24 11:13:02,488] INFO:       min_samples_leaf: 6
[2016-04-24 11:13:02,489] INFO:       n_estimators: 360
[2016-04-24 11:13:02,489] INFO:       random_state: 2016
[2016-04-24 11:13:02,489] INFO:       verbose: 0
[2016-04-24 11:13:02,489] INFO: Result
[2016-04-24 11:13:02,489] INFO:       Run      RMSE        Shape
[2016-04-24 11:38:10,007] INFO:         1    0.457871    23167 x 827
[2016-04-24 12:01:40,406] INFO:         2    0.458741    21940 x 827
[2016-04-24 12:25:30,669] INFO:         3    0.458699    22182 x 827
[2016-04-24 12:49:18,728] INFO:         4     0.45878    21966 x 827
[2016-04-24 13:12:54,436] INFO:         5    0.458957    21961 x 827
[2016-04-24 13:12:54,882] INFO: RMSE
[2016-04-24 13:12:54,882] INFO:       Mean: 0.458610
[2016-04-24 13:12:54,882] INFO:       Std: 0.000380
[2016-04-24 13:12:54,882] INFO: Time
[2016-04-24 13:12:54,882] INFO:       119 mins
[2016-04-24 13:12:54,882] INFO: --------------------------------------------------
[2016-04-24 14:40:07,389] INFO: tpe_transform took 0.004247 seconds
[2016-04-24 14:40:07,389] INFO: TPE using 32/32 trials with best loss 0.448495
[2016-04-24 14:40:07,412] INFO: ==================================================
[2016-04-24 14:40:07,412] INFO: Task
[2016-04-24 14:40:07,412] INFO:       [Feat@basic_nonlinear_201604170111]_[Learner@reg_skl_gbm]_[Id@33]
[2016-04-24 14:40:07,413] INFO: Param
[2016-04-24 14:40:07,413] INFO:       learning_rate: 0.024
[2016-04-24 14:40:07,413] INFO:       max_depth: 9
[2016-04-24 14:40:07,413] INFO:       max_features: 0.45
[2016-04-24 14:40:07,413] INFO:       min_samples_leaf: 9
[2016-04-24 14:40:07,413] INFO:       n_estimators: 270
[2016-04-24 14:40:07,413] INFO:       random_state: 2016
[2016-04-24 14:40:07,413] INFO:       verbose: 0
[2016-04-24 14:40:07,413] INFO: Result
[2016-04-24 14:40:07,414] INFO:       Run      RMSE        Shape
[2016-04-24 15:13:52,992] INFO:         1    0.448198    23167 x 827
[2016-04-24 15:44:24,468] INFO:         2    0.449358    21940 x 827
[2016-04-24 16:15:04,317] INFO:         3    0.449811    22182 x 827
[2016-04-24 16:45:47,225] INFO:         4    0.449378    21966 x 827
[2016-04-24 17:15:58,619] INFO:         5    0.449294    21961 x 827
[2016-04-24 17:15:58,866] INFO: RMSE
[2016-04-24 17:15:58,866] INFO:       Mean: 0.449208
[2016-04-24 17:15:58,866] INFO:       Std: 0.000537
[2016-04-24 17:15:58,866] INFO: Time
[2016-04-24 17:15:58,867] INFO:       155 mins
[2016-04-24 17:15:58,867] INFO: --------------------------------------------------
[2016-04-24 19:27:31,921] INFO: tpe_transform took 0.004357 seconds
[2016-04-24 19:27:31,921] INFO: TPE using 33/33 trials with best loss 0.448495
[2016-04-24 19:27:31,944] INFO: ==================================================
[2016-04-24 19:27:31,944] INFO: Task
[2016-04-24 19:27:31,945] INFO:       [Feat@basic_nonlinear_201604170111]_[Learner@reg_skl_gbm]_[Id@34]
[2016-04-24 19:27:31,945] INFO: Param
[2016-04-24 19:27:31,945] INFO:       learning_rate: 0.036000000000000004
[2016-04-24 19:27:31,945] INFO:       max_depth: 2
[2016-04-24 19:27:31,945] INFO:       max_features: 0.25
[2016-04-24 19:27:31,945] INFO:       min_samples_leaf: 11
[2016-04-24 19:27:31,945] INFO:       n_estimators: 480
[2016-04-24 19:27:31,945] INFO:       random_state: 2016
[2016-04-24 19:27:31,946] INFO:       verbose: 0
[2016-04-24 19:27:31,946] INFO: Result
[2016-04-24 19:27:31,946] INFO:       Run      RMSE        Shape
[2016-04-24 19:43:22,355] INFO:         1    0.454173    23167 x 827
[2016-04-24 19:58:19,401] INFO:         2    0.455059    21940 x 827
[2016-04-24 20:13:26,803] INFO:         3    0.453989    22182 x 827
[2016-04-24 20:28:25,222] INFO:         4    0.454852    21966 x 827
[2016-04-24 20:43:23,244] INFO:         5    0.455828    21961 x 827
[2016-04-24 20:43:23,488] INFO: RMSE
[2016-04-24 20:43:23,488] INFO:       Mean: 0.454780
[2016-04-24 20:43:23,488] INFO:       Std: 0.000659
[2016-04-24 20:43:23,488] INFO: Time
[2016-04-24 20:43:23,488] INFO:       75 mins
[2016-04-24 20:43:23,489] INFO: --------------------------------------------------
[2016-04-24 21:29:49,882] INFO: tpe_transform took 0.004348 seconds
[2016-04-24 21:29:49,883] INFO: TPE using 34/34 trials with best loss 0.448495
[2016-04-24 21:29:49,906] INFO: ==================================================
[2016-04-24 21:29:49,906] INFO: Task
[2016-04-24 21:29:49,907] INFO:       [Feat@basic_nonlinear_201604170111]_[Learner@reg_skl_gbm]_[Id@35]
[2016-04-24 21:29:49,907] INFO: Param
[2016-04-24 21:29:49,907] INFO:       learning_rate: 0.014
[2016-04-24 21:29:49,907] INFO:       max_depth: 7
[2016-04-24 21:29:49,907] INFO:       max_features: 0.5
[2016-04-24 21:29:49,907] INFO:       min_samples_leaf: 13
[2016-04-24 21:29:49,907] INFO:       n_estimators: 980
[2016-04-24 21:29:49,907] INFO:       random_state: 2016
[2016-04-24 21:29:49,908] INFO:       verbose: 0
[2016-04-24 21:29:49,908] INFO: Result
[2016-04-24 21:29:49,908] INFO:       Run      RMSE        Shape
[2016-04-24 22:49:35,807] INFO:         1    0.447489    23167 x 827
