2016-03-13 12:28 INFO: tpe_transform took 0.008001 seconds
2016-03-13 12:28 INFO: TPE using 0 trials
2016-03-13 12:28 INFO: --------------------------------------------------
2016-03-13 12:28 INFO: Task
2016-03-13 12:28 INFO:       [Feat@basic20160313]_[Learner@reg_skl_adaboost]_[Id@1]
2016-03-13 12:28 INFO: Param
2016-03-13 12:28 INFO:       base_estimator: dtr
2016-03-13 12:28 INFO:       learning_rate: 0.032
2016-03-13 12:28 INFO:       loss: square
2016-03-13 12:28 INFO:       max_depth: 8
2016-03-13 12:28 INFO:       max_features: 0.4
2016-03-13 12:28 INFO:       n_estimators: 480
2016-03-13 12:28 INFO:       random_state: 2016
2016-03-13 12:28 INFO: Result
2016-03-13 12:28 INFO:       Run      RMSE        Shape
2016-03-13 13:08 INFO:         1    0.465543    23167 x 894
2016-03-13 13:45 INFO:         2    0.466067    21940 x 894
2016-03-13 14:24 INFO:         3    0.465946    22182 x 894
2016-03-13 14:58 INFO:         4    0.464438    21966 x 894
2016-03-13 15:20 INFO:         5    0.466337    21961 x 894
2016-03-13 15:20 INFO: RMSE
2016-03-13 15:20 INFO:       Mean: 0.465666
2016-03-13 15:20 INFO:       Std: 0.000665
2016-03-13 15:20 INFO: Time
2016-03-13 15:20 INFO:       10345.901907444
2016-03-13 15:20 INFO: --------------------------------------------------
2016-03-13 17:27 INFO: tpe_transform took 0.000000 seconds
2016-03-13 17:27 INFO: TPE using 1/1 trials with best loss 0.465666
2016-03-13 17:27 INFO: --------------------------------------------------
2016-03-13 17:27 INFO: Task
2016-03-13 17:27 INFO:       [Feat@basic20160313]_[Learner@reg_skl_adaboost]_[Id@2]
2016-03-13 17:27 INFO: Param
2016-03-13 17:27 INFO:       base_estimator: etr
2016-03-13 17:27 INFO:       learning_rate: 0.004
2016-03-13 17:27 INFO:       loss: linear
2016-03-13 17:27 INFO:       max_depth: 2
2016-03-13 17:27 INFO:       max_features: 0.2
2016-03-13 17:27 INFO:       n_estimators: 930
2016-03-13 17:27 INFO:       random_state: 2016
2016-03-13 17:27 INFO: Result
2016-03-13 17:27 INFO:       Run      RMSE        Shape
2016-03-13 17:33 INFO:         1    0.493028    23167 x 894
2016-03-13 17:38 INFO:         2    0.494282    21940 x 894
2016-03-13 17:44 INFO:         3    0.494961    22182 x 894
2016-03-13 17:50 INFO:         4    0.495475    21966 x 894
2016-03-13 17:56 INFO:         5    0.495382    21961 x 894
2016-03-13 17:56 INFO: RMSE
2016-03-13 17:56 INFO:       Mean: 0.494626
2016-03-13 17:56 INFO:       Std: 0.000903
2016-03-13 17:56 INFO: Time
2016-03-13 17:56 INFO:       1740.9052484035492
2016-03-13 17:56 INFO: --------------------------------------------------
2016-03-13 18:37 INFO: tpe_transform took 0.015600 seconds
2016-03-13 18:37 INFO: TPE using 2/2 trials with best loss 0.465666
2016-03-13 18:37 INFO: --------------------------------------------------
2016-03-13 18:37 INFO: Task
2016-03-13 18:37 INFO:       [Feat@basic20160313]_[Learner@reg_skl_adaboost]_[Id@3]
2016-03-13 18:37 INFO: Param
2016-03-13 18:37 INFO:       base_estimator: etr
2016-03-13 18:37 INFO:       learning_rate: 0.006
2016-03-13 18:37 INFO:       loss: exponential
2016-03-13 18:37 INFO:       max_depth: 5
2016-03-13 18:37 INFO:       max_features: 0.15000000000000002
2016-03-13 18:37 INFO:       n_estimators: 460
2016-03-13 18:37 INFO:       random_state: 2016
2016-03-13 18:37 INFO: Result
2016-03-13 18:37 INFO:       Run      RMSE        Shape
2016-03-13 18:42 INFO:         1    0.477846    23167 x 894
2016-03-13 18:46 INFO:         2     0.47847    21940 x 894
2016-03-13 18:50 INFO:         3    0.477533    22182 x 894
2016-03-13 18:54 INFO:         4    0.476581    21966 x 894
2016-03-13 18:59 INFO:         5      0.4776    21961 x 894
2016-03-13 18:59 INFO: RMSE
2016-03-13 18:59 INFO:       Mean: 0.477606
2016-03-13 18:59 INFO:       Std: 0.000610
2016-03-13 18:59 INFO: Time
2016-03-13 18:59 INFO:       1315.7176899909973
2016-03-13 18:59 INFO: --------------------------------------------------
2016-03-13 19:23 INFO: tpe_transform took 0.000000 seconds
2016-03-13 19:23 INFO: TPE using 3/3 trials with best loss 0.465666
2016-03-13 19:23 INFO: --------------------------------------------------
2016-03-13 19:23 INFO: Task
2016-03-13 19:23 INFO:       [Feat@basic20160313]_[Learner@reg_skl_adaboost]_[Id@4]
2016-03-13 19:23 INFO: Param
2016-03-13 19:23 INFO:       base_estimator: dtr
2016-03-13 19:23 INFO:       learning_rate: 0.012
2016-03-13 19:23 INFO:       loss: exponential
2016-03-13 19:23 INFO:       max_depth: 10
2016-03-13 19:23 INFO:       max_features: 0.7000000000000001
2016-03-13 19:23 INFO:       n_estimators: 940
2016-03-13 19:23 INFO:       random_state: 2016
2016-03-13 19:23 INFO: Result
2016-03-13 19:23 INFO:       Run      RMSE        Shape
2016-03-13 21:25 INFO:         1    0.457802    23167 x 894
2016-03-13 23:07 INFO:         2    0.461354    21940 x 894
2016-03-14 00:42 INFO:         3    0.459143    22182 x 894
2016-03-14 02:15 INFO:         4    0.459865    21966 x 894
2016-03-14 03:38 INFO:         5    0.460686    21961 x 894
2016-03-14 03:38 INFO: RMSE
2016-03-14 03:38 INFO:       Mean: 0.459770
2016-03-14 03:38 INFO:       Std: 0.001235
2016-03-14 03:38 INFO: Time
2016-03-14 03:38 INFO:       29686.603803396225
2016-03-14 03:38 INFO: --------------------------------------------------
2016-03-14 08:54 INFO: tpe_transform took 0.015600 seconds
2016-03-14 08:54 INFO: TPE using 4/4 trials with best loss 0.459770
2016-03-14 08:54 INFO: --------------------------------------------------
2016-03-14 08:54 INFO: Task
2016-03-14 08:54 INFO:       [Feat@basic20160313]_[Learner@reg_skl_adaboost]_[Id@5]
2016-03-14 08:54 INFO: Param
2016-03-14 08:54 INFO:       base_estimator: etr
2016-03-14 08:54 INFO:       learning_rate: 0.016
2016-03-14 08:54 INFO:       loss: exponential
2016-03-14 08:54 INFO:       max_depth: 2
2016-03-14 08:54 INFO:       max_features: 0.45
2016-03-14 08:54 INFO:       n_estimators: 810
2016-03-14 08:54 INFO:       random_state: 2016
2016-03-14 08:54 INFO: Result
2016-03-14 08:54 INFO:       Run      RMSE        Shape
2016-03-14 09:00 INFO:         1    0.493922    23167 x 894
2016-03-14 09:05 INFO:         2    0.493722    21940 x 894
2016-03-14 09:11 INFO:         3    0.495102    22182 x 894
2016-03-14 09:16 INFO:         4    0.494634    21966 x 894
2016-03-14 09:21 INFO:         5    0.496734    21961 x 894
2016-03-14 09:21 INFO: RMSE
2016-03-14 09:21 INFO:       Mean: 0.494823
2016-03-14 09:21 INFO:       Std: 0.001076
2016-03-14 09:21 INFO: Time
2016-03-14 09:21 INFO:       1620.2058219909668
2016-03-14 09:21 INFO: --------------------------------------------------
2016-03-14 09:56 INFO: tpe_transform took 0.015600 seconds
2016-03-14 09:56 INFO: TPE using 5/5 trials with best loss 0.459770
2016-03-14 09:56 INFO: --------------------------------------------------
2016-03-14 09:56 INFO: Task
2016-03-14 09:56 INFO:       [Feat@basic20160313]_[Learner@reg_skl_adaboost]_[Id@6]
2016-03-14 09:56 INFO: Param
2016-03-14 09:56 INFO:       base_estimator: dtr
2016-03-14 09:56 INFO:       learning_rate: 0.052000000000000005
2016-03-14 09:56 INFO:       loss: square
2016-03-14 09:56 INFO:       max_depth: 2
2016-03-14 09:56 INFO:       max_features: 0.5
2016-03-14 09:56 INFO:       n_estimators: 190
2016-03-14 09:56 INFO:       random_state: 2016
2016-03-14 09:56 INFO: Result
2016-03-14 09:56 INFO:       Run      RMSE        Shape
2016-03-14 10:01 INFO:         1    0.506663    23167 x 894
2016-03-14 10:05 INFO:         2    0.509607    21940 x 894
2016-03-14 10:09 INFO:         3    0.506108    22182 x 894
2016-03-14 10:13 INFO:         4    0.505895    21966 x 894
2016-03-14 10:16 INFO:         5    0.516104    21961 x 894
2016-03-14 10:16 INFO: RMSE
2016-03-14 10:16 INFO:       Mean: 0.508875
2016-03-14 10:16 INFO:       Std: 0.003853
2016-03-14 10:16 INFO: Time
2016-03-14 10:16 INFO:       1228.9321582317352
2016-03-14 10:16 INFO: --------------------------------------------------
2016-03-14 10:30 INFO: tpe_transform took 0.000000 seconds
2016-03-14 10:30 INFO: TPE using 6/6 trials with best loss 0.459770
2016-03-14 10:30 INFO: --------------------------------------------------
2016-03-14 10:30 INFO: Task
2016-03-14 10:30 INFO:       [Feat@basic20160313]_[Learner@reg_skl_adaboost]_[Id@7]
2016-03-14 10:30 INFO: Param
2016-03-14 10:30 INFO:       base_estimator: dtr
2016-03-14 10:30 INFO:       learning_rate: 0.002
2016-03-14 10:30 INFO:       loss: exponential
2016-03-14 10:30 INFO:       max_depth: 7
2016-03-14 10:30 INFO:       max_features: 0.8500000000000001
2016-03-14 10:30 INFO:       n_estimators: 280
2016-03-14 10:30 INFO:       random_state: 2016
2016-03-14 10:30 INFO: Result
2016-03-14 10:30 INFO:       Run      RMSE        Shape
2016-03-14 11:02 INFO:         1    0.463924    23167 x 894
2016-03-14 11:32 INFO:         2    0.467668    21940 x 894
2016-03-14 12:03 INFO:         3     0.46592    22182 x 894
2016-03-14 12:35 INFO:         4    0.465717    21966 x 894
2016-03-14 13:07 INFO:         5    0.467059    21961 x 894
2016-03-14 13:07 INFO: RMSE
2016-03-14 13:07 INFO:       Mean: 0.466058
2016-03-14 13:07 INFO:       Std: 0.001287
2016-03-14 13:07 INFO: Time
2016-03-14 13:07 INFO:       9416.108012676239
2016-03-14 13:07 INFO: --------------------------------------------------
2016-03-14 15:14 INFO: tpe_transform took 0.003000 seconds
2016-03-14 15:14 INFO: TPE using 7/7 trials with best loss 0.459770
2016-03-14 15:14 INFO: --------------------------------------------------
2016-03-14 15:14 INFO: Task
2016-03-14 15:14 INFO:       [Feat@basic20160313]_[Learner@reg_skl_adaboost]_[Id@8]
2016-03-14 15:14 INFO: Param
2016-03-14 15:14 INFO:       base_estimator: dtr
2016-03-14 15:14 INFO:       learning_rate: 0.012
2016-03-14 15:14 INFO:       loss: linear
2016-03-14 15:14 INFO:       max_depth: 4
2016-03-14 15:14 INFO:       max_features: 0.9500000000000001
2016-03-14 15:14 INFO:       n_estimators: 930
2016-03-14 15:14 INFO:       random_state: 2016
2016-03-14 15:14 INFO: Result
2016-03-14 15:14 INFO:       Run      RMSE        Shape
2016-03-14 16:26 INFO:         1    0.475193    23167 x 894
2016-03-14 17:38 INFO:         2    0.476224    21940 x 894
2016-03-14 18:46 INFO:         3    0.475967    22182 x 894
2016-03-14 19:54 INFO:         4    0.474669    21966 x 894
2016-03-14 21:05 INFO:         5    0.476839    21961 x 894
2016-03-14 21:05 INFO: RMSE
2016-03-14 21:05 INFO:       Mean: 0.475778
2016-03-14 21:05 INFO:       Std: 0.000766
2016-03-14 21:05 INFO: Time
2016-03-14 21:05 INFO:       21045.818694114685
2016-03-14 21:05 INFO: --------------------------------------------------
2016-03-15 02:11 INFO: tpe_transform took 0.015600 seconds
2016-03-15 02:11 INFO: TPE using 8/8 trials with best loss 0.459770
2016-03-15 02:11 INFO: --------------------------------------------------
2016-03-15 02:11 INFO: Task
2016-03-15 02:11 INFO:       [Feat@basic20160313]_[Learner@reg_skl_adaboost]_[Id@9]
2016-03-15 02:11 INFO: Param
2016-03-15 02:11 INFO:       base_estimator: dtr
2016-03-15 02:11 INFO:       learning_rate: 0.002
2016-03-15 02:11 INFO:       loss: square
2016-03-15 02:11 INFO:       max_depth: 8
2016-03-15 02:11 INFO:       max_features: 0.6000000000000001
2016-03-15 02:11 INFO:       n_estimators: 120
2016-03-15 02:11 INFO:       random_state: 2016
2016-03-15 02:11 INFO: Result
2016-03-15 02:11 INFO:       Run      RMSE        Shape
2016-03-15 02:22 INFO:         1    0.463497    23167 x 894
2016-03-15 02:32 INFO:         2    0.467781    21940 x 894
2016-03-15 02:43 INFO:         3    0.464745    22182 x 894
2016-03-15 02:53 INFO:         4    0.465104    21966 x 894
2016-03-15 03:04 INFO:         5    0.467057    21961 x 894
2016-03-15 03:04 INFO: RMSE
2016-03-15 03:04 INFO:       Mean: 0.465637
2016-03-15 03:04 INFO:       Std: 0.001566
2016-03-15 03:04 INFO: Time
2016-03-15 03:04 INFO:       3188.5668394565582
2016-03-15 03:04 INFO: --------------------------------------------------
2016-03-15 03:50 INFO: tpe_transform took 0.000000 seconds
2016-03-15 03:50 INFO: TPE using 9/9 trials with best loss 0.459770
2016-03-15 03:50 INFO: --------------------------------------------------
2016-03-15 03:50 INFO: Task
2016-03-15 03:50 INFO:       [Feat@basic20160313]_[Learner@reg_skl_adaboost]_[Id@10]
2016-03-15 03:50 INFO: Param
2016-03-15 03:50 INFO:       base_estimator: etr
2016-03-15 03:50 INFO:       learning_rate: 0.01
2016-03-15 03:50 INFO:       loss: linear
2016-03-15 03:50 INFO:       max_depth: 6
2016-03-15 03:50 INFO:       max_features: 0.55
2016-03-15 03:50 INFO:       n_estimators: 560
2016-03-15 03:50 INFO:       random_state: 2016
2016-03-15 03:50 INFO: Result
2016-03-15 03:50 INFO:       Run      RMSE        Shape
2016-03-15 04:06 INFO:         1    0.469819    23167 x 894
2016-03-15 04:21 INFO:         2    0.471596    21940 x 894
2016-03-15 04:37 INFO:         3    0.470234    22182 x 894
2016-03-15 04:51 INFO:         4    0.470615    21966 x 894
2016-03-15 05:06 INFO:         5    0.472114    21961 x 894
2016-03-15 05:06 INFO: RMSE
2016-03-15 05:06 INFO:       Mean: 0.470875
2016-03-15 05:06 INFO:       Std: 0.000854
2016-03-15 05:06 INFO: Time
2016-03-15 05:06 INFO:       4558.466548919678
2016-03-15 05:06 INFO: --------------------------------------------------
2016-03-15 06:15 INFO: tpe_transform took 0.000000 seconds
2016-03-15 06:15 INFO: TPE using 10/10 trials with best loss 0.459770
2016-03-15 06:15 INFO: --------------------------------------------------
2016-03-15 06:15 INFO: Task
2016-03-15 06:15 INFO:       [Feat@basic20160313]_[Learner@reg_skl_adaboost]_[Id@11]
2016-03-15 06:15 INFO: Param
2016-03-15 06:15 INFO:       base_estimator: etr
2016-03-15 06:15 INFO:       learning_rate: 0.002
2016-03-15 06:15 INFO:       loss: square
2016-03-15 06:15 INFO:       max_depth: 4
2016-03-15 06:15 INFO:       max_features: 0.25
2016-03-15 06:15 INFO:       n_estimators: 660
2016-03-15 06:15 INFO:       random_state: 2016
2016-03-15 06:15 INFO: Result
2016-03-15 06:15 INFO:       Run      RMSE        Shape
2016-03-15 06:22 INFO:         1    0.481293    23167 x 894
2016-03-15 06:29 INFO:         2    0.481503    21940 x 894
2016-03-15 06:37 INFO:         3    0.477993    22182 x 894
2016-03-15 06:43 INFO:         4    0.479067    21966 x 894
2016-03-15 06:51 INFO:         5    0.481789    21961 x 894
2016-03-15 06:51 INFO: RMSE
2016-03-15 06:51 INFO:       Mean: 0.480329
2016-03-15 06:51 INFO:       Std: 0.001516
2016-03-15 06:51 INFO: Time
2016-03-15 06:51 INFO:       2188.5536291599274
2016-03-15 06:51 INFO: --------------------------------------------------
2016-03-15 07:29 INFO: tpe_transform took 0.000000 seconds
2016-03-15 07:29 INFO: TPE using 11/11 trials with best loss 0.459770
2016-03-15 07:29 INFO: --------------------------------------------------
2016-03-15 07:29 INFO: Task
2016-03-15 07:29 INFO:       [Feat@basic20160313]_[Learner@reg_skl_adaboost]_[Id@12]
2016-03-15 07:29 INFO: Param
2016-03-15 07:29 INFO:       base_estimator: etr
2016-03-15 07:29 INFO:       learning_rate: 0.046
2016-03-15 07:29 INFO:       loss: linear
2016-03-15 07:29 INFO:       max_depth: 2
2016-03-15 07:29 INFO:       max_features: 0.6000000000000001
2016-03-15 07:29 INFO:       n_estimators: 950
2016-03-15 07:29 INFO:       random_state: 2016
2016-03-15 07:29 INFO: Result
2016-03-15 07:29 INFO:       Run      RMSE        Shape
2016-03-15 07:33 INFO:         1    0.487325    23167 x 894
2016-03-15 07:36 INFO:         2    0.491485    21940 x 894
2016-03-15 07:39 INFO:         3    0.489907    22182 x 894
2016-03-15 07:41 INFO:         4    0.488334    21966 x 894
2016-03-15 07:44 INFO:         5    0.490251    21961 x 894
2016-03-15 07:44 INFO: RMSE
2016-03-15 07:44 INFO:       Mean: 0.489460
2016-03-15 07:44 INFO:       Std: 0.001466
2016-03-15 07:44 INFO: Time
2016-03-15 07:44 INFO:       927.800347328186
2016-03-15 07:44 INFO: --------------------------------------------------
2016-03-15 08:01 INFO: tpe_transform took 0.000000 seconds
2016-03-15 08:01 INFO: TPE using 12/12 trials with best loss 0.459770
2016-03-15 08:01 INFO: --------------------------------------------------
2016-03-15 08:01 INFO: Task
2016-03-15 08:01 INFO:       [Feat@basic20160313]_[Learner@reg_skl_adaboost]_[Id@13]
2016-03-15 08:01 INFO: Param
2016-03-15 08:01 INFO:       base_estimator: dtr
2016-03-15 08:01 INFO:       learning_rate: 0.034
2016-03-15 08:01 INFO:       loss: square
2016-03-15 08:01 INFO:       max_depth: 3
2016-03-15 08:01 INFO:       max_features: 0.30000000000000004
2016-03-15 08:01 INFO:       n_estimators: 730
2016-03-15 08:01 INFO:       random_state: 2016
2016-03-15 08:01 INFO: Result
2016-03-15 08:01 INFO:       Run      RMSE        Shape
2016-03-15 08:15 INFO:         1    0.571072    23167 x 894
2016-03-15 08:27 INFO:         2    0.560399    21940 x 894
2016-03-15 08:40 INFO:         3     0.56175    22182 x 894
2016-03-15 08:51 INFO:         4    0.562692    21966 x 894
2016-03-15 09:04 INFO:         5      0.5641    21961 x 894
2016-03-15 09:04 INFO: RMSE
2016-03-15 09:04 INFO:       Mean: 0.564003
2016-03-15 09:04 INFO:       Std: 0.003736
2016-03-15 09:04 INFO: Time
2016-03-15 09:04 INFO:       3788.2814836502075
2016-03-15 09:04 INFO: --------------------------------------------------
2016-03-15 09:39 INFO: tpe_transform took 0.000000 seconds
2016-03-15 09:39 INFO: TPE using 13/13 trials with best loss 0.459770
2016-03-15 09:39 INFO: --------------------------------------------------
2016-03-15 09:39 INFO: Task
2016-03-15 09:39 INFO:       [Feat@basic20160313]_[Learner@reg_skl_adaboost]_[Id@14]
2016-03-15 09:39 INFO: Param
2016-03-15 09:39 INFO:       base_estimator: etr
2016-03-15 09:39 INFO:       learning_rate: 0.04
2016-03-15 09:39 INFO:       loss: exponential
2016-03-15 09:39 INFO:       max_depth: 4
2016-03-15 09:39 INFO:       max_features: 0.8500000000000001
2016-03-15 09:39 INFO:       n_estimators: 850
2016-03-15 09:39 INFO:       random_state: 2016
2016-03-15 09:39 INFO: Result
2016-03-15 09:39 INFO:       Run      RMSE        Shape
2016-03-15 10:05 INFO:         1    0.499656    23167 x 894
2016-03-15 10:29 INFO:         2    0.498833    21940 x 894
2016-03-15 10:53 INFO:         3    0.502103    22182 x 894
2016-03-15 11:18 INFO:         4    0.500586    21966 x 894
2016-03-15 11:42 INFO:         5    0.502788    21961 x 894
2016-03-15 11:42 INFO: RMSE
2016-03-15 11:42 INFO:       Mean: 0.500793
2016-03-15 11:42 INFO:       Std: 0.001475
2016-03-15 11:42 INFO: Time
2016-03-15 11:42 INFO:       7400.827840805054
2016-03-15 11:42 INFO: --------------------------------------------------
2016-03-15 13:29 INFO: tpe_transform took 0.000000 seconds
2016-03-15 13:29 INFO: TPE using 14/14 trials with best loss 0.459770
2016-03-15 13:29 INFO: --------------------------------------------------
2016-03-15 13:29 INFO: Task
2016-03-15 13:29 INFO:       [Feat@basic20160313]_[Learner@reg_skl_adaboost]_[Id@15]
2016-03-15 13:29 INFO: Param
2016-03-15 13:29 INFO:       base_estimator: etr
2016-03-15 13:29 INFO:       learning_rate: 0.048
2016-03-15 13:29 INFO:       loss: linear
2016-03-15 13:29 INFO:       max_depth: 5
2016-03-15 13:29 INFO:       max_features: 0.75
2016-03-15 13:29 INFO:       n_estimators: 150
2016-03-15 13:29 INFO:       random_state: 2016
2016-03-15 13:29 INFO: Result
2016-03-15 13:29 INFO:       Run      RMSE        Shape
2016-03-15 13:34 INFO:         1    0.473584    23167 x 894
2016-03-15 13:39 INFO:         2    0.473954    21940 x 894
2016-03-15 13:43 INFO:         3    0.474039    22182 x 894
2016-03-15 13:48 INFO:         4    0.472856    21966 x 894
2016-03-15 13:52 INFO:         5    0.474824    21961 x 894
2016-03-15 13:52 INFO: RMSE
2016-03-15 13:52 INFO:       Mean: 0.473851
2016-03-15 13:52 INFO:       Std: 0.000641
2016-03-15 13:52 INFO: Time
2016-03-15 13:52 INFO:       1400.2961761951447
2016-03-15 13:52 INFO: --------------------------------------------------
2016-03-15 14:13 INFO: tpe_transform took 0.015599 seconds
2016-03-15 14:13 INFO: TPE using 15/15 trials with best loss 0.459770
2016-03-15 14:13 INFO: --------------------------------------------------
2016-03-15 14:13 INFO: Task
2016-03-15 14:13 INFO:       [Feat@basic20160313]_[Learner@reg_skl_adaboost]_[Id@16]
2016-03-15 14:13 INFO: Param
2016-03-15 14:13 INFO:       base_estimator: dtr
2016-03-15 14:13 INFO:       learning_rate: 0.016
2016-03-15 14:13 INFO:       loss: linear
2016-03-15 14:13 INFO:       max_depth: 1
2016-03-15 14:13 INFO:       max_features: 0.8
2016-03-15 14:13 INFO:       n_estimators: 410
2016-03-15 14:13 INFO:       random_state: 2016
2016-03-15 14:13 INFO: Result
2016-03-15 14:13 INFO:       Run      RMSE        Shape
2016-03-15 14:21 INFO:         1    0.492375    23167 x 894
2016-03-15 14:28 INFO:         2    0.494011    21940 x 894
2016-03-15 14:37 INFO:         3    0.495645    22182 x 894
2016-03-15 14:45 INFO:         4    0.492091    21966 x 894
2016-03-15 14:53 INFO:         5    0.494506    21961 x 894
2016-03-15 14:53 INFO: RMSE
2016-03-15 14:53 INFO:       Mean: 0.493726
2016-03-15 14:53 INFO:       Std: 0.001332
2016-03-15 14:53 INFO: Time
2016-03-15 14:53 INFO:       2401.5590801239014
2016-03-15 14:53 INFO: --------------------------------------------------
2016-03-15 15:30 INFO: tpe_transform took 0.000000 seconds
2016-03-15 15:30 INFO: TPE using 16/16 trials with best loss 0.459770
2016-03-15 15:30 INFO: --------------------------------------------------
2016-03-15 15:30 INFO: Task
2016-03-15 15:30 INFO:       [Feat@basic20160313]_[Learner@reg_skl_adaboost]_[Id@17]
2016-03-15 15:30 INFO: Param
2016-03-15 15:30 INFO:       base_estimator: dtr
2016-03-15 15:30 INFO:       learning_rate: 0.07200000000000001
2016-03-15 15:30 INFO:       loss: exponential
2016-03-15 15:30 INFO:       max_depth: 6
2016-03-15 15:30 INFO:       max_features: 0.55
2016-03-15 15:30 INFO:       n_estimators: 130
2016-03-15 15:30 INFO:       random_state: 2016
2016-03-15 15:30 INFO: Result
2016-03-15 15:30 INFO:       Run      RMSE        Shape
2016-03-15 15:39 INFO:         1    0.466018    23167 x 894
2016-03-15 15:47 INFO:         2    0.468493    21940 x 894
2016-03-15 15:55 INFO:         3    0.467545    22182 x 894
2016-03-15 16:09 INFO:         4    0.466591    21966 x 894
2016-03-15 16:23 INFO:         5    0.468555    21961 x 894
2016-03-15 16:23 INFO: RMSE
2016-03-15 16:23 INFO:       Mean: 0.467440
2016-03-15 16:23 INFO:       Std: 0.001010
2016-03-15 16:23 INFO: Time
2016-03-15 16:23 INFO:       3182.763602256775
2016-03-15 16:23 INFO: --------------------------------------------------
2016-03-15 17:05 INFO: tpe_transform took 0.000000 seconds
2016-03-15 17:05 INFO: TPE using 17/17 trials with best loss 0.459770
2016-03-15 17:05 INFO: --------------------------------------------------
2016-03-15 17:05 INFO: Task
2016-03-15 17:05 INFO:       [Feat@basic20160313]_[Learner@reg_skl_adaboost]_[Id@18]
2016-03-15 17:05 INFO: Param
2016-03-15 17:05 INFO:       base_estimator: etr
2016-03-15 17:05 INFO:       learning_rate: 0.046
2016-03-15 17:05 INFO:       loss: linear
2016-03-15 17:05 INFO:       max_depth: 2
2016-03-15 17:05 INFO:       max_features: 0.7000000000000001
2016-03-15 17:05 INFO:       n_estimators: 800
2016-03-15 17:05 INFO:       random_state: 2016
2016-03-15 17:05 INFO: Result
2016-03-15 17:05 INFO:       Run      RMSE        Shape
2016-03-15 17:09 INFO:         1    0.488655    23167 x 894
2016-03-15 17:12 INFO:         2    0.488628    21940 x 894
2016-03-15 17:15 INFO:         3    0.490027    22182 x 894
2016-03-15 17:18 INFO:         4    0.487128    21966 x 894
2016-03-15 17:21 INFO:         5    0.490948    21961 x 894
2016-03-15 17:21 INFO: RMSE
2016-03-15 17:21 INFO:       Mean: 0.489077
2016-03-15 17:21 INFO:       Std: 0.001310
2016-03-15 17:21 INFO: Time
2016-03-15 17:21 INFO:       995.3955807685852
2016-03-15 17:21 INFO: --------------------------------------------------
2016-03-15 17:36 INFO: tpe_transform took 0.015600 seconds
2016-03-15 17:36 INFO: TPE using 18/18 trials with best loss 0.459770
2016-03-15 17:36 INFO: --------------------------------------------------
2016-03-15 17:36 INFO: Task
2016-03-15 17:36 INFO:       [Feat@basic20160313]_[Learner@reg_skl_adaboost]_[Id@19]
2016-03-15 17:36 INFO: Param
2016-03-15 17:36 INFO:       base_estimator: dtr
2016-03-15 17:36 INFO:       learning_rate: 0.004
2016-03-15 17:36 INFO:       loss: linear
2016-03-15 17:36 INFO:       max_depth: 8
2016-03-15 17:36 INFO:       max_features: 0.8500000000000001
2016-03-15 17:36 INFO:       n_estimators: 850
2016-03-15 17:36 INFO:       random_state: 2016
2016-03-15 17:36 INFO: Result
2016-03-15 17:36 INFO:       Run      RMSE        Shape
2016-03-15 19:26 INFO:         1      0.4611    23167 x 894
2016-03-15 21:09 INFO:         2    0.464427    21940 x 894
2016-03-15 22:51 INFO:         3    0.462253    22182 x 894
2016-03-16 00:39 INFO:         4    0.462224    21966 x 894
2016-03-16 02:31 INFO:         5    0.463995    21961 x 894
2016-03-16 02:31 INFO: RMSE
2016-03-16 02:31 INFO:       Mean: 0.462800
2016-03-16 02:31 INFO:       Std: 0.001232
2016-03-16 02:31 INFO: Time
2016-03-16 02:31 INFO:       32114.753981113434
2016-03-16 02:31 INFO: --------------------------------------------------
2016-03-16 10:45 INFO: tpe_transform took 0.000000 seconds
2016-03-16 10:45 INFO: TPE using 19/19 trials with best loss 0.459770
2016-03-16 10:45 INFO: --------------------------------------------------
2016-03-16 10:45 INFO: Task
2016-03-16 10:45 INFO:       [Feat@basic20160313]_[Learner@reg_skl_adaboost]_[Id@20]
2016-03-16 10:45 INFO: Param
2016-03-16 10:45 INFO:       base_estimator: dtr
2016-03-16 10:45 INFO:       learning_rate: 0.002
2016-03-16 10:45 INFO:       loss: linear
2016-03-16 10:45 INFO:       max_depth: 5
2016-03-16 10:45 INFO:       max_features: 0.4
2016-03-16 10:45 INFO:       n_estimators: 250
2016-03-16 10:45 INFO:       random_state: 2016
2016-03-16 10:45 INFO: Result
2016-03-16 10:45 INFO:       Run      RMSE        Shape
2016-03-16 10:56 INFO:         1    0.468081    23167 x 894
2016-03-16 11:06 INFO:         2    0.470481    21940 x 894
2016-03-16 11:17 INFO:         3    0.468811    22182 x 894
2016-03-16 11:27 INFO:         4    0.469282    21966 x 894
2016-03-16 11:37 INFO:         5     0.47081    21961 x 894
2016-03-16 11:37 INFO: RMSE
2016-03-16 11:37 INFO:       Mean: 0.469493
2016-03-16 11:37 INFO:       Std: 0.001021
2016-03-16 11:37 INFO: Time
2016-03-16 11:37 INFO:       3094.997439622879
2016-03-16 11:37 INFO: --------------------------------------------------
2016-03-16 12:34 INFO: tpe_transform took 0.000000 seconds
2016-03-16 12:34 INFO: TPE using 20/20 trials with best loss 0.459770
2016-03-16 12:34 INFO: --------------------------------------------------
2016-03-16 12:34 INFO: Task
2016-03-16 12:34 INFO:       [Feat@basic20160313]_[Learner@reg_skl_adaboost]_[Id@21]
2016-03-16 12:34 INFO: Param
2016-03-16 12:34 INFO:       base_estimator: dtr
2016-03-16 12:34 INFO:       learning_rate: 0.004
2016-03-16 12:34 INFO:       loss: exponential
2016-03-16 12:34 INFO:       max_depth: 10
2016-03-16 12:34 INFO:       max_features: 1.0
2016-03-16 12:34 INFO:       n_estimators: 990
2016-03-16 12:34 INFO:       random_state: 2016
2016-03-16 12:34 INFO: Result
2016-03-16 12:34 INFO:       Run      RMSE        Shape
2016-03-16 15:46 INFO:         1    0.459623    23167 x 894
2016-03-16 18:36 INFO:         2    0.462664    21940 x 894
2016-03-16 21:22 INFO:         3    0.460784    22182 x 894
2016-03-17 00:07 INFO:         4    0.460968    21966 x 894
2016-03-17 02:59 INFO:         5    0.462134    21961 x 894
2016-03-17 02:59 INFO: RMSE
2016-03-17 02:59 INFO:       Mean: 0.461234
2016-03-17 02:59 INFO:       Std: 0.001070
2016-03-17 02:59 INFO: Time
2016-03-17 02:59 INFO:       51909.18340754509
2016-03-17 02:59 INFO: --------------------------------------------------
2016-03-17 14:19 INFO: tpe_transform took 0.000000 seconds
2016-03-17 14:19 INFO: TPE using 21/21 trials with best loss 0.459770
2016-03-17 14:19 INFO: --------------------------------------------------
2016-03-17 14:19 INFO: Task
2016-03-17 14:19 INFO:       [Feat@basic20160313]_[Learner@reg_skl_adaboost]_[Id@22]
2016-03-17 14:19 INFO: Param
2016-03-17 14:19 INFO:       base_estimator: dtr
2016-03-17 14:19 INFO:       learning_rate: 0.006
2016-03-17 14:19 INFO:       loss: exponential
2016-03-17 14:19 INFO:       max_depth: 10
2016-03-17 14:19 INFO:       max_features: 1.0
2016-03-17 14:19 INFO:       n_estimators: 980
2016-03-17 14:19 INFO:       random_state: 2016
2016-03-17 14:19 INFO: Result
2016-03-17 14:19 INFO:       Run      RMSE        Shape
2016-03-17 17:12 INFO:         1    0.458613    23167 x 894
2016-03-17 19:56 INFO:         2    0.462221    21940 x 894
2016-03-17 22:38 INFO:         3    0.460066    22182 x 894
2016-03-18 01:22 INFO:         4    0.460402    21966 x 894
2016-03-18 04:00 INFO:         5    0.461565    21961 x 894
2016-03-18 04:00 INFO: RMSE
2016-03-18 04:00 INFO:       Mean: 0.460573
2016-03-18 04:00 INFO:       Std: 0.001251
2016-03-18 04:00 INFO: Time
2016-03-18 04:00 INFO:       49281.219379901886
2016-03-18 04:00 INFO: --------------------------------------------------
2016-03-18 15:04 INFO: tpe_transform took 0.000000 seconds
2016-03-18 15:04 INFO: TPE using 22/22 trials with best loss 0.459770
2016-03-18 15:04 INFO: --------------------------------------------------
2016-03-18 15:04 INFO: Task
2016-03-18 15:04 INFO:       [Feat@basic20160313]_[Learner@reg_skl_adaboost]_[Id@23]
2016-03-18 15:04 INFO: Param
2016-03-18 15:04 INFO:       base_estimator: dtr
2016-03-18 15:04 INFO:       learning_rate: 0.008
2016-03-18 15:04 INFO:       loss: exponential
2016-03-18 15:04 INFO:       max_depth: 10
2016-03-18 15:04 INFO:       max_features: 1.0
2016-03-18 15:04 INFO:       n_estimators: 680
2016-03-18 15:04 INFO:       random_state: 2016
2016-03-18 15:04 INFO: Result
2016-03-18 15:04 INFO:       Run      RMSE        Shape
2016-03-18 17:06 INFO:         1    0.459012    23167 x 894
2016-03-18 19:03 INFO:         2    0.462672    21940 x 894
2016-03-18 21:05 INFO:         3    0.460251    22182 x 894
2016-03-18 23:08 INFO:         4    0.460633    21966 x 894
2016-03-19 01:05 INFO:         5    0.461776    21961 x 894
2016-03-19 01:05 INFO: RMSE
2016-03-19 01:05 INFO:       Mean: 0.460869
2016-03-19 01:05 INFO:       Std: 0.001262
2016-03-19 01:05 INFO: Time
2016-03-19 01:05 INFO:       36093.827927827835
2016-03-19 01:05 INFO: --------------------------------------------------
2016-03-19 09:26 INFO: tpe_transform took 0.002999 seconds
2016-03-19 09:26 INFO: TPE using 23/23 trials with best loss 0.459770
2016-03-19 09:26 INFO: --------------------------------------------------
2016-03-19 09:26 INFO: Task
2016-03-19 09:26 INFO:       [Feat@basic20160313]_[Learner@reg_skl_adaboost]_[Id@24]
2016-03-19 09:26 INFO: Param
2016-03-19 09:26 INFO:       base_estimator: dtr
2016-03-19 09:26 INFO:       learning_rate: 0.022
2016-03-19 09:26 INFO:       loss: exponential
2016-03-19 09:26 INFO:       max_depth: 9
2016-03-19 09:26 INFO:       max_features: 0.7000000000000001
2016-03-19 09:26 INFO:       n_estimators: 990
2016-03-19 09:26 INFO:       random_state: 2016
2016-03-19 09:26 INFO: Result
2016-03-19 09:26 INFO:       Run      RMSE        Shape
2016-03-19 11:33 INFO:         1    0.460318    23167 x 894
2016-03-19 13:15 INFO:         2    0.463259    21940 x 894
