[2016-04-23 10:48:28,930] INFO: tpe_transform took 0.000000 seconds
[2016-04-23 10:48:28,946] INFO: TPE using 0 trials
[2016-04-23 10:48:28,946] INFO: ==================================================
[2016-04-23 10:48:28,946] INFO: Task
[2016-04-23 10:48:28,946] INFO:       [Feat@basic_nonlinear_201604170111]_[Learner@reg_skl_etr]_[Id@1]
[2016-04-23 10:48:28,946] INFO: Param
[2016-04-23 10:48:28,946] INFO:       max_depth: 5
[2016-04-23 10:48:28,946] INFO:       max_features: 0.35000000000000003
[2016-04-23 10:48:28,946] INFO:       min_samples_leaf: 2
[2016-04-23 10:48:28,946] INFO:       min_samples_split: 10
[2016-04-23 10:48:28,946] INFO:       n_estimators: 940
[2016-04-23 10:48:28,946] INFO:       n_jobs: 2
[2016-04-23 10:48:28,946] INFO:       random_state: 2016
[2016-04-23 10:48:28,946] INFO:       verbose: 0
[2016-04-23 10:48:28,946] INFO: Result
[2016-04-23 10:48:28,946] INFO:       Run      RMSE        Shape
[2016-04-23 10:57:09,445] INFO:         1    0.466241    23167 x 827
[2016-04-23 11:05:34,128] INFO:         2    0.467467    21940 x 827
[2016-04-23 11:13:55,572] INFO:         3    0.466646    22182 x 827
[2016-04-23 11:22:12,509] INFO:         4    0.467567    21966 x 827
[2016-04-23 11:30:17,716] INFO:         5    0.467975    21961 x 827
[2016-04-23 11:30:17,918] INFO: RMSE
[2016-04-23 11:30:17,918] INFO:       Mean: 0.467179
[2016-04-23 11:30:17,918] INFO:       Std: 0.000637
[2016-04-23 11:30:17,918] INFO: Time
[2016-04-23 11:30:17,918] INFO:       41 mins
[2016-04-23 11:30:17,918] INFO: --------------------------------------------------
[2016-04-23 11:44:00,584] INFO: tpe_transform took 0.015600 seconds
[2016-04-23 11:44:00,584] INFO: TPE using 1/1 trials with best loss 0.467179
[2016-04-23 11:44:00,584] INFO: ==================================================
[2016-04-23 11:44:00,584] INFO: Task
[2016-04-23 11:44:00,584] INFO:       [Feat@basic_nonlinear_201604170111]_[Learner@reg_skl_etr]_[Id@2]
[2016-04-23 11:44:00,584] INFO: Param
[2016-04-23 11:44:00,584] INFO:       max_depth: 7
[2016-04-23 11:44:00,584] INFO:       max_features: 0.65
[2016-04-23 11:44:00,584] INFO:       min_samples_leaf: 2
[2016-04-23 11:44:00,584] INFO:       min_samples_split: 11
[2016-04-23 11:44:00,584] INFO:       n_estimators: 760
[2016-04-23 11:44:00,584] INFO:       n_jobs: 2
[2016-04-23 11:44:00,584] INFO:       random_state: 2016
[2016-04-23 11:44:00,584] INFO:       verbose: 0
[2016-04-23 11:44:00,584] INFO: Result
[2016-04-23 11:44:00,584] INFO:       Run      RMSE        Shape
[2016-04-23 12:00:22,901] INFO:         1    0.459209    23167 x 827
[2016-04-23 12:15:45,610] INFO:         2    0.460662    21940 x 827
[2016-04-23 12:31:25,416] INFO:         3    0.459998    22182 x 827
[2016-04-23 12:47:10,090] INFO:         4    0.460973    21966 x 827
[2016-04-23 13:02:31,738] INFO:         5    0.460825    21961 x 827
[2016-04-23 13:02:31,987] INFO: RMSE
[2016-04-23 13:02:31,987] INFO:       Mean: 0.460333
[2016-04-23 13:02:31,987] INFO:       Std: 0.000653
[2016-04-23 13:02:31,987] INFO: Time
[2016-04-23 13:02:31,987] INFO:       78 mins
[2016-04-23 13:02:31,987] INFO: --------------------------------------------------
[2016-04-23 13:35:55,667] INFO: tpe_transform took 0.000000 seconds
[2016-04-23 13:35:55,667] INFO: TPE using 2/2 trials with best loss 0.460333
[2016-04-23 13:35:55,667] INFO: ==================================================
[2016-04-23 13:35:55,667] INFO: Task
[2016-04-23 13:35:55,667] INFO:       [Feat@basic_nonlinear_201604170111]_[Learner@reg_skl_etr]_[Id@3]
[2016-04-23 13:35:55,667] INFO: Param
[2016-04-23 13:35:55,667] INFO:       max_depth: 10
[2016-04-23 13:35:55,667] INFO:       max_features: 0.2
[2016-04-23 13:35:55,667] INFO:       min_samples_leaf: 5
[2016-04-23 13:35:55,667] INFO:       min_samples_split: 1
[2016-04-23 13:35:55,667] INFO:       n_estimators: 970
[2016-04-23 13:35:55,682] INFO:       n_jobs: 2
[2016-04-23 13:35:55,682] INFO:       random_state: 2016
[2016-04-23 13:35:55,682] INFO:       verbose: 0
[2016-04-23 13:35:55,682] INFO: Result
[2016-04-23 13:35:55,682] INFO:       Run      RMSE        Shape
[2016-04-23 13:44:15,444] INFO:         1    0.455721    23167 x 827
[2016-04-23 13:51:45,863] INFO:         2    0.456948    21940 x 827
[2016-04-23 13:59:25,922] INFO:         3    0.456668    22182 x 827
[2016-04-23 14:07:03,470] INFO:         4     0.45727    21966 x 827
[2016-04-23 14:14:44,388] INFO:         5    0.457317    21961 x 827
[2016-04-23 14:14:44,669] INFO: RMSE
[2016-04-23 14:14:44,669] INFO:       Mean: 0.456785
[2016-04-23 14:14:44,669] INFO:       Std: 0.000582
[2016-04-23 14:14:44,669] INFO: Time
[2016-04-23 14:14:44,669] INFO:       38 mins
[2016-04-23 14:14:44,669] INFO: --------------------------------------------------
[2016-04-23 14:35:48,690] INFO: tpe_transform took 0.000000 seconds
[2016-04-23 14:35:48,690] INFO: TPE using 3/3 trials with best loss 0.456785
[2016-04-23 14:35:48,690] INFO: ==================================================
[2016-04-23 14:35:48,690] INFO: Task
[2016-04-23 14:35:48,690] INFO:       [Feat@basic_nonlinear_201604170111]_[Learner@reg_skl_etr]_[Id@4]
[2016-04-23 14:35:48,690] INFO: Param
[2016-04-23 14:35:48,690] INFO:       max_depth: 9
[2016-04-23 14:35:48,690] INFO:       max_features: 0.4
[2016-04-23 14:35:48,690] INFO:       min_samples_leaf: 8
[2016-04-23 14:35:48,690] INFO:       min_samples_split: 4
[2016-04-23 14:35:48,690] INFO:       n_estimators: 580
[2016-04-23 14:35:48,690] INFO:       n_jobs: 2
[2016-04-23 14:35:48,690] INFO:       random_state: 2016
[2016-04-23 14:35:48,690] INFO:       verbose: 0
[2016-04-23 14:35:48,690] INFO: Result
[2016-04-23 14:35:48,690] INFO:       Run      RMSE        Shape
[2016-04-23 14:44:15,222] INFO:         1    0.455877    23167 x 827
[2016-04-23 14:52:05,624] INFO:         2    0.457279    21940 x 827
[2016-04-23 15:00:00,535] INFO:         3    0.456638    22182 x 827
[2016-04-23 15:07:49,908] INFO:         4    0.457718    21966 x 827
[2016-04-23 15:15:37,424] INFO:         5    0.457463    21961 x 827
[2016-04-23 15:15:37,643] INFO: RMSE
[2016-04-23 15:15:37,643] INFO:       Mean: 0.456995
[2016-04-23 15:15:37,643] INFO:       Std: 0.000663
[2016-04-23 15:15:37,643] INFO: Time
[2016-04-23 15:15:37,643] INFO:       39 mins
[2016-04-23 15:15:37,643] INFO: --------------------------------------------------
[2016-04-23 15:36:40,775] INFO: tpe_transform took 0.000000 seconds
[2016-04-23 15:36:40,775] INFO: TPE using 4/4 trials with best loss 0.456785
[2016-04-23 15:36:40,775] INFO: ==================================================
[2016-04-23 15:36:40,775] INFO: Task
[2016-04-23 15:36:40,775] INFO:       [Feat@basic_nonlinear_201604170111]_[Learner@reg_skl_etr]_[Id@5]
[2016-04-23 15:36:40,775] INFO: Param
[2016-04-23 15:36:40,775] INFO:       max_depth: 8
[2016-04-23 15:36:40,775] INFO:       max_features: 0.7000000000000001
[2016-04-23 15:36:40,775] INFO:       min_samples_leaf: 5
[2016-04-23 15:36:40,775] INFO:       min_samples_split: 6
[2016-04-23 15:36:40,775] INFO:       n_estimators: 620
[2016-04-23 15:36:40,775] INFO:       n_jobs: 2
[2016-04-23 15:36:40,775] INFO:       random_state: 2016
[2016-04-23 15:36:40,775] INFO:       verbose: 0
[2016-04-23 15:36:40,775] INFO: Result
[2016-04-23 15:36:40,775] INFO:       Run      RMSE        Shape
[2016-04-23 15:51:36,886] INFO:         1    0.456865    23167 x 827
[2016-04-23 16:05:39,754] INFO:         2    0.458149    21940 x 827
[2016-04-23 16:19:38,862] INFO:         3    0.457688    22182 x 827
[2016-04-23 16:33:46,987] INFO:         4    0.458698    21966 x 827
[2016-04-23 16:47:34,832] INFO:         5    0.458437    21961 x 827
[2016-04-23 16:47:35,051] INFO: RMSE
[2016-04-23 16:47:35,051] INFO:       Mean: 0.457968
[2016-04-23 16:47:35,051] INFO:       Std: 0.000645
[2016-04-23 16:47:35,051] INFO: Time
[2016-04-23 16:47:35,051] INFO:       70 mins
[2016-04-23 16:47:35,051] INFO: --------------------------------------------------
[2016-04-23 17:22:41,862] INFO: tpe_transform took 0.000000 seconds
[2016-04-23 17:22:41,862] INFO: TPE using 5/5 trials with best loss 0.456785
[2016-04-23 17:22:41,862] INFO: ==================================================
[2016-04-23 17:22:41,862] INFO: Task
[2016-04-23 17:22:41,862] INFO:       [Feat@basic_nonlinear_201604170111]_[Learner@reg_skl_etr]_[Id@6]
[2016-04-23 17:22:41,862] INFO: Param
[2016-04-23 17:22:41,862] INFO:       max_depth: 5
[2016-04-23 17:22:41,862] INFO:       max_features: 0.45
[2016-04-23 17:22:41,862] INFO:       min_samples_leaf: 13
[2016-04-23 17:22:41,862] INFO:       min_samples_split: 4
[2016-04-23 17:22:41,862] INFO:       n_estimators: 740
[2016-04-23 17:22:41,862] INFO:       n_jobs: 2
[2016-04-23 17:22:41,862] INFO:       random_state: 2016
[2016-04-23 17:22:41,862] INFO:       verbose: 0
[2016-04-23 17:22:41,862] INFO: Result
[2016-04-23 17:22:41,862] INFO:       Run      RMSE        Shape
[2016-04-23 17:31:25,897] INFO:         1    0.465771    23167 x 827
[2016-04-23 17:39:33,444] INFO:         2    0.467124    21940 x 827
[2016-04-23 17:47:48,231] INFO:         3      0.4662    22182 x 827
[2016-04-23 17:56:06,823] INFO:         4    0.467114    21966 x 827
[2016-04-23 18:04:31,792] INFO:         5    0.467556    21961 x 827
[2016-04-23 18:04:32,044] INFO: RMSE
[2016-04-23 18:04:32,044] INFO:       Mean: 0.466753
[2016-04-23 18:04:32,044] INFO:       Std: 0.000661
[2016-04-23 18:04:32,044] INFO: Time
[2016-04-23 18:04:32,044] INFO:       41 mins
[2016-04-23 18:04:32,044] INFO: --------------------------------------------------
[2016-04-23 18:18:52,022] INFO: tpe_transform took 0.004000 seconds
[2016-04-23 18:18:52,023] INFO: TPE using 6/6 trials with best loss 0.456785
[2016-04-23 18:18:52,024] INFO: ==================================================
[2016-04-23 18:18:52,025] INFO: Task
[2016-04-23 18:18:52,025] INFO:       [Feat@basic_nonlinear_201604170111]_[Learner@reg_skl_etr]_[Id@7]
[2016-04-23 18:18:52,025] INFO: Param
[2016-04-23 18:18:52,025] INFO:       max_depth: 4
[2016-04-23 18:18:52,025] INFO:       max_features: 0.35000000000000003
[2016-04-23 18:18:52,025] INFO:       min_samples_leaf: 12
[2016-04-23 18:18:52,025] INFO:       min_samples_split: 14
[2016-04-23 18:18:52,025] INFO:       n_estimators: 990
[2016-04-23 18:18:52,026] INFO:       n_jobs: 2
[2016-04-23 18:18:52,026] INFO:       random_state: 2016
[2016-04-23 18:18:52,026] INFO:       verbose: 0
[2016-04-23 18:18:52,026] INFO: Result
[2016-04-23 18:18:52,026] INFO:       Run      RMSE        Shape
[2016-04-23 18:26:22,084] INFO:         1    0.470163    23167 x 827
[2016-04-23 18:33:33,812] INFO:         2    0.471178    21940 x 827
[2016-04-23 18:40:45,392] INFO:         3    0.470195    22182 x 827
[2016-04-23 18:47:46,296] INFO:         4    0.471315    21966 x 827
[2016-04-23 18:54:40,585] INFO:         5    0.471908    21961 x 827
[2016-04-23 18:54:40,828] INFO: RMSE
[2016-04-23 18:54:40,828] INFO:       Mean: 0.470951
[2016-04-23 18:54:40,828] INFO:       Std: 0.000677
[2016-04-23 18:54:40,828] INFO: Time
[2016-04-23 18:54:40,828] INFO:       35 mins
[2016-04-23 18:54:40,828] INFO: --------------------------------------------------
[2016-04-23 19:05:19,688] INFO: tpe_transform took 0.003000 seconds
[2016-04-23 19:05:19,688] INFO: TPE using 7/7 trials with best loss 0.456785
[2016-04-23 19:05:19,690] INFO: ==================================================
[2016-04-23 19:05:19,691] INFO: Task
[2016-04-23 19:05:19,691] INFO:       [Feat@basic_nonlinear_201604170111]_[Learner@reg_skl_etr]_[Id@8]
[2016-04-23 19:05:19,691] INFO: Param
[2016-04-23 19:05:19,691] INFO:       max_depth: 8
[2016-04-23 19:05:19,692] INFO:       max_features: 0.75
[2016-04-23 19:05:19,692] INFO:       min_samples_leaf: 2
[2016-04-23 19:05:19,692] INFO:       min_samples_split: 7
[2016-04-23 19:05:19,692] INFO:       n_estimators: 130
[2016-04-23 19:05:19,692] INFO:       n_jobs: 2
[2016-04-23 19:05:19,692] INFO:       random_state: 2016
[2016-04-23 19:05:19,692] INFO:       verbose: 0
[2016-04-23 19:05:19,693] INFO: Result
[2016-04-23 19:05:19,693] INFO:       Run      RMSE        Shape
[2016-04-23 19:08:57,510] INFO:         1    0.456743    23167 x 827
[2016-04-23 19:12:23,987] INFO:         2    0.458538    21940 x 827
[2016-04-23 19:15:56,262] INFO:         3    0.457986    22182 x 827
[2016-04-23 19:19:24,427] INFO:         4     0.45896    21966 x 827
[2016-04-23 19:22:51,296] INFO:         5    0.458674    21961 x 827
[2016-04-23 19:22:51,562] INFO: RMSE
[2016-04-23 19:22:51,562] INFO:       Mean: 0.458180
[2016-04-23 19:22:51,562] INFO:       Std: 0.000785
[2016-04-23 19:22:51,563] INFO: Time
[2016-04-23 19:22:51,563] INFO:       17 mins
[2016-04-23 19:22:51,563] INFO: --------------------------------------------------
[2016-04-23 19:30:53,479] INFO: tpe_transform took 0.006000 seconds
[2016-04-23 19:30:53,480] INFO: TPE using 8/8 trials with best loss 0.456785
[2016-04-23 19:30:53,482] INFO: ==================================================
[2016-04-23 19:30:53,482] INFO: Task
[2016-04-23 19:30:53,482] INFO:       [Feat@basic_nonlinear_201604170111]_[Learner@reg_skl_etr]_[Id@9]
[2016-04-23 19:30:53,482] INFO: Param
[2016-04-23 19:30:53,482] INFO:       max_depth: 5
[2016-04-23 19:30:53,483] INFO:       max_features: 0.9
[2016-04-23 19:30:53,483] INFO:       min_samples_leaf: 4
[2016-04-23 19:30:53,483] INFO:       min_samples_split: 8
[2016-04-23 19:30:53,483] INFO:       n_estimators: 250
[2016-04-23 19:30:53,483] INFO:       n_jobs: 2
[2016-04-23 19:30:53,483] INFO:       random_state: 2016
[2016-04-23 19:30:53,483] INFO:       verbose: 0
[2016-04-23 19:30:53,483] INFO: Result
[2016-04-23 19:30:53,483] INFO:       Run      RMSE        Shape
[2016-04-23 19:36:52,064] INFO:         1     0.46464    23167 x 827
[2016-04-23 19:42:30,794] INFO:         2    0.466122    21940 x 827
[2016-04-23 19:48:07,594] INFO:         3    0.465378    22182 x 827
[2016-04-23 19:53:29,919] INFO:         4     0.46639    21966 x 827
[2016-04-23 19:58:47,876] INFO:         5    0.466534    21961 x 827
[2016-04-23 19:58:48,156] INFO: RMSE
[2016-04-23 19:58:48,157] INFO:       Mean: 0.465813
[2016-04-23 19:58:48,157] INFO:       Std: 0.000709
[2016-04-23 19:58:48,157] INFO: Time
[2016-04-23 19:58:48,157] INFO:       27 mins
[2016-04-23 19:58:48,157] INFO: --------------------------------------------------
[2016-04-23 20:08:07,812] INFO: tpe_transform took 0.004000 seconds
[2016-04-23 20:08:07,813] INFO: TPE using 9/9 trials with best loss 0.456785
[2016-04-23 20:08:07,815] INFO: ==================================================
[2016-04-23 20:08:07,816] INFO: Task
[2016-04-23 20:08:07,816] INFO:       [Feat@basic_nonlinear_201604170111]_[Learner@reg_skl_etr]_[Id@10]
[2016-04-23 20:08:07,816] INFO: Param
[2016-04-23 20:08:07,816] INFO:       max_depth: 2
[2016-04-23 20:08:07,816] INFO:       max_features: 0.30000000000000004
[2016-04-23 20:08:07,816] INFO:       min_samples_leaf: 10
[2016-04-23 20:08:07,817] INFO:       min_samples_split: 2
[2016-04-23 20:08:07,817] INFO:       n_estimators: 590
[2016-04-23 20:08:07,817] INFO:       n_jobs: 2
[2016-04-23 20:08:07,817] INFO:       random_state: 2016
[2016-04-23 20:08:07,817] INFO:       verbose: 0
[2016-04-23 20:08:07,817] INFO: Result
[2016-04-23 20:08:07,817] INFO:       Run      RMSE        Shape
[2016-04-23 20:10:04,906] INFO:         1    0.481785    23167 x 827
[2016-04-23 20:11:54,683] INFO:         2    0.482651    21940 x 827
[2016-04-23 20:13:42,329] INFO:         3    0.481764    22182 x 827
[2016-04-23 20:15:28,470] INFO:         4    0.482882    21966 x 827
[2016-04-23 20:17:14,126] INFO:         5    0.483051    21961 x 827
[2016-04-23 20:17:14,418] INFO: RMSE
[2016-04-23 20:17:14,419] INFO:       Mean: 0.482426
[2016-04-23 20:17:14,419] INFO:       Std: 0.000547
[2016-04-23 20:17:14,419] INFO: Time
[2016-04-23 20:17:14,419] INFO:       9 mins
[2016-04-23 20:17:14,419] INFO: --------------------------------------------------
[2016-04-23 20:19:22,404] INFO: tpe_transform took 0.004000 seconds
[2016-04-23 20:19:22,404] INFO: TPE using 10/10 trials with best loss 0.456785
[2016-04-23 20:19:22,405] INFO: ==================================================
[2016-04-23 20:19:22,406] INFO: Task
[2016-04-23 20:19:22,406] INFO:       [Feat@basic_nonlinear_201604170111]_[Learner@reg_skl_etr]_[Id@11]
[2016-04-23 20:19:22,406] INFO: Param
[2016-04-23 20:19:22,406] INFO:       max_depth: 6
[2016-04-23 20:19:22,406] INFO:       max_features: 0.35000000000000003
[2016-04-23 20:19:22,406] INFO:       min_samples_leaf: 4
[2016-04-23 20:19:22,406] INFO:       min_samples_split: 13
[2016-04-23 20:19:22,407] INFO:       n_estimators: 980
[2016-04-23 20:19:22,407] INFO:       n_jobs: 2
[2016-04-23 20:19:22,407] INFO:       random_state: 2016
[2016-04-23 20:19:22,407] INFO:       verbose: 0
[2016-04-23 20:19:22,407] INFO: Result
[2016-04-23 20:19:22,407] INFO:       Run      RMSE        Shape
[2016-04-23 20:29:39,615] INFO:         1    0.463051    23167 x 827
[2016-04-23 20:39:39,804] INFO:         2    0.464356    21940 x 827
[2016-04-23 20:49:22,329] INFO:         3     0.46368    22182 x 827
[2016-04-23 20:58:45,885] INFO:         4    0.464396    21966 x 827
[2016-04-23 21:08:12,805] INFO:         5    0.464732    21961 x 827
[2016-04-23 21:08:13,070] INFO: RMSE
[2016-04-23 21:08:13,070] INFO:       Mean: 0.464043
[2016-04-23 21:08:13,070] INFO:       Std: 0.000602
[2016-04-23 21:08:13,070] INFO: Time
[2016-04-23 21:08:13,070] INFO:       48 mins
[2016-04-23 21:08:13,070] INFO: --------------------------------------------------
[2016-04-23 21:26:19,354] INFO: tpe_transform took 0.000000 seconds
[2016-04-23 21:26:19,354] INFO: TPE using 11/11 trials with best loss 0.456785
[2016-04-23 21:26:19,354] INFO: ==================================================
[2016-04-23 21:26:19,354] INFO: Task
[2016-04-23 21:26:19,354] INFO:       [Feat@basic_nonlinear_201604170111]_[Learner@reg_skl_etr]_[Id@12]
[2016-04-23 21:26:19,354] INFO: Param
[2016-04-23 21:26:19,354] INFO:       max_depth: 5
[2016-04-23 21:26:19,354] INFO:       max_features: 0.2
[2016-04-23 21:26:19,354] INFO:       min_samples_leaf: 13
[2016-04-23 21:26:19,354] INFO:       min_samples_split: 4
[2016-04-23 21:26:19,354] INFO:       n_estimators: 920
[2016-04-23 21:26:19,354] INFO:       n_jobs: 2
[2016-04-23 21:26:19,354] INFO:       random_state: 2016
[2016-04-23 21:26:19,354] INFO:       verbose: 0
[2016-04-23 21:26:19,354] INFO: Result
[2016-04-23 21:26:19,354] INFO:       Run      RMSE        Shape
[2016-04-23 21:31:03,176] INFO:         1     0.46733    23167 x 827
[2016-04-23 21:35:25,735] INFO:         2    0.468687    21940 x 827
[2016-04-23 21:39:48,667] INFO:         3    0.467662    22182 x 827
[2016-04-23 21:44:05,491] INFO:         4    0.468437    21966 x 827
[2016-04-23 21:48:23,311] INFO:         5    0.469025    21961 x 827
[2016-04-23 21:48:23,576] INFO: RMSE
[2016-04-23 21:48:23,576] INFO:       Mean: 0.468228
[2016-04-23 21:48:23,576] INFO:       Std: 0.000635
[2016-04-23 21:48:23,576] INFO: Time
[2016-04-23 21:48:23,576] INFO:       22 mins
[2016-04-23 21:48:23,576] INFO: --------------------------------------------------
[2016-04-23 21:55:39,621] INFO: tpe_transform took 0.015600 seconds
[2016-04-23 21:55:39,621] INFO: TPE using 12/12 trials with best loss 0.456785
[2016-04-23 21:55:39,637] INFO: ==================================================
[2016-04-23 21:55:39,637] INFO: Task
[2016-04-23 21:55:39,637] INFO:       [Feat@basic_nonlinear_201604170111]_[Learner@reg_skl_etr]_[Id@13]
[2016-04-23 21:55:39,637] INFO: Param
[2016-04-23 21:55:39,637] INFO:       max_depth: 6
[2016-04-23 21:55:39,637] INFO:       max_features: 0.9
[2016-04-23 21:55:39,637] INFO:       min_samples_leaf: 5
[2016-04-23 21:55:39,637] INFO:       min_samples_split: 4
[2016-04-23 21:55:39,637] INFO:       n_estimators: 630
[2016-04-23 21:55:39,637] INFO:       n_jobs: 2
[2016-04-23 21:55:39,637] INFO:       random_state: 2016
[2016-04-23 21:55:39,637] INFO:       verbose: 0
[2016-04-23 21:55:39,637] INFO: Result
[2016-04-23 21:55:39,637] INFO:       Run      RMSE        Shape
[2016-04-23 22:11:24,015] INFO:         1    0.461389    23167 x 827
[2016-04-23 22:26:10,167] INFO:         2    0.462729    21940 x 827
[2016-04-23 22:41:08,768] INFO:         3    0.462086    22182 x 827
[2016-04-23 22:55:52,797] INFO:         4    0.463298    21966 x 827
[2016-04-23 23:10:43,663] INFO:         5    0.463072    21961 x 827
[2016-04-23 23:10:43,819] INFO: RMSE
[2016-04-23 23:10:43,835] INFO:       Mean: 0.462515
[2016-04-23 23:10:43,835] INFO:       Std: 0.000696
[2016-04-23 23:10:43,835] INFO: Time
[2016-04-23 23:10:43,835] INFO:       75 mins
[2016-04-23 23:10:43,835] INFO: --------------------------------------------------
[2016-04-23 23:39:28,173] INFO: tpe_transform took 0.015600 seconds
[2016-04-23 23:39:28,173] INFO: TPE using 13/13 trials with best loss 0.456785
[2016-04-23 23:39:28,173] INFO: ==================================================
[2016-04-23 23:39:28,173] INFO: Task
[2016-04-23 23:39:28,173] INFO:       [Feat@basic_nonlinear_201604170111]_[Learner@reg_skl_etr]_[Id@14]
[2016-04-23 23:39:28,173] INFO: Param
[2016-04-23 23:39:28,173] INFO:       max_depth: 10
[2016-04-23 23:39:28,173] INFO:       max_features: 0.65
[2016-04-23 23:39:28,173] INFO:       min_samples_leaf: 8
[2016-04-23 23:39:28,173] INFO:       min_samples_split: 3
[2016-04-23 23:39:28,173] INFO:       n_estimators: 320
[2016-04-23 23:39:28,173] INFO:       n_jobs: 2
[2016-04-23 23:39:28,173] INFO:       random_state: 2016
[2016-04-23 23:39:28,173] INFO:       verbose: 0
[2016-04-23 23:39:28,173] INFO: Result
[2016-04-23 23:39:28,173] INFO:       Run      RMSE        Shape
[2016-04-23 23:47:29,241] INFO:         1     0.45353    23167 x 827
[2016-04-23 23:55:02,409] INFO:         2    0.454746    21940 x 827
[2016-04-24 00:02:41,141] INFO:         3    0.454625    22182 x 827
[2016-04-24 00:10:16,461] INFO:         4    0.455751    21966 x 827
[2016-04-24 00:17:48,740] INFO:         5     0.45526    21961 x 827
[2016-04-24 00:17:49,036] INFO: RMSE
[2016-04-24 00:17:49,036] INFO:       Mean: 0.454782
[2016-04-24 00:17:49,036] INFO:       Std: 0.000743
[2016-04-24 00:17:49,036] INFO: Time
[2016-04-24 00:17:49,036] INFO:       38 mins
[2016-04-24 00:17:49,036] INFO: --------------------------------------------------
[2016-04-24 00:39:06,180] INFO: tpe_transform took 0.000000 seconds
[2016-04-24 00:39:06,180] INFO: TPE using 14/14 trials with best loss 0.454782
[2016-04-24 00:39:06,180] INFO: ==================================================
[2016-04-24 00:39:06,180] INFO: Task
[2016-04-24 00:39:06,180] INFO:       [Feat@basic_nonlinear_201604170111]_[Learner@reg_skl_etr]_[Id@15]
[2016-04-24 00:39:06,180] INFO: Param
[2016-04-24 00:39:06,180] INFO:       max_depth: 3
[2016-04-24 00:39:06,180] INFO:       max_features: 0.4
[2016-04-24 00:39:06,180] INFO:       min_samples_leaf: 14
[2016-04-24 00:39:06,180] INFO:       min_samples_split: 5
[2016-04-24 00:39:06,180] INFO:       n_estimators: 930
[2016-04-24 00:39:06,180] INFO:       n_jobs: 2
[2016-04-24 00:39:06,180] INFO:       random_state: 2016
[2016-04-24 00:39:06,180] INFO:       verbose: 0
[2016-04-24 00:39:06,180] INFO: Result
[2016-04-24 00:39:06,180] INFO:       Run      RMSE        Shape
[2016-04-24 00:44:40,079] INFO:         1    0.474799    23167 x 827
[2016-04-24 00:50:00,056] INFO:         2    0.475403    21940 x 827
[2016-04-24 00:55:23,014] INFO:         3    0.474576    22182 x 827
[2016-04-24 01:00:44,164] INFO:         4    0.475851    21966 x 827
[2016-04-24 01:06:07,559] INFO:         5     0.47663    21961 x 827
[2016-04-24 01:06:07,731] INFO: RMSE
[2016-04-24 01:06:07,731] INFO:       Mean: 0.475452
[2016-04-24 01:06:07,731] INFO:       Std: 0.000741
[2016-04-24 01:06:07,731] INFO: Time
[2016-04-24 01:06:07,731] INFO:       27 mins
[2016-04-24 01:06:07,731] INFO: --------------------------------------------------
[2016-04-24 01:13:09,089] INFO: tpe_transform took 0.000000 seconds
[2016-04-24 01:13:09,089] INFO: TPE using 15/15 trials with best loss 0.454782
[2016-04-24 01:13:09,105] INFO: ==================================================
[2016-04-24 01:13:09,105] INFO: Task
[2016-04-24 01:13:09,105] INFO:       [Feat@basic_nonlinear_201604170111]_[Learner@reg_skl_etr]_[Id@16]
[2016-04-24 01:13:09,105] INFO: Param
[2016-04-24 01:13:09,105] INFO:       max_depth: 5
[2016-04-24 01:13:09,105] INFO:       max_features: 0.7000000000000001
[2016-04-24 01:13:09,105] INFO:       min_samples_leaf: 5
[2016-04-24 01:13:09,105] INFO:       min_samples_split: 4
[2016-04-24 01:13:09,105] INFO:       n_estimators: 920
[2016-04-24 01:13:09,105] INFO:       n_jobs: 2
[2016-04-24 01:13:09,105] INFO:       random_state: 2016
[2016-04-24 01:13:09,105] INFO:       verbose: 0
[2016-04-24 01:13:09,105] INFO: Result
[2016-04-24 01:13:09,105] INFO:       Run      RMSE        Shape
[2016-04-24 01:29:25,584] INFO:         1    0.465058    23167 x 827
[2016-04-24 01:44:39,461] INFO:         2    0.466327    21940 x 827
[2016-04-24 01:59:55,678] INFO:         3    0.465532    22182 x 827
[2016-04-24 02:15:09,483] INFO:         4    0.466606    21966 x 827
[2016-04-24 02:30:18,118] INFO:         5    0.466787    21961 x 827
[2016-04-24 02:30:18,336] INFO: RMSE
[2016-04-24 02:30:18,336] INFO:       Mean: 0.466062
[2016-04-24 02:30:18,336] INFO:       Std: 0.000660
[2016-04-24 02:30:18,336] INFO: Time
[2016-04-24 02:30:18,336] INFO:       77 mins
[2016-04-24 02:30:18,336] INFO: --------------------------------------------------
[2016-04-24 02:56:37,796] INFO: tpe_transform took 0.000000 seconds
[2016-04-24 02:56:37,796] INFO: TPE using 16/16 trials with best loss 0.454782
[2016-04-24 02:56:37,796] INFO: ==================================================
[2016-04-24 02:56:37,796] INFO: Task
[2016-04-24 02:56:37,796] INFO:       [Feat@basic_nonlinear_201604170111]_[Learner@reg_skl_etr]_[Id@17]
[2016-04-24 02:56:37,796] INFO: Param
[2016-04-24 02:56:37,796] INFO:       max_depth: 3
[2016-04-24 02:56:37,796] INFO:       max_features: 0.5
[2016-04-24 02:56:37,796] INFO:       min_samples_leaf: 9
[2016-04-24 02:56:37,796] INFO:       min_samples_split: 11
[2016-04-24 02:56:37,796] INFO:       n_estimators: 590
[2016-04-24 02:56:37,796] INFO:       n_jobs: 2
[2016-04-24 02:56:37,796] INFO:       random_state: 2016
[2016-04-24 02:56:37,796] INFO:       verbose: 0
[2016-04-24 02:56:37,796] INFO: Result
[2016-04-24 02:56:37,796] INFO:       Run      RMSE        Shape
[2016-04-24 03:01:14,994] INFO:         1    0.474664    23167 x 827
[2016-04-24 03:05:37,831] INFO:         2    0.475107    21940 x 827
[2016-04-24 03:10:17,660] INFO:         3    0.474495    22182 x 827
[2016-04-24 03:14:30,482] INFO:         4    0.475775    21966 x 827
[2016-04-24 03:18:48,844] INFO:         5     0.47646    21961 x 827
[2016-04-24 03:18:49,093] INFO: RMSE
[2016-04-24 03:18:49,093] INFO:       Mean: 0.475300
[2016-04-24 03:18:49,093] INFO:       Std: 0.000730
[2016-04-24 03:18:49,093] INFO: Time
[2016-04-24 03:18:49,093] INFO:       22 mins
[2016-04-24 03:18:49,093] INFO: --------------------------------------------------
[2016-04-24 03:24:40,262] INFO: tpe_transform took 0.015600 seconds
[2016-04-24 03:24:40,262] INFO: TPE using 17/17 trials with best loss 0.454782
[2016-04-24 03:24:40,262] INFO: ==================================================
[2016-04-24 03:24:40,262] INFO: Task
[2016-04-24 03:24:40,262] INFO:       [Feat@basic_nonlinear_201604170111]_[Learner@reg_skl_etr]_[Id@18]
[2016-04-24 03:24:40,262] INFO: Param
[2016-04-24 03:24:40,262] INFO:       max_depth: 2
[2016-04-24 03:24:40,262] INFO:       max_features: 0.65
[2016-04-24 03:24:40,262] INFO:       min_samples_leaf: 5
[2016-04-24 03:24:40,262] INFO:       min_samples_split: 12
[2016-04-24 03:24:40,262] INFO:       n_estimators: 390
[2016-04-24 03:24:40,262] INFO:       n_jobs: 2
[2016-04-24 03:24:40,262] INFO:       random_state: 2016
[2016-04-24 03:24:40,262] INFO:       verbose: 0
[2016-04-24 03:24:40,262] INFO: Result
[2016-04-24 03:24:40,262] INFO:       Run      RMSE        Shape
[2016-04-24 03:27:19,643] INFO:         1    0.482261    23167 x 827
[2016-04-24 03:29:50,737] INFO:         2    0.482652    21940 x 827
[2016-04-24 03:32:22,852] INFO:         3    0.481428    22182 x 827
[2016-04-24 03:34:52,697] INFO:         4    0.483499    21966 x 827
[2016-04-24 03:37:24,902] INFO:         5    0.484033    21961 x 827
[2016-04-24 03:37:25,199] INFO: RMSE
[2016-04-24 03:37:25,199] INFO:       Mean: 0.482775
[2016-04-24 03:37:25,199] INFO:       Std: 0.000917
[2016-04-24 03:37:25,199] INFO: Time
[2016-04-24 03:37:25,199] INFO:       12 mins
[2016-04-24 03:37:25,199] INFO: --------------------------------------------------
[2016-04-24 03:40:23,417] INFO: tpe_transform took 0.000000 seconds
[2016-04-24 03:40:23,417] INFO: TPE using 18/18 trials with best loss 0.454782
[2016-04-24 03:40:23,417] INFO: ==================================================
[2016-04-24 03:40:23,417] INFO: Task
[2016-04-24 03:40:23,417] INFO:       [Feat@basic_nonlinear_201604170111]_[Learner@reg_skl_etr]_[Id@19]
[2016-04-24 03:40:23,417] INFO: Param
[2016-04-24 03:40:23,417] INFO:       max_depth: 6
[2016-04-24 03:40:23,417] INFO:       max_features: 1.0
[2016-04-24 03:40:23,417] INFO:       min_samples_leaf: 12
[2016-04-24 03:40:23,417] INFO:       min_samples_split: 2
[2016-04-24 03:40:23,417] INFO:       n_estimators: 200
[2016-04-24 03:40:23,417] INFO:       n_jobs: 2
[2016-04-24 03:40:23,417] INFO:       random_state: 2016
[2016-04-24 03:40:23,417] INFO:       verbose: 0
[2016-04-24 03:40:23,417] INFO: Result
[2016-04-24 03:40:23,417] INFO:       Run      RMSE        Shape
[2016-04-24 03:46:05,431] INFO:         1    0.461049    23167 x 827
[2016-04-24 03:51:29,926] INFO:         2    0.462759    21940 x 827
[2016-04-24 03:56:57,891] INFO:         3    0.461825    22182 x 827
[2016-04-24 04:02:17,457] INFO:         4    0.463161    21966 x 827
[2016-04-24 04:07:41,501] INFO:         5    0.463225    21961 x 827
[2016-04-24 04:07:41,782] INFO: RMSE
[2016-04-24 04:07:41,782] INFO:       Mean: 0.462404
[2016-04-24 04:07:41,782] INFO:       Std: 0.000842
[2016-04-24 04:07:41,782] INFO: Time
[2016-04-24 04:07:41,782] INFO:       27 mins
[2016-04-24 04:07:41,782] INFO: --------------------------------------------------
[2016-04-24 04:18:18,053] INFO: tpe_transform took 0.000000 seconds
[2016-04-24 04:18:18,053] INFO: TPE using 19/19 trials with best loss 0.454782
[2016-04-24 04:18:18,053] INFO: ==================================================
[2016-04-24 04:18:18,053] INFO: Task
[2016-04-24 04:18:18,053] INFO:       [Feat@basic_nonlinear_201604170111]_[Learner@reg_skl_etr]_[Id@20]
[2016-04-24 04:18:18,053] INFO: Param
[2016-04-24 04:18:18,053] INFO:       max_depth: 6
[2016-04-24 04:18:18,053] INFO:       max_features: 0.35000000000000003
[2016-04-24 04:18:18,053] INFO:       min_samples_leaf: 12
[2016-04-24 04:18:18,053] INFO:       min_samples_split: 8
[2016-04-24 04:18:18,053] INFO:       n_estimators: 930
[2016-04-24 04:18:18,053] INFO:       n_jobs: 2
[2016-04-24 04:18:18,053] INFO:       random_state: 2016
[2016-04-24 04:18:18,053] INFO:       verbose: 0
[2016-04-24 04:18:18,069] INFO: Result
[2016-04-24 04:18:18,069] INFO:       Run      RMSE        Shape
[2016-04-24 04:27:49,180] INFO:         1    0.463063    23167 x 827
[2016-04-24 04:36:44,708] INFO:         2    0.464306    21940 x 827
[2016-04-24 04:45:43,321] INFO:         3    0.463583    22182 x 827
[2016-04-24 04:54:47,498] INFO:         4    0.464433    21966 x 827
[2016-04-24 05:03:55,431] INFO:         5    0.464758    21961 x 827
[2016-04-24 05:03:55,681] INFO: RMSE
[2016-04-24 05:03:55,681] INFO:       Mean: 0.464029
[2016-04-24 05:03:55,681] INFO:       Std: 0.000617
[2016-04-24 05:03:55,681] INFO: Time
[2016-04-24 05:03:55,681] INFO:       45 mins
[2016-04-24 05:03:55,681] INFO: --------------------------------------------------
[2016-04-24 05:21:26,924] INFO: tpe_transform took 0.015600 seconds
[2016-04-24 05:21:26,924] INFO: TPE using 20/20 trials with best loss 0.454782
[2016-04-24 05:21:26,956] INFO: ==================================================
[2016-04-24 05:21:26,956] INFO: Task
[2016-04-24 05:21:26,956] INFO:       [Feat@basic_nonlinear_201604170111]_[Learner@reg_skl_etr]_[Id@21]
[2016-04-24 05:21:26,956] INFO: Param
[2016-04-24 05:21:26,956] INFO:       max_depth: 10
[2016-04-24 05:21:26,956] INFO:       max_features: 0.15000000000000002
[2016-04-24 05:21:26,956] INFO:       min_samples_leaf: 7
[2016-04-24 05:21:26,956] INFO:       min_samples_split: 1
[2016-04-24 05:21:26,956] INFO:       n_estimators: 420
[2016-04-24 05:21:26,956] INFO:       n_jobs: 2
[2016-04-24 05:21:26,956] INFO:       random_state: 2016
[2016-04-24 05:21:26,956] INFO:       verbose: 0
[2016-04-24 05:21:26,956] INFO: Result
[2016-04-24 05:21:26,956] INFO:       Run      RMSE        Shape
[2016-04-24 05:24:11,686] INFO:         1    0.456538    23167 x 827
[2016-04-24 05:26:49,396] INFO:         2    0.457696    21940 x 827
[2016-04-24 05:29:27,906] INFO:         3    0.457223    22182 x 827
[2016-04-24 05:32:03,305] INFO:         4    0.457912    21966 x 827
[2016-04-24 05:34:40,422] INFO:         5    0.458058    21961 x 827
[2016-04-24 05:34:40,718] INFO: RMSE
[2016-04-24 05:34:40,718] INFO:       Mean: 0.457485
[2016-04-24 05:34:40,718] INFO:       Std: 0.000552
[2016-04-24 05:34:40,718] INFO: Time
[2016-04-24 05:34:40,718] INFO:       13 mins
[2016-04-24 05:34:40,718] INFO: --------------------------------------------------
[2016-04-24 05:41:53,314] INFO: tpe_transform took 0.000000 seconds
[2016-04-24 05:41:53,314] INFO: TPE using 21/21 trials with best loss 0.454782
[2016-04-24 05:41:53,330] INFO: ==================================================
[2016-04-24 05:41:53,345] INFO: Task
[2016-04-24 05:41:53,345] INFO:       [Feat@basic_nonlinear_201604170111]_[Learner@reg_skl_etr]_[Id@22]
[2016-04-24 05:41:53,345] INFO: Param
[2016-04-24 05:41:53,345] INFO:       max_depth: 10
[2016-04-24 05:41:53,345] INFO:       max_features: 0.6000000000000001
[2016-04-24 05:41:53,345] INFO:       min_samples_leaf: 7
[2016-04-24 05:41:53,345] INFO:       min_samples_split: 2
[2016-04-24 05:41:53,345] INFO:       n_estimators: 380
[2016-04-24 05:41:53,345] INFO:       n_jobs: 2
[2016-04-24 05:41:53,345] INFO:       random_state: 2016
[2016-04-24 05:41:53,345] INFO:       verbose: 0
[2016-04-24 05:41:53,345] INFO: Result
[2016-04-24 05:41:53,345] INFO:       Run      RMSE        Shape
[2016-04-24 05:50:57,100] INFO:         1    0.453607    23167 x 827
[2016-04-24 05:59:29,427] INFO:         2    0.455031    21940 x 827
[2016-04-24 06:08:12,283] INFO:         3    0.454651    22182 x 827
[2016-04-24 06:16:44,183] INFO:         4    0.455769    21966 x 827
[2016-04-24 06:24:57,966] INFO:         5    0.455194    21961 x 827
[2016-04-24 06:24:58,310] INFO: RMSE
[2016-04-24 06:24:58,310] INFO:       Mean: 0.454850
[2016-04-24 06:24:58,310] INFO:       Std: 0.000719
[2016-04-24 06:24:58,310] INFO: Time
[2016-04-24 06:24:58,310] INFO:       43 mins
[2016-04-24 06:24:58,310] INFO: --------------------------------------------------
[2016-04-24 06:49:34,060] INFO: tpe_transform took 0.000000 seconds
[2016-04-24 06:49:34,075] INFO: TPE using 22/22 trials with best loss 0.454782
[2016-04-24 06:49:34,091] INFO: ==================================================
[2016-04-24 06:49:34,091] INFO: Task
[2016-04-24 06:49:34,091] INFO:       [Feat@basic_nonlinear_201604170111]_[Learner@reg_skl_etr]_[Id@23]
[2016-04-24 06:49:34,091] INFO: Param
[2016-04-24 06:49:34,091] INFO:       max_depth: 9
[2016-04-24 06:49:34,091] INFO:       max_features: 0.55
[2016-04-24 06:49:34,091] INFO:       min_samples_leaf: 7
[2016-04-24 06:49:34,091] INFO:       min_samples_split: 2
[2016-04-24 06:49:34,091] INFO:       n_estimators: 380
[2016-04-24 06:49:34,091] INFO:       n_jobs: 2
[2016-04-24 06:49:34,091] INFO:       random_state: 2016
[2016-04-24 06:49:34,091] INFO:       verbose: 0
[2016-04-24 06:49:34,091] INFO: Result
[2016-04-24 06:49:34,091] INFO:       Run      RMSE        Shape
[2016-04-24 06:57:37,464] INFO:         1    0.455326    23167 x 827
[2016-04-24 07:05:07,951] INFO:         2    0.456613    21940 x 827
[2016-04-24 07:12:42,906] INFO:         3    0.456286    22182 x 827
[2016-04-24 07:20:15,167] INFO:         4    0.457299    21966 x 827
[2016-04-24 07:27:39,439] INFO:         5    0.457002    21961 x 827
[2016-04-24 07:27:39,689] INFO: RMSE
[2016-04-24 07:27:39,689] INFO:       Mean: 0.456505
[2016-04-24 07:27:39,689] INFO:       Std: 0.000682
[2016-04-24 07:27:39,689] INFO: Time
[2016-04-24 07:27:39,689] INFO:       38 mins
[2016-04-24 07:27:39,689] INFO: --------------------------------------------------
[2016-04-24 07:47:23,442] INFO: tpe_transform took 0.000000 seconds
[2016-04-24 07:47:23,442] INFO: TPE using 23/23 trials with best loss 0.454782
[2016-04-24 07:47:23,457] INFO: ==================================================
[2016-04-24 07:47:23,457] INFO: Task
[2016-04-24 07:47:23,457] INFO:       [Feat@basic_nonlinear_201604170111]_[Learner@reg_skl_etr]_[Id@24]
[2016-04-24 07:47:23,457] INFO: Param
[2016-04-24 07:47:23,457] INFO:       max_depth: 9
[2016-04-24 07:47:23,457] INFO:       max_features: 0.8
[2016-04-24 07:47:23,457] INFO:       min_samples_leaf: 10
[2016-04-24 07:47:23,457] INFO:       min_samples_split: 6
[2016-04-24 07:47:23,457] INFO:       n_estimators: 300
[2016-04-24 07:47:23,457] INFO:       n_jobs: 2
[2016-04-24 07:47:23,457] INFO:       random_state: 2016
[2016-04-24 07:47:23,457] INFO:       verbose: 0
[2016-04-24 07:47:23,457] INFO: Result
[2016-04-24 07:47:23,457] INFO:       Run      RMSE        Shape
[2016-04-24 07:56:17,562] INFO:         1    0.454597    23167 x 827
[2016-04-24 08:04:38,514] INFO:         2    0.456172    21940 x 827
[2016-04-24 08:13:14,681] INFO:         3    0.455637    22182 x 827
[2016-04-24 08:21:44,591] INFO:         4     0.45692    21966 x 827
[2016-04-24 08:30:00,235] INFO:         5    0.456421    21961 x 827
[2016-04-24 08:30:00,422] INFO: RMSE
[2016-04-24 08:30:00,422] INFO:       Mean: 0.455949
[2016-04-24 08:30:00,422] INFO:       Std: 0.000792
[2016-04-24 08:30:00,422] INFO: Time
[2016-04-24 08:30:00,422] INFO:       42 mins
[2016-04-24 08:30:00,422] INFO: --------------------------------------------------
[2016-04-24 08:52:25,713] INFO: tpe_transform took 0.000000 seconds
[2016-04-24 08:52:25,713] INFO: TPE using 24/24 trials with best loss 0.454782
[2016-04-24 08:52:25,728] INFO: ==================================================
[2016-04-24 08:52:25,728] INFO: Task
[2016-04-24 08:52:25,728] INFO:       [Feat@basic_nonlinear_201604170111]_[Learner@reg_skl_etr]_[Id@25]
[2016-04-24 08:52:25,728] INFO: Param
[2016-04-24 08:52:25,728] INFO:       max_depth: 10
[2016-04-24 08:52:25,728] INFO:       max_features: 0.55
[2016-04-24 08:52:25,728] INFO:       min_samples_leaf: 7
[2016-04-24 08:52:25,728] INFO:       min_samples_split: 3
[2016-04-24 08:52:25,728] INFO:       n_estimators: 480
[2016-04-24 08:52:25,728] INFO:       n_jobs: 2
[2016-04-24 08:52:25,744] INFO:       random_state: 2016
[2016-04-24 08:52:25,744] INFO:       verbose: 0
[2016-04-24 08:52:25,744] INFO: Result
[2016-04-24 08:52:25,744] INFO:       Run      RMSE        Shape
[2016-04-24 09:03:13,684] INFO:         1    0.453888    23167 x 827
[2016-04-24 09:13:25,136] INFO:         2    0.455068    21940 x 827
[2016-04-24 09:23:44,179] INFO:         3    0.454708    22182 x 827
[2016-04-24 09:33:46,091] INFO:         4    0.455827    21966 x 827
[2016-04-24 09:43:43,632] INFO:         5    0.455454    21961 x 827
[2016-04-24 09:43:43,850] INFO: RMSE
[2016-04-24 09:43:43,850] INFO:       Mean: 0.454989
[2016-04-24 09:43:43,850] INFO:       Std: 0.000666
[2016-04-24 09:43:43,850] INFO: Time
[2016-04-24 09:43:43,850] INFO:       51 mins
[2016-04-24 09:43:43,850] INFO: --------------------------------------------------
[2016-04-24 10:12:24,692] INFO: tpe_transform took 0.015600 seconds
[2016-04-24 10:12:24,692] INFO: TPE using 25/25 trials with best loss 0.454782
[2016-04-24 10:12:24,692] INFO: ==================================================
[2016-04-24 10:12:24,692] INFO: Task
[2016-04-24 10:12:24,692] INFO:       [Feat@basic_nonlinear_201604170111]_[Learner@reg_skl_etr]_[Id@26]
[2016-04-24 10:12:24,692] INFO: Param
[2016-04-24 10:12:24,692] INFO:       max_depth: 8
[2016-04-24 10:12:24,692] INFO:       max_features: 0.6000000000000001
[2016-04-24 10:12:24,692] INFO:       min_samples_leaf: 9
[2016-04-24 10:12:24,692] INFO:       min_samples_split: 1
[2016-04-24 10:12:24,692] INFO:       n_estimators: 110
[2016-04-24 10:12:24,692] INFO:       n_jobs: 2
[2016-04-24 10:12:24,692] INFO:       random_state: 2016
[2016-04-24 10:12:24,692] INFO:       verbose: 0
[2016-04-24 10:12:24,692] INFO: Result
[2016-04-24 10:12:24,692] INFO:       Run      RMSE        Shape
[2016-04-24 10:14:49,497] INFO:         1    0.457149    23167 x 827
[2016-04-24 10:17:08,991] INFO:         2    0.458645    21940 x 827
[2016-04-24 10:19:26,804] INFO:         3    0.457989    22182 x 827
[2016-04-24 10:21:41,408] INFO:         4    0.459197    21966 x 827
[2016-04-24 10:23:57,264] INFO:         5    0.458823    21961 x 827
[2016-04-24 10:23:57,544] INFO: RMSE
[2016-04-24 10:23:57,544] INFO:       Mean: 0.458361
[2016-04-24 10:23:57,544] INFO:       Std: 0.000721
[2016-04-24 10:23:57,544] INFO: Time
[2016-04-24 10:23:57,544] INFO:       11 mins
[2016-04-24 10:23:57,544] INFO: --------------------------------------------------
[2016-04-24 10:29:18,845] INFO: tpe_transform took 0.000000 seconds
[2016-04-24 10:29:18,845] INFO: TPE using 26/26 trials with best loss 0.454782
[2016-04-24 10:29:18,860] INFO: ==================================================
[2016-04-24 10:29:18,860] INFO: Task
[2016-04-24 10:29:18,860] INFO:       [Feat@basic_nonlinear_201604170111]_[Learner@reg_skl_etr]_[Id@27]
[2016-04-24 10:29:18,860] INFO: Param
[2016-04-24 10:29:18,860] INFO:       max_depth: 7
[2016-04-24 10:29:18,860] INFO:       max_features: 0.8500000000000001
[2016-04-24 10:29:18,860] INFO:       min_samples_leaf: 8
[2016-04-24 10:29:18,860] INFO:       min_samples_split: 6
[2016-04-24 10:29:18,860] INFO:       n_estimators: 310
[2016-04-24 10:29:18,860] INFO:       n_jobs: 2
[2016-04-24 10:29:18,860] INFO:       random_state: 2016
[2016-04-24 10:29:18,860] INFO:       verbose: 0
[2016-04-24 10:29:18,860] INFO: Result
[2016-04-24 10:29:18,860] INFO:       Run      RMSE        Shape
[2016-04-24 10:37:57,375] INFO:         1    0.458605    23167 x 827
[2016-04-24 10:46:03,922] INFO:         2    0.460215    21940 x 827
[2016-04-24 10:54:13,805] INFO:         3    0.459528    22182 x 827
[2016-04-24 11:01:52,999] INFO:         4    0.460831    21966 x 827
[2016-04-24 11:09:25,435] INFO:         5    0.460483    21961 x 827
[2016-04-24 11:09:25,685] INFO: RMSE
[2016-04-24 11:09:25,685] INFO:       Mean: 0.459932
[2016-04-24 11:09:25,685] INFO:       Std: 0.000789
[2016-04-24 11:09:25,685] INFO: Time
[2016-04-24 11:09:25,685] INFO:       40 mins
[2016-04-24 11:09:25,685] INFO: --------------------------------------------------
[2016-04-24 11:25:59,571] INFO: tpe_transform took 0.015600 seconds
[2016-04-24 11:25:59,571] INFO: TPE using 27/27 trials with best loss 0.454782
[2016-04-24 11:25:59,587] INFO: ==================================================
[2016-04-24 11:25:59,587] INFO: Task
[2016-04-24 11:25:59,587] INFO:       [Feat@basic_nonlinear_201604170111]_[Learner@reg_skl_etr]_[Id@28]
[2016-04-24 11:25:59,587] INFO: Param
[2016-04-24 11:25:59,587] INFO:       max_depth: 9
[2016-04-24 11:25:59,587] INFO:       max_features: 0.5
[2016-04-24 11:25:59,587] INFO:       min_samples_leaf: 10
[2016-04-24 11:25:59,587] INFO:       min_samples_split: 3
[2016-04-24 11:25:59,587] INFO:       n_estimators: 510
[2016-04-24 11:25:59,587] INFO:       n_jobs: 2
[2016-04-24 11:25:59,587] INFO:       random_state: 2016
[2016-04-24 11:25:59,587] INFO:       verbose: 0
[2016-04-24 11:25:59,587] INFO: Result
[2016-04-24 11:25:59,587] INFO:       Run      RMSE        Shape
[2016-04-24 11:34:50,259] INFO:         1    0.455446    23167 x 827
[2016-04-24 11:43:08,811] INFO:         2    0.456851    21940 x 827
[2016-04-24 11:51:34,922] INFO:         3    0.456323    22182 x 827
[2016-04-24 11:59:55,010] INFO:         4    0.457542    21966 x 827
[2016-04-24 12:08:22,654] INFO:         5    0.456959    21961 x 827
[2016-04-24 12:08:22,981] INFO: RMSE
[2016-04-24 12:08:22,981] INFO:       Mean: 0.456624
[2016-04-24 12:08:22,981] INFO:       Std: 0.000705
[2016-04-24 12:08:22,981] INFO: Time
[2016-04-24 12:08:22,981] INFO:       42 mins
[2016-04-24 12:08:22,981] INFO: --------------------------------------------------
[2016-04-24 12:31:20,124] INFO: tpe_transform took 0.015600 seconds
[2016-04-24 12:31:20,124] INFO: TPE using 28/28 trials with best loss 0.454782
[2016-04-24 12:31:20,140] INFO: ==================================================
[2016-04-24 12:31:20,140] INFO: Task
[2016-04-24 12:31:20,140] INFO:       [Feat@basic_nonlinear_201604170111]_[Learner@reg_skl_etr]_[Id@29]
[2016-04-24 12:31:20,140] INFO: Param
[2016-04-24 12:31:20,140] INFO:       max_depth: 10
[2016-04-24 12:31:20,140] INFO:       max_features: 0.75
[2016-04-24 12:31:20,140] INFO:       min_samples_leaf: 6
[2016-04-24 12:31:20,140] INFO:       min_samples_split: 9
[2016-04-24 12:31:20,140] INFO:       n_estimators: 190
[2016-04-24 12:31:20,140] INFO:       n_jobs: 2
[2016-04-24 12:31:20,140] INFO:       random_state: 2016
[2016-04-24 12:31:20,140] INFO:       verbose: 0
[2016-04-24 12:31:20,140] INFO: Result
[2016-04-24 12:31:20,140] INFO:       Run      RMSE        Shape
[2016-04-24 12:36:40,673] INFO:         1    0.453185    23167 x 827
[2016-04-24 12:41:43,720] INFO:         2    0.454894    21940 x 827
[2016-04-24 12:46:47,410] INFO:         3     0.45452    22182 x 827
[2016-04-24 12:51:49,488] INFO:         4    0.455702    21966 x 827
[2016-04-24 12:56:45,329] INFO:         5    0.455237    21961 x 827
[2016-04-24 12:56:45,594] INFO: RMSE
[2016-04-24 12:56:45,594] INFO:       Mean: 0.454708
[2016-04-24 12:56:45,594] INFO:       Std: 0.000855
[2016-04-24 12:56:45,594] INFO: Time
[2016-04-24 12:56:45,594] INFO:       25 mins
[2016-04-24 12:56:45,594] INFO: --------------------------------------------------
[2016-04-24 13:11:23,592] INFO: tpe_transform took 0.000000 seconds
[2016-04-24 13:11:23,592] INFO: TPE using 29/29 trials with best loss 0.454708
[2016-04-24 13:11:23,607] INFO: ==================================================
[2016-04-24 13:11:23,607] INFO: Task
[2016-04-24 13:11:23,607] INFO:       [Feat@basic_nonlinear_201604170111]_[Learner@reg_skl_etr]_[Id@30]
[2016-04-24 13:11:23,607] INFO: Param
[2016-04-24 13:11:23,607] INFO:       max_depth: 7
[2016-04-24 13:11:23,607] INFO:       max_features: 1.0
[2016-04-24 13:11:23,607] INFO:       min_samples_leaf: 6
[2016-04-24 13:11:23,607] INFO:       min_samples_split: 9
[2016-04-24 13:11:23,607] INFO:       n_estimators: 150
[2016-04-24 13:11:23,607] INFO:       n_jobs: 2
[2016-04-24 13:11:23,607] INFO:       random_state: 2016
[2016-04-24 13:11:23,607] INFO:       verbose: 0
[2016-04-24 13:11:23,607] INFO: Result
[2016-04-24 13:11:23,607] INFO:       Run      RMSE        Shape
[2016-04-24 13:16:01,053] INFO:         1    0.458611    23167 x 827
[2016-04-24 13:20:22,101] INFO:         2    0.460258    21940 x 827
[2016-04-24 13:24:43,648] INFO:         3    0.459391    22182 x 827
[2016-04-24 13:29:00,949] INFO:         4    0.460729    21966 x 827
[2016-04-24 13:33:18,543] INFO:         5    0.460527    21961 x 827
[2016-04-24 13:33:18,777] INFO: RMSE
[2016-04-24 13:33:18,777] INFO:       Mean: 0.459903
[2016-04-24 13:33:18,777] INFO:       Std: 0.000791
[2016-04-24 13:33:18,777] INFO: Time
[2016-04-24 13:33:18,777] INFO:       21 mins
[2016-04-24 13:33:18,777] INFO: --------------------------------------------------
[2016-04-24 13:42:55,639] INFO: tpe_transform took 0.452400 seconds
[2016-04-24 13:42:55,639] INFO: TPE using 30/30 trials with best loss 0.454708
[2016-04-24 13:42:55,655] INFO: ==================================================
[2016-04-24 13:42:55,655] INFO: Task
[2016-04-24 13:42:55,655] INFO:       [Feat@basic_nonlinear_201604170111]_[Learner@reg_skl_etr]_[Id@31]
[2016-04-24 13:42:55,655] INFO: Param
[2016-04-24 13:42:55,655] INFO:       max_depth: 8
[2016-04-24 13:42:55,655] INFO:       max_features: 0.8
[2016-04-24 13:42:55,655] INFO:       min_samples_leaf: 2
[2016-04-24 13:42:55,655] INFO:       min_samples_split: 10
[2016-04-24 13:42:55,655] INFO:       n_estimators: 200
[2016-04-24 13:42:55,655] INFO:       n_jobs: 2
[2016-04-24 13:42:55,655] INFO:       random_state: 2016
[2016-04-24 13:42:55,655] INFO:       verbose: 0
[2016-04-24 13:42:55,655] INFO: Result
[2016-04-24 13:42:55,655] INFO:       Run      RMSE        Shape
[2016-04-24 13:48:13,666] INFO:         1    0.456646    23167 x 827
[2016-04-24 13:53:16,602] INFO:         2    0.458132    21940 x 827
[2016-04-24 13:58:22,280] INFO:         3    0.457769    22182 x 827
[2016-04-24 14:03:24,761] INFO:         4    0.458644    21966 x 827
[2016-04-24 14:08:30,283] INFO:         5    0.458512    21961 x 827
[2016-04-24 14:08:30,517] INFO: RMSE
[2016-04-24 14:08:30,517] INFO:       Mean: 0.457941
[2016-04-24 14:08:30,517] INFO:       Std: 0.000716
[2016-04-24 14:08:30,517] INFO: Time
[2016-04-24 14:08:30,517] INFO:       25 mins
[2016-04-24 14:08:30,517] INFO: --------------------------------------------------
[2016-04-24 14:20:50,359] INFO: tpe_transform took 0.000000 seconds
[2016-04-24 14:20:50,359] INFO: TPE using 31/31 trials with best loss 0.454708
[2016-04-24 14:20:50,375] INFO: ==================================================
[2016-04-24 14:20:50,375] INFO: Task
[2016-04-24 14:20:50,375] INFO:       [Feat@basic_nonlinear_201604170111]_[Learner@reg_skl_etr]_[Id@32]
[2016-04-24 14:20:50,375] INFO: Param
[2016-04-24 14:20:50,375] INFO:       max_depth: 7
[2016-04-24 14:20:50,375] INFO:       max_features: 0.9500000000000001
[2016-04-24 14:20:50,375] INFO:       min_samples_leaf: 3
[2016-04-24 14:20:50,375] INFO:       min_samples_split: 9
[2016-04-24 14:20:50,375] INFO:       n_estimators: 310
[2016-04-24 14:20:50,375] INFO:       n_jobs: 2
[2016-04-24 14:20:50,375] INFO:       random_state: 2016
[2016-04-24 14:20:50,375] INFO:       verbose: 0
[2016-04-24 14:20:50,375] INFO: Result
[2016-04-24 14:20:50,375] INFO:       Run      RMSE        Shape
[2016-04-24 14:29:54,907] INFO:         1    0.458486    23167 x 827
[2016-04-24 14:38:48,866] INFO:         2    0.460011    21940 x 827
[2016-04-24 14:47:41,392] INFO:         3    0.459498    22182 x 827
[2016-04-24 14:56:28,878] INFO:         4    0.460655    21966 x 827
[2016-04-24 15:05:09,238] INFO:         5     0.46031    21961 x 827
[2016-04-24 15:05:09,518] INFO: RMSE
[2016-04-24 15:05:09,518] INFO:       Mean: 0.459792
[2016-04-24 15:05:09,519] INFO:       Std: 0.000755
[2016-04-24 15:05:09,519] INFO: Time
[2016-04-24 15:05:09,519] INFO:       44 mins
[2016-04-24 15:05:09,519] INFO: --------------------------------------------------
[2016-04-24 15:24:42,987] INFO: tpe_transform took 0.004000 seconds
[2016-04-24 15:24:42,987] INFO: TPE using 32/32 trials with best loss 0.454708
[2016-04-24 15:24:43,004] INFO: ==================================================
[2016-04-24 15:24:43,004] INFO: Task
[2016-04-24 15:24:43,004] INFO:       [Feat@basic_nonlinear_201604170111]_[Learner@reg_skl_etr]_[Id@33]
[2016-04-24 15:24:43,004] INFO: Param
[2016-04-24 15:24:43,005] INFO:       max_depth: 9
[2016-04-24 15:24:43,005] INFO:       max_features: 0.75
[2016-04-24 15:24:43,005] INFO:       min_samples_leaf: 9
[2016-04-24 15:24:43,005] INFO:       min_samples_split: 10
[2016-04-24 15:24:43,005] INFO:       n_estimators: 220
[2016-04-24 15:24:43,005] INFO:       n_jobs: 2
[2016-04-24 15:24:43,005] INFO:       random_state: 2016
[2016-04-24 15:24:43,005] INFO:       verbose: 0
[2016-04-24 15:24:43,006] INFO: Result
[2016-04-24 15:24:43,006] INFO:       Run      RMSE        Shape
[2016-04-24 15:30:49,508] INFO:         1    0.454692    23167 x 827
[2016-04-24 15:36:53,454] INFO:         2    0.456266    21940 x 827
[2016-04-24 15:44:46,571] INFO:         3    0.455814    22182 x 827
[2016-04-24 15:52:04,151] INFO:         4    0.456821    21966 x 827
[2016-04-24 16:00:06,066] INFO:         5    0.456528    21961 x 827
[2016-04-24 16:00:06,440] INFO: RMSE
[2016-04-24 16:00:06,440] INFO:       Mean: 0.456024
[2016-04-24 16:00:06,440] INFO:       Std: 0.000744
[2016-04-24 16:00:06,440] INFO: Time
[2016-04-24 16:00:06,440] INFO:       35 mins
[2016-04-24 16:00:06,440] INFO: --------------------------------------------------
[2016-04-24 16:18:10,438] INFO: tpe_transform took 0.000000 seconds
[2016-04-24 16:18:10,453] INFO: TPE using 33/33 trials with best loss 0.454708
[2016-04-24 16:18:10,469] INFO: ==================================================
[2016-04-24 16:18:10,469] INFO: Task
[2016-04-24 16:18:10,469] INFO:       [Feat@basic_nonlinear_201604170111]_[Learner@reg_skl_etr]_[Id@34]
[2016-04-24 16:18:10,469] INFO: Param
[2016-04-24 16:18:10,469] INFO:       max_depth: 1
[2016-04-24 16:18:10,469] INFO:       max_features: 0.65
[2016-04-24 16:18:10,469] INFO:       min_samples_leaf: 6
[2016-04-24 16:18:10,469] INFO:       min_samples_split: 7
[2016-04-24 16:18:10,469] INFO:       n_estimators: 450
[2016-04-24 16:18:10,469] INFO:       n_jobs: 2
[2016-04-24 16:18:10,469] INFO:       random_state: 2016
[2016-04-24 16:18:10,469] INFO:       verbose: 0
[2016-04-24 16:18:10,469] INFO: Result
[2016-04-24 16:18:10,469] INFO:       Run      RMSE        Shape
[2016-04-24 16:20:02,477] INFO:         1    0.494038    23167 x 827
[2016-04-24 16:21:57,636] INFO:         2    0.495078    21940 x 827
[2016-04-24 16:23:51,672] INFO:         3    0.494515    22182 x 827
[2016-04-24 16:25:40,669] INFO:         4    0.495259    21966 x 827
[2016-04-24 16:27:36,062] INFO:         5    0.495396    21961 x 827
[2016-04-24 16:27:36,374] INFO: RMSE
[2016-04-24 16:27:36,374] INFO:       Mean: 0.494857
[2016-04-24 16:27:36,374] INFO:       Std: 0.000508
[2016-04-24 16:27:36,374] INFO: Time
[2016-04-24 16:27:36,374] INFO:       9 mins
[2016-04-24 16:27:36,374] INFO: --------------------------------------------------
[2016-04-24 16:29:24,358] INFO: tpe_transform took 0.000000 seconds
[2016-04-24 16:29:24,358] INFO: TPE using 34/34 trials with best loss 0.454708
[2016-04-24 16:29:24,389] INFO: ==================================================
[2016-04-24 16:29:24,389] INFO: Task
[2016-04-24 16:29:24,389] INFO:       [Feat@basic_nonlinear_201604170111]_[Learner@reg_skl_etr]_[Id@35]
[2016-04-24 16:29:24,389] INFO: Param
[2016-04-24 16:29:24,389] INFO:       max_depth: 10
[2016-04-24 16:29:24,389] INFO:       max_features: 0.7000000000000001
[2016-04-24 16:29:24,389] INFO:       min_samples_leaf: 11
[2016-04-24 16:29:24,389] INFO:       min_samples_split: 12
[2016-04-24 16:29:24,389] INFO:       n_estimators: 720
[2016-04-24 16:29:24,389] INFO:       n_jobs: 2
[2016-04-24 16:29:24,389] INFO:       random_state: 2016
[2016-04-24 16:29:24,389] INFO:       verbose: 0
[2016-04-24 16:29:24,389] INFO: Result
[2016-04-24 16:29:24,389] INFO:       Run      RMSE        Shape
[2016-04-24 16:55:06,262] INFO:         1    0.453436    23167 x 827
[2016-04-24 17:18:53,381] INFO:         2    0.454774    21940 x 827
[2016-04-24 17:42:29,143] INFO:         3    0.454352    22182 x 827
[2016-04-24 18:05:59,258] INFO:         4    0.455575    21966 x 827
[2016-04-24 18:30:32,554] INFO:         5    0.455085    21961 x 827
[2016-04-24 18:30:32,850] INFO: RMSE
[2016-04-24 18:30:32,850] INFO:       Mean: 0.454644
[2016-04-24 18:30:32,850] INFO:       Std: 0.000724
[2016-04-24 18:30:32,850] INFO: Time
[2016-04-24 18:30:32,850] INFO:       121 mins
[2016-04-24 18:30:32,850] INFO: --------------------------------------------------
[2016-04-24 19:34:35,317] INFO: tpe_transform took 0.000000 seconds
[2016-04-24 19:34:35,317] INFO: TPE using 35/35 trials with best loss 0.454644
[2016-04-24 19:34:35,348] INFO: ==================================================
[2016-04-24 19:34:35,348] INFO: Task
[2016-04-24 19:34:35,348] INFO:       [Feat@basic_nonlinear_201604170111]_[Learner@reg_skl_etr]_[Id@36]
[2016-04-24 19:34:35,348] INFO: Param
[2016-04-24 19:34:35,348] INFO:       max_depth: 8
[2016-04-24 19:34:35,348] INFO:       max_features: 0.75
[2016-04-24 19:34:35,348] INFO:       min_samples_leaf: 11
[2016-04-24 19:34:35,348] INFO:       min_samples_split: 14
[2016-04-24 19:34:35,348] INFO:       n_estimators: 820
[2016-04-24 19:34:35,348] INFO:       n_jobs: 2
[2016-04-24 19:34:35,348] INFO:       random_state: 2016
[2016-04-24 19:34:35,348] INFO:       verbose: 0
[2016-04-24 19:34:35,348] INFO: Result
[2016-04-24 19:34:35,348] INFO:       Run      RMSE        Shape
[2016-04-24 20:01:26,236] INFO:         1    0.456536    23167 x 827
[2016-04-24 20:26:01,403] INFO:         2    0.457969    21940 x 827
[2016-04-24 20:51:43,946] INFO:         3     0.45741    22182 x 827
[2016-04-24 21:18:06,932] INFO:         4    0.458593    21966 x 827
[2016-04-24 21:43:50,702] INFO:         5    0.458287    21961 x 827
[2016-04-24 21:43:50,952] INFO: RMSE
[2016-04-24 21:43:50,952] INFO:       Mean: 0.457759
[2016-04-24 21:43:50,952] INFO:       Std: 0.000726
[2016-04-24 21:43:50,952] INFO: Time
[2016-04-24 21:43:50,952] INFO:       129 mins
[2016-04-24 21:43:50,952] INFO: --------------------------------------------------
[2016-04-24 22:43:18,583] INFO: tpe_transform took 0.015600 seconds
[2016-04-24 22:43:18,583] INFO: TPE using 36/36 trials with best loss 0.454644
[2016-04-24 22:43:18,614] INFO: ==================================================
[2016-04-24 22:43:18,614] INFO: Task
[2016-04-24 22:43:18,614] INFO:       [Feat@basic_nonlinear_201604170111]_[Learner@reg_skl_etr]_[Id@37]
[2016-04-24 22:43:18,614] INFO: Param
[2016-04-24 22:43:18,614] INFO:       max_depth: 9
[2016-04-24 22:43:18,614] INFO:       max_features: 0.8500000000000001
[2016-04-24 22:43:18,614] INFO:       min_samples_leaf: 15
[2016-04-24 22:43:18,614] INFO:       min_samples_split: 12
[2016-04-24 22:43:18,614] INFO:       n_estimators: 690
[2016-04-24 22:43:18,614] INFO:       n_jobs: 2
[2016-04-24 22:43:18,614] INFO:       random_state: 2016
[2016-04-24 22:43:18,614] INFO:       verbose: 0
[2016-04-24 22:43:18,614] INFO: Result
[2016-04-24 22:43:18,614] INFO:       Run      RMSE        Shape
