[2016-05-01 01:43:34,370] INFO: tpe_transform took 0.007217 seconds
[2016-05-01 01:43:34,370] INFO: TPE using 0 trials
[2016-05-01 01:43:34,389] INFO: ==================================================
[2016-05-01 01:43:34,389] INFO: Task
[2016-05-01 01:43:34,390] INFO:       [Feat@basic_linear_201605010104]_[Learner@reg_keras_dnn]_[Id@1]
[2016-05-01 01:43:34,390] INFO: Param
[2016-05-01 01:43:34,390] INFO:       batch_norm: after_act
[2016-05-01 01:43:34,390] INFO:       batch_size: 128
[2016-05-01 01:43:34,390] INFO:       hidden_activation: prelu
[2016-05-01 01:43:34,390] INFO:       hidden_dropout: 0.1
[2016-05-01 01:43:34,390] INFO:       hidden_layers: 2
[2016-05-01 01:43:34,390] INFO:       hidden_units: 192
[2016-05-01 01:43:34,391] INFO:       input_dropout: 0.15000000000000002
[2016-05-01 01:43:34,391] INFO:       nb_epoch: 7
[2016-05-01 01:43:34,391] INFO:       optimizer: adadelta
[2016-05-01 01:43:34,391] INFO: Result
[2016-05-01 01:43:34,391] INFO:       Run      RMSE        Shape
[2016-05-01 01:44:25,856] INFO:         1    0.468692    23167 x 722
[2016-05-01 01:45:13,748] INFO:         2    0.511362    21940 x 722
[2016-05-01 01:46:01,960] INFO:         3    0.537814    22182 x 722
[2016-05-01 01:46:50,142] INFO:         4    0.469204    21966 x 722
[2016-05-01 01:47:37,721] INFO:         5    0.463199    21961 x 722
[2016-05-01 01:47:38,010] INFO: RMSE
[2016-05-01 01:47:38,011] INFO:       Mean: 0.490054
[2016-05-01 01:47:38,011] INFO:       Std: 0.029487
[2016-05-01 01:47:38,011] INFO: Time
[2016-05-01 01:47:38,011] INFO:       4 mins
[2016-05-01 01:47:38,011] INFO: --------------------------------------------------
[2016-05-01 01:50:01,611] INFO: tpe_transform took 0.007509 seconds
[2016-05-01 01:50:01,611] INFO: TPE using 1/1 trials with best loss 0.490054
[2016-05-01 01:50:01,614] INFO: ==================================================
[2016-05-01 01:50:01,614] INFO: Task
[2016-05-01 01:50:01,614] INFO:       [Feat@basic_linear_201605010104]_[Learner@reg_keras_dnn]_[Id@2]
[2016-05-01 01:50:01,614] INFO: Param
[2016-05-01 01:50:01,614] INFO:       batch_norm: after_act
[2016-05-01 01:50:01,615] INFO:       batch_size: 128
[2016-05-01 01:50:01,615] INFO:       hidden_activation: prelu
[2016-05-01 01:50:01,615] INFO:       hidden_dropout: 0.25
[2016-05-01 01:50:01,615] INFO:       hidden_layers: 2
[2016-05-01 01:50:01,615] INFO:       hidden_units: 128
[2016-05-01 01:50:01,615] INFO:       input_dropout: 0.2
[2016-05-01 01:50:01,615] INFO:       nb_epoch: 15
[2016-05-01 01:50:01,615] INFO:       optimizer: adadelta
[2016-05-01 01:50:01,616] INFO: Result
[2016-05-01 01:50:01,616] INFO:       Run      RMSE        Shape
[2016-05-01 01:51:11,579] INFO:         1    0.444852    23167 x 722
[2016-05-01 01:52:18,718] INFO:         2    0.450614    21940 x 722
[2016-05-01 01:53:26,226] INFO:         3    0.471283    22182 x 722
[2016-05-01 01:54:33,742] INFO:         4    0.445968    21966 x 722
[2016-05-01 01:55:40,666] INFO:         5    0.461691    21961 x 722
[2016-05-01 01:55:40,957] INFO: RMSE
[2016-05-01 01:55:40,957] INFO:       Mean: 0.454882
[2016-05-01 01:55:40,958] INFO:       Std: 0.010135
[2016-05-01 01:55:40,958] INFO: Time
[2016-05-01 01:55:40,958] INFO:       5 mins
[2016-05-01 01:55:40,958] INFO: --------------------------------------------------
[2016-05-01 01:59:33,539] INFO: tpe_transform took 0.011834 seconds
[2016-05-01 01:59:33,539] INFO: TPE using 2/2 trials with best loss 0.454882
[2016-05-01 01:59:33,542] INFO: ==================================================
[2016-05-01 01:59:33,543] INFO: Task
[2016-05-01 01:59:33,543] INFO:       [Feat@basic_linear_201605010104]_[Learner@reg_keras_dnn]_[Id@3]
[2016-05-01 01:59:33,543] INFO: Param
[2016-05-01 01:59:33,543] INFO:       batch_norm: after_act
[2016-05-01 01:59:33,543] INFO:       batch_size: 64
[2016-05-01 01:59:33,543] INFO:       hidden_activation: prelu
[2016-05-01 01:59:33,544] INFO:       hidden_dropout: 0.05
[2016-05-01 01:59:33,544] INFO:       hidden_layers: 4
[2016-05-01 01:59:33,544] INFO:       hidden_units: 160
[2016-05-01 01:59:33,544] INFO:       input_dropout: 0.05
[2016-05-01 01:59:33,544] INFO:       nb_epoch: 12
[2016-05-01 01:59:33,544] INFO:       optimizer: adadelta
[2016-05-01 01:59:33,544] INFO: Result
[2016-05-01 01:59:33,545] INFO:       Run      RMSE        Shape
[2016-05-01 02:01:53,949] INFO:         1    0.470965    23167 x 722
[2016-05-01 02:04:04,791] INFO:         2    0.466022    21940 x 722
[2016-05-01 02:06:16,410] INFO:         3     0.48298    22182 x 722
[2016-05-01 02:08:26,688] INFO:         4    0.476245    21966 x 722
[2016-05-01 02:10:37,202] INFO:         5    0.511843    21961 x 722
[2016-05-01 02:10:37,489] INFO: RMSE
[2016-05-01 02:10:37,490] INFO:       Mean: 0.481611
[2016-05-01 02:10:37,490] INFO:       Std: 0.016131
[2016-05-01 02:10:37,490] INFO: Time
[2016-05-01 02:10:37,490] INFO:       11 mins
[2016-05-01 02:10:37,490] INFO: --------------------------------------------------
[2016-05-01 02:18:01,258] INFO: tpe_transform took 0.007433 seconds
[2016-05-01 02:18:01,259] INFO: TPE using 3/3 trials with best loss 0.454882
[2016-05-01 02:18:01,261] INFO: ==================================================
[2016-05-01 02:18:01,261] INFO: Task
[2016-05-01 02:18:01,262] INFO:       [Feat@basic_linear_201605010104]_[Learner@reg_keras_dnn]_[Id@4]
[2016-05-01 02:18:01,262] INFO: Param
[2016-05-01 02:18:01,262] INFO:       batch_norm: before_act
[2016-05-01 02:18:01,262] INFO:       batch_size: 64
[2016-05-01 02:18:01,262] INFO:       hidden_activation: relu
[2016-05-01 02:18:01,262] INFO:       hidden_dropout: 0.5
[2016-05-01 02:18:01,262] INFO:       hidden_layers: 4
[2016-05-01 02:18:01,262] INFO:       hidden_units: 160
[2016-05-01 02:18:01,263] INFO:       input_dropout: 0.15000000000000002
[2016-05-01 02:18:01,263] INFO:       nb_epoch: 13
[2016-05-01 02:18:01,263] INFO:       optimizer: adam
[2016-05-01 02:18:01,263] INFO: Result
[2016-05-01 02:18:01,263] INFO:       Run      RMSE        Shape
[2016-05-01 02:20:02,329] INFO:         1    0.468502    23167 x 722
[2016-05-01 02:21:49,744] INFO:         2    0.483469    21940 x 722
[2016-05-01 02:23:39,590] INFO:         3    0.488488    22182 x 722
[2016-05-01 02:25:26,586] INFO:         4    0.502014    21966 x 722
[2016-05-01 02:27:16,006] INFO:         5    0.508434    21961 x 722
[2016-05-01 02:27:16,295] INFO: RMSE
[2016-05-01 02:27:16,296] INFO:       Mean: 0.490181
[2016-05-01 02:27:16,296] INFO:       Std: 0.014079
[2016-05-01 02:27:16,296] INFO: Time
[2016-05-01 02:27:16,296] INFO:       9 mins
[2016-05-01 02:27:16,296] INFO: --------------------------------------------------
[2016-05-01 02:33:04,486] INFO: tpe_transform took 0.007392 seconds
[2016-05-01 02:33:04,486] INFO: TPE using 4/4 trials with best loss 0.454882
[2016-05-01 02:33:04,489] INFO: ==================================================
[2016-05-01 02:33:04,490] INFO: Task
[2016-05-01 02:33:04,490] INFO:       [Feat@basic_linear_201605010104]_[Learner@reg_keras_dnn]_[Id@5]
[2016-05-01 02:33:04,490] INFO: Param
[2016-05-01 02:33:04,490] INFO:       batch_norm: after_act
[2016-05-01 02:33:04,490] INFO:       batch_size: 96
[2016-05-01 02:33:04,490] INFO:       hidden_activation: prelu
[2016-05-01 02:33:04,490] INFO:       hidden_dropout: 0.05
[2016-05-01 02:33:04,490] INFO:       hidden_layers: 3
[2016-05-01 02:33:04,491] INFO:       hidden_units: 192
[2016-05-01 02:33:04,491] INFO:       input_dropout: 0.1
[2016-05-01 02:33:04,491] INFO:       nb_epoch: 11
[2016-05-01 02:33:04,491] INFO:       optimizer: adadelta
[2016-05-01 02:33:04,491] INFO: Result
[2016-05-01 02:33:04,491] INFO:       Run      RMSE        Shape
[2016-05-01 02:34:50,458] INFO:         1    0.515299    23167 x 722
[2016-05-01 02:36:30,583] INFO:         2    0.472187    21940 x 722
[2016-05-01 02:38:10,796] INFO:         3    0.568346    22182 x 722
[2016-05-01 02:39:52,526] INFO:         4    0.497311    21966 x 722
[2016-05-01 02:41:32,103] INFO:         5    0.467268    21961 x 722
[2016-05-01 02:41:32,393] INFO: RMSE
[2016-05-01 02:41:32,393] INFO:       Mean: 0.504082
[2016-05-01 02:41:32,393] INFO:       Std: 0.036535
[2016-05-01 02:41:32,393] INFO: Time
[2016-05-01 02:41:32,393] INFO:       8 mins
[2016-05-01 02:41:32,393] INFO: --------------------------------------------------
[2016-05-01 02:46:52,222] INFO: tpe_transform took 0.007555 seconds
[2016-05-01 02:46:52,223] INFO: TPE using 5/5 trials with best loss 0.454882
[2016-05-01 02:46:52,225] INFO: ==================================================
[2016-05-01 02:46:52,225] INFO: Task
[2016-05-01 02:46:52,226] INFO:       [Feat@basic_linear_201605010104]_[Learner@reg_keras_dnn]_[Id@6]
[2016-05-01 02:46:52,226] INFO: Param
[2016-05-01 02:46:52,226] INFO:       batch_norm: before_act
[2016-05-01 02:46:52,226] INFO:       batch_size: 80
[2016-05-01 02:46:52,226] INFO:       hidden_activation: relu
[2016-05-01 02:46:52,226] INFO:       hidden_dropout: 0.2
[2016-05-01 02:46:52,226] INFO:       hidden_layers: 2
[2016-05-01 02:46:52,226] INFO:       hidden_units: 64
[2016-05-01 02:46:52,227] INFO:       input_dropout: 0.1
[2016-05-01 02:46:52,227] INFO:       nb_epoch: 10
[2016-05-01 02:46:52,227] INFO:       optimizer: rmsprop
[2016-05-01 02:46:52,227] INFO: Result
[2016-05-01 02:46:52,227] INFO:       Run      RMSE        Shape
[2016-05-01 02:47:30,447] INFO:         1    0.449885    23167 x 722
[2016-05-01 02:48:04,517] INFO:         2    0.453487    21940 x 722
[2016-05-01 02:48:39,213] INFO:         3    0.455917    22182 x 722
[2016-05-01 02:49:12,992] INFO:         4    0.451927    21966 x 722
[2016-05-01 02:49:46,779] INFO:         5    0.465381    21961 x 722
[2016-05-01 02:49:47,069] INFO: RMSE
[2016-05-01 02:49:47,070] INFO:       Mean: 0.455319
[2016-05-01 02:49:47,070] INFO:       Std: 0.005403
[2016-05-01 02:49:47,070] INFO: Time
[2016-05-01 02:49:47,070] INFO:       2 mins
[2016-05-01 02:49:47,070] INFO: --------------------------------------------------
[2016-05-01 02:51:39,970] INFO: tpe_transform took 0.008681 seconds
[2016-05-01 02:51:39,970] INFO: TPE using 6/6 trials with best loss 0.454882
[2016-05-01 02:51:39,973] INFO: ==================================================
[2016-05-01 02:51:39,973] INFO: Task
[2016-05-01 02:51:39,973] INFO:       [Feat@basic_linear_201605010104]_[Learner@reg_keras_dnn]_[Id@7]
[2016-05-01 02:51:39,973] INFO: Param
[2016-05-01 02:51:39,973] INFO:       batch_norm: no
[2016-05-01 02:51:39,973] INFO:       batch_size: 96
[2016-05-01 02:51:39,973] INFO:       hidden_activation: relu
[2016-05-01 02:51:39,974] INFO:       hidden_dropout: 0.2
[2016-05-01 02:51:39,974] INFO:       hidden_layers: 5
[2016-05-01 02:51:39,974] INFO:       hidden_units: 224
[2016-05-01 02:51:39,974] INFO:       input_dropout: 0.1
[2016-05-01 02:51:39,974] INFO:       nb_epoch: 2
[2016-05-01 02:51:39,974] INFO:       optimizer: adadelta
[2016-05-01 02:51:39,974] INFO: Result
[2016-05-01 02:51:39,974] INFO:       Run      RMSE        Shape
[2016-05-01 02:52:10,757] INFO:         1    0.495173    23167 x 722
[2016-05-01 02:52:37,409] INFO:         2    0.501244    21940 x 722
[2016-05-01 02:53:03,604] INFO:         3    0.614226    22182 x 722
[2016-05-01 02:53:29,493] INFO:         4    0.473636    21966 x 722
[2016-05-01 02:53:55,422] INFO:         5    0.471591    21961 x 722
[2016-05-01 02:53:55,711] INFO: RMSE
[2016-05-01 02:53:55,711] INFO:       Mean: 0.511174
[2016-05-01 02:53:55,711] INFO:       Std: 0.052821
[2016-05-01 02:53:55,711] INFO: Time
[2016-05-01 02:53:55,711] INFO:       2 mins
[2016-05-01 02:53:55,712] INFO: --------------------------------------------------
[2016-05-01 02:55:09,198] INFO: tpe_transform took 0.008691 seconds
[2016-05-01 02:55:09,198] INFO: TPE using 7/7 trials with best loss 0.454882
[2016-05-01 02:55:09,201] INFO: ==================================================
[2016-05-01 02:55:09,201] INFO: Task
[2016-05-01 02:55:09,201] INFO:       [Feat@basic_linear_201605010104]_[Learner@reg_keras_dnn]_[Id@8]
[2016-05-01 02:55:09,201] INFO: Param
[2016-05-01 02:55:09,201] INFO:       batch_norm: before_act
[2016-05-01 02:55:09,202] INFO:       batch_size: 32
[2016-05-01 02:55:09,202] INFO:       hidden_activation: relu
[2016-05-01 02:55:09,202] INFO:       hidden_dropout: 0.4
[2016-05-01 02:55:09,202] INFO:       hidden_layers: 4
[2016-05-01 02:55:09,202] INFO:       hidden_units: 128
[2016-05-01 02:55:09,202] INFO:       input_dropout: 0.15000000000000002
[2016-05-01 02:55:09,202] INFO:       nb_epoch: 7
[2016-05-01 02:55:09,202] INFO:       optimizer: rmsprop
[2016-05-01 02:55:09,202] INFO: Result
[2016-05-01 02:55:09,203] INFO:       Run      RMSE        Shape
[2016-05-01 02:56:33,503] INFO:         1    0.454553    23167 x 722
[2016-05-01 02:57:51,232] INFO:         2    0.458712    21940 x 722
[2016-05-01 02:59:09,916] INFO:         3    0.460475    22182 x 722
[2016-05-01 03:00:26,763] INFO:         4    0.453582    21966 x 722
[2016-05-01 03:01:43,341] INFO:         5    0.452507    21961 x 722
[2016-05-01 03:01:43,630] INFO: RMSE
[2016-05-01 03:01:43,630] INFO:       Mean: 0.455966
[2016-05-01 03:01:43,630] INFO:       Std: 0.003083
[2016-05-01 03:01:43,631] INFO: Time
[2016-05-01 03:01:43,631] INFO:       6 mins
[2016-05-01 03:01:43,631] INFO: --------------------------------------------------
[2016-05-01 03:05:44,900] INFO: tpe_transform took 0.007675 seconds
[2016-05-01 03:05:44,901] INFO: TPE using 8/8 trials with best loss 0.454882
[2016-05-01 03:05:44,903] INFO: ==================================================
[2016-05-01 03:05:44,903] INFO: Task
[2016-05-01 03:05:44,904] INFO:       [Feat@basic_linear_201605010104]_[Learner@reg_keras_dnn]_[Id@9]
[2016-05-01 03:05:44,904] INFO: Param
[2016-05-01 03:05:44,904] INFO:       batch_norm: no
[2016-05-01 03:05:44,904] INFO:       batch_size: 128
[2016-05-01 03:05:44,904] INFO:       hidden_activation: elu
[2016-05-01 03:05:44,904] INFO:       hidden_dropout: 0.1
[2016-05-01 03:05:44,904] INFO:       hidden_layers: 3
[2016-05-01 03:05:44,905] INFO:       hidden_units: 256
[2016-05-01 03:05:44,905] INFO:       input_dropout: 0.0
[2016-05-01 03:05:44,905] INFO:       nb_epoch: 2
[2016-05-01 03:05:44,905] INFO:       optimizer: adadelta
[2016-05-01 03:05:44,905] INFO: Result
[2016-05-01 03:05:44,905] INFO:       Run      RMSE        Shape
[2016-05-01 03:06:10,146] INFO:         1    0.459239    23167 x 722
[2016-05-01 03:06:33,293] INFO:         2    0.525008    21940 x 722
[2016-05-01 03:06:56,449] INFO:         3    0.496296    22182 x 722
[2016-05-01 03:07:19,190] INFO:         4    0.480968    21966 x 722
[2016-05-01 03:07:42,090] INFO:         5    0.462546    21961 x 722
[2016-05-01 03:07:42,376] INFO: RMSE
[2016-05-01 03:07:42,376] INFO:       Mean: 0.484811
[2016-05-01 03:07:42,376] INFO:       Std: 0.024133
[2016-05-01 03:07:42,376] INFO: Time
[2016-05-01 03:07:42,377] INFO:       1 mins
[2016-05-01 03:07:42,377] INFO: --------------------------------------------------
[2016-05-01 03:08:47,721] INFO: tpe_transform took 0.008703 seconds
[2016-05-01 03:08:47,721] INFO: TPE using 9/9 trials with best loss 0.454882
[2016-05-01 03:08:47,724] INFO: ==================================================
[2016-05-01 03:08:47,724] INFO: Task
[2016-05-01 03:08:47,724] INFO:       [Feat@basic_linear_201605010104]_[Learner@reg_keras_dnn]_[Id@10]
[2016-05-01 03:08:47,724] INFO: Param
[2016-05-01 03:08:47,724] INFO:       batch_norm: after_act
[2016-05-01 03:08:47,725] INFO:       batch_size: 80
[2016-05-01 03:08:47,725] INFO:       hidden_activation: elu
[2016-05-01 03:08:47,725] INFO:       hidden_dropout: 0.1
[2016-05-01 03:08:47,725] INFO:       hidden_layers: 3
[2016-05-01 03:08:47,725] INFO:       hidden_units: 64
[2016-05-01 03:08:47,725] INFO:       input_dropout: 0.05
[2016-05-01 03:08:47,725] INFO:       nb_epoch: 1
[2016-05-01 03:08:47,725] INFO:       optimizer: rmsprop
[2016-05-01 03:08:47,726] INFO: Result
[2016-05-01 03:08:47,726] INFO:       Run      RMSE        Shape
[2016-05-01 03:09:05,810] INFO:         1    0.524308    23167 x 722
[2016-05-01 03:09:30,308] INFO:         2    0.521756    21940 x 722
[2016-05-01 03:09:48,736] INFO:         3    0.520325    22182 x 722
[2016-05-01 03:10:07,018] INFO:         4    0.491516    21966 x 722
[2016-05-01 03:10:25,511] INFO:         5    0.523372    21961 x 722
[2016-05-01 03:10:25,858] INFO: RMSE
[2016-05-01 03:10:25,859] INFO:       Mean: 0.516255
[2016-05-01 03:10:25,859] INFO:       Std: 0.012445
[2016-05-01 03:10:25,859] INFO: Time
[2016-05-01 03:10:25,859] INFO:       1 mins
[2016-05-01 03:10:25,859] INFO: --------------------------------------------------
[2016-05-01 03:10:59,368] INFO: tpe_transform took 0.007483 seconds
[2016-05-01 03:10:59,368] INFO: TPE using 10/10 trials with best loss 0.454882
[2016-05-01 03:10:59,370] INFO: ==================================================
[2016-05-01 03:10:59,371] INFO: Task
[2016-05-01 03:10:59,371] INFO:       [Feat@basic_linear_201605010104]_[Learner@reg_keras_dnn]_[Id@11]
[2016-05-01 03:10:59,371] INFO: Param
[2016-05-01 03:10:59,371] INFO:       batch_norm: no
[2016-05-01 03:10:59,371] INFO:       batch_size: 128
[2016-05-01 03:10:59,371] INFO:       hidden_activation: prelu
[2016-05-01 03:10:59,371] INFO:       hidden_dropout: 0.45
[2016-05-01 03:10:59,371] INFO:       hidden_layers: 3
[2016-05-01 03:10:59,372] INFO:       hidden_units: 64
[2016-05-01 03:10:59,372] INFO:       input_dropout: 0.1
[2016-05-01 03:10:59,372] INFO:       nb_epoch: 5
[2016-05-01 03:10:59,372] INFO:       optimizer: adadelta
[2016-05-01 03:10:59,372] INFO: Result
[2016-05-01 03:10:59,372] INFO:       Run      RMSE        Shape
[2016-05-01 03:11:22,691] INFO:         1    0.483538    23167 x 722
[2016-05-01 03:11:42,887] INFO:         2     0.52514    21940 x 722
[2016-05-01 03:12:03,545] INFO:         3     0.52639    22182 x 722
[2016-05-01 03:12:23,657] INFO:         4    0.551763    21966 x 722
[2016-05-01 03:12:51,142] INFO:         5    0.510404    21961 x 722
[2016-05-01 03:12:51,434] INFO: RMSE
[2016-05-01 03:12:51,434] INFO:       Mean: 0.519447
[2016-05-01 03:12:51,435] INFO:       Std: 0.022344
[2016-05-01 03:12:51,435] INFO: Time
[2016-05-01 03:12:51,435] INFO:       1 mins
[2016-05-01 03:12:51,435] INFO: --------------------------------------------------
[2016-05-01 03:13:48,921] INFO: tpe_transform took 0.009126 seconds
[2016-05-01 03:13:48,921] INFO: TPE using 11/11 trials with best loss 0.454882
[2016-05-01 03:13:48,924] INFO: ==================================================
[2016-05-01 03:13:48,924] INFO: Task
[2016-05-01 03:13:48,924] INFO:       [Feat@basic_linear_201605010104]_[Learner@reg_keras_dnn]_[Id@12]
[2016-05-01 03:13:48,925] INFO: Param
[2016-05-01 03:13:48,925] INFO:       batch_norm: after_act
[2016-05-01 03:13:48,925] INFO:       batch_size: 32
[2016-05-01 03:13:48,925] INFO:       hidden_activation: elu
[2016-05-01 03:13:48,925] INFO:       hidden_dropout: 0.2
[2016-05-01 03:13:48,925] INFO:       hidden_layers: 4
[2016-05-01 03:13:48,925] INFO:       hidden_units: 96
[2016-05-01 03:13:48,925] INFO:       input_dropout: 0.05
[2016-05-01 03:13:48,926] INFO:       nb_epoch: 1
[2016-05-01 03:13:48,926] INFO:       optimizer: adadelta
[2016-05-01 03:13:48,926] INFO: Result
[2016-05-01 03:13:48,926] INFO:       Run      RMSE        Shape
[2016-05-01 03:14:21,556] INFO:         1    0.461642    23167 x 722
[2016-05-01 03:14:53,744] INFO:         2    0.510058    21940 x 722
[2016-05-01 03:15:25,929] INFO:         3     0.51153    22182 x 722
[2016-05-01 03:16:05,817] INFO:         4    0.499017    21966 x 722
[2016-05-01 03:16:39,131] INFO:         5    0.537058    21961 x 722
[2016-05-01 03:16:39,407] INFO: RMSE
[2016-05-01 03:16:39,408] INFO:       Mean: 0.503861
[2016-05-01 03:16:39,408] INFO:       Std: 0.024516
[2016-05-01 03:16:39,408] INFO: Time
[2016-05-01 03:16:39,408] INFO:       2 mins
[2016-05-01 03:16:39,408] INFO: --------------------------------------------------
[2016-05-01 03:17:40,245] INFO: tpe_transform took 0.007537 seconds
[2016-05-01 03:17:40,246] INFO: TPE using 12/12 trials with best loss 0.454882
[2016-05-01 03:17:40,248] INFO: ==================================================
[2016-05-01 03:17:40,248] INFO: Task
[2016-05-01 03:17:40,249] INFO:       [Feat@basic_linear_201605010104]_[Learner@reg_keras_dnn]_[Id@13]
[2016-05-01 03:17:40,249] INFO: Param
[2016-05-01 03:17:40,249] INFO:       batch_norm: after_act
[2016-05-01 03:17:40,249] INFO:       batch_size: 80
[2016-05-01 03:17:40,249] INFO:       hidden_activation: elu
[2016-05-01 03:17:40,249] INFO:       hidden_dropout: 0.30000000000000004
[2016-05-01 03:17:40,249] INFO:       hidden_layers: 4
[2016-05-01 03:17:40,249] INFO:       hidden_units: 160
[2016-05-01 03:17:40,250] INFO:       input_dropout: 0.0
[2016-05-01 03:17:40,250] INFO:       nb_epoch: 17
[2016-05-01 03:17:40,250] INFO:       optimizer: rmsprop
[2016-05-01 03:17:40,250] INFO: Result
[2016-05-01 03:17:40,250] INFO:       Run      RMSE        Shape
[2016-05-01 03:20:03,648] INFO:         1     0.44404    23167 x 722
[2016-05-01 03:22:20,364] INFO:         2    0.455113    21940 x 722
[2016-05-01 03:24:46,824] INFO:         3    0.445786    22182 x 722
[2016-05-01 03:27:04,991] INFO:         4     0.45324    21966 x 722
[2016-05-01 03:29:22,537] INFO:         5      0.4455    21961 x 722
[2016-05-01 03:29:22,827] INFO: RMSE
[2016-05-01 03:29:22,827] INFO:       Mean: 0.448736
[2016-05-01 03:29:22,827] INFO:       Std: 0.004521
[2016-05-01 03:29:22,827] INFO: Time
[2016-05-01 03:29:22,827] INFO:       11 mins
[2016-05-01 03:29:22,828] INFO: --------------------------------------------------
[2016-05-01 03:36:57,712] INFO: tpe_transform took 0.007545 seconds
[2016-05-01 03:36:57,712] INFO: TPE using 13/13 trials with best loss 0.448736
[2016-05-01 03:36:57,715] INFO: ==================================================
[2016-05-01 03:36:57,715] INFO: Task
[2016-05-01 03:36:57,715] INFO:       [Feat@basic_linear_201605010104]_[Learner@reg_keras_dnn]_[Id@14]
[2016-05-01 03:36:57,715] INFO: Param
[2016-05-01 03:36:57,716] INFO:       batch_norm: before_act
[2016-05-01 03:36:57,716] INFO:       batch_size: 16
[2016-05-01 03:36:57,716] INFO:       hidden_activation: prelu
[2016-05-01 03:36:57,716] INFO:       hidden_dropout: 0.30000000000000004
[2016-05-01 03:36:57,716] INFO:       hidden_layers: 5
[2016-05-01 03:36:57,716] INFO:       hidden_units: 256
[2016-05-01 03:36:57,716] INFO:       input_dropout: 0.05
[2016-05-01 03:36:57,716] INFO:       nb_epoch: 4
[2016-05-01 03:36:57,717] INFO:       optimizer: adadelta
[2016-05-01 03:36:57,717] INFO: Result
[2016-05-01 03:36:57,717] INFO:       Run      RMSE        Shape
[2016-05-01 03:41:08,437] INFO:         1    0.449167    23167 x 722
[2016-05-01 03:44:44,721] INFO:         2    0.453148    21940 x 722
[2016-05-01 03:48:43,195] INFO:         3    0.454578    22182 x 722
[2016-05-01 03:52:20,377] INFO:         4    0.454358    21966 x 722
[2016-05-01 03:55:53,210] INFO:         5    0.456886    21961 x 722
[2016-05-01 03:55:53,498] INFO: RMSE
[2016-05-01 03:55:53,498] INFO:       Mean: 0.453628
[2016-05-01 03:55:53,498] INFO:       Std: 0.002537
[2016-05-01 03:55:53,499] INFO: Time
[2016-05-01 03:55:53,499] INFO:       18 mins
[2016-05-01 03:55:53,499] INFO: --------------------------------------------------
[2016-05-01 04:06:30,970] INFO: tpe_transform took 0.007448 seconds
[2016-05-01 04:06:30,970] INFO: TPE using 14/14 trials with best loss 0.448736
[2016-05-01 04:06:30,973] INFO: ==================================================
[2016-05-01 04:06:30,973] INFO: Task
[2016-05-01 04:06:30,973] INFO:       [Feat@basic_linear_201605010104]_[Learner@reg_keras_dnn]_[Id@15]
[2016-05-01 04:06:30,974] INFO: Param
[2016-05-01 04:06:30,974] INFO:       batch_norm: after_act
[2016-05-01 04:06:30,974] INFO:       batch_size: 32
[2016-05-01 04:06:30,974] INFO:       hidden_activation: elu
[2016-05-01 04:06:30,974] INFO:       hidden_dropout: 0.4
[2016-05-01 04:06:30,974] INFO:       hidden_layers: 5
[2016-05-01 04:06:30,974] INFO:       hidden_units: 192
[2016-05-01 04:06:30,974] INFO:       input_dropout: 0.05
[2016-05-01 04:06:30,974] INFO:       nb_epoch: 15
[2016-05-01 04:06:30,975] INFO:       optimizer: adam
[2016-05-01 04:06:30,975] INFO: Result
[2016-05-01 04:06:30,975] INFO:       Run      RMSE        Shape
[2016-05-01 04:11:46,386] INFO:         1    0.444646    23167 x 722
[2016-05-01 04:16:33,857] INFO:         2    0.449034    21940 x 722
[2016-05-01 04:21:21,164] INFO:         3    0.446814    22182 x 722
[2016-05-01 04:26:05,572] INFO:         4      0.4487    21966 x 722
[2016-05-01 04:30:54,820] INFO:         5    0.448175    21961 x 722
[2016-05-01 04:30:55,109] INFO: RMSE
[2016-05-01 04:30:55,109] INFO:       Mean: 0.447474
[2016-05-01 04:30:55,109] INFO:       Std: 0.001604
[2016-05-01 04:30:55,110] INFO: Time
[2016-05-01 04:30:55,110] INFO:       24 mins
[2016-05-01 04:30:55,110] INFO: --------------------------------------------------
[2016-05-01 04:46:46,398] INFO: tpe_transform took 0.007402 seconds
[2016-05-01 04:46:46,399] INFO: TPE using 15/15 trials with best loss 0.447474
[2016-05-01 04:46:46,401] INFO: ==================================================
[2016-05-01 04:46:46,401] INFO: Task
[2016-05-01 04:46:46,402] INFO:       [Feat@basic_linear_201605010104]_[Learner@reg_keras_dnn]_[Id@16]
[2016-05-01 04:46:46,402] INFO: Param
[2016-05-01 04:46:46,402] INFO:       batch_norm: after_act
[2016-05-01 04:46:46,402] INFO:       batch_size: 112
[2016-05-01 04:46:46,402] INFO:       hidden_activation: prelu
[2016-05-01 04:46:46,402] INFO:       hidden_dropout: 0.2
[2016-05-01 04:46:46,402] INFO:       hidden_layers: 4
[2016-05-01 04:46:46,402] INFO:       hidden_units: 160
[2016-05-01 04:46:46,403] INFO:       input_dropout: 0.05
[2016-05-01 04:46:46,403] INFO:       nb_epoch: 8
[2016-05-01 04:46:46,403] INFO:       optimizer: rmsprop
[2016-05-01 04:46:46,403] INFO: Result
[2016-05-01 04:46:46,403] INFO:       Run      RMSE        Shape
[2016-05-01 04:48:19,579] INFO:         1    0.448708    23167 x 722
[2016-05-01 04:49:37,823] INFO:         2    0.461844    21940 x 722
[2016-05-01 04:50:56,725] INFO:         3    0.491345    22182 x 722
[2016-05-01 04:52:14,032] INFO:         4    0.456656    21966 x 722
[2016-05-01 04:53:32,027] INFO:         5    0.467446    21961 x 722
[2016-05-01 04:53:32,305] INFO: RMSE
[2016-05-01 04:53:32,305] INFO:       Mean: 0.465200
[2016-05-01 04:53:32,305] INFO:       Std: 0.014456
[2016-05-01 04:53:32,305] INFO: Time
[2016-05-01 04:53:32,306] INFO:       6 mins
[2016-05-01 04:53:32,306] INFO: --------------------------------------------------
[2016-05-01 04:57:28,412] INFO: tpe_transform took 0.007473 seconds
[2016-05-01 04:57:28,413] INFO: TPE using 16/16 trials with best loss 0.447474
[2016-05-01 04:57:28,415] INFO: ==================================================
[2016-05-01 04:57:28,415] INFO: Task
[2016-05-01 04:57:28,415] INFO:       [Feat@basic_linear_201605010104]_[Learner@reg_keras_dnn]_[Id@17]
[2016-05-01 04:57:28,416] INFO: Param
[2016-05-01 04:57:28,416] INFO:       batch_norm: no
[2016-05-01 04:57:28,416] INFO:       batch_size: 32
[2016-05-01 04:57:28,416] INFO:       hidden_activation: relu
[2016-05-01 04:57:28,416] INFO:       hidden_dropout: 0.4
[2016-05-01 04:57:28,416] INFO:       hidden_layers: 2
[2016-05-01 04:57:28,416] INFO:       hidden_units: 64
[2016-05-01 04:57:28,416] INFO:       input_dropout: 0.1
[2016-05-01 04:57:28,417] INFO:       nb_epoch: 18
[2016-05-01 04:57:28,417] INFO:       optimizer: adam
[2016-05-01 04:57:28,417] INFO: Result
[2016-05-01 04:57:28,417] INFO:       Run      RMSE        Shape
[2016-05-01 04:58:33,620] INFO:         1    0.453576    23167 x 722
[2016-05-01 04:59:35,296] INFO:         2    0.452408    21940 x 722
[2016-05-01 05:00:38,730] INFO:         3    0.455049    22182 x 722
[2016-05-01 05:01:40,980] INFO:         4    0.454181    21966 x 722
[2016-05-01 05:02:43,560] INFO:         5    0.453406    21961 x 722
[2016-05-01 05:02:43,850] INFO: RMSE
[2016-05-01 05:02:43,851] INFO:       Mean: 0.453724
[2016-05-01 05:02:43,851] INFO:       Std: 0.000874
[2016-05-01 05:02:43,851] INFO: Time
[2016-05-01 05:02:43,851] INFO:       5 mins
[2016-05-01 05:02:43,851] INFO: --------------------------------------------------
[2016-05-01 05:06:29,075] INFO: tpe_transform took 0.007494 seconds
[2016-05-01 05:06:29,075] INFO: TPE using 17/17 trials with best loss 0.447474
[2016-05-01 05:06:29,078] INFO: ==================================================
[2016-05-01 05:06:29,078] INFO: Task
[2016-05-01 05:06:29,078] INFO:       [Feat@basic_linear_201605010104]_[Learner@reg_keras_dnn]_[Id@18]
[2016-05-01 05:06:29,078] INFO: Param
[2016-05-01 05:06:29,078] INFO:       batch_norm: no
[2016-05-01 05:06:29,078] INFO:       batch_size: 96
[2016-05-01 05:06:29,079] INFO:       hidden_activation: elu
[2016-05-01 05:06:29,079] INFO:       hidden_dropout: 0.1
[2016-05-01 05:06:29,079] INFO:       hidden_layers: 4
[2016-05-01 05:06:29,079] INFO:       hidden_units: 160
[2016-05-01 05:06:29,079] INFO:       input_dropout: 0.15000000000000002
[2016-05-01 05:06:29,079] INFO:       nb_epoch: 16
[2016-05-01 05:06:29,079] INFO:       optimizer: adadelta
[2016-05-01 05:06:29,079] INFO: Result
[2016-05-01 05:06:29,079] INFO:       Run      RMSE        Shape
[2016-05-01 05:08:20,511] INFO:         1    0.455505    23167 x 722
[2016-05-01 05:10:07,799] INFO:         2       0.484    21940 x 722
[2016-05-01 05:12:08,591] INFO:         3     0.48528    22182 x 722
[2016-05-01 05:13:56,595] INFO:         4    0.466169    21966 x 722
[2016-05-01 05:15:44,350] INFO:         5    0.451971    21961 x 722
[2016-05-01 05:15:44,637] INFO: RMSE
[2016-05-01 05:15:44,637] INFO:       Mean: 0.468585
[2016-05-01 05:15:44,638] INFO:       Std: 0.013923
[2016-05-01 05:15:44,638] INFO: Time
[2016-05-01 05:15:44,638] INFO:       9 mins
[2016-05-01 05:15:44,638] INFO: --------------------------------------------------
[2016-05-01 05:21:59,750] INFO: tpe_transform took 0.007511 seconds
[2016-05-01 05:21:59,751] INFO: TPE using 18/18 trials with best loss 0.447474
[2016-05-01 05:21:59,753] INFO: ==================================================
[2016-05-01 05:21:59,753] INFO: Task
[2016-05-01 05:21:59,754] INFO:       [Feat@basic_linear_201605010104]_[Learner@reg_keras_dnn]_[Id@19]
[2016-05-01 05:21:59,754] INFO: Param
[2016-05-01 05:21:59,754] INFO:       batch_norm: before_act
[2016-05-01 05:21:59,754] INFO:       batch_size: 48
[2016-05-01 05:21:59,754] INFO:       hidden_activation: elu
[2016-05-01 05:21:59,754] INFO:       hidden_dropout: 0.15000000000000002
[2016-05-01 05:21:59,754] INFO:       hidden_layers: 1
[2016-05-01 05:21:59,754] INFO:       hidden_units: 256
[2016-05-01 05:21:59,755] INFO:       input_dropout: 0.0
[2016-05-01 05:21:59,755] INFO:       nb_epoch: 2
[2016-05-01 05:21:59,755] INFO:       optimizer: adadelta
[2016-05-01 05:21:59,755] INFO: Result
[2016-05-01 05:21:59,755] INFO:       Run      RMSE        Shape
[2016-05-01 05:22:22,317] INFO:         1     0.46253    23167 x 722
[2016-05-01 05:22:44,615] INFO:         2     0.91693    21940 x 722
[2016-05-01 05:23:06,660] INFO:         3    0.672733    22182 x 722
[2016-05-01 05:23:28,588] INFO:         4    0.491498    21966 x 722
[2016-05-01 05:23:50,495] INFO:         5    0.472235    21961 x 722
[2016-05-01 05:23:50,780] INFO: RMSE
[2016-05-01 05:23:50,780] INFO:       Mean: 0.603185
[2016-05-01 05:23:50,780] INFO:       Std: 0.174745
[2016-05-01 05:23:50,781] INFO: Time
[2016-05-01 05:23:50,781] INFO:       1 mins
[2016-05-01 05:23:50,781] INFO: --------------------------------------------------
[2016-05-01 05:24:54,442] INFO: tpe_transform took 0.007479 seconds
[2016-05-01 05:24:54,442] INFO: TPE using 19/19 trials with best loss 0.447474
[2016-05-01 05:24:54,445] INFO: ==================================================
[2016-05-01 05:24:54,445] INFO: Task
[2016-05-01 05:24:54,445] INFO:       [Feat@basic_linear_201605010104]_[Learner@reg_keras_dnn]_[Id@20]
[2016-05-01 05:24:54,445] INFO: Param
[2016-05-01 05:24:54,445] INFO:       batch_norm: before_act
[2016-05-01 05:24:54,446] INFO:       batch_size: 32
[2016-05-01 05:24:54,446] INFO:       hidden_activation: elu
[2016-05-01 05:24:54,446] INFO:       hidden_dropout: 0.30000000000000004
[2016-05-01 05:24:54,446] INFO:       hidden_layers: 4
[2016-05-01 05:24:54,446] INFO:       hidden_units: 224
[2016-05-01 05:24:54,446] INFO:       input_dropout: 0.1
[2016-05-01 05:24:54,446] INFO:       nb_epoch: 1
[2016-05-01 05:24:54,446] INFO:       optimizer: adadelta
[2016-05-01 05:24:54,447] INFO: Result
[2016-05-01 05:24:54,447] INFO:       Run      RMSE        Shape
[2016-05-01 05:25:44,260] INFO:         1    0.490281    23167 x 722
[2016-05-01 05:26:34,012] INFO:         2    0.472746    21940 x 722
[2016-05-01 05:27:23,182] INFO:         3    0.510855    22182 x 722
[2016-05-01 05:28:11,996] INFO:         4     0.49224    21966 x 722
[2016-05-01 05:29:15,580] INFO:         5    0.517585    21961 x 722
[2016-05-01 05:29:15,871] INFO: RMSE
[2016-05-01 05:29:15,872] INFO:       Mean: 0.496742
[2016-05-01 05:29:15,872] INFO:       Std: 0.015946
[2016-05-01 05:29:15,872] INFO: Time
[2016-05-01 05:29:15,872] INFO:       4 mins
[2016-05-01 05:29:15,872] INFO: --------------------------------------------------
[2016-05-01 05:31:10,356] INFO: tpe_transform took 0.007552 seconds
[2016-05-01 05:31:10,356] INFO: TPE using 20/20 trials with best loss 0.447474
[2016-05-01 05:31:10,410] INFO: ==================================================
[2016-05-01 05:31:10,410] INFO: Task
[2016-05-01 05:31:10,410] INFO:       [Feat@basic_linear_201605010104]_[Learner@reg_keras_dnn]_[Id@21]
[2016-05-01 05:31:10,410] INFO: Param
[2016-05-01 05:31:10,410] INFO:       batch_norm: after_act
[2016-05-01 05:31:10,410] INFO:       batch_size: 48
[2016-05-01 05:31:10,410] INFO:       hidden_activation: elu
[2016-05-01 05:31:10,411] INFO:       hidden_dropout: 0.4
[2016-05-01 05:31:10,411] INFO:       hidden_layers: 5
[2016-05-01 05:31:10,411] INFO:       hidden_units: 192
[2016-05-01 05:31:10,411] INFO:       input_dropout: 0.0
[2016-05-01 05:31:10,411] INFO:       nb_epoch: 19
[2016-05-01 05:31:10,411] INFO:       optimizer: adam
[2016-05-01 05:31:10,411] INFO: Result
[2016-05-01 05:31:10,411] INFO:       Run      RMSE        Shape
[2016-05-01 05:36:21,795] INFO:         1    0.443787    23167 x 722
[2016-05-01 05:41:18,783] INFO:         2    0.454061    21940 x 722
[2016-05-01 05:46:18,021] INFO:         3    0.456085    22182 x 722
[2016-05-01 05:51:14,894] INFO:         4    0.452246    21966 x 722
[2016-05-01 05:56:12,121] INFO:         5    0.453164    21961 x 722
[2016-05-01 05:56:12,409] INFO: RMSE
[2016-05-01 05:56:12,409] INFO:       Mean: 0.451868
[2016-05-01 05:56:12,409] INFO:       Std: 0.004236
[2016-05-01 05:56:12,409] INFO: Time
[2016-05-01 05:56:12,410] INFO:       25 mins
[2016-05-01 05:56:12,410] INFO: --------------------------------------------------
[2016-05-01 06:12:50,528] INFO: tpe_transform took 0.007429 seconds
[2016-05-01 06:12:50,528] INFO: TPE using 21/21 trials with best loss 0.447474
[2016-05-01 06:12:50,552] INFO: ==================================================
[2016-05-01 06:12:50,552] INFO: Task
[2016-05-01 06:12:50,552] INFO:       [Feat@basic_linear_201605010104]_[Learner@reg_keras_dnn]_[Id@22]
[2016-05-01 06:12:50,552] INFO: Param
[2016-05-01 06:12:50,552] INFO:       batch_norm: after_act
[2016-05-01 06:12:50,553] INFO:       batch_size: 48
[2016-05-01 06:12:50,553] INFO:       hidden_activation: elu
[2016-05-01 06:12:50,553] INFO:       hidden_dropout: 0.35000000000000003
[2016-05-01 06:12:50,553] INFO:       hidden_layers: 5
[2016-05-01 06:12:50,553] INFO:       hidden_units: 224
[2016-05-01 06:12:50,553] INFO:       input_dropout: 0.0
[2016-05-01 06:12:50,553] INFO:       nb_epoch: 16
[2016-05-01 06:12:50,553] INFO:       optimizer: adam
[2016-05-01 06:12:50,554] INFO: Result
[2016-05-01 06:12:50,554] INFO:       Run      RMSE        Shape
[2016-05-01 06:18:26,563] INFO:         1    0.455071    23167 x 722
[2016-05-01 06:23:32,086] INFO:         2    0.448892    21940 x 722
[2016-05-01 06:28:41,725] INFO:         3    0.447603    22182 x 722
[2016-05-01 06:33:45,712] INFO:         4    0.450663    21966 x 722
[2016-05-01 06:38:50,538] INFO:         5    0.448472    21961 x 722
[2016-05-01 06:38:50,826] INFO: RMSE
[2016-05-01 06:38:50,826] INFO:       Mean: 0.450140
[2016-05-01 06:38:50,826] INFO:       Std: 0.002659
[2016-05-01 06:38:50,826] INFO: Time
[2016-05-01 06:38:50,826] INFO:       26 mins
[2016-05-01 06:38:50,826] INFO: --------------------------------------------------
[2016-05-01 06:55:37,749] INFO: tpe_transform took 0.007420 seconds
[2016-05-01 06:55:37,749] INFO: TPE using 22/22 trials with best loss 0.447474
[2016-05-01 06:55:37,773] INFO: ==================================================
[2016-05-01 06:55:37,773] INFO: Task
[2016-05-01 06:55:37,773] INFO:       [Feat@basic_linear_201605010104]_[Learner@reg_keras_dnn]_[Id@23]
[2016-05-01 06:55:37,773] INFO: Param
[2016-05-01 06:55:37,773] INFO:       batch_norm: after_act
[2016-05-01 06:55:37,773] INFO:       batch_size: 80
[2016-05-01 06:55:37,773] INFO:       hidden_activation: elu
[2016-05-01 06:55:37,774] INFO:       hidden_dropout: 0.5
[2016-05-01 06:55:37,774] INFO:       hidden_layers: 5
[2016-05-01 06:55:37,774] INFO:       hidden_units: 128
[2016-05-01 06:55:37,774] INFO:       input_dropout: 0.0
[2016-05-01 06:55:37,774] INFO:       nb_epoch: 18
[2016-05-01 06:55:37,774] INFO:       optimizer: adam
[2016-05-01 06:55:37,774] INFO: Result
[2016-05-01 06:55:37,774] INFO:       Run      RMSE        Shape
[2016-05-01 06:58:11,868] INFO:         1    0.447104    23167 x 722
[2016-05-01 07:00:39,723] INFO:         2    0.452847    21940 x 722
[2016-05-01 07:03:25,760] INFO:         3    0.453016    22182 x 722
[2016-05-01 07:05:54,977] INFO:         4    0.449991    21966 x 722
[2016-05-01 07:08:23,605] INFO:         5    0.448564    21961 x 722
[2016-05-01 07:08:23,891] INFO: RMSE
[2016-05-01 07:08:23,892] INFO:       Mean: 0.450304
[2016-05-01 07:08:23,892] INFO:       Std: 0.002332
[2016-05-01 07:08:23,892] INFO: Time
[2016-05-01 07:08:23,892] INFO:       12 mins
[2016-05-01 07:08:23,892] INFO: --------------------------------------------------
[2016-05-01 07:16:27,694] INFO: tpe_transform took 0.008623 seconds
[2016-05-01 07:16:27,695] INFO: TPE using 23/23 trials with best loss 0.447474
[2016-05-01 07:16:27,719] INFO: ==================================================
[2016-05-01 07:16:27,719] INFO: Task
[2016-05-01 07:16:27,719] INFO:       [Feat@basic_linear_201605010104]_[Learner@reg_keras_dnn]_[Id@24]
[2016-05-01 07:16:27,719] INFO: Param
[2016-05-01 07:16:27,719] INFO:       batch_norm: after_act
[2016-05-01 07:16:27,719] INFO:       batch_size: 16
[2016-05-01 07:16:27,719] INFO:       hidden_activation: elu
[2016-05-01 07:16:27,720] INFO:       hidden_dropout: 0.30000000000000004
[2016-05-01 07:16:27,720] INFO:       hidden_layers: 5
[2016-05-01 07:16:27,720] INFO:       hidden_units: 96
[2016-05-01 07:16:27,720] INFO:       input_dropout: 0.05
[2016-05-01 07:16:27,720] INFO:       nb_epoch: 14
[2016-05-01 07:16:27,720] INFO:       optimizer: rmsprop
[2016-05-01 07:16:27,720] INFO: Result
[2016-05-01 07:16:27,720] INFO:       Run      RMSE        Shape
[2016-05-01 07:19:55,937] INFO:         1    0.442909    23167 x 722
[2016-05-01 07:23:15,634] INFO:         2    0.446493    21940 x 722
[2016-05-01 07:26:35,612] INFO:         3    0.449464    22182 x 722
[2016-05-01 07:29:53,616] INFO:         4    0.444827    21966 x 722
[2016-05-01 07:33:13,707] INFO:         5    0.445802    21961 x 722
[2016-05-01 07:33:13,997] INFO: RMSE
[2016-05-01 07:33:13,997] INFO:       Mean: 0.445899
[2016-05-01 07:33:13,997] INFO:       Std: 0.002152
[2016-05-01 07:33:13,997] INFO: Time
[2016-05-01 07:33:13,997] INFO:       16 mins
[2016-05-01 07:33:13,997] INFO: --------------------------------------------------
[2016-05-01 07:44:03,888] INFO: tpe_transform took 0.007473 seconds
[2016-05-01 07:44:03,888] INFO: TPE using 24/24 trials with best loss 0.445899
[2016-05-01 07:44:03,913] INFO: ==================================================
[2016-05-01 07:44:03,913] INFO: Task
[2016-05-01 07:44:03,913] INFO:       [Feat@basic_linear_201605010104]_[Learner@reg_keras_dnn]_[Id@25]
[2016-05-01 07:44:03,913] INFO: Param
[2016-05-01 07:44:03,913] INFO:       batch_norm: after_act
[2016-05-01 07:44:03,913] INFO:       batch_size: 16
[2016-05-01 07:44:03,914] INFO:       hidden_activation: elu
[2016-05-01 07:44:03,914] INFO:       hidden_dropout: 0.35000000000000003
[2016-05-01 07:44:03,914] INFO:       hidden_layers: 5
[2016-05-01 07:44:03,914] INFO:       hidden_units: 96
[2016-05-01 07:44:03,914] INFO:       input_dropout: 0.05
[2016-05-01 07:44:03,914] INFO:       nb_epoch: 14
[2016-05-01 07:44:03,914] INFO:       optimizer: adam
[2016-05-01 07:44:03,914] INFO: Result
[2016-05-01 07:44:03,915] INFO:       Run      RMSE        Shape
[2016-05-01 07:48:00,415] INFO:         1    0.443944    23167 x 722
[2016-05-01 07:51:26,494] INFO:         2    0.451379    21940 x 722
[2016-05-01 07:54:53,819] INFO:         3    0.452657    22182 x 722
[2016-05-01 07:58:13,856] INFO:         4    0.445325    21966 x 722
[2016-05-01 08:01:37,530] INFO:         5    0.451906    21961 x 722
[2016-05-01 08:01:37,819] INFO: RMSE
[2016-05-01 08:01:37,819] INFO:       Mean: 0.449042
[2016-05-01 08:01:37,819] INFO:       Std: 0.003648
[2016-05-01 08:01:37,819] INFO: Time
[2016-05-01 08:01:37,819] INFO:       17 mins
[2016-05-01 08:01:37,819] INFO: --------------------------------------------------
[2016-05-01 08:12:24,474] INFO: tpe_transform took 0.007489 seconds
[2016-05-01 08:12:24,474] INFO: TPE using 25/25 trials with best loss 0.445899
[2016-05-01 08:12:24,499] INFO: ==================================================
[2016-05-01 08:12:24,499] INFO: Task
[2016-05-01 08:12:24,499] INFO:       [Feat@basic_linear_201605010104]_[Learner@reg_keras_dnn]_[Id@26]
[2016-05-01 08:12:24,499] INFO: Param
[2016-05-01 08:12:24,500] INFO:       batch_norm: after_act
[2016-05-01 08:12:24,500] INFO:       batch_size: 16
[2016-05-01 08:12:24,500] INFO:       hidden_activation: elu
[2016-05-01 08:12:24,500] INFO:       hidden_dropout: 0.45
[2016-05-01 08:12:24,500] INFO:       hidden_layers: 5
[2016-05-01 08:12:24,500] INFO:       hidden_units: 32
[2016-05-01 08:12:24,500] INFO:       input_dropout: 0.05
[2016-05-01 08:12:24,500] INFO:       nb_epoch: 20
[2016-05-01 08:12:24,501] INFO:       optimizer: rmsprop
[2016-05-01 08:12:24,501] INFO: Result
[2016-05-01 08:12:24,501] INFO:       Run      RMSE        Shape
[2016-05-01 08:14:18,345] INFO:         1    0.445171    23167 x 722
[2016-05-01 08:16:06,225] INFO:         2    0.447245    21940 x 722
[2016-05-01 08:17:54,272] INFO:         3    0.444913    22182 x 722
[2016-05-01 08:19:41,638] INFO:         4    0.446278    21966 x 722
[2016-05-01 08:21:49,079] INFO:         5    0.446243    21961 x 722
[2016-05-01 08:21:49,328] INFO: RMSE
[2016-05-01 08:21:49,329] INFO:       Mean: 0.445970
[2016-05-01 08:21:49,329] INFO:       Std: 0.000843
[2016-05-01 08:21:49,329] INFO: Time
[2016-05-01 08:21:49,329] INFO:       9 mins
[2016-05-01 08:21:49,329] INFO: --------------------------------------------------
[2016-05-01 08:27:44,551] INFO: tpe_transform took 0.007541 seconds
[2016-05-01 08:27:44,551] INFO: TPE using 26/26 trials with best loss 0.445899
[2016-05-01 08:27:44,577] INFO: ==================================================
[2016-05-01 08:27:44,577] INFO: Task
[2016-05-01 08:27:44,577] INFO:       [Feat@basic_linear_201605010104]_[Learner@reg_keras_dnn]_[Id@27]
[2016-05-01 08:27:44,577] INFO: Param
[2016-05-01 08:27:44,577] INFO:       batch_norm: after_act
[2016-05-01 08:27:44,577] INFO:       batch_size: 16
[2016-05-01 08:27:44,577] INFO:       hidden_activation: elu
[2016-05-01 08:27:44,577] INFO:       hidden_dropout: 0.45
[2016-05-01 08:27:44,578] INFO:       hidden_layers: 5
[2016-05-01 08:27:44,578] INFO:       hidden_units: 32
[2016-05-01 08:27:44,578] INFO:       input_dropout: 0.05
[2016-05-01 08:27:44,578] INFO:       nb_epoch: 20
[2016-05-01 08:27:44,578] INFO:       optimizer: rmsprop
[2016-05-01 08:27:44,578] INFO: Result
[2016-05-01 08:27:44,578] INFO:       Run      RMSE        Shape
[2016-05-01 08:29:40,312] INFO:         1    0.446381    23167 x 722
[2016-05-01 08:31:31,114] INFO:         2    0.446365    21940 x 722
[2016-05-01 08:33:21,580] INFO:         3    0.445127    22182 x 722
[2016-05-01 08:35:10,914] INFO:         4     0.44869    21966 x 722
[2016-05-01 08:36:59,773] INFO:         5    0.447347    21961 x 722
[2016-05-01 08:37:00,018] INFO: RMSE
[2016-05-01 08:37:00,019] INFO:       Mean: 0.446782
[2016-05-01 08:37:00,019] INFO:       Std: 0.001186
[2016-05-01 08:37:00,019] INFO: Time
[2016-05-01 08:37:00,019] INFO:       9 mins
[2016-05-01 08:37:00,019] INFO: --------------------------------------------------
[2016-05-01 08:42:44,192] INFO: tpe_transform took 0.007438 seconds
[2016-05-01 08:42:44,192] INFO: TPE using 27/27 trials with best loss 0.445899
[2016-05-01 08:42:44,218] INFO: ==================================================
[2016-05-01 08:42:44,218] INFO: Task
[2016-05-01 08:42:44,218] INFO:       [Feat@basic_linear_201605010104]_[Learner@reg_keras_dnn]_[Id@28]
[2016-05-01 08:42:44,218] INFO: Param
[2016-05-01 08:42:44,218] INFO:       batch_norm: after_act
[2016-05-01 08:42:44,219] INFO:       batch_size: 16
[2016-05-01 08:42:44,219] INFO:       hidden_activation: elu
[2016-05-01 08:42:44,219] INFO:       hidden_dropout: 0.45
[2016-05-01 08:42:44,219] INFO:       hidden_layers: 1
[2016-05-01 08:42:44,219] INFO:       hidden_units: 96
[2016-05-01 08:42:44,219] INFO:       input_dropout: 0.05
[2016-05-01 08:42:44,219] INFO:       nb_epoch: 20
[2016-05-01 08:42:44,219] INFO:       optimizer: rmsprop
[2016-05-01 08:42:44,220] INFO: Result
[2016-05-01 08:42:44,220] INFO:       Run      RMSE        Shape
[2016-05-01 08:45:05,639] INFO:         1     0.44339    23167 x 722
[2016-05-01 08:47:26,294] INFO:         2     0.44996    21940 x 722
[2016-05-01 08:49:35,370] INFO:         3    0.445307    22182 x 722
[2016-05-01 08:51:50,024] INFO:         4    0.446497    21966 x 722
[2016-05-01 08:53:53,415] INFO:         5    0.446654    21961 x 722
[2016-05-01 08:53:53,703] INFO: RMSE
[2016-05-01 08:53:53,703] INFO:       Mean: 0.446362
[2016-05-01 08:53:53,703] INFO:       Std: 0.002145
[2016-05-01 08:53:53,703] INFO: Time
[2016-05-01 08:53:53,703] INFO:       11 mins
[2016-05-01 08:53:53,703] INFO: --------------------------------------------------
[2016-05-01 09:02:38,346] INFO: tpe_transform took 0.007436 seconds
[2016-05-01 09:02:38,346] INFO: TPE using 28/28 trials with best loss 0.445899
[2016-05-01 09:02:38,372] INFO: ==================================================
[2016-05-01 09:02:38,373] INFO: Task
[2016-05-01 09:02:38,373] INFO:       [Feat@basic_linear_201605010104]_[Learner@reg_keras_dnn]_[Id@29]
[2016-05-01 09:02:38,373] INFO: Param
[2016-05-01 09:02:38,373] INFO:       batch_norm: after_act
[2016-05-01 09:02:38,373] INFO:       batch_size: 48
[2016-05-01 09:02:38,373] INFO:       hidden_activation: elu
[2016-05-01 09:02:38,373] INFO:       hidden_dropout: 0.35000000000000003
[2016-05-01 09:02:38,373] INFO:       hidden_layers: 5
[2016-05-01 09:02:38,374] INFO:       hidden_units: 32
[2016-05-01 09:02:38,374] INFO:       input_dropout: 0.0
[2016-05-01 09:02:38,374] INFO:       nb_epoch: 9
[2016-05-01 09:02:38,374] INFO:       optimizer: rmsprop
[2016-05-01 09:02:38,374] INFO: Result
[2016-05-01 09:02:38,374] INFO:       Run      RMSE        Shape
[2016-05-01 09:03:18,653] INFO:         1    0.447814    23167 x 722
[2016-05-01 09:03:58,151] INFO:         2    0.448495    21940 x 722
[2016-05-01 09:04:37,894] INFO:         3    0.446522    22182 x 722
[2016-05-01 09:05:39,522] INFO:         4    0.449014    21966 x 722
[2016-05-01 09:06:20,700] INFO:         5    0.447605    21961 x 722
[2016-05-01 09:06:20,946] INFO: RMSE
[2016-05-01 09:06:20,946] INFO:       Mean: 0.447890
[2016-05-01 09:06:20,946] INFO:       Std: 0.000847
[2016-05-01 09:06:20,946] INFO: Time
[2016-05-01 09:06:20,946] INFO:       3 mins
[2016-05-01 09:06:20,946] INFO: --------------------------------------------------
[2016-05-01 09:08:00,097] INFO: tpe_transform took 0.007560 seconds
[2016-05-01 09:08:00,098] INFO: TPE using 29/29 trials with best loss 0.445899
[2016-05-01 09:08:00,124] INFO: ==================================================
[2016-05-01 09:08:00,125] INFO: Task
[2016-05-01 09:08:00,125] INFO:       [Feat@basic_linear_201605010104]_[Learner@reg_keras_dnn]_[Id@30]
[2016-05-01 09:08:00,125] INFO: Param
[2016-05-01 09:08:00,125] INFO:       batch_norm: after_act
[2016-05-01 09:08:00,125] INFO:       batch_size: 16
[2016-05-01 09:08:00,125] INFO:       hidden_activation: elu
[2016-05-01 09:08:00,125] INFO:       hidden_dropout: 0.25
[2016-05-01 09:08:00,125] INFO:       hidden_layers: 5
[2016-05-01 09:08:00,126] INFO:       hidden_units: 32
[2016-05-01 09:08:00,126] INFO:       input_dropout: 0.05
[2016-05-01 09:08:00,126] INFO:       nb_epoch: 13
[2016-05-01 09:08:00,126] INFO:       optimizer: rmsprop
[2016-05-01 09:08:00,126] INFO: Result
[2016-05-01 09:08:00,126] INFO:       Run      RMSE        Shape
[2016-05-01 09:09:23,633] INFO:         1    0.443724    23167 x 722
[2016-05-01 09:10:42,795] INFO:         2    0.447039    21940 x 722
[2016-05-01 09:12:02,499] INFO:         3    0.444768    22182 x 722
[2016-05-01 09:13:21,486] INFO:         4    0.447744    21966 x 722
[2016-05-01 09:14:40,380] INFO:         5     0.44596    21961 x 722
[2016-05-01 09:14:40,625] INFO: RMSE
[2016-05-01 09:14:40,625] INFO:       Mean: 0.445847
[2016-05-01 09:14:40,625] INFO:       Std: 0.001463
[2016-05-01 09:14:40,625] INFO: Time
[2016-05-01 09:14:40,625] INFO:       6 mins
[2016-05-01 09:14:40,626] INFO: --------------------------------------------------
[2016-05-01 09:18:34,226] INFO: tpe_transform took 0.007490 seconds
[2016-05-01 09:18:34,227] INFO: TPE using 30/30 trials with best loss 0.445847
[2016-05-01 09:18:34,254] INFO: ==================================================
[2016-05-01 09:18:34,254] INFO: Task
[2016-05-01 09:18:34,254] INFO:       [Feat@basic_linear_201605010104]_[Learner@reg_keras_dnn]_[Id@31]
[2016-05-01 09:18:34,254] INFO: Param
[2016-05-01 09:18:34,254] INFO:       batch_norm: after_act
[2016-05-01 09:18:34,254] INFO:       batch_size: 64
[2016-05-01 09:18:34,254] INFO:       hidden_activation: elu
[2016-05-01 09:18:34,255] INFO:       hidden_dropout: 0.25
[2016-05-01 09:18:34,255] INFO:       hidden_layers: 4
[2016-05-01 09:18:34,255] INFO:       hidden_units: 96
[2016-05-01 09:18:34,255] INFO:       input_dropout: 0.2
[2016-05-01 09:18:34,255] INFO:       nb_epoch: 13
[2016-05-01 09:18:34,255] INFO:       optimizer: rmsprop
[2016-05-01 09:18:34,255] INFO: Result
[2016-05-01 09:18:34,255] INFO:       Run      RMSE        Shape
[2016-05-01 09:20:07,177] INFO:         1    0.446777    23167 x 722
[2016-05-01 09:21:37,706] INFO:         2    0.444401    21940 x 722
[2016-05-01 09:23:09,153] INFO:         3    0.445355    22182 x 722
[2016-05-01 09:24:39,458] INFO:         4    0.457347    21966 x 722
[2016-05-01 09:26:08,883] INFO:         5    0.454263    21961 x 722
[2016-05-01 09:26:09,172] INFO: RMSE
[2016-05-01 09:26:09,173] INFO:       Mean: 0.449629
[2016-05-01 09:26:09,173] INFO:       Std: 0.005192
[2016-05-01 09:26:09,173] INFO: Time
[2016-05-01 09:26:09,173] INFO:       7 mins
[2016-05-01 09:26:09,173] INFO: --------------------------------------------------
[2016-05-01 09:31:18,670] INFO: tpe_transform took 0.010916 seconds
[2016-05-01 09:31:18,671] INFO: TPE using 31/31 trials with best loss 0.445847
[2016-05-01 09:31:18,710] INFO: ==================================================
[2016-05-01 09:31:18,710] INFO: Task
[2016-05-01 09:31:18,711] INFO:       [Feat@basic_linear_201605010104]_[Learner@reg_keras_dnn]_[Id@32]
[2016-05-01 09:31:18,711] INFO: Param
[2016-05-01 09:31:18,711] INFO:       batch_norm: after_act
[2016-05-01 09:31:18,711] INFO:       batch_size: 32
[2016-05-01 09:31:18,711] INFO:       hidden_activation: relu
[2016-05-01 09:31:18,711] INFO:       hidden_dropout: 0.15000000000000002
[2016-05-01 09:31:18,711] INFO:       hidden_layers: 2
[2016-05-01 09:31:18,712] INFO:       hidden_units: 32
[2016-05-01 09:31:18,712] INFO:       input_dropout: 0.0
[2016-05-01 09:31:18,712] INFO:       nb_epoch: 11
[2016-05-01 09:31:18,712] INFO:       optimizer: rmsprop
[2016-05-01 09:31:18,712] INFO: Result
[2016-05-01 09:31:18,712] INFO:       Run      RMSE        Shape
[2016-05-01 09:31:44,062] INFO:         1    0.443499    23167 x 722
[2016-05-01 09:32:08,761] INFO:         2    0.447807    21940 x 722
[2016-05-01 09:32:33,824] INFO:         3    0.446594    22182 x 722
[2016-05-01 09:32:58,284] INFO:         4     0.44731    21966 x 722
[2016-05-01 09:33:22,620] INFO:         5    0.447017    21961 x 722
[2016-05-01 09:33:22,865] INFO: RMSE
[2016-05-01 09:33:22,865] INFO:       Mean: 0.446445
[2016-05-01 09:33:22,865] INFO:       Std: 0.001525
[2016-05-01 09:33:22,865] INFO: Time
[2016-05-01 09:33:22,866] INFO:       2 mins
[2016-05-01 09:33:22,866] INFO: --------------------------------------------------
[2016-05-01 09:34:42,839] INFO: tpe_transform took 0.007561 seconds
[2016-05-01 09:34:42,840] INFO: TPE using 32/32 trials with best loss 0.445847
[2016-05-01 09:34:42,868] INFO: ==================================================
[2016-05-01 09:34:42,868] INFO: Task
[2016-05-01 09:34:42,868] INFO:       [Feat@basic_linear_201605010104]_[Learner@reg_keras_dnn]_[Id@33]
[2016-05-01 09:34:42,868] INFO: Param
[2016-05-01 09:34:42,868] INFO:       batch_norm: after_act
[2016-05-01 09:34:42,868] INFO:       batch_size: 16
[2016-05-01 09:34:42,869] INFO:       hidden_activation: prelu
[2016-05-01 09:34:42,869] INFO:       hidden_dropout: 0.25
[2016-05-01 09:34:42,869] INFO:       hidden_layers: 3
[2016-05-01 09:34:42,869] INFO:       hidden_units: 128
[2016-05-01 09:34:42,869] INFO:       input_dropout: 0.05
[2016-05-01 09:34:42,869] INFO:       nb_epoch: 13
[2016-05-01 09:34:42,869] INFO:       optimizer: rmsprop
[2016-05-01 09:34:42,869] INFO: Result
[2016-05-01 09:34:42,870] INFO:       Run      RMSE        Shape
[2016-05-01 09:37:57,281] INFO:         1    0.451451    23167 x 722
[2016-05-01 09:40:45,358] INFO:         2    0.463302    21940 x 722
[2016-05-01 09:43:33,064] INFO:         3      0.4496    22182 x 722
[2016-05-01 09:46:19,572] INFO:         4    0.452199    21966 x 722
[2016-05-01 09:49:06,551] INFO:         5    0.446164    21961 x 722
[2016-05-01 09:49:06,839] INFO: RMSE
[2016-05-01 09:49:06,840] INFO:       Mean: 0.452543
[2016-05-01 09:49:06,840] INFO:       Std: 0.005769
[2016-05-01 09:49:06,840] INFO: Time
[2016-05-01 09:49:06,840] INFO:       14 mins
[2016-05-01 09:49:06,840] INFO: --------------------------------------------------
[2016-05-01 09:58:28,188] INFO: tpe_transform took 0.007480 seconds
[2016-05-01 09:58:28,188] INFO: TPE using 33/33 trials with best loss 0.445847
[2016-05-01 09:58:28,217] INFO: ==================================================
[2016-05-01 09:58:28,217] INFO: Task
[2016-05-01 09:58:28,217] INFO:       [Feat@basic_linear_201605010104]_[Learner@reg_keras_dnn]_[Id@34]
[2016-05-01 09:58:28,217] INFO: Param
[2016-05-01 09:58:28,217] INFO:       batch_norm: no
[2016-05-01 09:58:28,218] INFO:       batch_size: 64
[2016-05-01 09:58:28,218] INFO:       hidden_activation: elu
[2016-05-01 09:58:28,218] INFO:       hidden_dropout: 0.30000000000000004
[2016-05-01 09:58:28,218] INFO:       hidden_layers: 4
[2016-05-01 09:58:28,218] INFO:       hidden_units: 64
[2016-05-01 09:58:28,218] INFO:       input_dropout: 0.1
[2016-05-01 09:58:28,218] INFO:       nb_epoch: 12
[2016-05-01 09:58:28,218] INFO:       optimizer: rmsprop
[2016-05-01 09:58:28,219] INFO: Result
[2016-05-01 09:58:28,219] INFO:       Run      RMSE        Shape
[2016-05-01 09:59:18,064] INFO:         1    0.447614    23167 x 722
[2016-05-01 10:00:06,156] INFO:         2    0.451791    21940 x 722
[2016-05-01 10:00:55,781] INFO:         3    0.451631    22182 x 722
[2016-05-01 10:01:43,544] INFO:         4    0.452034    21966 x 722
[2016-05-01 10:02:31,332] INFO:         5    0.483952    21961 x 722
[2016-05-01 10:02:31,650] INFO: RMSE
[2016-05-01 10:02:31,651] INFO:       Mean: 0.457404
[2016-05-01 10:02:31,651] INFO:       Std: 0.013374
[2016-05-01 10:02:31,651] INFO: Time
[2016-05-01 10:02:31,651] INFO:       4 mins
[2016-05-01 10:02:31,651] INFO: --------------------------------------------------
[2016-05-01 10:05:14,815] INFO: tpe_transform took 0.007506 seconds
[2016-05-01 10:05:14,816] INFO: TPE using 34/34 trials with best loss 0.445847
[2016-05-01 10:05:14,844] INFO: ==================================================
[2016-05-01 10:05:14,845] INFO: Task
[2016-05-01 10:05:14,845] INFO:       [Feat@basic_linear_201605010104]_[Learner@reg_keras_dnn]_[Id@35]
[2016-05-01 10:05:14,845] INFO: Param
[2016-05-01 10:05:14,845] INFO:       batch_norm: after_act
[2016-05-01 10:05:14,845] INFO:       batch_size: 48
[2016-05-01 10:05:14,845] INFO:       hidden_activation: prelu
[2016-05-01 10:05:14,845] INFO:       hidden_dropout: 0.15000000000000002
[2016-05-01 10:05:14,845] INFO:       hidden_layers: 5
[2016-05-01 10:05:14,846] INFO:       hidden_units: 96
[2016-05-01 10:05:14,846] INFO:       input_dropout: 0.05
[2016-05-01 10:05:14,846] INFO:       nb_epoch: 10
[2016-05-01 10:05:14,846] INFO:       optimizer: rmsprop
[2016-05-01 10:05:14,846] INFO: Result
[2016-05-01 10:05:14,846] INFO:       Run      RMSE        Shape
[2016-05-01 10:07:15,345] INFO:         1    0.448465    23167 x 722
[2016-05-01 10:08:51,710] INFO:         2    0.459234    21940 x 722
[2016-05-01 10:10:28,321] INFO:         3    0.467307    22182 x 722
[2016-05-01 10:12:03,820] INFO:         4    0.451469    21966 x 722
[2016-05-01 10:13:39,762] INFO:         5    0.453048    21961 x 722
[2016-05-01 10:13:40,051] INFO: RMSE
[2016-05-01 10:13:40,051] INFO:       Mean: 0.455905
[2016-05-01 10:13:40,051] INFO:       Std: 0.006697
[2016-05-01 10:13:40,051] INFO: Time
[2016-05-01 10:13:40,051] INFO:       8 mins
[2016-05-01 10:13:40,051] INFO: --------------------------------------------------
[2016-05-01 10:18:35,577] INFO: tpe_transform took 0.008361 seconds
[2016-05-01 10:18:35,578] INFO: TPE using 35/35 trials with best loss 0.445847
[2016-05-01 10:18:35,607] INFO: ==================================================
[2016-05-01 10:18:35,607] INFO: Task
[2016-05-01 10:18:35,608] INFO:       [Feat@basic_linear_201605010104]_[Learner@reg_keras_dnn]_[Id@36]
[2016-05-01 10:18:35,608] INFO: Param
[2016-05-01 10:18:35,608] INFO:       batch_norm: before_act
[2016-05-01 10:18:35,608] INFO:       batch_size: 112
[2016-05-01 10:18:35,608] INFO:       hidden_activation: relu
[2016-05-01 10:18:35,608] INFO:       hidden_dropout: 0.25
[2016-05-01 10:18:35,608] INFO:       hidden_layers: 4
[2016-05-01 10:18:35,609] INFO:       hidden_units: 64
[2016-05-01 10:18:35,609] INFO:       input_dropout: 0.1
[2016-05-01 10:18:35,609] INFO:       nb_epoch: 14
[2016-05-01 10:18:35,609] INFO:       optimizer: rmsprop
[2016-05-01 10:18:35,609] INFO: Result
[2016-05-01 10:18:35,609] INFO:       Run      RMSE        Shape
[2016-05-01 10:19:36,454] INFO:         1    0.445644    23167 x 722
[2016-05-01 10:21:01,924] INFO:         2    0.454327    21940 x 722
[2016-05-01 10:22:02,134] INFO:         3    0.450089    22182 x 722
[2016-05-01 10:23:02,385] INFO:         4    0.458552    21966 x 722
[2016-05-01 10:24:01,873] INFO:         5    0.451088    21961 x 722
[2016-05-01 10:24:02,163] INFO: RMSE
[2016-05-01 10:24:02,163] INFO:       Mean: 0.451940
[2016-05-01 10:24:02,163] INFO:       Std: 0.004318
[2016-05-01 10:24:02,163] INFO: Time
[2016-05-01 10:24:02,163] INFO:       5 mins
[2016-05-01 10:24:02,163] INFO: --------------------------------------------------
[2016-05-01 10:27:08,837] INFO: tpe_transform took 0.008853 seconds
[2016-05-01 10:27:08,837] INFO: TPE using 36/36 trials with best loss 0.445847
[2016-05-01 10:27:08,866] INFO: ==================================================
[2016-05-01 10:27:08,866] INFO: Task
[2016-05-01 10:27:08,867] INFO:       [Feat@basic_linear_201605010104]_[Learner@reg_keras_dnn]_[Id@37]
[2016-05-01 10:27:08,867] INFO: Param
[2016-05-01 10:27:08,867] INFO:       batch_norm: after_act
[2016-05-01 10:27:08,867] INFO:       batch_size: 32
[2016-05-01 10:27:08,867] INFO:       hidden_activation: elu
[2016-05-01 10:27:08,867] INFO:       hidden_dropout: 0.30000000000000004
[2016-05-01 10:27:08,867] INFO:       hidden_layers: 5
[2016-05-01 10:27:08,867] INFO:       hidden_units: 32
[2016-05-01 10:27:08,868] INFO:       input_dropout: 0.2
[2016-05-01 10:27:08,868] INFO:       nb_epoch: 9
[2016-05-01 10:27:08,868] INFO:       optimizer: rmsprop
[2016-05-01 10:27:08,868] INFO: Result
[2016-05-01 10:27:08,868] INFO:       Run      RMSE        Shape
[2016-05-01 10:28:00,640] INFO:         1    0.447771    23167 x 722
[2016-05-01 10:28:50,985] INFO:         2    0.448654    21940 x 722
[2016-05-01 10:29:41,178] INFO:         3    0.445357    22182 x 722
[2016-05-01 10:30:31,170] INFO:         4    0.452377    21966 x 722
[2016-05-01 10:31:21,120] INFO:         5    0.448544    21961 x 722
[2016-05-01 10:31:21,366] INFO: RMSE
[2016-05-01 10:31:21,366] INFO:       Mean: 0.448540
[2016-05-01 10:31:21,366] INFO:       Std: 0.002256
[2016-05-01 10:31:21,367] INFO: Time
[2016-05-01 10:31:21,367] INFO:       4 mins
[2016-05-01 10:31:21,367] INFO: --------------------------------------------------
[2016-05-01 10:33:31,480] INFO: tpe_transform took 0.007434 seconds
[2016-05-01 10:33:31,481] INFO: TPE using 37/37 trials with best loss 0.445847
[2016-05-01 10:33:31,511] INFO: ==================================================
[2016-05-01 10:33:31,511] INFO: Task
[2016-05-01 10:33:31,511] INFO:       [Feat@basic_linear_201605010104]_[Learner@reg_keras_dnn]_[Id@38]
[2016-05-01 10:33:31,511] INFO: Param
[2016-05-01 10:33:31,511] INFO:       batch_norm: no
[2016-05-01 10:33:31,511] INFO:       batch_size: 64
[2016-05-01 10:33:31,511] INFO:       hidden_activation: relu
[2016-05-01 10:33:31,511] INFO:       hidden_dropout: 0.0
[2016-05-01 10:33:31,512] INFO:       hidden_layers: 1
[2016-05-01 10:33:31,512] INFO:       hidden_units: 128
[2016-05-01 10:33:31,512] INFO:       input_dropout: 0.15000000000000002
[2016-05-01 10:33:31,512] INFO:       nb_epoch: 12
[2016-05-01 10:33:31,512] INFO:       optimizer: rmsprop
[2016-05-01 10:33:31,512] INFO: Result
[2016-05-01 10:33:31,512] INFO:       Run      RMSE        Shape
[2016-05-01 10:34:06,654] INFO:         1    0.470056    23167 x 722
[2016-05-01 10:34:38,934] INFO:         2    0.495413    21940 x 722
[2016-05-01 10:35:11,145] INFO:         3    0.469091    22182 x 722
[2016-05-01 10:35:42,788] INFO:         4    0.483144    21966 x 722
[2016-05-01 10:36:14,708] INFO:         5    0.483079    21961 x 722
[2016-05-01 10:36:14,995] INFO: RMSE
[2016-05-01 10:36:14,995] INFO:       Mean: 0.480157
[2016-05-01 10:36:14,995] INFO:       Std: 0.009744
[2016-05-01 10:36:14,996] INFO: Time
[2016-05-01 10:36:14,996] INFO:       2 mins
[2016-05-01 10:36:14,996] INFO: --------------------------------------------------
[2016-05-01 10:38:13,318] INFO: tpe_transform took 0.007606 seconds
[2016-05-01 10:38:13,318] INFO: TPE using 38/38 trials with best loss 0.445847
[2016-05-01 10:38:13,349] INFO: ==================================================
[2016-05-01 10:38:13,349] INFO: Task
[2016-05-01 10:38:13,349] INFO:       [Feat@basic_linear_201605010104]_[Learner@reg_keras_dnn]_[Id@39]
[2016-05-01 10:38:13,349] INFO: Param
[2016-05-01 10:38:13,349] INFO:       batch_norm: before_act
[2016-05-01 10:38:13,349] INFO:       batch_size: 16
[2016-05-01 10:38:13,350] INFO:       hidden_activation: elu
[2016-05-01 10:38:13,350] INFO:       hidden_dropout: 0.35000000000000003
[2016-05-01 10:38:13,350] INFO:       hidden_layers: 2
[2016-05-01 10:38:13,350] INFO:       hidden_units: 64
[2016-05-01 10:38:13,350] INFO:       input_dropout: 0.0
[2016-05-01 10:38:13,350] INFO:       nb_epoch: 6
[2016-05-01 10:38:13,350] INFO:       optimizer: rmsprop
[2016-05-01 10:38:13,350] INFO: Result
[2016-05-01 10:38:13,351] INFO:       Run      RMSE        Shape
[2016-05-01 10:38:56,595] INFO:         1    0.448171    23167 x 722
[2016-05-01 10:39:37,527] INFO:         2    0.457062    21940 x 722
[2016-05-01 10:40:18,979] INFO:         3    0.450492    22182 x 722
[2016-05-01 10:41:00,044] INFO:         4    0.450579    21966 x 722
[2016-05-01 10:41:40,692] INFO:         5    0.448385    21961 x 722
[2016-05-01 10:41:40,980] INFO: RMSE
[2016-05-01 10:41:40,980] INFO:       Mean: 0.450938
[2016-05-01 10:41:40,980] INFO:       Std: 0.003225
[2016-05-01 10:41:40,980] INFO: Time
[2016-05-01 10:41:40,980] INFO:       3 mins
[2016-05-01 10:41:40,981] INFO: --------------------------------------------------
[2016-05-01 10:43:45,612] INFO: tpe_transform took 0.007444 seconds
[2016-05-01 10:43:45,612] INFO: TPE using 39/39 trials with best loss 0.445847
[2016-05-01 10:43:45,645] INFO: ==================================================
[2016-05-01 10:43:45,645] INFO: Task
[2016-05-01 10:43:45,645] INFO:       [Feat@basic_linear_201605010104]_[Learner@reg_keras_dnn]_[Id@40]
[2016-05-01 10:43:45,645] INFO: Param
[2016-05-01 10:43:45,646] INFO:       batch_norm: after_act
[2016-05-01 10:43:45,646] INFO:       batch_size: 112
[2016-05-01 10:43:45,646] INFO:       hidden_activation: prelu
[2016-05-01 10:43:45,646] INFO:       hidden_dropout: 0.2
[2016-05-01 10:43:45,646] INFO:       hidden_layers: 3
[2016-05-01 10:43:45,646] INFO:       hidden_units: 96
[2016-05-01 10:43:45,646] INFO:       input_dropout: 0.1
[2016-05-01 10:43:45,646] INFO:       nb_epoch: 15
[2016-05-01 10:43:45,647] INFO:       optimizer: rmsprop
[2016-05-01 10:43:45,647] INFO: Result
[2016-05-01 10:43:45,647] INFO:       Run      RMSE        Shape
[2016-05-01 10:45:01,811] INFO:         1    0.449591    23167 x 722
[2016-05-01 10:46:14,557] INFO:         2    0.447421    21940 x 722
[2016-05-01 10:47:28,440] INFO:         3      0.4614    22182 x 722
[2016-05-01 10:48:41,931] INFO:         4    0.450856    21966 x 722
[2016-05-01 10:49:54,395] INFO:         5    0.451172    21961 x 722
[2016-05-01 10:49:54,686] INFO: RMSE
[2016-05-01 10:49:54,686] INFO:       Mean: 0.452088
[2016-05-01 10:49:54,686] INFO:       Std: 0.004839
[2016-05-01 10:49:54,686] INFO: Time
[2016-05-01 10:49:54,687] INFO:       6 mins
[2016-05-01 10:49:54,687] INFO: --------------------------------------------------
[2016-05-01 10:53:56,291] INFO: tpe_transform took 0.007587 seconds
[2016-05-01 10:53:56,292] INFO: TPE using 40/40 trials with best loss 0.445847
[2016-05-01 10:53:56,324] INFO: ==================================================
[2016-05-01 10:53:56,325] INFO: Task
[2016-05-01 10:53:56,325] INFO:       [Feat@basic_linear_201605010104]_[Learner@reg_keras_dnn]_[Id@41]
[2016-05-01 10:53:56,325] INFO: Param
[2016-05-01 10:53:56,325] INFO:       batch_norm: after_act
[2016-05-01 10:53:56,325] INFO:       batch_size: 48
[2016-05-01 10:53:56,325] INFO:       hidden_activation: elu
[2016-05-01 10:53:56,325] INFO:       hidden_dropout: 0.05
[2016-05-01 10:53:56,325] INFO:       hidden_layers: 4
[2016-05-01 10:53:56,326] INFO:       hidden_units: 32
[2016-05-01 10:53:56,326] INFO:       input_dropout: 0.05
[2016-05-01 10:53:56,326] INFO:       nb_epoch: 11
[2016-05-01 10:53:56,326] INFO:       optimizer: rmsprop
[2016-05-01 10:53:56,326] INFO: Result
[2016-05-01 10:53:56,326] INFO:       Run      RMSE        Shape
[2016-05-01 10:55:08,765] INFO:         1    0.446797    23167 x 722
[2016-05-01 10:55:52,875] INFO:         2    0.451726    21940 x 722
[2016-05-01 10:56:37,391] INFO:         3    0.455956    22182 x 722
[2016-05-01 10:57:21,283] INFO:         4     0.44647    21966 x 722
[2016-05-01 10:58:04,977] INFO:         5    0.445612    21961 x 722
[2016-05-01 10:58:05,222] INFO: RMSE
[2016-05-01 10:58:05,222] INFO:       Mean: 0.449312
[2016-05-01 10:58:05,222] INFO:       Std: 0.003951
[2016-05-01 10:58:05,222] INFO: Time
[2016-05-01 10:58:05,223] INFO:       4 mins
[2016-05-01 10:58:05,223] INFO: --------------------------------------------------
[2016-05-01 11:00:08,187] INFO: tpe_transform took 0.007630 seconds
[2016-05-01 11:00:08,187] INFO: TPE using 41/41 trials with best loss 0.445847
[2016-05-01 11:00:08,219] INFO: ==================================================
[2016-05-01 11:00:08,219] INFO: Task
[2016-05-01 11:00:08,219] INFO:       [Feat@basic_linear_201605010104]_[Learner@reg_keras_dnn]_[Id@42]
[2016-05-01 11:00:08,219] INFO: Param
[2016-05-01 11:00:08,219] INFO:       batch_norm: no
[2016-05-01 11:00:08,219] INFO:       batch_size: 32
[2016-05-01 11:00:08,219] INFO:       hidden_activation: elu
[2016-05-01 11:00:08,220] INFO:       hidden_dropout: 0.25
[2016-05-01 11:00:08,220] INFO:       hidden_layers: 5
[2016-05-01 11:00:08,220] INFO:       hidden_units: 64
[2016-05-01 11:00:08,220] INFO:       input_dropout: 0.1
[2016-05-01 11:00:08,220] INFO:       nb_epoch: 16
[2016-05-01 11:00:08,220] INFO:       optimizer: rmsprop
[2016-05-01 11:00:08,220] INFO: Result
[2016-05-01 11:00:08,221] INFO:       Run      RMSE        Shape
[2016-05-01 11:01:41,615] INFO:         1    0.449012    23167 x 722
[2016-05-01 11:03:10,315] INFO:         2    0.452772    21940 x 722
[2016-05-01 11:04:39,602] INFO:         3    0.460641    22182 x 722
[2016-05-01 11:06:07,225] INFO:         4    0.457339    21966 x 722
[2016-05-01 11:07:35,605] INFO:         5    0.462223    21961 x 722
[2016-05-01 11:07:35,891] INFO: RMSE
[2016-05-01 11:07:35,891] INFO:       Mean: 0.456397
[2016-05-01 11:07:35,891] INFO:       Std: 0.004910
[2016-05-01 11:07:35,891] INFO: Time
[2016-05-01 11:07:35,892] INFO:       7 mins
[2016-05-01 11:07:35,892] INFO: --------------------------------------------------
[2016-05-01 11:12:36,367] INFO: tpe_transform took 0.007508 seconds
[2016-05-01 11:12:36,367] INFO: TPE using 42/42 trials with best loss 0.445847
[2016-05-01 11:12:36,399] INFO: ==================================================
[2016-05-01 11:12:36,399] INFO: Task
[2016-05-01 11:12:36,399] INFO:       [Feat@basic_linear_201605010104]_[Learner@reg_keras_dnn]_[Id@43]
[2016-05-01 11:12:36,399] INFO: Param
[2016-05-01 11:12:36,399] INFO:       batch_norm: after_act
[2016-05-01 11:12:36,399] INFO:       batch_size: 16
[2016-05-01 11:12:36,399] INFO:       hidden_activation: relu
[2016-05-01 11:12:36,400] INFO:       hidden_dropout: 0.15000000000000002
[2016-05-01 11:12:36,400] INFO:       hidden_layers: 3
[2016-05-01 11:12:36,400] INFO:       hidden_units: 128
[2016-05-01 11:12:36,400] INFO:       input_dropout: 0.0
[2016-05-01 11:12:36,400] INFO:       nb_epoch: 14
[2016-05-01 11:12:36,400] INFO:       optimizer: rmsprop
[2016-05-01 11:12:36,400] INFO: Result
[2016-05-01 11:12:36,400] INFO:       Run      RMSE        Shape
[2016-05-01 11:15:14,171] INFO:         1    0.452609    23167 x 722
[2016-05-01 11:17:46,728] INFO:         2    0.462253    21940 x 722
[2016-05-01 11:20:19,549] INFO:         3    0.453999    22182 x 722
[2016-05-01 11:22:50,567] INFO:         4    0.451109    21966 x 722
[2016-05-01 11:25:21,617] INFO:         5    0.456133    21961 x 722
[2016-05-01 11:25:21,904] INFO: RMSE
[2016-05-01 11:25:21,904] INFO:       Mean: 0.455221
[2016-05-01 11:25:21,905] INFO:       Std: 0.003886
[2016-05-01 11:25:21,905] INFO: Time
[2016-05-01 11:25:21,905] INFO:       12 mins
[2016-05-01 11:25:21,905] INFO: --------------------------------------------------
[2016-05-01 11:33:58,841] INFO: tpe_transform took 0.007517 seconds
[2016-05-01 11:33:58,841] INFO: TPE using 43/43 trials with best loss 0.445847
[2016-05-01 11:33:58,873] INFO: ==================================================
[2016-05-01 11:33:58,873] INFO: Task
[2016-05-01 11:33:58,874] INFO:       [Feat@basic_linear_201605010104]_[Learner@reg_keras_dnn]_[Id@44]
[2016-05-01 11:33:58,874] INFO: Param
[2016-05-01 11:33:58,874] INFO:       batch_norm: before_act
[2016-05-01 11:33:58,874] INFO:       batch_size: 32
[2016-05-01 11:33:58,874] INFO:       hidden_activation: prelu
[2016-05-01 11:33:58,874] INFO:       hidden_dropout: 0.2
[2016-05-01 11:33:58,874] INFO:       hidden_layers: 4
[2016-05-01 11:33:58,874] INFO:       hidden_units: 96
[2016-05-01 11:33:58,875] INFO:       input_dropout: 0.05
[2016-05-01 11:33:58,875] INFO:       nb_epoch: 8
[2016-05-01 11:33:58,875] INFO:       optimizer: rmsprop
[2016-05-01 11:33:58,875] INFO: Result
[2016-05-01 11:33:58,875] INFO:       Run      RMSE        Shape
[2016-05-01 11:35:24,576] INFO:         1    0.447186    23167 x 722
[2016-05-01 11:36:46,387] INFO:         2    0.448506    21940 x 722
[2016-05-01 11:38:07,854] INFO:         3     0.44968    22182 x 722
[2016-05-01 11:39:28,878] INFO:         4    0.451714    21966 x 722
[2016-05-01 11:40:50,396] INFO:         5    0.458366    21961 x 722
[2016-05-01 11:40:50,688] INFO: RMSE
[2016-05-01 11:40:50,688] INFO:       Mean: 0.451091
[2016-05-01 11:40:50,688] INFO:       Std: 0.003930
[2016-05-01 11:40:50,689] INFO: Time
[2016-05-01 11:40:50,689] INFO:       6 mins
[2016-05-01 11:40:50,689] INFO: --------------------------------------------------
[2016-05-01 11:44:44,610] INFO: tpe_transform took 0.007688 seconds
[2016-05-01 11:44:44,611] INFO: TPE using 44/44 trials with best loss 0.445847
[2016-05-01 11:44:44,644] INFO: ==================================================
[2016-05-01 11:44:44,644] INFO: Task
[2016-05-01 11:44:44,644] INFO:       [Feat@basic_linear_201605010104]_[Learner@reg_keras_dnn]_[Id@45]
[2016-05-01 11:44:44,644] INFO: Param
[2016-05-01 11:44:44,644] INFO:       batch_norm: after_act
[2016-05-01 11:44:44,644] INFO:       batch_size: 96
[2016-05-01 11:44:44,644] INFO:       hidden_activation: elu
[2016-05-01 11:44:44,644] INFO:       hidden_dropout: 0.05
[2016-05-01 11:44:44,645] INFO:       hidden_layers: 5
[2016-05-01 11:44:44,645] INFO:       hidden_units: 160
[2016-05-01 11:44:44,645] INFO:       input_dropout: 0.1
[2016-05-01 11:44:44,645] INFO:       nb_epoch: 18
[2016-05-01 11:44:44,645] INFO:       optimizer: adam
[2016-05-01 11:44:44,645] INFO: Result
[2016-05-01 11:44:44,645] INFO:       Run      RMSE        Shape
[2016-05-01 11:48:00,638] INFO:         1    0.461951    23167 x 722
[2016-05-01 11:51:06,777] INFO:         2    0.455457    21940 x 722
[2016-05-01 11:54:13,639] INFO:         3    0.455151    22182 x 722
[2016-05-01 11:57:53,201] INFO:         4    0.454541    21966 x 722
[2016-05-01 12:01:03,687] INFO:         5    0.454236    21961 x 722
[2016-05-01 12:01:03,973] INFO: RMSE
[2016-05-01 12:01:03,974] INFO:       Mean: 0.456268
[2016-05-01 12:01:03,974] INFO:       Std: 0.002875
[2016-05-01 12:01:03,974] INFO: Time
[2016-05-01 12:01:03,974] INFO:       16 mins
[2016-05-01 12:01:03,974] INFO: --------------------------------------------------
[2016-05-01 12:11:14,746] INFO: tpe_transform took 0.007761 seconds
[2016-05-01 12:11:14,746] INFO: TPE using 45/45 trials with best loss 0.445847
[2016-05-01 12:11:14,780] INFO: ==================================================
[2016-05-01 12:11:14,780] INFO: Task
[2016-05-01 12:11:14,780] INFO:       [Feat@basic_linear_201605010104]_[Learner@reg_keras_dnn]_[Id@46]
[2016-05-01 12:11:14,780] INFO: Param
[2016-05-01 12:11:14,780] INFO:       batch_norm: after_act
[2016-05-01 12:11:14,781] INFO:       batch_size: 64
[2016-05-01 12:11:14,781] INFO:       hidden_activation: relu
[2016-05-01 12:11:14,781] INFO:       hidden_dropout: 0.30000000000000004
[2016-05-01 12:11:14,781] INFO:       hidden_layers: 4
[2016-05-01 12:11:14,781] INFO:       hidden_units: 128
[2016-05-01 12:11:14,781] INFO:       input_dropout: 0.15000000000000002
[2016-05-01 12:11:14,781] INFO:       nb_epoch: 17
[2016-05-01 12:11:14,781] INFO:       optimizer: rmsprop
[2016-05-01 12:11:14,782] INFO: Result
[2016-05-01 12:11:14,782] INFO:       Run      RMSE        Shape
[2016-05-01 12:13:13,996] INFO:         1    0.442743    23167 x 722
[2016-05-01 12:15:11,271] INFO:         2    0.449519    21940 x 722
[2016-05-01 12:17:09,011] INFO:         3    0.444541    22182 x 722
[2016-05-01 12:19:05,738] INFO:         4    0.452241    21966 x 722
[2016-05-01 12:21:01,969] INFO:         5    0.468992    21961 x 722
[2016-05-01 12:21:02,251] INFO: RMSE
[2016-05-01 12:21:02,251] INFO:       Mean: 0.451607
[2016-05-01 12:21:02,251] INFO:       Std: 0.009333
[2016-05-01 12:21:02,251] INFO: Time
[2016-05-01 12:21:02,251] INFO:       9 mins
[2016-05-01 12:21:02,251] INFO: --------------------------------------------------
[2016-05-01 12:27:12,825] INFO: tpe_transform took 0.007527 seconds
[2016-05-01 12:27:12,826] INFO: TPE using 46/46 trials with best loss 0.445847
[2016-05-01 12:27:12,859] INFO: ==================================================
[2016-05-01 12:27:12,859] INFO: Task
[2016-05-01 12:27:12,859] INFO:       [Feat@basic_linear_201605010104]_[Learner@reg_keras_dnn]_[Id@47]
[2016-05-01 12:27:12,859] INFO: Param
[2016-05-01 12:27:12,859] INFO:       batch_norm: no
[2016-05-01 12:27:12,859] INFO:       batch_size: 80
[2016-05-01 12:27:12,859] INFO:       hidden_activation: elu
[2016-05-01 12:27:12,859] INFO:       hidden_dropout: 0.25
[2016-05-01 12:27:12,860] INFO:       hidden_layers: 3
[2016-05-01 12:27:12,860] INFO:       hidden_units: 64
[2016-05-01 12:27:12,860] INFO:       input_dropout: 0.0
[2016-05-01 12:27:12,860] INFO:       nb_epoch: 10
[2016-05-01 12:27:12,860] INFO:       optimizer: adadelta
[2016-05-01 12:27:12,860] INFO: Result
[2016-05-01 12:27:12,860] INFO:       Run      RMSE        Shape
[2016-05-01 12:27:40,714] INFO:         1    0.446336    23167 x 722
[2016-05-01 12:28:08,119] INFO:         2    0.487183    21940 x 722
[2016-05-01 12:28:36,238] INFO:         3    0.445842    22182 x 722
[2016-05-01 12:29:03,724] INFO:         4    0.449331    21966 x 722
[2016-05-01 12:29:30,985] INFO:         5    0.464289    21961 x 722
[2016-05-01 12:29:31,273] INFO: RMSE
[2016-05-01 12:29:31,273] INFO:       Mean: 0.458596
[2016-05-01 12:29:31,273] INFO:       Std: 0.015802
[2016-05-01 12:29:31,274] INFO: Time
[2016-05-01 12:29:31,274] INFO:       2 mins
[2016-05-01 12:29:31,274] INFO: --------------------------------------------------
[2016-05-01 12:31:03,300] INFO: tpe_transform took 0.007542 seconds
[2016-05-01 12:31:03,300] INFO: TPE using 47/47 trials with best loss 0.445847
[2016-05-01 12:31:03,334] INFO: ==================================================
[2016-05-01 12:31:03,334] INFO: Task
[2016-05-01 12:31:03,334] INFO:       [Feat@basic_linear_201605010104]_[Learner@reg_keras_dnn]_[Id@48]
[2016-05-01 12:31:03,334] INFO: Param
[2016-05-01 12:31:03,334] INFO:       batch_norm: before_act
[2016-05-01 12:31:03,334] INFO:       batch_size: 16
[2016-05-01 12:31:03,335] INFO:       hidden_activation: prelu
[2016-05-01 12:31:03,335] INFO:       hidden_dropout: 0.35000000000000003
[2016-05-01 12:31:03,335] INFO:       hidden_layers: 5
[2016-05-01 12:31:03,335] INFO:       hidden_units: 32
[2016-05-01 12:31:03,335] INFO:       input_dropout: 0.05
[2016-05-01 12:31:03,335] INFO:       nb_epoch: 12
[2016-05-01 12:31:03,335] INFO:       optimizer: rmsprop
[2016-05-01 12:31:03,335] INFO: Result
[2016-05-01 12:31:03,336] INFO:       Run      RMSE        Shape
[2016-05-01 12:32:22,966] INFO:         1    0.445599    23167 x 722
[2016-05-01 12:33:36,108] INFO:         2    0.450863    21940 x 722
[2016-05-01 12:34:49,730] INFO:         3    0.449752    22182 x 722
[2016-05-01 12:36:02,862] INFO:         4    0.452551    21966 x 722
[2016-05-01 12:37:15,899] INFO:         5    0.448816    21961 x 722
[2016-05-01 12:37:16,145] INFO: RMSE
[2016-05-01 12:37:16,145] INFO:       Mean: 0.449516
[2016-05-01 12:37:16,145] INFO:       Std: 0.002320
[2016-05-01 12:37:16,145] INFO: Time
[2016-05-01 12:37:16,145] INFO:       6 mins
[2016-05-01 12:37:16,146] INFO: --------------------------------------------------
[2016-05-01 12:40:53,159] INFO: tpe_transform took 0.007560 seconds
[2016-05-01 12:40:53,160] INFO: TPE using 48/48 trials with best loss 0.445847
[2016-05-01 12:40:53,194] INFO: ==================================================
[2016-05-01 12:40:53,194] INFO: Task
[2016-05-01 12:40:53,194] INFO:       [Feat@basic_linear_201605010104]_[Learner@reg_keras_dnn]_[Id@49]
[2016-05-01 12:40:53,194] INFO: Param
[2016-05-01 12:40:53,194] INFO:       batch_norm: after_act
[2016-05-01 12:40:53,195] INFO:       batch_size: 32
[2016-05-01 12:40:53,195] INFO:       hidden_activation: elu
[2016-05-01 12:40:53,195] INFO:       hidden_dropout: 0.4
[2016-05-01 12:40:53,195] INFO:       hidden_layers: 4
[2016-05-01 12:40:53,195] INFO:       hidden_units: 192
[2016-05-01 12:40:53,195] INFO:       input_dropout: 0.05
[2016-05-01 12:40:53,195] INFO:       nb_epoch: 15
[2016-05-01 12:40:53,195] INFO:       optimizer: adadelta
[2016-05-01 12:40:53,195] INFO: Result
[2016-05-01 12:40:53,196] INFO:       Run      RMSE        Shape
[2016-05-01 12:47:07,993] INFO:         1    0.444773    23167 x 722
[2016-05-01 12:52:34,541] INFO:         2    0.444726    21940 x 722
[2016-05-01 12:58:16,795] INFO:         3    0.442744    22182 x 722
[2016-05-01 13:03:56,749] INFO:         4    0.447317    21966 x 722
[2016-05-01 13:09:35,536] INFO:         5    0.453906    21961 x 722
[2016-05-01 13:09:35,822] INFO: RMSE
[2016-05-01 13:09:35,822] INFO:       Mean: 0.446693
[2016-05-01 13:09:35,823] INFO:       Std: 0.003887
[2016-05-01 13:09:35,823] INFO: Time
[2016-05-01 13:09:35,823] INFO:       28 mins
[2016-05-01 13:09:35,823] INFO: --------------------------------------------------
[2016-05-01 13:36:02,335] INFO: tpe_transform took 0.007936 seconds
[2016-05-01 13:36:02,336] INFO: TPE using 49/49 trials with best loss 0.445847
[2016-05-01 13:36:02,370] INFO: ==================================================
[2016-05-01 13:36:02,370] INFO: Task
[2016-05-01 13:36:02,370] INFO:       [Feat@basic_linear_201605010104]_[Learner@reg_keras_dnn]_[Id@50]
[2016-05-01 13:36:02,370] INFO: Param
[2016-05-01 13:36:02,371] INFO:       batch_norm: no
[2016-05-01 13:36:02,371] INFO:       batch_size: 48
[2016-05-01 13:36:02,371] INFO:       hidden_activation: elu
[2016-05-01 13:36:02,371] INFO:       hidden_dropout: 0.5
[2016-05-01 13:36:02,371] INFO:       hidden_layers: 2
[2016-05-01 13:36:02,371] INFO:       hidden_units: 96
[2016-05-01 13:36:02,371] INFO:       input_dropout: 0.1
[2016-05-01 13:36:02,371] INFO:       nb_epoch: 13
[2016-05-01 13:36:02,372] INFO:       optimizer: adam
[2016-05-01 13:36:02,372] INFO: Result
[2016-05-01 13:36:02,372] INFO:       Run      RMSE        Shape
[2016-05-01 13:37:00,594] INFO:         1    0.459233    23167 x 722
[2016-05-01 13:37:54,309] INFO:         2    0.460488    21940 x 722
[2016-05-01 13:38:49,615] INFO:         3     0.44913    22182 x 722
[2016-05-01 13:39:43,315] INFO:         4    0.459195    21966 x 722
[2016-05-01 13:40:37,970] INFO:         5    0.456593    21961 x 722
[2016-05-01 13:40:38,260] INFO: RMSE
[2016-05-01 13:40:38,260] INFO:       Mean: 0.456928
[2016-05-01 13:40:38,260] INFO:       Std: 0.004100
[2016-05-01 13:40:38,261] INFO: Time
[2016-05-01 13:40:38,261] INFO:       4 mins
[2016-05-01 13:40:38,261] INFO: --------------------------------------------------
[2016-05-01 13:43:48,090] INFO: tpe_transform took 0.008115 seconds
[2016-05-01 13:43:48,091] INFO: TPE using 50/50 trials with best loss 0.445847
[2016-05-01 13:43:48,126] INFO: ==================================================
[2016-05-01 13:43:48,126] INFO: Task
[2016-05-01 13:43:48,127] INFO:       [Feat@basic_linear_201605010104]_[Learner@reg_keras_dnn]_[Id@51]
[2016-05-01 13:43:48,127] INFO: Param
[2016-05-01 13:43:48,127] INFO:       batch_norm: after_act
[2016-05-01 13:43:48,127] INFO:       batch_size: 128
[2016-05-01 13:43:48,127] INFO:       hidden_activation: relu
[2016-05-01 13:43:48,127] INFO:       hidden_dropout: 0.0
[2016-05-01 13:43:48,127] INFO:       hidden_layers: 3
[2016-05-01 13:43:48,127] INFO:       hidden_units: 160
[2016-05-01 13:43:48,128] INFO:       input_dropout: 0.0
[2016-05-01 13:43:48,128] INFO:       nb_epoch: 5
[2016-05-01 13:43:48,128] INFO:       optimizer: rmsprop
[2016-05-01 13:43:48,128] INFO: Result
[2016-05-01 13:43:48,128] INFO:       Run      RMSE        Shape
[2016-05-01 13:44:24,645] INFO:         1    0.466086    23167 x 722
[2016-05-01 13:44:52,793] INFO:         2    0.489864    21940 x 722
[2016-05-01 13:45:20,665] INFO:         3    0.500995    22182 x 722
[2016-05-01 13:45:48,457] INFO:         4    0.501036    21966 x 722
[2016-05-01 13:46:16,269] INFO:         5    0.474605    21961 x 722
[2016-05-01 13:46:16,555] INFO: RMSE
[2016-05-01 13:46:16,556] INFO:       Mean: 0.486517
[2016-05-01 13:46:16,556] INFO:       Std: 0.014078
[2016-05-01 13:46:16,556] INFO: Time
[2016-05-01 13:46:16,556] INFO:       2 mins
[2016-05-01 13:46:16,556] INFO: --------------------------------------------------
[2016-05-01 13:47:35,033] INFO: tpe_transform took 0.007758 seconds
[2016-05-01 13:47:35,033] INFO: TPE using 51/51 trials with best loss 0.445847
[2016-05-01 13:47:35,070] INFO: ==================================================
[2016-05-01 13:47:35,070] INFO: Task
[2016-05-01 13:47:35,071] INFO:       [Feat@basic_linear_201605010104]_[Learner@reg_keras_dnn]_[Id@52]
[2016-05-01 13:47:35,071] INFO: Param
[2016-05-01 13:47:35,071] INFO:       batch_norm: before_act
[2016-05-01 13:47:35,071] INFO:       batch_size: 64
[2016-05-01 13:47:35,071] INFO:       hidden_activation: elu
[2016-05-01 13:47:35,071] INFO:       hidden_dropout: 0.2
[2016-05-01 13:47:35,071] INFO:       hidden_layers: 5
[2016-05-01 13:47:35,071] INFO:       hidden_units: 64
[2016-05-01 13:47:35,072] INFO:       input_dropout: 0.05
[2016-05-01 13:47:35,072] INFO:       nb_epoch: 17
[2016-05-01 13:47:35,072] INFO:       optimizer: adadelta
[2016-05-01 13:47:35,072] INFO: Result
[2016-05-01 13:47:35,072] INFO:       Run      RMSE        Shape
[2016-05-01 13:49:46,782] INFO:         1    0.442465    23167 x 722
[2016-05-01 13:51:37,091] INFO:         2    0.444464    21940 x 722
[2016-05-01 13:53:27,517] INFO:         3    0.442675    22182 x 722
[2016-05-01 13:55:17,143] INFO:         4    0.451627    21966 x 722
[2016-05-01 13:57:07,085] INFO:         5    0.449812    21961 x 722
[2016-05-01 13:57:07,373] INFO: RMSE
[2016-05-01 13:57:07,374] INFO:       Mean: 0.446209
[2016-05-01 13:57:07,374] INFO:       Std: 0.003792
[2016-05-01 13:57:07,374] INFO: Time
[2016-05-01 13:57:07,374] INFO:       9 mins
[2016-05-01 13:57:07,374] INFO: --------------------------------------------------
[2016-05-01 14:03:09,396] INFO: tpe_transform took 0.007550 seconds
[2016-05-01 14:03:09,397] INFO: TPE using 52/52 trials with best loss 0.445847
[2016-05-01 14:03:09,433] INFO: ==================================================
[2016-05-01 14:03:09,434] INFO: Task
[2016-05-01 14:03:09,434] INFO:       [Feat@basic_linear_201605010104]_[Learner@reg_keras_dnn]_[Id@53]
[2016-05-01 14:03:09,434] INFO: Param
[2016-05-01 14:03:09,434] INFO:       batch_norm: after_act
[2016-05-01 14:03:09,434] INFO:       batch_size: 32
[2016-05-01 14:03:09,434] INFO:       hidden_activation: prelu
[2016-05-01 14:03:09,434] INFO:       hidden_dropout: 0.30000000000000004
[2016-05-01 14:03:09,434] INFO:       hidden_layers: 4
[2016-05-01 14:03:09,435] INFO:       hidden_units: 32
[2016-05-01 14:03:09,435] INFO:       input_dropout: 0.1
[2016-05-01 14:03:09,435] INFO:       nb_epoch: 8
[2016-05-01 14:03:09,435] INFO:       optimizer: adam
[2016-05-01 14:03:09,435] INFO: Result
[2016-05-01 14:03:09,435] INFO:       Run      RMSE        Shape
[2016-05-01 14:03:56,693] INFO:         1    0.449883    23167 x 722
[2016-05-01 14:04:40,533] INFO:         2    0.454799    21940 x 722
[2016-05-01 14:05:24,662] INFO:         3    0.452227    22182 x 722
[2016-05-01 14:06:08,528] INFO:         4     0.45289    21966 x 722
[2016-05-01 14:06:51,845] INFO:         5    0.452812    21961 x 722
[2016-05-01 14:06:52,093] INFO: RMSE
[2016-05-01 14:06:52,093] INFO:       Mean: 0.452522
[2016-05-01 14:06:52,093] INFO:       Std: 0.001578
[2016-05-01 14:06:52,093] INFO: Time
[2016-05-01 14:06:52,093] INFO:       3 mins
[2016-05-01 14:06:52,093] INFO: --------------------------------------------------
[2016-05-01 14:08:43,917] INFO: tpe_transform took 0.007519 seconds
[2016-05-01 14:08:43,917] INFO: TPE using 53/53 trials with best loss 0.445847
[2016-05-01 14:08:43,954] INFO: ==================================================
[2016-05-01 14:08:43,954] INFO: Task
[2016-05-01 14:08:43,954] INFO:       [Feat@basic_linear_201605010104]_[Learner@reg_keras_dnn]_[Id@54]
[2016-05-01 14:08:43,954] INFO: Param
[2016-05-01 14:08:43,954] INFO:       batch_norm: after_act
[2016-05-01 14:08:43,955] INFO:       batch_size: 96
[2016-05-01 14:08:43,955] INFO:       hidden_activation: elu
[2016-05-01 14:08:43,955] INFO:       hidden_dropout: 0.1
[2016-05-01 14:08:43,955] INFO:       hidden_layers: 2
[2016-05-01 14:08:43,955] INFO:       hidden_units: 192
[2016-05-01 14:08:43,955] INFO:       input_dropout: 0.15000000000000002
[2016-05-01 14:08:43,955] INFO:       nb_epoch: 19
[2016-05-01 14:08:43,955] INFO:       optimizer: rmsprop
[2016-05-01 14:08:43,956] INFO: Result
[2016-05-01 14:08:43,956] INFO:       Run      RMSE        Shape
[2016-05-01 14:10:38,264] INFO:         1    0.449109    23167 x 722
[2016-05-01 14:12:28,652] INFO:         2    0.460159    21940 x 722
[2016-05-01 14:14:19,214] INFO:         3    0.508077    22182 x 722
[2016-05-01 14:16:09,925] INFO:         4    0.450246    21966 x 722
[2016-05-01 14:18:00,492] INFO:         5    0.449406    21961 x 722
[2016-05-01 14:18:00,782] INFO: RMSE
[2016-05-01 14:18:00,782] INFO:       Mean: 0.463399
[2016-05-01 14:18:00,782] INFO:       Std: 0.022714
[2016-05-01 14:18:00,782] INFO: Time
[2016-05-01 14:18:00,782] INFO:       9 mins
[2016-05-01 14:18:00,782] INFO: --------------------------------------------------
[2016-05-01 14:24:28,490] INFO: tpe_transform took 0.007491 seconds
[2016-05-01 14:24:28,490] INFO: TPE using 54/54 trials with best loss 0.445847
[2016-05-01 14:24:28,526] INFO: ==================================================
[2016-05-01 14:24:28,527] INFO: Task
[2016-05-01 14:24:28,527] INFO:       [Feat@basic_linear_201605010104]_[Learner@reg_keras_dnn]_[Id@55]
[2016-05-01 14:24:28,527] INFO: Param
[2016-05-01 14:24:28,527] INFO:       batch_norm: no
[2016-05-01 14:24:28,527] INFO:       batch_size: 16
[2016-05-01 14:24:28,527] INFO:       hidden_activation: elu
[2016-05-01 14:24:28,527] INFO:       hidden_dropout: 0.15000000000000002
[2016-05-01 14:24:28,527] INFO:       hidden_layers: 4
[2016-05-01 14:24:28,528] INFO:       hidden_units: 128
[2016-05-01 14:24:28,528] INFO:       input_dropout: 0.0
[2016-05-01 14:24:28,528] INFO:       nb_epoch: 3
[2016-05-01 14:24:28,528] INFO:       optimizer: rmsprop
[2016-05-01 14:24:28,528] INFO: Result
[2016-05-01 14:24:28,528] INFO:       Run      RMSE        Shape
[2016-05-01 14:25:11,071] INFO:         1    0.456085    23167 x 722
[2016-05-01 14:25:58,705] INFO:         2    0.536978    21940 x 722
[2016-05-01 14:26:41,465] INFO:         3     0.52094    22182 x 722
[2016-05-01 14:27:23,566] INFO:         4    0.451134    21966 x 722
[2016-05-01 14:28:06,939] INFO:         5    0.458714    21961 x 722
[2016-05-01 14:28:07,227] INFO: RMSE
[2016-05-01 14:28:07,227] INFO:       Mean: 0.484770
[2016-05-01 14:28:07,227] INFO:       Std: 0.036516
[2016-05-01 14:28:07,227] INFO: Time
[2016-05-01 14:28:07,227] INFO:       3 mins
[2016-05-01 14:28:07,228] INFO: --------------------------------------------------
[2016-05-01 14:30:31,831] INFO: tpe_transform took 0.007932 seconds
[2016-05-01 14:30:31,832] INFO: TPE using 55/55 trials with best loss 0.445847
[2016-05-01 14:30:31,869] INFO: ==================================================
[2016-05-01 14:30:31,869] INFO: Task
[2016-05-01 14:30:31,869] INFO:       [Feat@basic_linear_201605010104]_[Learner@reg_keras_dnn]_[Id@56]
[2016-05-01 14:30:31,869] INFO: Param
[2016-05-01 14:30:31,869] INFO:       batch_norm: after_act
[2016-05-01 14:30:31,869] INFO:       batch_size: 48
[2016-05-01 14:30:31,869] INFO:       hidden_activation: elu
[2016-05-01 14:30:31,870] INFO:       hidden_dropout: 0.4
[2016-05-01 14:30:31,870] INFO:       hidden_layers: 5
[2016-05-01 14:30:31,870] INFO:       hidden_units: 96
[2016-05-01 14:30:31,870] INFO:       input_dropout: 0.05
[2016-05-01 14:30:31,870] INFO:       nb_epoch: 7
[2016-05-01 14:30:31,870] INFO:       optimizer: adadelta
[2016-05-01 14:30:31,870] INFO: Result
[2016-05-01 14:30:31,870] INFO:       Run      RMSE        Shape
